( This log file was generated by 'pmGenerator 1.1' (c++11 branch), compiled by 'icpc (ICC) 19.0.1.144 20181018'.
  The run was executed on a CLAIX-2016 SMP node
  — 8-socket Intel Xeon E7-8860v4 (Broadwell-EX), 18 cores each (144 cores total per node), 2.2 GHz, 3.2 GHz turbo mode, 1024 GB main memory —
  running Linux, CentOS 7.9.
  Wall-clock time:    99.522777… h
  CPU utilization: 14331.28 core-h )
Mon May 15 21:24:41 2023: Process started. [pid: 21296, tid:47701464181248]
Tasks:
1. generateDProofRepresentativeFiles(37, false, true)

[Main] Calling generateDProofRepresentativeFiles(37, false, true).
Mon May 15 21:24:41 2023: Limited D-proof representative generator started. [parallel ; 144 hardware thread contexts, limit: 37, unfiltered]
0.15 ms taken to load built-in representatives.
44.58 ms taken to read 5221 condensed detachment proofs and conclusions from data/dProofs-withConclusions/dProofs17.txt. [tid:47701513160448]
39.11 ms taken to read 15275 condensed detachment proofs and conclusions from data/dProofs-withConclusions/dProofs19.txt. [tid:47701515261696]
140.88 ms taken to read 44206 condensed detachment proofs and conclusions from data/dProofs-withConclusions/dProofs21.txt. [tid:47701517362944]
846.27 ms taken to read 129885 condensed detachment proofs and conclusions from data/dProofs-withConclusions/dProofs23.txt. [tid:47701720827648]
6048.37 ms (6 s 48.37 ms) taken to read 385789 condensed detachment proofs and conclusions from data/dProofs-withConclusions/dProofs25.txt. [tid:47701722928896]
1544.72 ms (1 s 544.72 ms) taken to read 1149058 condensed detachment proofs and conclusions from data/dProofs-withConclusions/dProofs27.txt. [tid:47701725030144]
3652.77 ms (3 s 652.77 ms) taken to read 3449251 condensed detachment proofs and conclusions from data/dProofs-withConclusions/dProofs29.txt. [tid:47701727131392]
6678.97 ms (6 s 678.97 ms) taken to read 10411430 condensed detachment proofs and conclusions from data/dProofs-withConclusions/dProofs31.txt. [tid:47701729232640]
6688.49 ms (6 s 688.49 ms) total read duration.
Loaded 16 representative collections of sizes:
1 : 3
3 : 6
5 : 12
7 : 38
9 : 89
11 : 229
13 : 672
15 : 1844
17 : 5221
19 : 15275
21 : 44206
23 : 129885
25 : 385789
27 : 1149058
29 : 3449251
31 : 10411430
15593008 representatives in total.
34141.55 ms (34 s 141.55 ms) taken to read 39933795 condensed detachment proofs and conclusions from data/dProofs-withConclusions/dProofs33-unfiltered33+.txt. [tid:47701729232640]
89272.55 ms (1 min 29 s 272.55 ms) taken to read 139032027 condensed detachment proofs and conclusions from data/dProofs-withConclusions/dProofs35-unfiltered33+.txt. [tid:47701727131392]
89346.11 ms (1 min 29 s 346.11 ms) additional read duration.
Loaded 2 more representative collections of sizes:
33 : 39933795
35 : 139032027
194558830 representatives in total.
Mon May 15 21:26:23 2023: Inserted  5% of D-proof conclusions. [  9727941 of 194558830] (ETC: Mon May 15 21:27:59 2023 ; 1 min 35 s 958.44 ms remaining ; 1 min 41 s   8.88 ms total)
Mon May 15 21:26:28 2023: Inserted 10% of D-proof conclusions. [ 19455883 of 194558830] (ETC: Mon May 15 21:27:58 2023 ; 1 min 29 s 984.49 ms remaining ; 1 min 39 s 982.77 ms total)
Mon May 15 21:26:32 2023: Inserted 15% of D-proof conclusions. [ 29183824 of 194558830] (ETC: Mon May 15 21:27:56 2023 ; 1 min 23 s 691.64 ms remaining ; 1 min 38 s 460.75 ms total)
Mon May 15 21:26:37 2023: Inserted 20% of D-proof conclusions. [ 38911766 of 194558830] (ETC: Mon May 15 21:27:57 2023 ; 1 min 19 s 624.40 ms remaining ; 1 min 39 s 530.50 ms total)
Mon May 15 21:26:42 2023: Inserted 25% of D-proof conclusions. [ 48639707 of 194558830] (ETC: Mon May 15 21:27:57 2023 ; 1 min 14 s 778.47 ms remaining ; 1 min 39 s 704.62 ms total)
Mon May 15 21:26:47 2023: Inserted 30% of D-proof conclusions. [ 58367649 of 194558830] (ETC: Mon May 15 21:27:55 2023 ; 1 min  8 s 127.68 ms remaining ; 1 min 37 s 325.26 ms total)
Mon May 15 21:26:51 2023: Inserted 35% of D-proof conclusions. [ 68095590 of 194558830] (ETC: Mon May 15 21:27:53 2023 ; 1 min  2 s   8.59 ms remaining ; 1 min 35 s 397.83 ms total)
Mon May 15 21:26:55 2023: Inserted 40% of D-proof conclusions. [ 77823532 of 194558830] (ETC: Mon May 15 21:27:52 2023 ; 56 s 806.73 ms remaining ; 1 min 34 s 677.88 ms total)
Mon May 15 21:27:00 2023: Inserted 45% of D-proof conclusions. [ 87551473 of 194558830] (ETC: Mon May 15 21:27:53 2023 ; 52 s 253.94 ms remaining ; 1 min 35 s   7.17 ms total)
Mon May 15 21:27:06 2023: Inserted 50% of D-proof conclusions. [ 97279415 of 194558830] (ETC: Mon May 15 21:27:53 2023 ; 47 s 976.21 ms remaining ; 1 min 35 s 952.43 ms total)
Mon May 15 21:27:10 2023: Inserted 55% of D-proof conclusions. [107007356 of 194558830] (ETC: Mon May 15 21:27:54 2023 ; 43 s 303.72 ms remaining ; 1 min 36 s 230.49 ms total)
Mon May 15 21:27:15 2023: Inserted 60% of D-proof conclusions. [116735298 of 194558830] (ETC: Mon May 15 21:27:54 2023 ; 38 s 544.49 ms remaining ; 1 min 36 s 361.22 ms total)
Mon May 15 21:27:20 2023: Inserted 65% of D-proof conclusions. [126463239 of 194558830] (ETC: Mon May 15 21:27:54 2023 ; 33 s 719.11 ms remaining ; 1 min 36 s 340.31 ms total)
Mon May 15 21:27:26 2023: Inserted 70% of D-proof conclusions. [136191181 of 194558830] (ETC: Mon May 15 21:27:55 2023 ; 29 s 134.32 ms remaining ; 1 min 37 s 114.41 ms total)
Mon May 15 21:27:31 2023: Inserted 75% of D-proof conclusions. [145919122 of 194558830] (ETC: Mon May 15 21:27:56 2023 ; 24 s 492.31 ms remaining ; 1 min 37 s 969.26 ms total)
Mon May 15 21:27:36 2023: Inserted 80% of D-proof conclusions. [155647064 of 194558830] (ETC: Mon May 15 21:27:56 2023 ; 19 s 681.35 ms remaining ; 1 min 38 s 406.75 ms total)
Mon May 15 21:27:41 2023: Inserted 85% of D-proof conclusions. [165375005 of 194558830] (ETC: Mon May 15 21:27:56 2023 ; 14 s 805.17 ms remaining ; 1 min 38 s 701.11 ms total)
Mon May 15 21:27:47 2023: Inserted 90% of D-proof conclusions. [175102947 of 194558830] (ETC: Mon May 15 21:27:57 2023 ; 9 s 903.02 ms remaining ; 1 min 39 s  30.26 ms total)
Mon May 15 21:27:52 2023: Inserted 95% of D-proof conclusions. [184830888 of 194558830] (ETC: Mon May 15 21:27:57 2023 ; 4 s 965.32 ms remaining ; 1 min 39 s 306.40 ms total)
99500.24 ms (1 min 39 s 500.24 ms) total insertion duration.
Known iteration count loaded from 37:2703737502.
Mon May 15 21:27:57 2023: Starting to generate D-proof representatives of length 37.
Tue May 16 00:10:34 2023: Iterated  2% of D-proof candidates. [  54074750 of 2703737502] (ETC: Sun May 21 12:58:51 2023 ; 5 d 12 h 48 min 16 s 869.79 ms remaining ; 5 d 15 h 30 min 53 s 948.76 ms total)
Tue May 16 03:07:45 2023: Iterated  4% of D-proof candidates. [ 108149500 of 2703737502] (ETC: Sun May 21 19:03:01 2023 ; 5 d 15 h 55 min 15 s 453.11 ms remaining ; 5 d 21 h 35 min  3 s 596.98 ms total)
Tue May 16 05:32:04 2023: Iterated  6% of D-proof candidates. [ 162224250 of 2703737502] (ETC: Sun May 21 11:56:29 2023 ; 5 d  6 h 24 min 25 s 406.18 ms remaining ; 5 d 14 h 28 min 32 s 134.21 ms total)
Tue May 16 08:58:11 2023: Iterated  8% of D-proof candidates. [ 216299000 of 2703737502] (ETC: Sun May 21 21:15:58 2023 ; 5 d 12 h 17 min 46 s 113.58 ms remaining ; 5 d 23 h 48 min      558.21 ms total)
Tue May 16 11:45:11 2023: Iterated 10% of D-proof candidates. [ 270373750 of 2703737502] (ETC: Sun May 21 20:20:20 2023 ; 5 d  8 h 35 min  8 s 731.74 ms remaining ; 5 d 22 h 52 min 23 s  35.22 ms total)
Tue May 16 13:53:06 2023: Iterated 12% of D-proof candidates. [ 324448500 of 2703737502] (ETC: Sun May 21 14:17:35 2023 ; 5 d      24 min 28 s 275.00 ms remaining ; 5 d 16 h 49 min 37 s 585.17 ms total)
Tue May 16 15:59:28 2023: Iterated 14% of D-proof candidates. [ 378523250 of 2703737502] (ETC: Sun May 21 09:47:19 2023 ; 4 d 17 h 47 min 51 s 546.13 ms remaining ; 5 d 12 h 19 min 22 s 262.88 ms total)
Tue May 16 17:53:00 2023: Iterated 16% of D-proof candidates. [ 432598000 of 2703737502] (ETC: Sun May 21 05:04:33 2023 ; 4 d 11 h 11 min 32 s 304.95 ms remaining ; 5 d  7 h 36 min 35 s 601.07 ms total)
Tue May 16 20:14:08 2023: Iterated 18% of D-proof candidates. [ 486672750 of 2703737502] (ETC: Sun May 21 03:57:48 2023 ; 4 d  7 h 43 min 40 s 734.10 ms remaining ; 5 d  6 h 29 min 51 s 139.07 ms total)
Tue May 16 22:16:00 2023: Iterated 20% of D-proof candidates. [ 540747500 of 2703737502] (ETC: Sun May 21 01:28:13 2023 ; 4 d  3 h 12 min 12 s 794.16 ms remaining ; 5 d  4 h        15 s 992.62 ms total)
Wed May 17 01:10:09 2023: Iterated 22% of D-proof candidates. [ 594822250 of 2703737502] (ETC: Sun May 21 03:23:23 2023 ; 4 d  2 h 13 min 14 s 333.48 ms remaining ; 5 d  5 h 55 min 26 s  68.47 ms total)
Wed May 17 03:44:56 2023: Iterated 24% of D-proof candidates. [ 648897000 of 2703737502] (ETC: Sun May 21 03:38:43 2023 ; 3 d 23 h 53 min 47 s 103.56 ms remaining ; 5 d  6 h 10 min 46 s 188.79 ms total)
Wed May 17 06:00:34 2023: Iterated 26% of D-proof candidates. [ 702971750 of 2703737502] (ETC: Sun May 21 02:38:00 2023 ; 3 d 20 h 37 min 26 s 549.99 ms remaining ; 5 d  5 h 10 min  3 s 445.82 ms total)
Wed May 17 08:06:16 2023: Iterated 28% of D-proof candidates. [ 757046500 of 2703737502] (ETC: Sun May 21 01:10:32 2023 ; 3 d 17 h  4 min 15 s 356.80 ms remaining ; 5 d  3 h 42 min 34 s 662.09 ms total)
Wed May 17 10:04:06 2023: Iterated 30% of D-proof candidates. [ 811121250 of 2703737502] (ETC: Sat May 20 23:28:26 2023 ; 3 d 13 h 24 min 20 s 547.85 ms remaining ; 5 d  2 h        29 s 353.93 ms total)
Wed May 17 12:07:02 2023: Iterated 32% of D-proof candidates. [ 865196000 of 2703737502] (ETC: Sat May 20 22:15:05 2023 ; 3 d 10 h  8 min  3 s 229.60 ms remaining ; 5 d      47 min  8 s 278.68 ms total)
Wed May 17 14:16:46 2023: Iterated 34% of D-proof candidates. [ 919270750 of 2703737502] (ETC: Sat May 20 21:30:20 2023 ; 3 d  7 h 13 min 34 s 329.98 ms remaining ; 5 d       2 min 22 s 924.04 ms total)
Wed May 17 16:33:18 2023: Iterated 36% of D-proof candidates. [ 973345500 of 2703737502] (ETC: Sat May 20 21:09:28 2023 ; 3 d  4 h 36 min 10 s 144.88 ms remaining ; 4 d 23 h 41 min 30 s 851.20 ms total)
Wed May 17 18:52:12 2023: Iterated 38% of D-proof candidates. [1027420250 of 2703737502] (ETC: Sat May 20 20:57:01 2023 ; 3 d  2 h  4 min 49 s 187.73 ms remaining ; 4 d 23 h 29 min  3 s 850.98 ms total)
Wed May 17 21:03:02 2023: Iterated 40% of D-proof candidates. [1081495000 of 2703737502] (ETC: Sat May 20 20:25:40 2023 ; 2 d 23 h 22 min 37 s 545.67 ms remaining ; 4 d 22 h 57 min 42 s 575.91 ms total)
Wed May 17 23:13:18 2023: Iterated 42% of D-proof candidates. [1135569750 of 2703737502] (ETC: Sat May 20 19:55:56 2023 ; 2 d 20 h 42 min 37 s 812.33 ms remaining ; 4 d 22 h 27 min 58 s 986.55 ms total)
Thu May 18 01:23:09 2023: Iterated 44% of D-proof candidates. [1189644500 of 2703737502] (ETC: Sat May 20 19:27:58 2023 ; 2 d 18 h  4 min 48 s 385.91 ms remaining ; 4 d 22 h             688.88 ms total)
Thu May 18 03:20:44 2023: Iterated 46% of D-proof candidates. [1243719250 of 2703737502] (ETC: Sat May 20 18:35:44 2023 ; 2 d 15 h 15 min        6.18 ms remaining ; 4 d 21 h  7 min 46 s 677.85 ms total)
Thu May 18 05:21:20 2023: Iterated 48% of D-proof candidates. [1297794000 of 2703737502] (ETC: Sat May 20 17:54:09 2023 ; 2 d 12 h 32 min 49 s 524.67 ms remaining ; 4 d 20 h 26 min 12 s 162.54 ms total)
Thu May 18 07:17:57 2023: Iterated 50% of D-proof candidates. [1351868751 of 2703737502] (ETC: Sat May 20 17:07:57 2023 ; 2 d  9 h 50 min      199.28 ms remaining ; 4 d 19 h 40 min      398.56 ms total)
Thu May 18 09:11:55 2023: Iterated 52% of D-proof candidates. [1405943501 of 2703737502] (ETC: Sat May 20 16:20:11 2023 ; 2 d  7 h  8 min 16 s 248.85 ms remaining ; 4 d 18 h 52 min 13 s 851.76 ms total)
Thu May 18 11:15:33 2023: Iterated 54% of D-proof candidates. [1460018251 of 2703737502] (ETC: Sat May 20 15:53:52 2023 ; 2 d  4 h 38 min 19 s 457.76 ms remaining ; 4 d 18 h 25 min 55 s 342.94 ms total)
Thu May 18 13:08:02 2023: Iterated 56% of D-proof candidates. [1514093001 of 2703737502] (ETC: Sat May 20 15:09:32 2023 ; 2 d  2 h  1 min 29 s 764.69 ms remaining ; 4 d 17 h 41 min 34 s 919.72 ms total)
Thu May 18 14:57:18 2023: Iterated 58% of D-proof candidates. [1568167751 of 2703737502] (ETC: Sat May 20 14:22:41 2023 ; 1 d 23 h 25 min 23 s 219.25 ms remaining ; 4 d 16 h 54 min 43 s 855.30 ms total)
Thu May 18 16:41:15 2023: Iterated 60% of D-proof candidates. [1622242501 of 2703737502] (ETC: Sat May 20 13:30:07 2023 ; 1 d 20 h 48 min 52 s 158.47 ms remaining ; 4 d 16 h  2 min 10 s 396.11 ms total)
Thu May 18 18:26:42 2023: Iterated 62% of D-proof candidates. [1676317251 of 2703737502] (ETC: Sat May 20 12:43:21 2023 ; 1 d 18 h 16 min 38 s 947.46 ms remaining ; 4 d 15 h 15 min 23 s 545.85 ms total)
Thu May 18 20:13:05 2023: Iterated 64% of D-proof candidates. [1730392001 of 2703737502] (ETC: Sat May 20 12:00:59 2023 ; 1 d 15 h 47 min 53 s 423.64 ms remaining ; 4 d 14 h 33 min  1 s 732.21 ms total)
Thu May 18 21:48:35 2023: Iterated 66% of D-proof candidates. [1784466751 of 2703737502] (ETC: Sat May 20 11:04:39 2023 ; 1 d 13 h 16 min  4 s 791.37 ms remaining ; 4 d 13 h 36 min 42 s 327.42 ms total)
Thu May 18 23:28:15 2023: Iterated 68% of D-proof candidates. [1838541501 of 2703737502] (ETC: Sat May 20 10:17:49 2023 ; 1 d 10 h 49 min 33 s 291.03 ms remaining ; 4 d 12 h 49 min 51 s 534.30 ms total)
Fri May 19 01:03:11 2023: Iterated 70% of D-proof candidates. [1892616251 of 2703737502] (ETC: Sat May 20 09:26:52 2023 ; 1 d  8 h 23 min 40 s 439.27 ms remaining ; 4 d 11 h 58 min 54 s 797.38 ms total)
Fri May 19 02:40:10 2023: Iterated 72% of D-proof candidates. [1946691001 of 2703737502] (ETC: Sat May 20 08:41:35 2023 ; 1 d  6 h  1 min 25 s 147.06 ms remaining ; 4 d 11 h 13 min 38 s 382.13 ms total)
Fri May 19 04:09:58 2023: Iterated 74% of D-proof candidates. [2000765751 of 2703737502] (ETC: Sat May 20 07:49:04 2023 ; 1 d  3 h 39 min  5 s 285.45 ms remaining ; 4 d 10 h 21 min  6 s 482.23 ms total)
Fri May 19 05:41:17 2023: Iterated 76% of D-proof candidates. [2054840501 of 2703737502] (ETC: Sat May 20 07:01:17 2023 ; 1 d  1 h 19 min 59 s 995.06 ms remaining ; 4 d  9 h 33 min 19 s 979.13 ms total)
Fri May 19 07:12:03 2023: Iterated 78% of D-proof candidates. [2108915251 of 2703737502] (ETC: Sat May 20 06:15:15 2023 ; 23 h  3 min 12 s 407.81 ms remaining ; 4 d  8 h 47 min 18 s 216.94 ms total)
Fri May 19 08:38:53 2023: Iterated 80% of D-proof candidates. [2162990001 of 2703737502] (ETC: Sat May 20 05:26:37 2023 ; 20 h 47 min 43 s 967.12 ms remaining ; 4 d  7 h 58 min 39 s 835.20 ms total)
Fri May 19 10:05:09 2023: Iterated 82% of D-proof candidates. [2217064751 of 2703737502] (ETC: Sat May 20 04:39:39 2023 ; 18 h 34 min 30 s 435.48 ms remaining ; 4 d  7 h 11 min 42 s 418.87 ms total)
Fri May 19 11:27:25 2023: Iterated 84% of D-proof candidates. [2271139501 of 2703737502] (ETC: Sat May 20 03:50:10 2023 ; 16 h 22 min 45 s 267.75 ms remaining ; 4 d  6 h 22 min 12 s 922.86 ms total)
Fri May 19 12:46:22 2023: Iterated 86% of D-proof candidates. [2325214251 of 2703737502] (ETC: Sat May 20 02:59:08 2023 ; 14 h 12 min 45 s 886.10 ms remaining ; 4 d  5 h 31 min 10 s 614.30 ms total)
Fri May 19 14:05:56 2023: Iterated 88% of D-proof candidates. [2379289001 of 2703737502] (ETC: Sat May 20 02:11:06 2023 ; 12 h  5 min 10 s 733.08 ms remaining ; 4 d  4 h 43 min  9 s 441.50 ms total)
Fri May 19 15:24:21 2023: Iterated 90% of D-proof candidates. [2433363751 of 2703737502] (ETC: Sat May 20 01:23:56 2023 ; 9 h 59 min 35 s 941.59 ms remaining ; 4 d  3 h 55 min 59 s 414.79 ms total)
Fri May 19 16:38:51 2023: Iterated 92% of D-proof candidates. [2487438501 of 2703737502] (ETC: Sat May 20 00:34:35 2023 ; 7 h 55 min 43 s 846.75 ms remaining ; 4 d  3 h  6 min 38 s  82.95 ms total)
Fri May 19 18:01:45 2023: Iterated 94% of D-proof candidates. [2541513251 of 2703737502] (ETC: Fri May 19 23:56:15 2023 ; 5 h 54 min 29 s 865.97 ms remaining ; 4 d  2 h 28 min 17 s 764.19 ms total)
Fri May 19 19:18:50 2023: Iterated 96% of D-proof candidates. [2595588001 of 2703737502] (ETC: Fri May 19 23:13:27 2023 ; 3 h 54 min 37 s 211.85 ms remaining ; 4 d  1 h 45 min 30 s 293.26 ms total)
Fri May 19 20:35:50 2023: Iterated 98% of D-proof candidates. [2649662751 of 2703737502] (ETC: Fri May 19 22:32:20 2023 ; 1 h 56 min 29 s 249.74 ms remaining ; 4 d  1 h  4 min 22 s 480.84 ms total)
346992155.94 ms (4 d 23 min 12 s 155.94 ms) taken to collect 462288665 D-proofs of length 37. [iterated 2703737502 condensed detachment proof strings]
[Copy] Static filtered iteration counts: { { 1, 3 }, { 3, 9 }, { 5, 36 }, { 7, 108 }, { 9, 372 }, { 11, 1134 }, { 13, 3354 }, { 15, 10360 }, { 17, 31388 }, { 19, 94907 }, { 21, 290392 }, { 23, 886041 }, { 25, 2709186 }, { 27, 8320672 }, { 29, 25589216 }, { 31, 78896376 }, { 33, 243907474 } }
[Copy] Static unfiltered iteration counts: { 33, { { 35, 805814039 }, { 37, 2703737502 } } },
7353232.78 ms (2 h 2 min 33 s 232.78 ms) taken to filter and order new representative proofs.
Found 462288665 representative, 1059693369 redundant, and 1181755468 invalid condensed detachment proof strings.
lengths up to 37 ; amounts per length: {(1,3), (3,6), (5,12), (7,38), (9,89), (11,229), (13,672), (15,1844), (17,5221), (19,15275), (21,44206), (23,129885), (25,385789), (27,1149058), (29,3449251), (31,10411430), (33,39933795), (35,139032027), (37,462288665)} ; 462288665 new representative proofs (1059693369 redundant, 1181755468 invalid)
Fri May 19 23:58:55 2023: Starting to write 462288665 entries to data/dProofs-withConclusions/dProofs37-unfiltered33+.txt.
1001648.89 ms (16 min 41 s 648.88 ms) taken to print and save 103965043304 bytes of representative condensed detachment proof strings to data/dProofs-withConclusions/dProofs37-unfiltered33+.txt.
Sat May 20 00:23:08 2023: Limited D-proof representative generator complete. [parallel ; 144 hardware thread contexts, limit: 37, unfiltered]
Sat May 20 00:56:03 2023: Process terminated. [pid: 21296, tid:47701464181248]
