( This log file was generated by 'pmGenerator 1.2' (master branch), compiled by 'Intel(R) oneAPI DPC++/C++ Compiler 2022.1.0 (2022.1.0.20220316)'.
  The run was executed on a CLAIX-2018-OPTANE MPI node
  — 2-socket Intel Xeon Gold 6338, 32 cores each (64 cores total per node), 2.0 GHz, 3.20 GHz turbo mode, 512 GiB DDR4-3200 caching for 2 TiB non-volatile memory (NVM) (Intel Optane DC Persistent Memory DIMMs) —
  running Linux, Rocky 8.8.
  Wall-clock time:   21.4491666… h
  CPU utilization: 1372.74666… core-h )
Fri Nov 10 14:54:45 2023: Process started. [pid: 49999, tid:22906502080384]
Tasks:
1. resetRepresentativesFor("CpCCNqCCNrsCtqCCrtCrq", true, 0, true)
2. generateDProofRepresentativeFiles(165, false, true)

[Main] Calling resetRepresentativesFor("CpCCNqCCNrsCtqCCrtCrq", true, 0, true).
Loaded 1 custom axioms. [SHA-512/224 hash: fe7117b8aad7634fae344172b9fee05f77e5e23b035276b17d8c6ec9]
(1) C0CCN1CCN2.3C4.1CC2.4C2.1    -    CpCCNqCCNrsCtqCCrtCrq    -    0\imply((\not1\imply((\not2\imply3)\imply(4\imply1)))\imply((2\imply4)\imply(2\imply1)))
[Main] Calling generateDProofRepresentativeFiles(165, false, true).
Fri Nov 10 14:54:45 2023: Limited D-proof representative generator started. [parallel ; 64 hardware thread contexts, limit: 165, unfiltered]
0.01 ms taken to load initial representatives.
0.35 ms taken to read 66 condensed detachment proofs and conclusions from data/fe7117b8aad7634fae344172b9fee05f77e5e23b035276b17d8c6ec9/dProofs-withConclusions/dProofs45.txt. [tid:22905389827840]
1.11 ms taken to read 12 condensed detachment proofs and conclusions from data/fe7117b8aad7634fae344172b9fee05f77e5e23b035276b17d8c6ec9/dProofs-withConclusions/dProofs29.txt. [tid:22906414515968]
0.91 ms taken to read 28 condensed detachment proofs and conclusions from data/fe7117b8aad7634fae344172b9fee05f77e5e23b035276b17d8c6ec9/dProofs-withConclusions/dProofs39.txt. [tid:22905530349312]
1.57 ms taken to read 5 condensed detachment proofs and conclusions from data/fe7117b8aad7634fae344172b9fee05f77e5e23b035276b17d8c6ec9/dProofs-withConclusions/dProofs17.txt. [tid:22906427123456]
1.86 ms taken to read 5 condensed detachment proofs and conclusions from data/fe7117b8aad7634fae344172b9fee05f77e5e23b035276b17d8c6ec9/dProofs-withConclusions/dProofs19.txt. [tid:22906425022208]
1.86 ms taken to read 3 condensed detachment proofs and conclusions from data/fe7117b8aad7634fae344172b9fee05f77e5e23b035276b17d8c6ec9/dProofs-withConclusions/dProofs21.txt. [tid:22906422920960]
0.06 ms taken to read 7 condensed detachment proofs and conclusions from data/fe7117b8aad7634fae344172b9fee05f77e5e23b035276b17d8c6ec9/dProofs-withConclusions/dProofs27.txt. [tid:22906416617216]
0.23 ms taken to read 2 condensed detachment proofs and conclusions from data/fe7117b8aad7634fae344172b9fee05f77e5e23b035276b17d8c6ec9/dProofs-withConclusions/dProofs15.txt. [tid:22906429224704]
0.45 ms taken to read 1 condensed detachment proof and conclusion from data/fe7117b8aad7634fae344172b9fee05f77e5e23b035276b17d8c6ec9/dProofs-withConclusions/dProofs7.txt. [tid:22906437629696]
0.60 ms taken to read 17 condensed detachment proofs and conclusions from data/fe7117b8aad7634fae344172b9fee05f77e5e23b035276b17d8c6ec9/dProofs-withConclusions/dProofs33.txt. [tid:22906410313472]
1.22 ms taken to read 6 condensed detachment proofs and conclusions from data/fe7117b8aad7634fae344172b9fee05f77e5e23b035276b17d8c6ec9/dProofs-withConclusions/dProofs23.txt. [tid:22906420819712]
1.24 ms taken to read 1 condensed detachment proof and conclusion from data/fe7117b8aad7634fae344172b9fee05f77e5e23b035276b17d8c6ec9/dProofs-withConclusions/dProofs3.txt. [tid:22906441832192]
1.71 ms taken to read 1 condensed detachment proof and conclusion from data/fe7117b8aad7634fae344172b9fee05f77e5e23b035276b17d8c6ec9/dProofs-withConclusions/dProofs5.txt. [tid:22906439730944]
14691.25 ms (14 s 691.25 ms) taken to read 2983754 condensed detachment proofs and conclusions from data/fe7117b8aad7634fae344172b9fee05f77e5e23b035276b17d8c6ec9/dProofs-withConclusions/dProofs147.txt. [tid:22906437629696]
8.98 ms taken to read 2 condensed detachment proofs and conclusions from data/fe7117b8aad7634fae344172b9fee05f77e5e23b035276b17d8c6ec9/dProofs-withConclusions/dProofs9.txt. [tid:22906435528448]
7.66 ms taken to read 2 condensed detachment proofs and conclusions from data/fe7117b8aad7634fae344172b9fee05f77e5e23b035276b17d8c6ec9/dProofs-withConclusions/dProofs11.txt. [tid:22906433427200]
8.08 ms taken to read 2 condensed detachment proofs and conclusions from data/fe7117b8aad7634fae344172b9fee05f77e5e23b035276b17d8c6ec9/dProofs-withConclusions/dProofs13.txt. [tid:22906431325952]
14037.01 ms (14 s 37.01 ms) taken to read 2423655 condensed detachment proofs and conclusions from data/fe7117b8aad7634fae344172b9fee05f77e5e23b035276b17d8c6ec9/dProofs-withConclusions/dProofs145.txt. [tid:22906429224704]
10336.14 ms (10 s 336.14 ms) taken to read 1051251 condensed detachment proofs and conclusions from data/fe7117b8aad7634fae344172b9fee05f77e5e23b035276b17d8c6ec9/dProofs-withConclusions/dProofs137.txt. [tid:22906427123456]
11191.60 ms (11 s 191.60 ms) taken to read 1294413 condensed detachment proofs and conclusions from data/fe7117b8aad7634fae344172b9fee05f77e5e23b035276b17d8c6ec9/dProofs-withConclusions/dProofs139.txt. [tid:22906425022208]
12359.16 ms (12 s 359.16 ms) taken to read 1597383 condensed detachment proofs and conclusions from data/fe7117b8aad7634fae344172b9fee05f77e5e23b035276b17d8c6ec9/dProofs-withConclusions/dProofs141.txt. [tid:22906422920960]
15604.40 ms (15 s 604.40 ms) taken to read 4527348 condensed detachment proofs and conclusions from data/fe7117b8aad7634fae344172b9fee05f77e5e23b035276b17d8c6ec9/dProofs-withConclusions/dProofs151.txt. [tid:22906420819712]
8.90 ms taken to read 10 condensed detachment proofs and conclusions from data/fe7117b8aad7634fae344172b9fee05f77e5e23b035276b17d8c6ec9/dProofs-withConclusions/dProofs25.txt. [tid:22906418718464]
12355.58 ms (12 s 355.58 ms) taken to read 1963944 condensed detachment proofs and conclusions from data/fe7117b8aad7634fae344172b9fee05f77e5e23b035276b17d8c6ec9/dProofs-withConclusions/dProofs143.txt. [tid:22906416617216]
5499.26 ms (5 s 499.25 ms) taken to read 693346 condensed detachment proofs and conclusions from data/fe7117b8aad7634fae344172b9fee05f77e5e23b035276b17d8c6ec9/dProofs-withConclusions/dProofs133.txt. [tid:22906414515968]
16.82 ms taken to read 14 condensed detachment proofs and conclusions from data/fe7117b8aad7634fae344172b9fee05f77e5e23b035276b17d8c6ec9/dProofs-withConclusions/dProofs31.txt. [tid:22906412414720]
15162.60 ms (15 s 162.60 ms) taken to read 3676539 condensed detachment proofs and conclusions from data/fe7117b8aad7634fae344172b9fee05f77e5e23b035276b17d8c6ec9/dProofs-withConclusions/dProofs149.txt. [tid:22906410313472]
9.34 ms taken to read 21 condensed detachment proofs and conclusions from data/fe7117b8aad7634fae344172b9fee05f77e5e23b035276b17d8c6ec9/dProofs-withConclusions/dProofs35.txt. [tid:22906408212224]
17.10 ms taken to read 30 condensed detachment proofs and conclusions from data/fe7117b8aad7634fae344172b9fee05f77e5e23b035276b17d8c6ec9/dProofs-withConclusions/dProofs37.txt. [tid:22906406110976]
8993.19 ms (8 s 993.19 ms) taken to read 853090 condensed detachment proofs and conclusions from data/fe7117b8aad7634fae344172b9fee05f77e5e23b035276b17d8c6ec9/dProofs-withConclusions/dProofs135.txt. [tid:22905530349312]
9.94 ms taken to read 44 condensed detachment proofs and conclusions from data/fe7117b8aad7634fae344172b9fee05f77e5e23b035276b17d8c6ec9/dProofs-withConclusions/dProofs41.txt. [tid:22905528248064]
13.21 ms taken to read 56 condensed detachment proofs and conclusions from data/fe7117b8aad7634fae344172b9fee05f77e5e23b035276b17d8c6ec9/dProofs-withConclusions/dProofs43.txt. [tid:22905526146816]
6293.53 ms (6 s 293.53 ms) taken to read 560926 condensed detachment proofs and conclusions from data/fe7117b8aad7634fae344172b9fee05f77e5e23b035276b17d8c6ec9/dProofs-withConclusions/dProofs131.txt. [tid:22905389827840]
8.69 ms taken to read 80 condensed detachment proofs and conclusions from data/fe7117b8aad7634fae344172b9fee05f77e5e23b035276b17d8c6ec9/dProofs-withConclusions/dProofs47.txt. [tid:22905524045568]
0.24 ms taken to read 108 condensed detachment proofs and conclusions from data/fe7117b8aad7634fae344172b9fee05f77e5e23b035276b17d8c6ec9/dProofs-withConclusions/dProofs49.txt. [tid:22905521944320]
2.69 ms taken to read 123 condensed detachment proofs and conclusions from data/fe7117b8aad7634fae344172b9fee05f77e5e23b035276b17d8c6ec9/dProofs-withConclusions/dProofs51.txt. [tid:22905519843072]
25.21 ms taken to read 168 condensed detachment proofs and conclusions from data/fe7117b8aad7634fae344172b9fee05f77e5e23b035276b17d8c6ec9/dProofs-withConclusions/dProofs53.txt. [tid:22905517741824]
0.33 ms taken to read 197 condensed detachment proofs and conclusions from data/fe7117b8aad7634fae344172b9fee05f77e5e23b035276b17d8c6ec9/dProofs-withConclusions/dProofs55.txt. [tid:22905515640576]
15.81 ms taken to read 241 condensed detachment proofs and conclusions from data/fe7117b8aad7634fae344172b9fee05f77e5e23b035276b17d8c6ec9/dProofs-withConclusions/dProofs57.txt. [tid:22905513539328]
15.37 ms taken to read 303 condensed detachment proofs and conclusions from data/fe7117b8aad7634fae344172b9fee05f77e5e23b035276b17d8c6ec9/dProofs-withConclusions/dProofs59.txt. [tid:22905511438080]
20.67 ms taken to read 390 condensed detachment proofs and conclusions from data/fe7117b8aad7634fae344172b9fee05f77e5e23b035276b17d8c6ec9/dProofs-withConclusions/dProofs61.txt. [tid:22905509336832]
0.70 ms taken to read 444 condensed detachment proofs and conclusions from data/fe7117b8aad7634fae344172b9fee05f77e5e23b035276b17d8c6ec9/dProofs-withConclusions/dProofs63.txt. [tid:22905507235584]
16.63 ms taken to read 570 condensed detachment proofs and conclusions from data/fe7117b8aad7634fae344172b9fee05f77e5e23b035276b17d8c6ec9/dProofs-withConclusions/dProofs65.txt. [tid:22905505134336]
1.01 ms taken to read 707 condensed detachment proofs and conclusions from data/fe7117b8aad7634fae344172b9fee05f77e5e23b035276b17d8c6ec9/dProofs-withConclusions/dProofs67.txt. [tid:22905503033088]
419.16 ms taken to read 863 condensed detachment proofs and conclusions from data/fe7117b8aad7634fae344172b9fee05f77e5e23b035276b17d8c6ec9/dProofs-withConclusions/dProofs69.txt. [tid:22905500931840]
445.21 ms taken to read 1052 condensed detachment proofs and conclusions from data/fe7117b8aad7634fae344172b9fee05f77e5e23b035276b17d8c6ec9/dProofs-withConclusions/dProofs71.txt. [tid:22905498830592]
19.88 ms taken to read 1340 condensed detachment proofs and conclusions from data/fe7117b8aad7634fae344172b9fee05f77e5e23b035276b17d8c6ec9/dProofs-withConclusions/dProofs73.txt. [tid:22905496729344]
36.55 ms taken to read 1586 condensed detachment proofs and conclusions from data/fe7117b8aad7634fae344172b9fee05f77e5e23b035276b17d8c6ec9/dProofs-withConclusions/dProofs75.txt. [tid:22905494628096]
67.30 ms taken to read 1990 condensed detachment proofs and conclusions from data/fe7117b8aad7634fae344172b9fee05f77e5e23b035276b17d8c6ec9/dProofs-withConclusions/dProofs77.txt. [tid:22905492526848]
31.60 ms taken to read 2467 condensed detachment proofs and conclusions from data/fe7117b8aad7634fae344172b9fee05f77e5e23b035276b17d8c6ec9/dProofs-withConclusions/dProofs79.txt. [tid:22905490425600]
97.56 ms taken to read 3018 condensed detachment proofs and conclusions from data/fe7117b8aad7634fae344172b9fee05f77e5e23b035276b17d8c6ec9/dProofs-withConclusions/dProofs81.txt. [tid:22905488324352]
365.10 ms taken to read 3679 condensed detachment proofs and conclusions from data/fe7117b8aad7634fae344172b9fee05f77e5e23b035276b17d8c6ec9/dProofs-withConclusions/dProofs83.txt. [tid:22905486223104]
40.22 ms taken to read 4661 condensed detachment proofs and conclusions from data/fe7117b8aad7634fae344172b9fee05f77e5e23b035276b17d8c6ec9/dProofs-withConclusions/dProofs85.txt. [tid:22905484121856]
280.51 ms taken to read 5632 condensed detachment proofs and conclusions from data/fe7117b8aad7634fae344172b9fee05f77e5e23b035276b17d8c6ec9/dProofs-withConclusions/dProofs87.txt. [tid:22905482020608]
800.55 ms taken to read 6994 condensed detachment proofs and conclusions from data/fe7117b8aad7634fae344172b9fee05f77e5e23b035276b17d8c6ec9/dProofs-withConclusions/dProofs89.txt. [tid:22905479919360]
120.42 ms taken to read 8637 condensed detachment proofs and conclusions from data/fe7117b8aad7634fae344172b9fee05f77e5e23b035276b17d8c6ec9/dProofs-withConclusions/dProofs91.txt. [tid:22905477818112]
945.11 ms taken to read 10677 condensed detachment proofs and conclusions from data/fe7117b8aad7634fae344172b9fee05f77e5e23b035276b17d8c6ec9/dProofs-withConclusions/dProofs93.txt. [tid:22905475716864]
70.12 ms taken to read 13008 condensed detachment proofs and conclusions from data/fe7117b8aad7634fae344172b9fee05f77e5e23b035276b17d8c6ec9/dProofs-withConclusions/dProofs95.txt. [tid:22905473615616]
1032.30 ms (1 s 32.30 ms) taken to read 16295 condensed detachment proofs and conclusions from data/fe7117b8aad7634fae344172b9fee05f77e5e23b035276b17d8c6ec9/dProofs-withConclusions/dProofs97.txt. [tid:22905471514368]
498.43 ms taken to read 19833 condensed detachment proofs and conclusions from data/fe7117b8aad7634fae344172b9fee05f77e5e23b035276b17d8c6ec9/dProofs-withConclusions/dProofs99.txt. [tid:22905469413120]
113.20 ms taken to read 24567 condensed detachment proofs and conclusions from data/fe7117b8aad7634fae344172b9fee05f77e5e23b035276b17d8c6ec9/dProofs-withConclusions/dProofs101.txt. [tid:22905467311872]
559.14 ms taken to read 30296 condensed detachment proofs and conclusions from data/fe7117b8aad7634fae344172b9fee05f77e5e23b035276b17d8c6ec9/dProofs-withConclusions/dProofs103.txt. [tid:22905396131584]
1462.17 ms (1 s 462.17 ms) taken to read 37377 condensed detachment proofs and conclusions from data/fe7117b8aad7634fae344172b9fee05f77e5e23b035276b17d8c6ec9/dProofs-withConclusions/dProofs105.txt. [tid:22905394030336]
1559.65 ms (1 s 559.65 ms) taken to read 45724 condensed detachment proofs and conclusions from data/fe7117b8aad7634fae344172b9fee05f77e5e23b035276b17d8c6ec9/dProofs-withConclusions/dProofs107.txt. [tid:22905391929088]
1750.96 ms (1 s 750.96 ms) taken to read 56922 condensed detachment proofs and conclusions from data/fe7117b8aad7634fae344172b9fee05f77e5e23b035276b17d8c6ec9/dProofs-withConclusions/dProofs109.txt. [tid:22905387726592]
2034.58 ms (2 s 34.58 ms) taken to read 69661 condensed detachment proofs and conclusions from data/fe7117b8aad7634fae344172b9fee05f77e5e23b035276b17d8c6ec9/dProofs-withConclusions/dProofs111.txt. [tid:22905385625344]
2977.56 ms (2 s 977.56 ms) taken to read 85894 condensed detachment proofs and conclusions from data/fe7117b8aad7634fae344172b9fee05f77e5e23b035276b17d8c6ec9/dProofs-withConclusions/dProofs113.txt. [tid:22905383524096]
3330.17 ms (3 s 330.17 ms) taken to read 105871 condensed detachment proofs and conclusions from data/fe7117b8aad7634fae344172b9fee05f77e5e23b035276b17d8c6ec9/dProofs-withConclusions/dProofs115.txt. [tid:22905381422848]
5626.51 ms (5 s 626.51 ms) taken to read 130737 condensed detachment proofs and conclusions from data/fe7117b8aad7634fae344172b9fee05f77e5e23b035276b17d8c6ec9/dProofs-withConclusions/dProofs117.txt. [tid:22905379321600]
8133.43 ms (8 s 133.43 ms) taken to read 160270 condensed detachment proofs and conclusions from data/fe7117b8aad7634fae344172b9fee05f77e5e23b035276b17d8c6ec9/dProofs-withConclusions/dProofs119.txt. [tid:22905377220352]
4194.75 ms (4 s 194.75 ms) taken to read 198446 condensed detachment proofs and conclusions from data/fe7117b8aad7634fae344172b9fee05f77e5e23b035276b17d8c6ec9/dProofs-withConclusions/dProofs121.txt. [tid:22905375119104]
4316.07 ms (4 s 316.07 ms) taken to read 243740 condensed detachment proofs and conclusions from data/fe7117b8aad7634fae344172b9fee05f77e5e23b035276b17d8c6ec9/dProofs-withConclusions/dProofs123.txt. [tid:22905373017856]
5167.78 ms (5 s 167.78 ms) taken to read 300530 condensed detachment proofs and conclusions from data/fe7117b8aad7634fae344172b9fee05f77e5e23b035276b17d8c6ec9/dProofs-withConclusions/dProofs125.txt. [tid:22905370916608]
5668.91 ms (5 s 668.91 ms) taken to read 370216 condensed detachment proofs and conclusions from data/fe7117b8aad7634fae344172b9fee05f77e5e23b035276b17d8c6ec9/dProofs-withConclusions/dProofs127.txt. [tid:22905368815360]
6317.86 ms (6 s 317.86 ms) taken to read 456911 condensed detachment proofs and conclusions from data/fe7117b8aad7634fae344172b9fee05f77e5e23b035276b17d8c6ec9/dProofs-withConclusions/dProofs129.txt. [tid:22905366714112]
15763.14 ms (15 s 763.14 ms) total read duration.
Loaded 76 representative collections of sizes:
1 : 1
3 : 1
5 : 1
7 : 1
9 : 2
11 : 2
13 : 2
15 : 2
17 : 5
19 : 5
21 : 3
23 : 6
25 : 10
27 : 7
29 : 12
31 : 14
33 : 17
35 : 21
37 : 30
39 : 28
41 : 44
43 : 56
45 : 66
47 : 80
49 : 108
51 : 123
53 : 168
55 : 197
57 : 241
59 : 303
61 : 390
63 : 444
65 : 570
67 : 707
69 : 863
71 : 1052
73 : 1340
75 : 1586
77 : 1990
79 : 2467
81 : 3018
83 : 3679
85 : 4661
87 : 5632
89 : 6994
91 : 8637
93 : 10677
95 : 13008
97 : 16295
99 : 19833
101 : 24567
103 : 30296
105 : 37377
107 : 45724
109 : 56922
111 : 69661
113 : 85894
115 : 105871
117 : 130737
119 : 160270
121 : 198446
123 : 243740
125 : 300530
127 : 370216
129 : 456911
131 : 560926
133 : 693346
135 : 853090
137 : 1051251
139 : 1294413
141 : 1597383
143 : 1963944
145 : 2423655
147 : 2983754
149 : 3676539
151 : 4527348
24048210 representatives in total.
107133.75 ms (1 min 47 s 133.75 ms) taken to read 21395853 condensed detachment proofs and conclusions from data/fe7117b8aad7634fae344172b9fee05f77e5e23b035276b17d8c6ec9/dProofs-withConclusions/dProofs153-unfiltered153+.txt. [tid:22905366714112]
141464.13 ms (2 min 21 s 464.13 ms) taken to read 28040847 condensed detachment proofs and conclusions from data/fe7117b8aad7634fae344172b9fee05f77e5e23b035276b17d8c6ec9/dProofs-withConclusions/dProofs155-unfiltered153+.txt. [tid:22905368815360]
173107.37 ms (2 min 53 s 107.37 ms) taken to read 38836822 condensed detachment proofs and conclusions from data/fe7117b8aad7634fae344172b9fee05f77e5e23b035276b17d8c6ec9/dProofs-withConclusions/dProofs157-unfiltered153+.txt. [tid:22905370916608]
189706.26 ms (3 min 9 s 706.26 ms) taken to read 50013506 condensed detachment proofs and conclusions from data/fe7117b8aad7634fae344172b9fee05f77e5e23b035276b17d8c6ec9/dProofs-withConclusions/dProofs159-unfiltered153+.txt. [tid:22905373017856]
230148.78 ms (3 min 50 s 148.78 ms) taken to read 78239557 condensed detachment proofs and conclusions from data/fe7117b8aad7634fae344172b9fee05f77e5e23b035276b17d8c6ec9/dProofs-withConclusions/dProofs161-unfiltered153+.txt. [tid:22905375119104]
248770.96 ms (4 min 8 s 770.96 ms) taken to read 101757325 condensed detachment proofs and conclusions from data/fe7117b8aad7634fae344172b9fee05f77e5e23b035276b17d8c6ec9/dProofs-withConclusions/dProofs163-unfiltered153+.txt. [tid:22905377220352]
248791.05 ms (4 min 8 s 791.05 ms) additional read duration.
Loaded 6 more representative collections of sizes:
153 : 21395853
155 : 28040847
157 : 38836822
159 : 50013506
161 : 78239557
163 : 101757325
342332120 representatives in total.
Fri Nov 10 14:59:43 2023: Inserted ≈ 5% of D-proof conclusions. [ 17116606 of 342332120] (ETC: Fri Nov 10 15:10:08 2023 ; 10 min 25 s  22.21 ms remaining ; 10 min 57 s 918.12 ms total)
Fri Nov 10 15:00:14 2023: Inserted ≈10% of D-proof conclusions. [ 34233212 of 342332120] (ETC: Fri Nov 10 15:09:54 2023 ; 9 min 40 s 122.12 ms remaining ; 10 min 44 s 580.13 ms total)
Fri Nov 10 15:00:44 2023: Inserted ≈15% of D-proof conclusions. [ 51349818 of 342332120] (ETC: Fri Nov 10 15:09:37 2023 ; 8 min 53 s 231.45 ms remaining ; 10 min 27 s 331.11 ms total)
Fri Nov 10 15:01:15 2023: Inserted ≈20% of D-proof conclusions. [ 68466424 of 342332120] (ETC: Fri Nov 10 15:09:34 2023 ; 8 min 19 s 202.01 ms remaining ; 10 min 24 s   2.52 ms total)
Fri Nov 10 15:02:00 2023: Inserted ≈25% of D-proof conclusions. [ 85583030 of 342332120] (ETC: Fri Nov 10 15:10:32 2023 ; 8 min 31 s 749.19 ms remaining ; 11 min 22 s 332.26 ms total)
Fri Nov 10 15:02:44 2023: Inserted ≈30% of D-proof conclusions. [102699636 of 342332120] (ETC: Fri Nov 10 15:11:04 2023 ; 8 min 20 s 252.45 ms remaining ; 11 min 54 s 646.36 ms total)
Fri Nov 10 15:03:27 2023: Inserted ≈35% of D-proof conclusions. [119816242 of 342332120] (ETC: Fri Nov 10 15:11:24 2023 ; 7 min 57 s 329.53 ms remaining ; 12 min 14 s 353.12 ms total)
Fri Nov 10 15:04:11 2023: Inserted ≈40% of D-proof conclusions. [136932848 of 342332120] (ETC: Fri Nov 10 15:11:43 2023 ; 7 min 31 s 784.94 ms remaining ; 12 min 32 s 974.90 ms total)
Fri Nov 10 15:05:08 2023: Inserted ≈45% of D-proof conclusions. [154049454 of 342332120] (ETC: Fri Nov 10 15:12:26 2023 ; 7 min 17 s 856.75 ms remaining ; 13 min 16 s 103.19 ms total)
Fri Nov 10 15:05:57 2023: Inserted ≈50% of D-proof conclusions. [171166060 of 342332120] (ETC: Fri Nov 10 15:12:44 2023 ; 6 min 46 s 940.67 ms remaining ; 13 min 33 s 881.35 ms total)
Fri Nov 10 15:06:37 2023: Inserted ≈55% of D-proof conclusions. [188282666 of 342332120] (ETC: Fri Nov 10 15:12:43 2023 ; 6 min  6 s  22.77 ms remaining ; 13 min 33 s 383.93 ms total)
Fri Nov 10 15:07:20 2023: Inserted ≈60% of D-proof conclusions. [205399272 of 342332120] (ETC: Fri Nov 10 15:12:47 2023 ; 5 min 26 s 931.39 ms remaining ; 13 min 37 s 328.48 ms total)
Fri Nov 10 15:08:05 2023: Inserted ≈65% of D-proof conclusions. [222515878 of 342332120] (ETC: Fri Nov 10 15:12:54 2023 ; 4 min 48 s 433.44 ms remaining ; 13 min 44 s  95.54 ms total)
Fri Nov 10 15:08:48 2023: Inserted ≈70% of D-proof conclusions. [239632484 of 342332120] (ETC: Fri Nov 10 15:12:55 2023 ; 4 min  7 s 667.89 ms remaining ; 13 min 45 s 559.63 ms total)
Fri Nov 10 15:09:31 2023: Inserted ≈75% of D-proof conclusions. [256749090 of 342332120] (ETC: Fri Nov 10 15:12:58 2023 ; 3 min 27 s 190.21 ms remaining ; 13 min 48 s 760.85 ms total)
Fri Nov 10 15:10:15 2023: Inserted ≈80% of D-proof conclusions. [273865696 of 342332120] (ETC: Fri Nov 10 15:13:02 2023 ; 2 min 46 s 362.06 ms remaining ; 13 min 51 s 810.32 ms total)
Fri Nov 10 15:10:57 2023: Inserted ≈85% of D-proof conclusions. [290982302 of 342332120] (ETC: Fri Nov 10 15:13:02 2023 ; 2 min  4 s 883.75 ms remaining ; 13 min 52 s 558.30 ms total)
Fri Nov 10 15:11:41 2023: Inserted ≈90% of D-proof conclusions. [308098908 of 342332120] (ETC: Fri Nov 10 15:13:05 2023 ; 1 min 23 s 492.10 ms remaining ; 13 min 54 s 921.05 ms total)
Fri Nov 10 15:12:30 2023: Inserted ≈95% of D-proof conclusions. [325215514 of 342332120] (ETC: Fri Nov 10 15:13:13 2023 ; 42 s 140.93 ms remaining ; 14 min  2 s 818.55 ms total)
Fri Nov 10 15:13:18 2023: Inserted 100% of D-proof conclusions. [342332120 of 342332120] (ETC: Fri Nov 10 15:13:18 2023 ; 0.00 ms remaining ; 14 min  7 s 796.09 ms total)
847797.54 ms (14 min 7 s 797.54 ms) total insertion duration.
Known iteration count loaded from 165:1480315260.
Fri Nov 10 15:13:18 2023: Starting to generate D-proof representatives of length 165.
Fri Nov 10 15:37:03 2023: Iterated ≈ 2% of D-proof candidates. [  29606305 of 1480315260] (ETC: Sat Nov 11 11:01:17 2023 ; 19 h 24 min 14 s 203.50 ms remaining ; 19 h 47 min 59 s 799.48 ms total)
Fri Nov 10 15:58:39 2023: Iterated ≈ 4% of D-proof candidates. [  59212610 of 1480315260] (ETC: Sat Nov 11 10:07:02 2023 ; 18 h  8 min 23 s 928.22 ms remaining ; 18 h 53 min 44 s 925.21 ms total)
Fri Nov 10 16:19:24 2023: Iterated ≈ 6% of D-proof candidates. [  88818915 of 1480315260] (ETC: Sat Nov 11 09:34:58 2023 ; 17 h 15 min 34 s 613.34 ms remaining ; 18 h 21 min 40 s 652.46 ms total)
Fri Nov 10 16:41:42 2023: Iterated ≈ 8% of D-proof candidates. [ 118425220 of 1480315260] (ETC: Sat Nov 11 09:38:17 2023 ; 16 h 56 min 35 s 798.85 ms remaining ; 18 h 24 min 59 s 781.32 ms total)
Fri Nov 10 17:05:36 2023: Iterated ≈10% of D-proof candidates. [ 148031526 of 1480315260] (ETC: Sat Nov 11 09:56:21 2023 ; 16 h 50 min 44 s 733.81 ms remaining ; 18 h 43 min  3 s  37.57 ms total)
Fri Nov 10 17:29:35 2023: Iterated ≈12% of D-proof candidates. [ 177637831 of 1480315260] (ETC: Sat Nov 11 10:08:59 2023 ; 16 h 39 min 24 s 542.26 ms remaining ; 18 h 55 min 41 s 525.28 ms total)
Fri Nov 10 17:52:34 2023: Iterated ≈14% of D-proof candidates. [ 207244136 of 1480315260] (ETC: Sat Nov 11 10:10:56 2023 ; 16 h 18 min 21 s 976.75 ms remaining ; 18 h 57 min 38 s 112.48 ms total)
Fri Nov 10 18:19:24 2023: Iterated ≈16% of D-proof candidates. [ 236850441 of 1480315260] (ETC: Sat Nov 11 10:36:28 2023 ; 16 h 17 min  3 s 664.57 ms remaining ; 19 h 23 min 10 s  76.83 ms total)
Fri Nov 10 18:44:38 2023: Iterated ≈18% of D-proof candidates. [ 266456746 of 1480315260] (ETC: Sat Nov 11 10:47:24 2023 ; 16 h  2 min 46 s 316.97 ms remaining ; 19 h 34 min  6 s 727.97 ms total)
Fri Nov 10 19:11:56 2023: Iterated ≈20% of D-proof candidates. [ 296063052 of 1480315260] (ETC: Sat Nov 11 11:06:30 2023 ; 15 h 54 min 34 s  48.69 ms remaining ; 19 h 53 min 12 s 560.87 ms total)
Fri Nov 10 19:39:19 2023: Iterated ≈22% of D-proof candidates. [ 325669357 of 1480315260] (ETC: Sat Nov 11 11:22:29 2023 ; 15 h 43 min 10 s 336.27 ms remaining ; 20 h  9 min 11 s 713.15 ms total)
Fri Nov 10 20:03:17 2023: Iterated ≈24% of D-proof candidates. [ 355275662 of 1480315260] (ETC: Sat Nov 11 11:21:34 2023 ; 15 h 18 min 17 s 543.55 ms remaining ; 20 h  8 min 16 s 767.80 ms total)
Fri Nov 10 20:36:14 2023: Iterated ≈26% of D-proof candidates. [ 384881967 of 1480315260] (ETC: Sat Nov 11 11:55:21 2023 ; 15 h 19 min  6 s 997.16 ms remaining ; 20 h 42 min  2 s 969.09 ms total)
Fri Nov 10 21:09:18 2023: Iterated ≈28% of D-proof candidates. [ 414488272 of 1480315260] (ETC: Sat Nov 11 12:24:46 2023 ; 15 h 15 min 27 s 407.13 ms remaining ; 21 h 11 min 28 s  65.40 ms total)
Fri Nov 10 21:38:02 2023: Iterated ≈30% of D-proof candidates. [ 444094578 of 1480315260] (ETC: Sat Nov 11 12:35:47 2023 ; 14 h 57 min 44 s 448.40 ms remaining ; 21 h 22 min 29 s 212.01 ms total)
Fri Nov 10 22:07:12 2023: Iterated ≈32% of D-proof candidates. [ 473700883 of 1480315260] (ETC: Sat Nov 11 12:46:44 2023 ; 14 h 39 min 32 s 271.80 ms remaining ; 21 h 33 min 26 s 282.04 ms total)
Fri Nov 10 22:39:50 2023: Iterated ≈34% of D-proof candidates. [ 503307188 of 1480315260] (ETC: Sat Nov 11 13:06:40 2023 ; 14 h 26 min 49 s 587.98 ms remaining ; 21 h 53 min 22 s 406.00 ms total)
Fri Nov 10 23:07:09 2023: Iterated ≈36% of D-proof candidates. [ 532913493 of 1480315260] (ETC: Sat Nov 11 13:09:35 2023 ; 14 h  2 min 25 s 276.83 ms remaining ; 21 h 56 min 16 s 995.00 ms total)
Fri Nov 10 23:34:58 2023: Iterated ≈38% of D-proof candidates. [ 562519798 of 1480315260] (ETC: Sat Nov 11 13:13:30 2023 ; 13 h 38 min 31 s 731.29 ms remaining ; 22 h        12 s 469.76 ms total)
Sat Nov 11 00:02:39 2023: Iterated ≈40% of D-proof candidates. [ 592126104 of 1480315260] (ETC: Sat Nov 11 13:16:40 2023 ; 13 h 14 min  1 s 354.92 ms remaining ; 22 h  3 min 22 s 258.20 ms total)
Sat Nov 11 00:30:08 2023: Iterated ≈42% of D-proof candidates. [ 621732409 of 1480315260] (ETC: Sat Nov 11 13:19:06 2023 ; 12 h 48 min 58 s 291.40 ms remaining ; 22 h  5 min 48 s 778.25 ms total)
Sat Nov 11 00:55:46 2023: Iterated ≈44% of D-proof candidates. [ 651338714 of 1480315260] (ETC: Sat Nov 11 13:17:07 2023 ; 12 h 21 min 20 s 378.93 ms remaining ; 22 h  3 min 49 s 248.05 ms total)
Sat Nov 11 01:28:01 2023: Iterated ≈46% of D-proof candidates. [ 680945019 of 1480315260] (ETC: Sat Nov 11 13:29:38 2023 ; 12 h  1 min 37 s 675.15 ms remaining ; 22 h 16 min 20 s 879.86 ms total)
Sat Nov 11 01:58:40 2023: Iterated ≈48% of D-proof candidates. [ 710551324 of 1480315260] (ETC: Sat Nov 11 13:37:49 2023 ; 11 h 39 min  9 s 361.09 ms remaining ; 22 h 24 min 31 s 848.16 ms total)
Sat Nov 11 02:24:26 2023: Iterated ≈50% of D-proof candidates. [ 740157630 of 1480315260] (ETC: Sat Nov 11 13:35:34 2023 ; 11 h 11 min  7 s 993.99 ms remaining ; 22 h 22 min 15 s 987.99 ms total)
Sat Nov 11 02:52:29 2023: Iterated ≈52% of D-proof candidates. [ 769763935 of 1480315260] (ETC: Sat Nov 11 13:37:54 2023 ; 10 h 45 min 24 s 471.79 ms remaining ; 22 h 24 min 35 s 982.87 ms total)
Sat Nov 11 03:20:34 2023: Iterated ≈54% of D-proof candidates. [ 799370240 of 1480315260] (ETC: Sat Nov 11 13:40:05 2023 ; 10 h 19 min 31 s 531.16 ms remaining ; 22 h 26 min 47 s 676.40 ms total)
Sat Nov 11 03:47:19 2023: Iterated ≈56% of D-proof candidates. [ 828976545 of 1480315260] (ETC: Sat Nov 11 13:39:46 2023 ; 9 h 52 min 26 s 937.58 ms remaining ; 22 h 26 min 28 s 494.42 ms total)
Sat Nov 11 04:13:08 2023: Iterated ≈58% of D-proof candidates. [ 858582850 of 1480315260] (ETC: Sat Nov 11 13:37:50 2023 ; 9 h 24 min 42 s 383.63 ms remaining ; 22 h 24 min 32 s 341.88 ms total)
Sat Nov 11 04:37:49 2023: Iterated ≈60% of D-proof candidates. [ 888189156 of 1480315260] (ETC: Sat Nov 11 13:34:11 2023 ; 8 h 56 min 21 s 214.98 ms remaining ; 22 h 20 min 53 s  37.46 ms total)
Sat Nov 11 05:01:48 2023: Iterated ≈62% of D-proof candidates. [ 917795461 of 1480315260] (ETC: Sat Nov 11 13:29:36 2023 ; 8 h 27 min 47 s 925.07 ms remaining ; 22 h 16 min 18 s 750.17 ms total)
Sat Nov 11 05:24:58 2023: Iterated ≈64% of D-proof candidates. [ 947401766 of 1480315260] (ETC: Sat Nov 11 13:24:02 2023 ; 7 h 59 min  4 s 174.40 ms remaining ; 22 h 10 min 44 s 928.83 ms total)
Sat Nov 11 05:47:34 2023: Iterated ≈66% of D-proof candidates. [ 977008071 of 1480315260] (ETC: Sat Nov 11 13:17:57 2023 ; 7 h 30 min 22 s 960.88 ms remaining ; 22 h  4 min 39 s 296.60 ms total)
Sat Nov 11 06:09:30 2023: Iterated ≈68% of D-proof candidates. [1006614376 of 1480315260] (ETC: Sat Nov 11 13:11:14 2023 ; 7 h  1 min 44 s 446.76 ms remaining ; 21 h 57 min 56 s 395.98 ms total)
Sat Nov 11 06:31:03 2023: Iterated ≈70% of D-proof candidates. [1036220682 of 1480315260] (ETC: Sat Nov 11 13:04:22 2023 ; 6 h 33 min 19 s 259.55 ms remaining ; 21 h 51 min  4 s 198.48 ms total)
Sat Nov 11 06:52:17 2023: Iterated ≈72% of D-proof candidates. [1065826987 of 1480315260] (ETC: Sat Nov 11 12:57:27 2023 ; 6 h  5 min  9 s 791.60 ms remaining ; 21 h 44 min  9 s 255.69 ms total)
Sat Nov 11 07:13:08 2023: Iterated ≈74% of D-proof candidates. [1095433292 of 1480315260] (ETC: Sat Nov 11 12:50:23 2023 ; 5 h 37 min 14 s 566.84 ms remaining ; 21 h 37 min  5 s 256.99 ms total)
Sat Nov 11 07:33:40 2023: Iterated ≈76% of D-proof candidates. [1125039597 of 1480315260] (ETC: Sat Nov 11 12:43:16 2023 ; 5 h  9 min 35 s 602.08 ms remaining ; 21 h 29 min 58 s 341.88 ms total)
Sat Nov 11 07:53:59 2023: Iterated ≈78% of D-proof candidates. [1154645902 of 1480315260] (ETC: Sat Nov 11 12:36:14 2023 ; 4 h 42 min 14 s 738.64 ms remaining ; 21 h 22 min 56 s  84.55 ms total)
Sat Nov 11 08:14:00 2023: Iterated ≈80% of D-proof candidates. [1184252208 of 1480315260] (ETC: Sat Nov 11 12:29:10 2023 ; 4 h 15 min 10 s 520.03 ms remaining ; 21 h 15 min 52 s 600.18 ms total)
Sat Nov 11 08:33:45 2023: Iterated ≈82% of D-proof candidates. [1213858513 of 1480315260] (ETC: Sat Nov 11 12:22:09 2023 ; 3 h 48 min 23 s 683.91 ms remaining ; 21 h  8 min 51 s 577.21 ms total)
Sat Nov 11 08:53:22 2023: Iterated ≈84% of D-proof candidates. [1243464818 of 1480315260] (ETC: Sat Nov 11 12:15:17 2023 ; 3 h 21 min 55 s 145.20 ms remaining ; 21 h  1 min 59 s 657.37 ms total)
Sat Nov 11 09:12:48 2023: Iterated ≈86% of D-proof candidates. [1273071123 of 1480315260] (ETC: Sat Nov 11 12:08:32 2023 ; 2 h 55 min 44 s  32.01 ms remaining ; 20 h 55 min 14 s 514.17 ms total)
Sat Nov 11 09:32:07 2023: Iterated ≈88% of D-proof candidates. [1302677428 of 1480315260] (ETC: Sat Nov 11 12:01:57 2023 ; 2 h 29 min 50 s 317.12 ms remaining ; 20 h 48 min 39 s 309.01 ms total)
Sat Nov 11 09:51:18 2023: Iterated ≈90% of D-proof candidates. [1332283734 of 1480315260] (ETC: Sat Nov 11 11:55:31 2023 ; 2 h  4 min 13 s 357.85 ms remaining ; 20 h 42 min 13 s 578.45 ms total)
Sat Nov 11 10:10:25 2023: Iterated ≈92% of D-proof candidates. [1361890039 of 1480315260] (ETC: Sat Nov 11 11:49:18 2023 ; 1 h 38 min 52 s 851.16 ms remaining ; 20 h 36 min      639.38 ms total)
Sat Nov 11 10:29:24 2023: Iterated ≈94% of D-proof candidates. [1391496344 of 1480315260] (ETC: Sat Nov 11 11:43:12 2023 ; 1 h 13 min 47 s 637.05 ms remaining ; 20 h 29 min 53 s 950.57 ms total)
Sat Nov 11 10:48:22 2023: Iterated ≈96% of D-proof candidates. [1421102649 of 1480315260] (ETC: Sat Nov 11 11:37:19 2023 ; 48 min 57 s 668.40 ms remaining ; 20 h 24 min  1 s 709.31 ms total)
Sat Nov 11 11:07:20 2023: Iterated ≈98% of D-proof candidates. [1450708954 of 1480315260] (ETC: Sat Nov 11 11:31:42 2023 ; 24 min 22 s  83.05 ms remaining ; 20 h 18 min 24 s 150.28 ms total)
Sat Nov 11 11:26:31 2023: Iterated 100% of D-proof candidates. [1480315260 of 1480315260] (ETC: Sat Nov 11 11:26:31 2023 ; 0.00 ms remaining ; 20 h 13 min 13 s 597.93 ms total)
72795968.18 ms (20 h 13 min 15 s 968.18 ms) taken to collect 147063822 D-proofs of length 165. [iterated 1480315260 condensed detachment proof strings]
[Copy] Custom iteration counts: { { 1, 1 }, { 3, 1 }, { 5, 2 }, { 7, 3 }, { 9, 4 }, { 11, 7 }, { 13, 10 }, { 15, 13 }, { 17, 16 }, { 19, 26 }, { 21, 36 }, { 23, 42 }, { 25, 54 }, { 27, 80 }, { 29, 100 }, { 31, 126 }, { 33, 162 }, { 35, 221 }, { 37, 282 }, { 39, 359 }, { 41, 454 }, { 43, 615 }, { 45, 778 }, { 47, 1002 }, { 49, 1298 }, { 51, 1678 }, { 53, 2134 }, { 55, 2803 }, { 57, 3534 }, { 59, 4530 }, { 61, 5848 }, { 63, 7496 }, { 65, 9424 }, { 67, 12147 }, { 69, 15402 }, { 71, 19615 }, { 73, 24892 }, { 75, 31620 }, { 77, 39936 }, { 79, 50946 }, { 81, 64168 }, { 83, 81204 }, { 85, 102794 }, { 87, 130094 }, { 89, 163718 }, { 91, 207474 }, { 93, 261220 }, { 95, 329568 }, { 97, 415628 }, { 99, 524144 }, { 101, 658432 }, { 103, 831003 }, { 105, 1044792 }, { 107, 1313760 }, { 109, 1651616 }, { 111, 2077927 }, { 113, 2606646 }, { 115, 3277103 }, { 117, 4112052 }, { 119, 5160229 }, { 121, 6472942 }, { 123, 8122690 }, { 125, 10173684 }, { 127, 12760188 }, { 129, 15985436 }, { 131, 20022824 }, { 133, 25070468 }, { 135, 31402887 }, { 137, 39284338 }, { 139, 49176381 }, { 141, 61517174 }, { 143, 76945234 }, { 145, 96208206 }, { 147, 120320734 }, { 149, 150346484 }, { 151, 187924390 }, { 153, 234799156 }, { 155, 324945288 }, { 157, 440272080 }, { 159, 592215521 }, { 161, 784979956 }, { 163, 1089248702 }, { 165, 1480315260 } }
1185328.17 ms (19 min 45 s 328.17 ms) taken to filter and order new representative proofs.
Found 147063822 representative, 257292440 redundant, and 1075958998 invalid condensed detachment proof strings.
lengths up to 165 ; amounts per length: {(1,1), (3,1), (5,1), (7,1), (9,2), (11,2), (13,2), (15,2), (17,5), (19,5), (21,3), (23,6), (25,10), (27,7), (29,12), (31,14), (33,17), (35,21), (37,30), (39,28), (41,44), (43,56), (45,66), (47,80), (49,108), (51,123), (53,168), (55,197), (57,241), (59,303), (61,390), (63,444), (65,570), (67,707), (69,863), (71,1052), (73,1340), (75,1586), (77,1990), (79,2467), (81,3018), (83,3679), (85,4661), (87,5632), (89,6994), (91,8637), (93,10677), (95,13008), (97,16295), (99,19833), (101,24567), (103,30296), (105,37377), (107,45724), (109,56922), (111,69661), (113,85894), (115,105871), (117,130737), (119,160270), (121,198446), (123,243740), (125,300530), (127,370216), (129,456911), (131,560926), (133,693346), (135,853090), (137,1051251), (139,1294413), (141,1597383), (143,1963944), (145,2423655), (147,2983754), (149,3676539), (151,4527348), (153,21395853), (155,28040847), (157,38836822), (159,50013506), (161,78239557), (163,101757325), (165,147063822)} ; 147063822 new representative proofs (257292440 redundant, 1075958998 invalid)
Sat Nov 11 12:02:57 2023: Starting to write 147063822 entries to data/fe7117b8aad7634fae344172b9fee05f77e5e23b035276b17d8c6ec9/dProofs-withConclusions/dProofs165-unfiltered153+.txt.
387335.04 ms (6 min 27 s 335.04 ms) taken to print and save 127132189367 bytes of representative condensed detachment proof strings to data/fe7117b8aad7634fae344172b9fee05f77e5e23b035276b17d8c6ec9/dProofs-withConclusions/dProofs165-unfiltered153+.txt.
Sat Nov 11 12:13:31 2023: Limited D-proof representative generator complete. [parallel ; 64 hardware thread contexts, limit: 165, unfiltered]
Sat Nov 11 12:21:42 2023: Process terminated. [pid: 49999, tid:22906502080384]
