( This log file was generated by 'pmGenerator 1.2' (master branch), compiled by 'Intel(R) oneAPI DPC++/C++ Compiler 2022.1.0 (2022.1.0.20220316)'.
  The run was executed on a CLAIX-2018-OPTANE MPI node
  — 2-socket Intel Xeon Gold 6338, 32 cores each (64 cores total per node), 2.0 GHz, 3.20 GHz turbo mode, 512 GiB DDR4-3200 caching for 2 TiB non-volatile memory (NVM) (Intel Optane DC Persistent Memory DIMMs) —
  running Linux, Rocky 8.8.
  Wall-clock time:   4.72888… h
  CPU utilization: 302.64888… core-h )
Fri Oct 27 04:11:37 2023: Process started. [pid: 63130, tid:23122503792512]
Tasks:
1. resetRepresentativesFor("CpCCNqCCNrsCtqCCrtCrq", true, 0, true)
2. generateDProofRepresentativeFiles(157, false, true)

[Main] Calling resetRepresentativesFor("CpCCNqCCNrsCtqCCrtCrq", true, 0, true).
Loaded 1 custom axioms. [SHA-512/224 hash: fe7117b8aad7634fae344172b9fee05f77e5e23b035276b17d8c6ec9]
(1) C0CCN1CCN2.3C4.1CC2.4C2.1    -    CpCCNqCCNrsCtqCCrtCrq    -    0\imply((\not1\imply((\not2\imply3)\imply(4\imply1)))\imply((2\imply4)\imply(2\imply1)))
[Main] Calling generateDProofRepresentativeFiles(157, false, true).
Fri Oct 27 04:11:37 2023: Limited D-proof representative generator started. [parallel ; 64 hardware thread contexts, limit: 157, unfiltered]
0.02 ms taken to load initial representatives.
0.07 ms taken to read 3 condensed detachment proofs and conclusions from data/fe7117b8aad7634fae344172b9fee05f77e5e23b035276b17d8c6ec9/dProofs-withConclusions/dProofs21.txt. [tid:23122088552192]
1.90 ms taken to read 444 condensed detachment proofs and conclusions from data/fe7117b8aad7634fae344172b9fee05f77e5e23b035276b17d8c6ec9/dProofs-withConclusions/dProofs63.txt. [tid:23122044425984]
2.64 ms taken to read 10 condensed detachment proofs and conclusions from data/fe7117b8aad7634fae344172b9fee05f77e5e23b035276b17d8c6ec9/dProofs-withConclusions/dProofs25.txt. [tid:23122084349696]
2.59 ms taken to read 570 condensed detachment proofs and conclusions from data/fe7117b8aad7634fae344172b9fee05f77e5e23b035276b17d8c6ec9/dProofs-withConclusions/dProofs65.txt. [tid:23122042324736]
0.82 ms taken to read 5 condensed detachment proofs and conclusions from data/fe7117b8aad7634fae344172b9fee05f77e5e23b035276b17d8c6ec9/dProofs-withConclusions/dProofs17.txt. [tid:23122428835584]
1.39 ms taken to read 66 condensed detachment proofs and conclusions from data/fe7117b8aad7634fae344172b9fee05f77e5e23b035276b17d8c6ec9/dProofs-withConclusions/dProofs45.txt. [tid:23122063337216]
0.51 ms taken to read 56 condensed detachment proofs and conclusions from data/fe7117b8aad7634fae344172b9fee05f77e5e23b035276b17d8c6ec9/dProofs-withConclusions/dProofs43.txt. [tid:23122065438464]
0.38 ms taken to read 5 condensed detachment proofs and conclusions from data/fe7117b8aad7634fae344172b9fee05f77e5e23b035276b17d8c6ec9/dProofs-withConclusions/dProofs19.txt. [tid:23122090653440]
0.19 ms taken to read 1 condensed detachment proof and conclusion from data/fe7117b8aad7634fae344172b9fee05f77e5e23b035276b17d8c6ec9/dProofs-withConclusions/dProofs7.txt. [tid:23122439341824]
0.23 ms taken to read 2 condensed detachment proofs and conclusions from data/fe7117b8aad7634fae344172b9fee05f77e5e23b035276b17d8c6ec9/dProofs-withConclusions/dProofs9.txt. [tid:23122437240576]
0.89 ms taken to read 2 condensed detachment proofs and conclusions from data/fe7117b8aad7634fae344172b9fee05f77e5e23b035276b17d8c6ec9/dProofs-withConclusions/dProofs15.txt. [tid:23122430936832]
1.22 ms taken to read 1 condensed detachment proof and conclusion from data/fe7117b8aad7634fae344172b9fee05f77e5e23b035276b17d8c6ec9/dProofs-withConclusions/dProofs3.txt. [tid:23122443544320]
2.46 ms taken to read 1 condensed detachment proof and conclusion from data/fe7117b8aad7634fae344172b9fee05f77e5e23b035276b17d8c6ec9/dProofs-withConclusions/dProofs5.txt. [tid:23122441443072]
17302.09 ms (17 s 302.09 ms) taken to read 2983754 condensed detachment proofs and conclusions from data/fe7117b8aad7634fae344172b9fee05f77e5e23b035276b17d8c6ec9/dProofs-withConclusions/dProofs147.txt. [tid:23122439341824]
18161.14 ms (18 s 161.14 ms) taken to read 3676539 condensed detachment proofs and conclusions from data/fe7117b8aad7634fae344172b9fee05f77e5e23b035276b17d8c6ec9/dProofs-withConclusions/dProofs149.txt. [tid:23122437240576]
7.03 ms taken to read 2 condensed detachment proofs and conclusions from data/fe7117b8aad7634fae344172b9fee05f77e5e23b035276b17d8c6ec9/dProofs-withConclusions/dProofs11.txt. [tid:23122435139328]
3.00 ms taken to read 2 condensed detachment proofs and conclusions from data/fe7117b8aad7634fae344172b9fee05f77e5e23b035276b17d8c6ec9/dProofs-withConclusions/dProofs13.txt. [tid:23122433038080]
18976.00 ms (18 s 976.00 ms) taken to read 4527348 condensed detachment proofs and conclusions from data/fe7117b8aad7634fae344172b9fee05f77e5e23b035276b17d8c6ec9/dProofs-withConclusions/dProofs151.txt. [tid:23122430936832]
13054.52 ms (13 s 54.52 ms) taken to read 1294413 condensed detachment proofs and conclusions from data/fe7117b8aad7634fae344172b9fee05f77e5e23b035276b17d8c6ec9/dProofs-withConclusions/dProofs139.txt. [tid:23122428835584]
16723.24 ms (16 s 723.24 ms) taken to read 2423655 condensed detachment proofs and conclusions from data/fe7117b8aad7634fae344172b9fee05f77e5e23b035276b17d8c6ec9/dProofs-withConclusions/dProofs145.txt. [tid:23122090653440]
8686.99 ms (8 s 686.99 ms) taken to read 560926 condensed detachment proofs and conclusions from data/fe7117b8aad7634fae344172b9fee05f77e5e23b035276b17d8c6ec9/dProofs-withConclusions/dProofs131.txt. [tid:23122088552192]
2.25 ms taken to read 6 condensed detachment proofs and conclusions from data/fe7117b8aad7634fae344172b9fee05f77e5e23b035276b17d8c6ec9/dProofs-withConclusions/dProofs23.txt. [tid:23122086450944]
9638.48 ms (9 s 638.48 ms) taken to read 853090 condensed detachment proofs and conclusions from data/fe7117b8aad7634fae344172b9fee05f77e5e23b035276b17d8c6ec9/dProofs-withConclusions/dProofs135.txt. [tid:23122084349696]
6.11 ms taken to read 7 condensed detachment proofs and conclusions from data/fe7117b8aad7634fae344172b9fee05f77e5e23b035276b17d8c6ec9/dProofs-withConclusions/dProofs27.txt. [tid:23122082248448]
1.62 ms taken to read 12 condensed detachment proofs and conclusions from data/fe7117b8aad7634fae344172b9fee05f77e5e23b035276b17d8c6ec9/dProofs-withConclusions/dProofs29.txt. [tid:23122080147200]
0.32 ms taken to read 14 condensed detachment proofs and conclusions from data/fe7117b8aad7634fae344172b9fee05f77e5e23b035276b17d8c6ec9/dProofs-withConclusions/dProofs31.txt. [tid:23122078045952]
1.63 ms taken to read 17 condensed detachment proofs and conclusions from data/fe7117b8aad7634fae344172b9fee05f77e5e23b035276b17d8c6ec9/dProofs-withConclusions/dProofs33.txt. [tid:23122075944704]
3.94 ms taken to read 21 condensed detachment proofs and conclusions from data/fe7117b8aad7634fae344172b9fee05f77e5e23b035276b17d8c6ec9/dProofs-withConclusions/dProofs35.txt. [tid:23122073843456]
0.54 ms taken to read 30 condensed detachment proofs and conclusions from data/fe7117b8aad7634fae344172b9fee05f77e5e23b035276b17d8c6ec9/dProofs-withConclusions/dProofs37.txt. [tid:23122071742208]
0.69 ms taken to read 28 condensed detachment proofs and conclusions from data/fe7117b8aad7634fae344172b9fee05f77e5e23b035276b17d8c6ec9/dProofs-withConclusions/dProofs39.txt. [tid:23122069640960]
1.47 ms taken to read 44 condensed detachment proofs and conclusions from data/fe7117b8aad7634fae344172b9fee05f77e5e23b035276b17d8c6ec9/dProofs-withConclusions/dProofs41.txt. [tid:23122067539712]
16601.36 ms (16 s 601.36 ms) taken to read 1963944 condensed detachment proofs and conclusions from data/fe7117b8aad7634fae344172b9fee05f77e5e23b035276b17d8c6ec9/dProofs-withConclusions/dProofs143.txt. [tid:23122065438464]
14387.40 ms (14 s 387.39 ms) taken to read 1597383 condensed detachment proofs and conclusions from data/fe7117b8aad7634fae344172b9fee05f77e5e23b035276b17d8c6ec9/dProofs-withConclusions/dProofs141.txt. [tid:23122063337216]
20.96 ms taken to read 80 condensed detachment proofs and conclusions from data/fe7117b8aad7634fae344172b9fee05f77e5e23b035276b17d8c6ec9/dProofs-withConclusions/dProofs47.txt. [tid:23122061235968]
0.09 ms taken to read 108 condensed detachment proofs and conclusions from data/fe7117b8aad7634fae344172b9fee05f77e5e23b035276b17d8c6ec9/dProofs-withConclusions/dProofs49.txt. [tid:23122059134720]
12.33 ms taken to read 123 condensed detachment proofs and conclusions from data/fe7117b8aad7634fae344172b9fee05f77e5e23b035276b17d8c6ec9/dProofs-withConclusions/dProofs51.txt. [tid:23122057033472]
29.12 ms taken to read 168 condensed detachment proofs and conclusions from data/fe7117b8aad7634fae344172b9fee05f77e5e23b035276b17d8c6ec9/dProofs-withConclusions/dProofs53.txt. [tid:23122054932224]
12.75 ms taken to read 197 condensed detachment proofs and conclusions from data/fe7117b8aad7634fae344172b9fee05f77e5e23b035276b17d8c6ec9/dProofs-withConclusions/dProofs55.txt. [tid:23122052830976]
11.06 ms taken to read 241 condensed detachment proofs and conclusions from data/fe7117b8aad7634fae344172b9fee05f77e5e23b035276b17d8c6ec9/dProofs-withConclusions/dProofs57.txt. [tid:23122050729728]
18.13 ms taken to read 303 condensed detachment proofs and conclusions from data/fe7117b8aad7634fae344172b9fee05f77e5e23b035276b17d8c6ec9/dProofs-withConclusions/dProofs59.txt. [tid:23122048628480]
13.75 ms taken to read 390 condensed detachment proofs and conclusions from data/fe7117b8aad7634fae344172b9fee05f77e5e23b035276b17d8c6ec9/dProofs-withConclusions/dProofs61.txt. [tid:23122046527232]
9220.32 ms (9 s 220.32 ms) taken to read 693346 condensed detachment proofs and conclusions from data/fe7117b8aad7634fae344172b9fee05f77e5e23b035276b17d8c6ec9/dProofs-withConclusions/dProofs133.txt. [tid:23122044425984]
11902.22 ms (11 s 902.22 ms) taken to read 1051251 condensed detachment proofs and conclusions from data/fe7117b8aad7634fae344172b9fee05f77e5e23b035276b17d8c6ec9/dProofs-withConclusions/dProofs137.txt. [tid:23122042324736]
19.71 ms taken to read 707 condensed detachment proofs and conclusions from data/fe7117b8aad7634fae344172b9fee05f77e5e23b035276b17d8c6ec9/dProofs-withConclusions/dProofs67.txt. [tid:23122040223488]
11.26 ms taken to read 863 condensed detachment proofs and conclusions from data/fe7117b8aad7634fae344172b9fee05f77e5e23b035276b17d8c6ec9/dProofs-withConclusions/dProofs69.txt. [tid:23122038122240]
32.95 ms taken to read 1052 condensed detachment proofs and conclusions from data/fe7117b8aad7634fae344172b9fee05f77e5e23b035276b17d8c6ec9/dProofs-withConclusions/dProofs71.txt. [tid:23122036020992]
26.35 ms taken to read 1340 condensed detachment proofs and conclusions from data/fe7117b8aad7634fae344172b9fee05f77e5e23b035276b17d8c6ec9/dProofs-withConclusions/dProofs73.txt. [tid:23122033919744]
28.43 ms taken to read 1586 condensed detachment proofs and conclusions from data/fe7117b8aad7634fae344172b9fee05f77e5e23b035276b17d8c6ec9/dProofs-withConclusions/dProofs75.txt. [tid:23122031818496]
29.27 ms taken to read 1990 condensed detachment proofs and conclusions from data/fe7117b8aad7634fae344172b9fee05f77e5e23b035276b17d8c6ec9/dProofs-withConclusions/dProofs77.txt. [tid:23122029717248]
571.55 ms taken to read 2467 condensed detachment proofs and conclusions from data/fe7117b8aad7634fae344172b9fee05f77e5e23b035276b17d8c6ec9/dProofs-withConclusions/dProofs79.txt. [tid:23122027616000]
40.13 ms taken to read 3018 condensed detachment proofs and conclusions from data/fe7117b8aad7634fae344172b9fee05f77e5e23b035276b17d8c6ec9/dProofs-withConclusions/dProofs81.txt. [tid:23120211605248]
36.90 ms taken to read 3679 condensed detachment proofs and conclusions from data/fe7117b8aad7634fae344172b9fee05f77e5e23b035276b17d8c6ec9/dProofs-withConclusions/dProofs83.txt. [tid:23120209504000]
30.49 ms taken to read 4661 condensed detachment proofs and conclusions from data/fe7117b8aad7634fae344172b9fee05f77e5e23b035276b17d8c6ec9/dProofs-withConclusions/dProofs85.txt. [tid:23120207402752]
33.39 ms taken to read 5632 condensed detachment proofs and conclusions from data/fe7117b8aad7634fae344172b9fee05f77e5e23b035276b17d8c6ec9/dProofs-withConclusions/dProofs87.txt. [tid:23120205301504]
297.35 ms taken to read 6994 condensed detachment proofs and conclusions from data/fe7117b8aad7634fae344172b9fee05f77e5e23b035276b17d8c6ec9/dProofs-withConclusions/dProofs89.txt. [tid:23120203200256]
44.07 ms taken to read 8637 condensed detachment proofs and conclusions from data/fe7117b8aad7634fae344172b9fee05f77e5e23b035276b17d8c6ec9/dProofs-withConclusions/dProofs91.txt. [tid:23120201099008]
207.28 ms taken to read 10677 condensed detachment proofs and conclusions from data/fe7117b8aad7634fae344172b9fee05f77e5e23b035276b17d8c6ec9/dProofs-withConclusions/dProofs93.txt. [tid:23120198997760]
869.28 ms taken to read 13008 condensed detachment proofs and conclusions from data/fe7117b8aad7634fae344172b9fee05f77e5e23b035276b17d8c6ec9/dProofs-withConclusions/dProofs95.txt. [tid:23120196896512]
388.48 ms taken to read 16295 condensed detachment proofs and conclusions from data/fe7117b8aad7634fae344172b9fee05f77e5e23b035276b17d8c6ec9/dProofs-withConclusions/dProofs97.txt. [tid:23120194795264]
389.76 ms taken to read 19833 condensed detachment proofs and conclusions from data/fe7117b8aad7634fae344172b9fee05f77e5e23b035276b17d8c6ec9/dProofs-withConclusions/dProofs99.txt. [tid:23120192694016]
188.36 ms taken to read 24567 condensed detachment proofs and conclusions from data/fe7117b8aad7634fae344172b9fee05f77e5e23b035276b17d8c6ec9/dProofs-withConclusions/dProofs101.txt. [tid:23120190592768]
1000.17 ms (1 s 0.17 ms) taken to read 30296 condensed detachment proofs and conclusions from data/fe7117b8aad7634fae344172b9fee05f77e5e23b035276b17d8c6ec9/dProofs-withConclusions/dProofs103.txt. [tid:23120188491520]
1996.92 ms (1 s 996.93 ms) taken to read 37377 condensed detachment proofs and conclusions from data/fe7117b8aad7634fae344172b9fee05f77e5e23b035276b17d8c6ec9/dProofs-withConclusions/dProofs105.txt. [tid:23120186390272]
1298.30 ms (1 s 298.30 ms) taken to read 45724 condensed detachment proofs and conclusions from data/fe7117b8aad7634fae344172b9fee05f77e5e23b035276b17d8c6ec9/dProofs-withConclusions/dProofs107.txt. [tid:23120184289024]
1277.18 ms (1 s 277.18 ms) taken to read 56922 condensed detachment proofs and conclusions from data/fe7117b8aad7634fae344172b9fee05f77e5e23b035276b17d8c6ec9/dProofs-withConclusions/dProofs109.txt. [tid:23120182187776]
1126.25 ms (1 s 126.25 ms) taken to read 69661 condensed detachment proofs and conclusions from data/fe7117b8aad7634fae344172b9fee05f77e5e23b035276b17d8c6ec9/dProofs-withConclusions/dProofs111.txt. [tid:23120180086528]
1599.44 ms (1 s 599.44 ms) taken to read 85894 condensed detachment proofs and conclusions from data/fe7117b8aad7634fae344172b9fee05f77e5e23b035276b17d8c6ec9/dProofs-withConclusions/dProofs113.txt. [tid:23120177985280]
5675.64 ms (5 s 675.64 ms) taken to read 105871 condensed detachment proofs and conclusions from data/fe7117b8aad7634fae344172b9fee05f77e5e23b035276b17d8c6ec9/dProofs-withConclusions/dProofs115.txt. [tid:23120175884032]
9221.47 ms (9 s 221.47 ms) taken to read 130737 condensed detachment proofs and conclusions from data/fe7117b8aad7634fae344172b9fee05f77e5e23b035276b17d8c6ec9/dProofs-withConclusions/dProofs117.txt. [tid:23120173782784]
11097.03 ms (11 s 97.03 ms) taken to read 160270 condensed detachment proofs and conclusions from data/fe7117b8aad7634fae344172b9fee05f77e5e23b035276b17d8c6ec9/dProofs-withConclusions/dProofs119.txt. [tid:23120171681536]
2318.08 ms (2 s 318.07 ms) taken to read 198446 condensed detachment proofs and conclusions from data/fe7117b8aad7634fae344172b9fee05f77e5e23b035276b17d8c6ec9/dProofs-withConclusions/dProofs121.txt. [tid:23120169580288]
4400.60 ms (4 s 400.60 ms) taken to read 243740 condensed detachment proofs and conclusions from data/fe7117b8aad7634fae344172b9fee05f77e5e23b035276b17d8c6ec9/dProofs-withConclusions/dProofs123.txt. [tid:23120167479040]
5016.80 ms (5 s 16.80 ms) taken to read 300530 condensed detachment proofs and conclusions from data/fe7117b8aad7634fae344172b9fee05f77e5e23b035276b17d8c6ec9/dProofs-withConclusions/dProofs125.txt. [tid:23120165377792]
5125.61 ms (5 s 125.61 ms) taken to read 370216 condensed detachment proofs and conclusions from data/fe7117b8aad7634fae344172b9fee05f77e5e23b035276b17d8c6ec9/dProofs-withConclusions/dProofs127.txt. [tid:23120163276544]
7193.07 ms (7 s 193.07 ms) taken to read 456911 condensed detachment proofs and conclusions from data/fe7117b8aad7634fae344172b9fee05f77e5e23b035276b17d8c6ec9/dProofs-withConclusions/dProofs129.txt. [tid:23120161175296]
19149.21 ms (19 s 149.21 ms) total read duration.
Loaded 76 representative collections of sizes:
1 : 1
3 : 1
5 : 1
7 : 1
9 : 2
11 : 2
13 : 2
15 : 2
17 : 5
19 : 5
21 : 3
23 : 6
25 : 10
27 : 7
29 : 12
31 : 14
33 : 17
35 : 21
37 : 30
39 : 28
41 : 44
43 : 56
45 : 66
47 : 80
49 : 108
51 : 123
53 : 168
55 : 197
57 : 241
59 : 303
61 : 390
63 : 444
65 : 570
67 : 707
69 : 863
71 : 1052
73 : 1340
75 : 1586
77 : 1990
79 : 2467
81 : 3018
83 : 3679
85 : 4661
87 : 5632
89 : 6994
91 : 8637
93 : 10677
95 : 13008
97 : 16295
99 : 19833
101 : 24567
103 : 30296
105 : 37377
107 : 45724
109 : 56922
111 : 69661
113 : 85894
115 : 105871
117 : 130737
119 : 160270
121 : 198446
123 : 243740
125 : 300530
127 : 370216
129 : 456911
131 : 560926
133 : 693346
135 : 853090
137 : 1051251
139 : 1294413
141 : 1597383
143 : 1963944
145 : 2423655
147 : 2983754
149 : 3676539
151 : 4527348
24048210 representatives in total.
23671.60 ms (23 s 671.60 ms) taken to read 21395853 condensed detachment proofs and conclusions from data/fe7117b8aad7634fae344172b9fee05f77e5e23b035276b17d8c6ec9/dProofs-withConclusions/dProofs153-unfiltered153+.txt. [tid:23120161175296]
29323.09 ms (29 s 323.09 ms) taken to read 28040847 condensed detachment proofs and conclusions from data/fe7117b8aad7634fae344172b9fee05f77e5e23b035276b17d8c6ec9/dProofs-withConclusions/dProofs155-unfiltered153+.txt. [tid:23120163276544]
29328.53 ms (29 s 328.53 ms) additional read duration.
Loaded 2 more representative collections of sizes:
153 : 21395853
155 : 28040847
73484910 representatives in total.
Fri Oct 27 04:12:30 2023: Inserted ≈ 5% of D-proof conclusions. [ 3674245 of 73484910] (ETC: Fri Oct 27 04:13:56 2023 ; 1 min 26 s 249.41 ms remaining ; 1 min 30 s 788.85 ms total)
Fri Oct 27 04:12:37 2023: Inserted ≈10% of D-proof conclusions. [ 7348491 of 73484910] (ETC: Fri Oct 27 04:14:15 2023 ; 1 min 38 s 639.05 ms remaining ; 1 min 49 s 598.94 ms total)
Fri Oct 27 04:12:45 2023: Inserted ≈15% of D-proof conclusions. [11022736 of 73484910] (ETC: Fri Oct 27 04:14:33 2023 ; 1 min 47 s 987.28 ms remaining ; 2 min  7 s  43.86 ms total)
Fri Oct 27 04:12:53 2023: Inserted ≈20% of D-proof conclusions. [14696982 of 73484910] (ETC: Fri Oct 27 04:14:42 2023 ; 1 min 49 s  88.70 ms remaining ; 2 min 16 s 360.88 ms total)
Fri Oct 27 04:13:01 2023: Inserted ≈25% of D-proof conclusions. [18371227 of 73484910] (ETC: Fri Oct 27 04:14:46 2023 ; 1 min 45 s  95.17 ms remaining ; 2 min 20 s 126.89 ms total)
Fri Oct 27 04:13:07 2023: Inserted ≈30% of D-proof conclusions. [22045473 of 73484910] (ETC: Fri Oct 27 04:14:45 2023 ; 1 min 37 s 353.17 ms remaining ; 2 min 19 s  75.96 ms total)
Fri Oct 27 04:13:15 2023: Inserted ≈35% of D-proof conclusions. [25719718 of 73484910] (ETC: Fri Oct 27 04:14:46 2023 ; 1 min 31 s 497.41 ms remaining ; 2 min 20 s 765.25 ms total)
Fri Oct 27 04:13:22 2023: Inserted ≈40% of D-proof conclusions. [29393964 of 73484910] (ETC: Fri Oct 27 04:14:46 2023 ; 1 min 24 s  19.44 ms remaining ; 2 min 20 s  32.40 ms total)
Fri Oct 27 04:13:28 2023: Inserted ≈45% of D-proof conclusions. [33068209 of 73484910] (ETC: Fri Oct 27 04:14:44 2023 ; 1 min 16 s 325.61 ms remaining ; 2 min 18 s 773.83 ms total)
Fri Oct 27 04:13:34 2023: Inserted ≈50% of D-proof conclusions. [36742455 of 73484910] (ETC: Fri Oct 27 04:14:43 2023 ; 1 min  8 s 565.84 ms remaining ; 2 min 17 s 131.68 ms total)
Fri Oct 27 04:13:40 2023: Inserted ≈55% of D-proof conclusions. [40416700 of 73484910] (ETC: Fri Oct 27 04:14:41 2023 ; 1 min  1 s  56.88 ms remaining ; 2 min 15 s 681.94 ms total)
Fri Oct 27 04:13:47 2023: Inserted ≈60% of D-proof conclusions. [44090946 of 73484910] (ETC: Fri Oct 27 04:14:41 2023 ; 54 s 246.04 ms remaining ; 2 min 15 s 615.09 ms total)
Fri Oct 27 04:13:53 2023: Inserted ≈65% of D-proof conclusions. [47765191 of 73484910] (ETC: Fri Oct 27 04:14:40 2023 ; 47 s 224.70 ms remaining ; 2 min 14 s 927.71 ms total)
Fri Oct 27 04:14:00 2023: Inserted ≈70% of D-proof conclusions. [51439437 of 73484910] (ETC: Fri Oct 27 04:14:40 2023 ; 40 s 325.06 ms remaining ; 2 min 14 s 416.85 ms total)
Fri Oct 27 04:14:06 2023: Inserted ≈75% of D-proof conclusions. [55113682 of 73484910] (ETC: Fri Oct 27 04:14:40 2023 ; 33 s 618.72 ms remaining ; 2 min 14 s 474.86 ms total)
Fri Oct 27 04:14:13 2023: Inserted ≈80% of D-proof conclusions. [58787928 of 73484910] (ETC: Fri Oct 27 04:14:40 2023 ; 26 s 888.52 ms remaining ; 2 min 14 s 442.61 ms total)
Fri Oct 27 04:14:20 2023: Inserted ≈85% of D-proof conclusions. [62462173 of 73484910] (ETC: Fri Oct 27 04:14:40 2023 ; 20 s 203.75 ms remaining ; 2 min 14 s 691.68 ms total)
Fri Oct 27 04:14:27 2023: Inserted ≈90% of D-proof conclusions. [66136419 of 73484910] (ETC: Fri Oct 27 04:14:41 2023 ; 13 s 505.20 ms remaining ; 2 min 15 s  52.02 ms total)
Fri Oct 27 04:14:34 2023: Inserted ≈95% of D-proof conclusions. [69810664 of 73484910] (ETC: Fri Oct 27 04:14:41 2023 ; 6 s 758.59 ms remaining ; 2 min 15 s 171.76 ms total)
Fri Oct 27 04:14:40 2023: Inserted 100% of D-proof conclusions. [73484910 of 73484910] (ETC: Fri Oct 27 04:14:40 2023 ; 0.00 ms remaining ; 2 min 14 s 599.55 ms total)
155372.79 ms (2 min 35 s 372.79 ms) total insertion duration.
Known iteration count loaded from 157:440272080.
Fri Oct 27 04:15:01 2023: Starting to generate D-proof representatives of length 157.
Fri Oct 27 04:20:37 2023: Iterated ≈ 2% of D-proof candidates. [  8805441 of 440272080] (ETC: Fri Oct 27 08:54:49 2023 ; 4 h 34 min 12 s 633.24 ms remaining ; 4 h 39 min 48 s 401.24 ms total)
Fri Oct 27 04:26:00 2023: Iterated ≈ 4% of D-proof candidates. [ 17610883 of 440272080] (ETC: Fri Oct 27 08:49:50 2023 ; 4 h 23 min 49 s 255.22 ms remaining ; 4 h 34 min 48 s 807.51 ms total)
Fri Oct 27 04:31:03 2023: Iterated ≈ 6% of D-proof candidates. [ 26416324 of 440272080] (ETC: Fri Oct 27 08:42:22 2023 ; 4 h 11 min 18 s 217.63 ms remaining ; 4 h 27 min 20 s 657.02 ms total)
Fri Oct 27 04:36:36 2023: Iterated ≈ 8% of D-proof candidates. [ 35221766 of 440272080] (ETC: Fri Oct 27 08:44:50 2023 ; 4 h  8 min 13 s 640.42 ms remaining ; 4 h 29 min 48 s 739.57 ms total)
Fri Oct 27 04:41:53 2023: Iterated ≈10% of D-proof candidates. [ 44027208 of 440272080] (ETC: Fri Oct 27 08:43:39 2023 ; 4 h  1 min 46 s 453.92 ms remaining ; 4 h 28 min 38 s 282.13 ms total)
Fri Oct 27 04:47:11 2023: Iterated ≈12% of D-proof candidates. [ 52832649 of 440272080] (ETC: Fri Oct 27 08:43:08 2023 ; 3 h 55 min 56 s 709.62 ms remaining ; 4 h 28 min  7 s 170.00 ms total)
Fri Oct 27 04:52:56 2023: Iterated ≈14% of D-proof candidates. [ 61638091 of 440272080] (ETC: Fri Oct 27 08:45:54 2023 ; 3 h 52 min 57 s 973.24 ms remaining ; 4 h 30 min 53 s 457.25 ms total)
Fri Oct 27 04:59:11 2023: Iterated ≈16% of D-proof candidates. [ 70443532 of 440272080] (ETC: Fri Oct 27 08:51:03 2023 ; 3 h 51 min 52 s 317.73 ms remaining ; 4 h 36 min  2 s 282.98 ms total)
Fri Oct 27 05:04:40 2023: Iterated ≈18% of D-proof candidates. [ 79248974 of 440272080] (ETC: Fri Oct 27 08:50:49 2023 ; 3 h 46 min  9 s 154.91 ms remaining ; 4 h 35 min 47 s 749.87 ms total)
Fri Oct 27 05:10:46 2023: Iterated ≈20% of D-proof candidates. [ 88054416 of 440272080] (ETC: Fri Oct 27 08:53:46 2023 ; 3 h 42 min 59 s 896.80 ms remaining ; 4 h 38 min 44 s 871.00 ms total)
Fri Oct 27 05:16:24 2023: Iterated ≈22% of D-proof candidates. [ 96859857 of 440272080] (ETC: Fri Oct 27 08:54:00 2023 ; 3 h 37 min 36 s 645.86 ms remaining ; 4 h 38 min 59 s 289.54 ms total)
Fri Oct 27 05:22:50 2023: Iterated ≈24% of D-proof candidates. [105665299 of 440272080] (ETC: Fri Oct 27 08:57:36 2023 ; 3 h 34 min 46 s  94.46 ms remaining ; 4 h 42 min 35 s 387.43 ms total)
Fri Oct 27 05:29:17 2023: Iterated ≈26% of D-proof candidates. [114470740 of 440272080] (ETC: Fri Oct 27 09:00:41 2023 ; 3 h 31 min 23 s 819.16 ms remaining ; 4 h 45 min 40 s 296.13 ms total)
Fri Oct 27 05:35:30 2023: Iterated ≈28% of D-proof candidates. [123276182 of 440272080] (ETC: Fri Oct 27 09:02:26 2023 ; 3 h 26 min 56 s 362.98 ms remaining ; 4 h 47 min 24 s 948.56 ms total)
Fri Oct 27 05:42:01 2023: Iterated ≈30% of D-proof candidates. [132081624 of 440272080] (ETC: Fri Oct 27 09:05:00 2023 ; 3 h 22 min 59 s 134.41 ms remaining ; 4 h 49 min 58 s 763.45 ms total)
Fri Oct 27 05:48:29 2023: Iterated ≈32% of D-proof candidates. [140887065 of 440272080] (ETC: Fri Oct 27 09:07:08 2023 ; 3 h 18 min 38 s 179.79 ms remaining ; 4 h 52 min  6 s 734.95 ms total)
Fri Oct 27 05:54:43 2023: Iterated ≈34% of D-proof candidates. [149692507 of 440272080] (ETC: Fri Oct 27 09:08:15 2023 ; 3 h 13 min 32 s 173.98 ms remaining ; 4 h 53 min 14 s 202.99 ms total)
Fri Oct 27 06:01:10 2023: Iterated ≈36% of D-proof candidates. [158497948 of 440272080] (ETC: Fri Oct 27 09:09:54 2023 ; 3 h  8 min 43 s 369.50 ms remaining ; 4 h 54 min 52 s 764.79 ms total)
Fri Oct 27 06:07:15 2023: Iterated ≈38% of D-proof candidates. [167303390 of 440272080] (ETC: Fri Oct 27 09:10:23 2023 ; 3 h  3 min  7 s 536.22 ms remaining ; 4 h 55 min 21 s 832.59 ms total)
Fri Oct 27 06:13:19 2023: Iterated ≈40% of D-proof candidates. [176108832 of 440272080] (ETC: Fri Oct 27 09:10:47 2023 ; 2 h 57 min 27 s 429.54 ms remaining ; 4 h 55 min 45 s 715.89 ms total)
Fri Oct 27 06:19:26 2023: Iterated ≈42% of D-proof candidates. [184914273 of 440272080] (ETC: Fri Oct 27 09:11:14 2023 ; 2 h 51 min 48 s 445.84 ms remaining ; 4 h 56 min 13 s 182.43 ms total)
Fri Oct 27 06:25:17 2023: Iterated ≈44% of D-proof candidates. [193719715 of 440272080] (ETC: Fri Oct 27 09:11:05 2023 ; 2 h 45 min 47 s 985.63 ms remaining ; 4 h 56 min  4 s 260.04 ms total)
Fri Oct 27 06:31:02 2023: Iterated ≈46% of D-proof candidates. [202525156 of 440272080] (ETC: Fri Oct 27 09:10:42 2023 ; 2 h 39 min 40 s 443.58 ms remaining ; 4 h 55 min 41 s 562.13 ms total)
Fri Oct 27 06:36:47 2023: Iterated ≈48% of D-proof candidates. [211330598 of 440272080] (ETC: Fri Oct 27 09:10:21 2023 ; 2 h 33 min 34 s 370.82 ms remaining ; 4 h 55 min 19 s 943.85 ms total)
Fri Oct 27 06:42:24 2023: Iterated ≈50% of D-proof candidates. [220136040 of 440272080] (ETC: Fri Oct 27 09:09:47 2023 ; 2 h 27 min 23 s  35.12 ms remaining ; 4 h 54 min 46 s  70.24 ms total)
Fri Oct 27 06:47:54 2023: Iterated ≈52% of D-proof candidates. [228941481 of 440272080] (ETC: Fri Oct 27 09:09:01 2023 ; 2 h 21 min  7 s 216.44 ms remaining ; 4 h 54 min       34.21 ms total)
Fri Oct 27 06:53:18 2023: Iterated ≈54% of D-proof candidates. [237746923 of 440272080] (ETC: Fri Oct 27 09:08:08 2023 ; 2 h 14 min 49 s 941.06 ms remaining ; 4 h 53 min  6 s 828.37 ms total)
Fri Oct 27 06:58:41 2023: Iterated ≈56% of D-proof candidates. [246552364 of 440272080] (ETC: Fri Oct 27 09:07:17 2023 ; 2 h  8 min 35 s 878.67 ms remaining ; 4 h 52 min 16 s  87.81 ms total)
Fri Oct 27 07:03:55 2023: Iterated ≈58% of D-proof candidates. [255357806 of 440272080] (ETC: Fri Oct 27 09:06:14 2023 ; 2 h  2 min 18 s 643.82 ms remaining ; 4 h 51 min 12 s 961.44 ms total)
Fri Oct 27 07:09:08 2023: Iterated ≈60% of D-proof candidates. [264163248 of 440272080] (ETC: Fri Oct 27 09:05:13 2023 ; 1 h 56 min  4 s 983.38 ms remaining ; 4 h 50 min 12 s 458.44 ms total)
Fri Oct 27 07:14:19 2023: Iterated ≈62% of D-proof candidates. [272968689 of 440272080] (ETC: Fri Oct 27 09:04:13 2023 ; 1 h 49 min 53 s 932.36 ms remaining ; 4 h 49 min 12 s 453.53 ms total)
Fri Oct 27 07:19:28 2023: Iterated ≈64% of D-proof candidates. [281774131 of 440272080] (ETC: Fri Oct 27 09:03:14 2023 ; 1 h 43 min 45 s 473.09 ms remaining ; 4 h 48 min 12 s 980.79 ms total)
Fri Oct 27 07:24:33 2023: Iterated ≈66% of D-proof candidates. [290579572 of 440272080] (ETC: Fri Oct 27 09:02:12 2023 ; 1 h 37 min 38 s 431.52 ms remaining ; 4 h 47 min 10 s 680.86 ms total)
Fri Oct 27 07:29:35 2023: Iterated ≈68% of D-proof candidates. [299385014 of 440272080] (ETC: Fri Oct 27 09:01:09 2023 ; 1 h 31 min 33 s 801.53 ms remaining ; 4 h 46 min  8 s 129.74 ms total)
Fri Oct 27 07:34:34 2023: Iterated ≈70% of D-proof candidates. [308190456 of 440272080] (ETC: Fri Oct 27 09:00:05 2023 ; 1 h 25 min 31 s 210.87 ms remaining ; 4 h 45 min  4 s  36.22 ms total)
Fri Oct 27 07:39:32 2023: Iterated ≈72% of D-proof candidates. [316995897 of 440272080] (ETC: Fri Oct 27 08:59:04 2023 ; 1 h 19 min 31 s 935.69 ms remaining ; 4 h 44 min  2 s 627.38 ms total)
Fri Oct 27 07:44:26 2023: Iterated ≈74% of D-proof candidates. [325801339 of 440272080] (ETC: Fri Oct 27 08:58:00 2023 ; 1 h 13 min 34 s 639.73 ms remaining ; 4 h 42 min 59 s 383.53 ms total)
Fri Oct 27 07:49:18 2023: Iterated ≈76% of D-proof candidates. [334606780 of 440272080] (ETC: Fri Oct 27 08:56:58 2023 ; 1 h  7 min 40 s 116.32 ms remaining ; 4 h 41 min 57 s 151.22 ms total)
Fri Oct 27 07:54:10 2023: Iterated ≈78% of D-proof candidates. [343412222 of 440272080] (ETC: Fri Oct 27 08:55:59 2023 ; 1 h  1 min 48 s 787.17 ms remaining ; 4 h 40 min 58 s 123.42 ms total)
Fri Oct 27 07:59:00 2023: Iterated ≈80% of D-proof candidates. [352217664 of 440272080] (ETC: Fri Oct 27 08:55:00 2023 ; 55 min 59 s 799.89 ms remaining ; 4 h 39 min 58 s 999.45 ms total)
Fri Oct 27 08:03:48 2023: Iterated ≈82% of D-proof candidates. [361023105 of 440272080] (ETC: Fri Oct 27 08:54:01 2023 ; 50 min 13 s 247.59 ms remaining ; 4 h 39 min      264.27 ms total)
Fri Oct 27 08:08:36 2023: Iterated ≈84% of D-proof candidates. [369828547 of 440272080] (ETC: Fri Oct 27 08:53:05 2023 ; 44 min 29 s 495.91 ms remaining ; 4 h 38 min  4 s 349.41 ms total)
Fri Oct 27 08:13:22 2023: Iterated ≈86% of D-proof candidates. [378633988 of 440272080] (ETC: Fri Oct 27 08:52:10 2023 ; 38 min 48 s  60.46 ms remaining ; 4 h 37 min  9 s   3.10 ms total)
Fri Oct 27 08:18:07 2023: Iterated ≈88% of D-proof candidates. [387439430 of 440272080] (ETC: Fri Oct 27 08:51:16 2023 ; 33 min  9 s  11.16 ms remaining ; 4 h 36 min 15 s  92.84 ms total)
Fri Oct 27 08:22:52 2023: Iterated ≈90% of D-proof candidates. [396244872 of 440272080] (ETC: Fri Oct 27 08:50:25 2023 ; 27 min 32 s 364.04 ms remaining ; 4 h 35 min 23 s 640.37 ms total)
Fri Oct 27 08:27:38 2023: Iterated ≈92% of D-proof candidates. [405050313 of 440272080] (ETC: Fri Oct 27 08:49:36 2023 ; 21 min 58 s  20.50 ms remaining ; 4 h 34 min 35 s 255.96 ms total)
Fri Oct 27 08:32:23 2023: Iterated ≈94% of D-proof candidates. [413855755 of 440272080] (ETC: Fri Oct 27 08:48:49 2023 ; 16 min 25 s 684.39 ms remaining ; 4 h 33 min 48 s  73.09 ms total)
Fri Oct 27 08:37:08 2023: Iterated ≈96% of D-proof candidates. [422661196 of 440272080] (ETC: Fri Oct 27 08:48:04 2023 ; 10 min 55 s 314.36 ms remaining ; 4 h 33 min  2 s 858.30 ms total)
Fri Oct 27 08:41:55 2023: Iterated ≈98% of D-proof candidates. [431466638 of 440272080] (ETC: Fri Oct 27 08:47:22 2023 ; 5 min 26 s 825.31 ms remaining ; 4 h 32 min 21 s 264.81 ms total)
Fri Oct 27 08:46:44 2023: Iterated 100% of D-proof candidates. [440272080 of 440272080] (ETC: Fri Oct 27 08:46:44 2023 ; 0.00 ms remaining ; 4 h 31 min 42 s 932.93 ms total)
16303566.82 ms (4 h 31 min 43 s 566.82 ms) taken to collect 38836822 D-proofs of length 157. [iterated 440272080 condensed detachment proof strings]
[Copy] Custom iteration counts: { { 1, 1 }, { 3, 1 }, { 5, 2 }, { 7, 3 }, { 9, 4 }, { 11, 7 }, { 13, 10 }, { 15, 13 }, { 17, 16 }, { 19, 26 }, { 21, 36 }, { 23, 42 }, { 25, 54 }, { 27, 80 }, { 29, 100 }, { 31, 126 }, { 33, 162 }, { 35, 221 }, { 37, 282 }, { 39, 359 }, { 41, 454 }, { 43, 615 }, { 45, 778 }, { 47, 1002 }, { 49, 1298 }, { 51, 1678 }, { 53, 2134 }, { 55, 2803 }, { 57, 3534 }, { 59, 4530 }, { 61, 5848 }, { 63, 7496 }, { 65, 9424 }, { 67, 12147 }, { 69, 15402 }, { 71, 19615 }, { 73, 24892 }, { 75, 31620 }, { 77, 39936 }, { 79, 50946 }, { 81, 64168 }, { 83, 81204 }, { 85, 102794 }, { 87, 130094 }, { 89, 163718 }, { 91, 207474 }, { 93, 261220 }, { 95, 329568 }, { 97, 415628 }, { 99, 524144 }, { 101, 658432 }, { 103, 831003 }, { 105, 1044792 }, { 107, 1313760 }, { 109, 1651616 }, { 111, 2077927 }, { 113, 2606646 }, { 115, 3277103 }, { 117, 4112052 }, { 119, 5160229 }, { 121, 6472942 }, { 123, 8122690 }, { 125, 10173684 }, { 127, 12760188 }, { 129, 15985436 }, { 131, 20022824 }, { 133, 25070468 }, { 135, 31402887 }, { 137, 39284338 }, { 139, 49176381 }, { 141, 61517174 }, { 143, 76945234 }, { 145, 96208206 }, { 147, 120320734 }, { 149, 150346484 }, { 151, 187924390 }, { 153, 234799156 }, { 155, 324945288 }, { 157, 440272080 } }
234791.60 ms (3 min 54 s 791.60 ms) taken to filter and order new representative proofs.
Found 38836822 representative, 58385158 redundant, and 343050100 invalid condensed detachment proof strings.
lengths up to 157 ; amounts per length: {(1,1), (3,1), (5,1), (7,1), (9,2), (11,2), (13,2), (15,2), (17,5), (19,5), (21,3), (23,6), (25,10), (27,7), (29,12), (31,14), (33,17), (35,21), (37,30), (39,28), (41,44), (43,56), (45,66), (47,80), (49,108), (51,123), (53,168), (55,197), (57,241), (59,303), (61,390), (63,444), (65,570), (67,707), (69,863), (71,1052), (73,1340), (75,1586), (77,1990), (79,2467), (81,3018), (83,3679), (85,4661), (87,5632), (89,6994), (91,8637), (93,10677), (95,13008), (97,16295), (99,19833), (101,24567), (103,30296), (105,37377), (107,45724), (109,56922), (111,69661), (113,85894), (115,105871), (117,130737), (119,160270), (121,198446), (123,243740), (125,300530), (127,370216), (129,456911), (131,560926), (133,693346), (135,853090), (137,1051251), (139,1294413), (141,1597383), (143,1963944), (145,2423655), (147,2983754), (149,3676539), (151,4527348), (153,21395853), (155,28040847), (157,38836822)} ; 38836822 new representative proofs (58385158 redundant, 343050100 invalid)
Fri Oct 27 08:52:50 2023: Starting to write 38836822 entries to data/fe7117b8aad7634fae344172b9fee05f77e5e23b035276b17d8c6ec9/dProofs-withConclusions/dProofs157-unfiltered153+.txt.
69142.81 ms (1 min 9 s 142.81 ms) taken to print and save 26019597453 bytes of representative condensed detachment proof strings to data/fe7117b8aad7634fae344172b9fee05f77e5e23b035276b17d8c6ec9/dProofs-withConclusions/dProofs157-unfiltered153+.txt.
Fri Oct 27 08:54:36 2023: Limited D-proof representative generator complete. [parallel ; 64 hardware thread contexts, limit: 157, unfiltered]
Fri Oct 27 08:55:21 2023: Process terminated. [pid: 63130, tid:23122503792512]
