( This log file was generated by executing 'pmGenerator -c -n -s CCCpqCCCNrNsrtCCtpCsp --iterate -u' (pmGenerator 1.2, master branch), compiled by 'Intel(R) oneAPI DPC++/C++ Compiler 2022.1.0 (2022.1.0.20220316)'.
  The run was executed on a CLAIX-2018 MPI node
  — 2-socket Intel Xeon Platinum 8160 (Skylake), 24 cores each (48 cores total per node), 2.1 GHz, 3.7 GHz turbo mode, 192 GiB main memory —
  running Linux, Rocky 8.8.
  The job led to the following output:
   $ sacct --format="JobID,Partition,AllocCPUS,State,ExitCode,Elapsed,MaxRSS"
   JobID         Partition  AllocCPUS      State ExitCode    Elapsed     MaxRSS 
   ------------ ---------- ---------- ---------- -------- ---------- ---------- 
   40355009       c18m_low         48  COMPLETED      0:0   00:03:45            
   40355009.ba+                    48  COMPLETED      0:0   00:03:45  14919644K 
   40355009.ex+                    48  COMPLETED      0:0   00:03:45          0 
  By 14919644 KiB = (14919644 / 1024^2) GiB = 14.228481292724609375 GiB, it used approximately 14.23 gibibytes of memory. )
Thu Oct 26 06:30:06 2023: Process started. [pid: 6904, tid:22802292283264]
Tasks:
1. resetRepresentativesFor("CCCpqCCCNrNsrtCCtpCsp", true, 0, true)
2. countNextIterationAmount(false, true)

[Main] Calling resetRepresentativesFor("CCCpqCCCNrNsrtCCtpCsp", true, 0, true).
Loaded 1 custom axioms. [SHA-512/224 hash: 7f473b6ba952b3deadf36cd7f1c4b5286ef32fef64808d14fff70a69]
(1) CCC0.1CCCN2N3.2.4CC4.0C3.0    -    CCCpqCCCNrNsrtCCtpCsp    -    ((0\imply1)\imply(((\not2\imply\not3)\imply2)\imply4))\imply((4\imply0)\imply(3\imply0))
[Main] Calling countNextIterationAmount(false, true).
Thu Oct 26 06:30:06 2023: Next iteration amount counter started. [parallel ; 48 hardware thread contexts, unfiltered]
0.01 ms taken to load initial representatives.
18.31 ms taken to read 1 condensed detachment proof and conclusion from data/7f473b6ba952b3deadf36cd7f1c4b5286ef32fef64808d14fff70a69/dProofs-withConclusions/dProofs3.txt. [tid:22802232035072]
9.88 ms taken to read 2 condensed detachment proofs and conclusions from data/7f473b6ba952b3deadf36cd7f1c4b5286ef32fef64808d14fff70a69/dProofs-withConclusions/dProofs5.txt. [tid:22802229933824]
14.47 ms taken to read 3 condensed detachment proofs and conclusions from data/7f473b6ba952b3deadf36cd7f1c4b5286ef32fef64808d14fff70a69/dProofs-withConclusions/dProofs7.txt. [tid:22802227832576]
17.87 ms taken to read 6 condensed detachment proofs and conclusions from data/7f473b6ba952b3deadf36cd7f1c4b5286ef32fef64808d14fff70a69/dProofs-withConclusions/dProofs9.txt. [tid:22802225731328]
15.39 ms taken to read 7 condensed detachment proofs and conclusions from data/7f473b6ba952b3deadf36cd7f1c4b5286ef32fef64808d14fff70a69/dProofs-withConclusions/dProofs11.txt. [tid:22802223630080]
14.37 ms taken to read 12 condensed detachment proofs and conclusions from data/7f473b6ba952b3deadf36cd7f1c4b5286ef32fef64808d14fff70a69/dProofs-withConclusions/dProofs13.txt. [tid:22802221528832]
13.23 ms taken to read 15 condensed detachment proofs and conclusions from data/7f473b6ba952b3deadf36cd7f1c4b5286ef32fef64808d14fff70a69/dProofs-withConclusions/dProofs15.txt. [tid:22802219427584]
10.14 ms taken to read 23 condensed detachment proofs and conclusions from data/7f473b6ba952b3deadf36cd7f1c4b5286ef32fef64808d14fff70a69/dProofs-withConclusions/dProofs17.txt. [tid:22802217326336]
21.13 ms taken to read 36 condensed detachment proofs and conclusions from data/7f473b6ba952b3deadf36cd7f1c4b5286ef32fef64808d14fff70a69/dProofs-withConclusions/dProofs19.txt. [tid:22802215225088]
32.16 ms taken to read 61 condensed detachment proofs and conclusions from data/7f473b6ba952b3deadf36cd7f1c4b5286ef32fef64808d14fff70a69/dProofs-withConclusions/dProofs21.txt. [tid:22802213123840]
59.96 ms taken to read 99 condensed detachment proofs and conclusions from data/7f473b6ba952b3deadf36cd7f1c4b5286ef32fef64808d14fff70a69/dProofs-withConclusions/dProofs23.txt. [tid:22802211022592]
10.55 ms taken to read 152 condensed detachment proofs and conclusions from data/7f473b6ba952b3deadf36cd7f1c4b5286ef32fef64808d14fff70a69/dProofs-withConclusions/dProofs25.txt. [tid:22802208921344]
30.76 ms taken to read 214 condensed detachment proofs and conclusions from data/7f473b6ba952b3deadf36cd7f1c4b5286ef32fef64808d14fff70a69/dProofs-withConclusions/dProofs27.txt. [tid:22802206820096]
19.19 ms taken to read 299 condensed detachment proofs and conclusions from data/7f473b6ba952b3deadf36cd7f1c4b5286ef32fef64808d14fff70a69/dProofs-withConclusions/dProofs29.txt. [tid:22802204718848]
21.91 ms taken to read 400 condensed detachment proofs and conclusions from data/7f473b6ba952b3deadf36cd7f1c4b5286ef32fef64808d14fff70a69/dProofs-withConclusions/dProofs31.txt. [tid:22802202617600]
11.07 ms taken to read 560 condensed detachment proofs and conclusions from data/7f473b6ba952b3deadf36cd7f1c4b5286ef32fef64808d14fff70a69/dProofs-withConclusions/dProofs33.txt. [tid:22802200516352]
24.48 ms taken to read 797 condensed detachment proofs and conclusions from data/7f473b6ba952b3deadf36cd7f1c4b5286ef32fef64808d14fff70a69/dProofs-withConclusions/dProofs35.txt. [tid:22802198415104]
26.06 ms taken to read 1162 condensed detachment proofs and conclusions from data/7f473b6ba952b3deadf36cd7f1c4b5286ef32fef64808d14fff70a69/dProofs-withConclusions/dProofs37.txt. [tid:22802196313856]
59.45 ms taken to read 1706 condensed detachment proofs and conclusions from data/7f473b6ba952b3deadf36cd7f1c4b5286ef32fef64808d14fff70a69/dProofs-withConclusions/dProofs39.txt. [tid:22802194212608]
52.84 ms taken to read 2502 condensed detachment proofs and conclusions from data/7f473b6ba952b3deadf36cd7f1c4b5286ef32fef64808d14fff70a69/dProofs-withConclusions/dProofs41.txt. [tid:22802192111360]
44.52 ms taken to read 3673 condensed detachment proofs and conclusions from data/7f473b6ba952b3deadf36cd7f1c4b5286ef32fef64808d14fff70a69/dProofs-withConclusions/dProofs43.txt. [tid:22802190010112]
53.10 ms taken to read 5333 condensed detachment proofs and conclusions from data/7f473b6ba952b3deadf36cd7f1c4b5286ef32fef64808d14fff70a69/dProofs-withConclusions/dProofs45.txt. [tid:22802187908864]
73.95 ms taken to read 7756 condensed detachment proofs and conclusions from data/7f473b6ba952b3deadf36cd7f1c4b5286ef32fef64808d14fff70a69/dProofs-withConclusions/dProofs47.txt. [tid:22802185807616]
65.56 ms taken to read 11285 condensed detachment proofs and conclusions from data/7f473b6ba952b3deadf36cd7f1c4b5286ef32fef64808d14fff70a69/dProofs-withConclusions/dProofs49.txt. [tid:22800907630336]
127.13 ms taken to read 16457 condensed detachment proofs and conclusions from data/7f473b6ba952b3deadf36cd7f1c4b5286ef32fef64808d14fff70a69/dProofs-withConclusions/dProofs51.txt. [tid:22800905529088]
168.27 ms taken to read 24156 condensed detachment proofs and conclusions from data/7f473b6ba952b3deadf36cd7f1c4b5286ef32fef64808d14fff70a69/dProofs-withConclusions/dProofs53.txt. [tid:22800903427840]
308.11 ms taken to read 35569 condensed detachment proofs and conclusions from data/7f473b6ba952b3deadf36cd7f1c4b5286ef32fef64808d14fff70a69/dProofs-withConclusions/dProofs55.txt. [tid:22800901326592]
585.82 ms taken to read 52769 condensed detachment proofs and conclusions from data/7f473b6ba952b3deadf36cd7f1c4b5286ef32fef64808d14fff70a69/dProofs-withConclusions/dProofs57.txt. [tid:22800899225344]
1092.64 ms (1 s 92.64 ms) taken to read 78319 condensed detachment proofs and conclusions from data/7f473b6ba952b3deadf36cd7f1c4b5286ef32fef64808d14fff70a69/dProofs-withConclusions/dProofs59.txt. [tid:22800897124096]
2335.76 ms (2 s 335.76 ms) taken to read 116867 condensed detachment proofs and conclusions from data/7f473b6ba952b3deadf36cd7f1c4b5286ef32fef64808d14fff70a69/dProofs-withConclusions/dProofs61.txt. [tid:22800895022848]
4906.89 ms (4 s 906.89 ms) taken to read 174207 condensed detachment proofs and conclusions from data/7f473b6ba952b3deadf36cd7f1c4b5286ef32fef64808d14fff70a69/dProofs-withConclusions/dProofs63.txt. [tid:22800892921600]
9816.37 ms (9 s 816.37 ms) taken to read 260535 condensed detachment proofs and conclusions from data/7f473b6ba952b3deadf36cd7f1c4b5286ef32fef64808d14fff70a69/dProofs-withConclusions/dProofs65.txt. [tid:22800890820352]
716.85 ms taken to read 389264 condensed detachment proofs and conclusions from data/7f473b6ba952b3deadf36cd7f1c4b5286ef32fef64808d14fff70a69/dProofs-withConclusions/dProofs67.txt. [tid:22800888719104]
1116.84 ms (1 s 116.84 ms) taken to read 582969 condensed detachment proofs and conclusions from data/7f473b6ba952b3deadf36cd7f1c4b5286ef32fef64808d14fff70a69/dProofs-withConclusions/dProofs69.txt. [tid:22800886617856]
1566.86 ms (1 s 566.86 ms) taken to read 872258 condensed detachment proofs and conclusions from data/7f473b6ba952b3deadf36cd7f1c4b5286ef32fef64808d14fff70a69/dProofs-withConclusions/dProofs71.txt. [tid:22800884516608]
2213.71 ms (2 s 213.71 ms) taken to read 1307863 condensed detachment proofs and conclusions from data/7f473b6ba952b3deadf36cd7f1c4b5286ef32fef64808d14fff70a69/dProofs-withConclusions/dProofs73.txt. [tid:22800882415360]
2704.33 ms (2 s 704.33 ms) taken to read 1959086 condensed detachment proofs and conclusions from data/7f473b6ba952b3deadf36cd7f1c4b5286ef32fef64808d14fff70a69/dProofs-withConclusions/dProofs75.txt. [tid:22800880314112]
3893.52 ms (3 s 893.52 ms) taken to read 2940441 condensed detachment proofs and conclusions from data/7f473b6ba952b3deadf36cd7f1c4b5286ef32fef64808d14fff70a69/dProofs-withConclusions/dProofs77.txt. [tid:22800878212864]
4692.18 ms (4 s 692.18 ms) taken to read 4409199 condensed detachment proofs and conclusions from data/7f473b6ba952b3deadf36cd7f1c4b5286ef32fef64808d14fff70a69/dProofs-withConclusions/dProofs79.txt. [tid:22800876111616]
5860.48 ms (5 s 860.48 ms) taken to read 6623647 condensed detachment proofs and conclusions from data/7f473b6ba952b3deadf36cd7f1c4b5286ef32fef64808d14fff70a69/dProofs-withConclusions/dProofs81.txt. [tid:22800874010368]
9836.76 ms (9 s 836.76 ms) total read duration.
Loaded 41 representative collections of sizes:
1 : 1
3 : 1
5 : 2
7 : 3
9 : 6
11 : 7
13 : 12
15 : 15
17 : 23
19 : 36
21 : 61
23 : 99
25 : 152
27 : 214
29 : 299
31 : 400
33 : 560
35 : 797
37 : 1162
39 : 1706
41 : 2502
43 : 3673
45 : 5333
47 : 7756
49 : 11285
51 : 16457
53 : 24156
55 : 35569
57 : 52769
59 : 78319
61 : 116867
63 : 174207
65 : 260535
67 : 389264
69 : 582969
71 : 872258
73 : 1307863
75 : 1959086
77 : 2940441
79 : 4409199
81 : 6623647
19879711 representatives in total.
Thu Oct 26 06:30:17 2023: Inserted ≈ 5% of D-proof conclusions. [  993985 of 19879711] (ETC: Thu Oct 26 06:30:29 2023 ; 12 s 520.68 ms remaining ; 13 s 179.67 ms total)
Thu Oct 26 06:30:17 2023: Inserted ≈10% of D-proof conclusions. [ 1987971 of 19879711] (ETC: Thu Oct 26 06:30:30 2023 ; 12 s 714.56 ms remaining ; 14 s 127.29 ms total)
Thu Oct 26 06:30:18 2023: Inserted ≈15% of D-proof conclusions. [ 2981956 of 19879711] (ETC: Thu Oct 26 06:30:30 2023 ; 11 s 596.86 ms remaining ; 13 s 643.36 ms total)
Thu Oct 26 06:30:19 2023: Inserted ≈20% of D-proof conclusions. [ 3975942 of 19879711] (ETC: Thu Oct 26 06:30:29 2023 ; 10 s 572.58 ms remaining ; 13 s 215.73 ms total)
Thu Oct 26 06:30:19 2023: Inserted ≈25% of D-proof conclusions. [ 4969927 of 19879711] (ETC: Thu Oct 26 06:30:29 2023 ; 9 s 545.59 ms remaining ; 12 s 727.45 ms total)
Thu Oct 26 06:30:20 2023: Inserted ≈30% of D-proof conclusions. [ 5963913 of 19879711] (ETC: Thu Oct 26 06:30:28 2023 ; 8 s 513.96 ms remaining ; 12 s 162.80 ms total)
Thu Oct 26 06:30:20 2023: Inserted ≈35% of D-proof conclusions. [ 6957898 of 19879711] (ETC: Thu Oct 26 06:30:28 2023 ; 7 s 576.18 ms remaining ; 11 s 655.66 ms total)
Thu Oct 26 06:30:21 2023: Inserted ≈40% of D-proof conclusions. [ 7951884 of 19879711] (ETC: Thu Oct 26 06:30:27 2023 ; 6 s 747.70 ms remaining ; 11 s 246.17 ms total)
Thu Oct 26 06:30:21 2023: Inserted ≈45% of D-proof conclusions. [ 8945869 of 19879711] (ETC: Thu Oct 26 06:30:27 2023 ; 6 s 297.48 ms remaining ; 11 s 449.97 ms total)
Thu Oct 26 06:30:22 2023: Inserted ≈50% of D-proof conclusions. [ 9939855 of 19879711] (ETC: Thu Oct 26 06:30:27 2023 ; 5 s 690.81 ms remaining ; 11 s 381.62 ms total)
Thu Oct 26 06:30:22 2023: Inserted ≈55% of D-proof conclusions. [10933841 of 19879711] (ETC: Thu Oct 26 06:30:27 2023 ; 5 s  38.17 ms remaining ; 11 s 195.93 ms total)
Thu Oct 26 06:30:23 2023: Inserted ≈60% of D-proof conclusions. [11927826 of 19879711] (ETC: Thu Oct 26 06:30:27 2023 ; 4 s 468.92 ms remaining ; 11 s 172.29 ms total)
Thu Oct 26 06:30:23 2023: Inserted ≈65% of D-proof conclusions. [12921812 of 19879711] (ETC: Thu Oct 26 06:30:27 2023 ; 3 s 916.04 ms remaining ; 11 s 188.68 ms total)
Thu Oct 26 06:30:24 2023: Inserted ≈70% of D-proof conclusions. [13915797 of 19879711] (ETC: Thu Oct 26 06:30:27 2023 ; 3 s 349.29 ms remaining ; 11 s 164.31 ms total)
Thu Oct 26 06:30:24 2023: Inserted ≈75% of D-proof conclusions. [14909783 of 19879711] (ETC: Thu Oct 26 06:30:27 2023 ; 2 s 785.10 ms remaining ; 11 s 140.42 ms total)
Thu Oct 26 06:30:25 2023: Inserted ≈80% of D-proof conclusions. [15903768 of 19879711] (ETC: Thu Oct 26 06:30:27 2023 ; 2 s 219.84 ms remaining ; 11 s  99.19 ms total)
Thu Oct 26 06:30:25 2023: Inserted ≈85% of D-proof conclusions. [16897754 of 19879711] (ETC: Thu Oct 26 06:30:27 2023 ; 1 s 662.73 ms remaining ; 11 s  84.88 ms total)
Thu Oct 26 06:30:26 2023: Inserted ≈90% of D-proof conclusions. [17891739 of 19879711] (ETC: Thu Oct 26 06:30:27 2023 ; 1 s  96.25 ms remaining ; 10 s 962.48 ms total)
Thu Oct 26 06:30:26 2023: Inserted ≈95% of D-proof conclusions. [18885725 of 19879711] (ETC: Thu Oct 26 06:30:27 2023 ; 542.39 ms remaining ; 10 s 847.83 ms total)
Thu Oct 26 06:30:27 2023: Inserted 100% of D-proof conclusions. [19879711 of 19879711] (ETC: Thu Oct 26 06:30:27 2023 ; 0.00 ms remaining ; 10 s 707.59 ms total)
10708.26 ms (10 s 708.26 ms) total insertion duration.
Thu Oct 26 06:30:27 2023: Starting to iterate D-proof candidates of length 83.
174814.78 ms (2 min 54 s 814.78 ms) taken to iterate 268514198 condensed detachment proof strings of length 83.
[Copy] Next iteration count (filtered): { 83, 268514198 }
Thu Oct 26 06:33:22 2023: Next iteration amount counter complete. [parallel ; 48 hardware thread contexts, unfiltered]
Thu Oct 26 06:33:47 2023: Process terminated. [pid: 6904, tid:22802292283264]
