( This log file was generated by executing 'pmGenerator -c -n -s CCCpqCCCNrNsrtCCtpCsp --iterate -u' (pmGenerator 1.2, master branch), compiled by 'Intel(R) oneAPI DPC++/C++ Compiler 2022.1.0 (2022.1.0.20220316)'.
  The run was executed on a CLAIX-2018-OPTANE MPI node
  — 2-socket Intel Xeon Gold 6338, 32 cores each (64 cores total per node), 2.0 GHz, 3.20 GHz turbo mode, 512 GiB DDR4-3200 caching for 2 TiB non-volatile memory (NVM) (Intel Optane DC Persistent Memory DIMMs) —
  running Linux, Rocky 8.8.
  The job led to the following output:
   $ sacct --format="JobID,Partition,AllocCPUS,State,ExitCode,Elapsed,MaxRSS"
   JobID         Partition  AllocCPUS      State ExitCode    Elapsed     MaxRSS 
   ------------ ---------- ---------- ---------- -------- ---------- ---------- 
   40799694     optane_low         64  COMPLETED      0:0   00:34:51            
   40799694.ba+                    64  COMPLETED      0:0   00:34:51 240414840K 
   40799694.ex+                    64  COMPLETED      0:0   00:34:51          0 
  By 240414840 KiB = (240414840 / 1024^2) GiB = 229.27745819091796875 GiB, it used approximately 229.28 gibibytes of memory. )
Wed Nov 15 08:57:07 2023: Process started. [pid: 272626, tid:22605404706688]
Tasks:
1. resetRepresentativesFor("CCCpqCCCNrNsrtCCtpCsp", true, 0, true)
2. countNextIterationAmount(false, true)

[Main] Calling resetRepresentativesFor("CCCpqCCCNrNsrtCCtpCsp", true, 0, true).
Loaded 1 custom axioms. [SHA-512/224 hash: 7f473b6ba952b3deadf36cd7f1c4b5286ef32fef64808d14fff70a69]
(1) CCC0.1CCCN2N3.2.4CC4.0C3.0    -    CCCpqCCCNrNsrtCCtpCsp    -    ((0\imply1)\imply(((\not2\imply\not3)\imply2)\imply4))\imply((4\imply0)\imply(3\imply0))
[Main] Calling countNextIterationAmount(false, true).
Wed Nov 15 08:57:07 2023: Next iteration amount counter started. [parallel ; 64 hardware thread contexts, unfiltered]
0.01 ms taken to load initial representatives.
17.67 ms taken to read 1 condensed detachment proof and conclusion from data/7f473b6ba952b3deadf36cd7f1c4b5286ef32fef64808d14fff70a69/dProofs-withConclusions/dProofs3.txt. [tid:22605344458496]
17.75 ms taken to read 2 condensed detachment proofs and conclusions from data/7f473b6ba952b3deadf36cd7f1c4b5286ef32fef64808d14fff70a69/dProofs-withConclusions/dProofs5.txt. [tid:22605342357248]
3.88 ms taken to read 3 condensed detachment proofs and conclusions from data/7f473b6ba952b3deadf36cd7f1c4b5286ef32fef64808d14fff70a69/dProofs-withConclusions/dProofs7.txt. [tid:22605340256000]
11.09 ms taken to read 6 condensed detachment proofs and conclusions from data/7f473b6ba952b3deadf36cd7f1c4b5286ef32fef64808d14fff70a69/dProofs-withConclusions/dProofs9.txt. [tid:22605338154752]
7.99 ms taken to read 7 condensed detachment proofs and conclusions from data/7f473b6ba952b3deadf36cd7f1c4b5286ef32fef64808d14fff70a69/dProofs-withConclusions/dProofs11.txt. [tid:22605336053504]
12.21 ms taken to read 12 condensed detachment proofs and conclusions from data/7f473b6ba952b3deadf36cd7f1c4b5286ef32fef64808d14fff70a69/dProofs-withConclusions/dProofs13.txt. [tid:22605333952256]
19.99 ms taken to read 15 condensed detachment proofs and conclusions from data/7f473b6ba952b3deadf36cd7f1c4b5286ef32fef64808d14fff70a69/dProofs-withConclusions/dProofs15.txt. [tid:22605331851008]
17.90 ms taken to read 23 condensed detachment proofs and conclusions from data/7f473b6ba952b3deadf36cd7f1c4b5286ef32fef64808d14fff70a69/dProofs-withConclusions/dProofs17.txt. [tid:22605329749760]
11.19 ms taken to read 36 condensed detachment proofs and conclusions from data/7f473b6ba952b3deadf36cd7f1c4b5286ef32fef64808d14fff70a69/dProofs-withConclusions/dProofs19.txt. [tid:22605327648512]
19.21 ms taken to read 61 condensed detachment proofs and conclusions from data/7f473b6ba952b3deadf36cd7f1c4b5286ef32fef64808d14fff70a69/dProofs-withConclusions/dProofs21.txt. [tid:22605325547264]
16.76 ms taken to read 99 condensed detachment proofs and conclusions from data/7f473b6ba952b3deadf36cd7f1c4b5286ef32fef64808d14fff70a69/dProofs-withConclusions/dProofs23.txt. [tid:22605323446016]
24.43 ms taken to read 152 condensed detachment proofs and conclusions from data/7f473b6ba952b3deadf36cd7f1c4b5286ef32fef64808d14fff70a69/dProofs-withConclusions/dProofs25.txt. [tid:22605321344768]
20.79 ms taken to read 214 condensed detachment proofs and conclusions from data/7f473b6ba952b3deadf36cd7f1c4b5286ef32fef64808d14fff70a69/dProofs-withConclusions/dProofs27.txt. [tid:22605319243520]
27.28 ms taken to read 299 condensed detachment proofs and conclusions from data/7f473b6ba952b3deadf36cd7f1c4b5286ef32fef64808d14fff70a69/dProofs-withConclusions/dProofs29.txt. [tid:22605317142272]
21.92 ms taken to read 400 condensed detachment proofs and conclusions from data/7f473b6ba952b3deadf36cd7f1c4b5286ef32fef64808d14fff70a69/dProofs-withConclusions/dProofs31.txt. [tid:22605315041024]
17.11 ms taken to read 560 condensed detachment proofs and conclusions from data/7f473b6ba952b3deadf36cd7f1c4b5286ef32fef64808d14fff70a69/dProofs-withConclusions/dProofs33.txt. [tid:22605312939776]
23.70 ms taken to read 797 condensed detachment proofs and conclusions from data/7f473b6ba952b3deadf36cd7f1c4b5286ef32fef64808d14fff70a69/dProofs-withConclusions/dProofs35.txt. [tid:22605310838528]
13.08 ms taken to read 1162 condensed detachment proofs and conclusions from data/7f473b6ba952b3deadf36cd7f1c4b5286ef32fef64808d14fff70a69/dProofs-withConclusions/dProofs37.txt. [tid:22605308737280]
38.16 ms taken to read 1706 condensed detachment proofs and conclusions from data/7f473b6ba952b3deadf36cd7f1c4b5286ef32fef64808d14fff70a69/dProofs-withConclusions/dProofs39.txt. [tid:22605306636032]
241.64 ms taken to read 2502 condensed detachment proofs and conclusions from data/7f473b6ba952b3deadf36cd7f1c4b5286ef32fef64808d14fff70a69/dProofs-withConclusions/dProofs41.txt. [tid:22605304534784]
164.81 ms taken to read 3673 condensed detachment proofs and conclusions from data/7f473b6ba952b3deadf36cd7f1c4b5286ef32fef64808d14fff70a69/dProofs-withConclusions/dProofs43.txt. [tid:22605302433536]
50.47 ms taken to read 5333 condensed detachment proofs and conclusions from data/7f473b6ba952b3deadf36cd7f1c4b5286ef32fef64808d14fff70a69/dProofs-withConclusions/dProofs45.txt. [tid:22605300332288]
264.97 ms taken to read 7756 condensed detachment proofs and conclusions from data/7f473b6ba952b3deadf36cd7f1c4b5286ef32fef64808d14fff70a69/dProofs-withConclusions/dProofs47.txt. [tid:22605298231040]
139.20 ms taken to read 11285 condensed detachment proofs and conclusions from data/7f473b6ba952b3deadf36cd7f1c4b5286ef32fef64808d14fff70a69/dProofs-withConclusions/dProofs49.txt. [tid:22605296129792]
256.83 ms taken to read 16457 condensed detachment proofs and conclusions from data/7f473b6ba952b3deadf36cd7f1c4b5286ef32fef64808d14fff70a69/dProofs-withConclusions/dProofs51.txt. [tid:22605294028544]
401.71 ms taken to read 24156 condensed detachment proofs and conclusions from data/7f473b6ba952b3deadf36cd7f1c4b5286ef32fef64808d14fff70a69/dProofs-withConclusions/dProofs53.txt. [tid:22605291927296]
490.01 ms taken to read 35569 condensed detachment proofs and conclusions from data/7f473b6ba952b3deadf36cd7f1c4b5286ef32fef64808d14fff70a69/dProofs-withConclusions/dProofs55.txt. [tid:22605289826048]
496.86 ms taken to read 52769 condensed detachment proofs and conclusions from data/7f473b6ba952b3deadf36cd7f1c4b5286ef32fef64808d14fff70a69/dProofs-withConclusions/dProofs57.txt. [tid:22605287724800]
870.93 ms taken to read 78319 condensed detachment proofs and conclusions from data/7f473b6ba952b3deadf36cd7f1c4b5286ef32fef64808d14fff70a69/dProofs-withConclusions/dProofs59.txt. [tid:22604144441088]
1122.86 ms (1 s 122.86 ms) taken to read 116867 condensed detachment proofs and conclusions from data/7f473b6ba952b3deadf36cd7f1c4b5286ef32fef64808d14fff70a69/dProofs-withConclusions/dProofs61.txt. [tid:22604142339840]
4232.93 ms (4 s 232.93 ms) taken to read 174207 condensed detachment proofs and conclusions from data/7f473b6ba952b3deadf36cd7f1c4b5286ef32fef64808d14fff70a69/dProofs-withConclusions/dProofs63.txt. [tid:22604140238592]
7200.72 ms (7 s 200.72 ms) taken to read 260535 condensed detachment proofs and conclusions from data/7f473b6ba952b3deadf36cd7f1c4b5286ef32fef64808d14fff70a69/dProofs-withConclusions/dProofs65.txt. [tid:22604138137344]
1285.79 ms (1 s 285.79 ms) taken to read 389264 condensed detachment proofs and conclusions from data/7f473b6ba952b3deadf36cd7f1c4b5286ef32fef64808d14fff70a69/dProofs-withConclusions/dProofs67.txt. [tid:22604136036096]
3276.54 ms (3 s 276.54 ms) taken to read 582969 condensed detachment proofs and conclusions from data/7f473b6ba952b3deadf36cd7f1c4b5286ef32fef64808d14fff70a69/dProofs-withConclusions/dProofs69.txt. [tid:22604133934848]
4439.23 ms (4 s 439.23 ms) taken to read 872258 condensed detachment proofs and conclusions from data/7f473b6ba952b3deadf36cd7f1c4b5286ef32fef64808d14fff70a69/dProofs-withConclusions/dProofs71.txt. [tid:22604131833600]
5990.07 ms (5 s 990.07 ms) taken to read 1307863 condensed detachment proofs and conclusions from data/7f473b6ba952b3deadf36cd7f1c4b5286ef32fef64808d14fff70a69/dProofs-withConclusions/dProofs73.txt. [tid:22604129732352]
7115.52 ms (7 s 115.52 ms) taken to read 1959086 condensed detachment proofs and conclusions from data/7f473b6ba952b3deadf36cd7f1c4b5286ef32fef64808d14fff70a69/dProofs-withConclusions/dProofs75.txt. [tid:22604127631104]
7447.23 ms (7 s 447.23 ms) taken to read 2940441 condensed detachment proofs and conclusions from data/7f473b6ba952b3deadf36cd7f1c4b5286ef32fef64808d14fff70a69/dProofs-withConclusions/dProofs77.txt. [tid:22604125529856]
8004.63 ms (8 s 4.63 ms) taken to read 4409199 condensed detachment proofs and conclusions from data/7f473b6ba952b3deadf36cd7f1c4b5286ef32fef64808d14fff70a69/dProofs-withConclusions/dProofs79.txt. [tid:22604123428608]
9219.89 ms (9 s 219.89 ms) taken to read 6623647 condensed detachment proofs and conclusions from data/7f473b6ba952b3deadf36cd7f1c4b5286ef32fef64808d14fff70a69/dProofs-withConclusions/dProofs81.txt. [tid:22604121327360]
9307.06 ms (9 s 307.06 ms) total read duration.
Loaded 41 representative collections of sizes:
1 : 1
3 : 1
5 : 2
7 : 3
9 : 6
11 : 7
13 : 12
15 : 15
17 : 23
19 : 36
21 : 61
23 : 99
25 : 152
27 : 214
29 : 299
31 : 400
33 : 560
35 : 797
37 : 1162
39 : 1706
41 : 2502
43 : 3673
45 : 5333
47 : 7756
49 : 11285
51 : 16457
53 : 24156
55 : 35569
57 : 52769
59 : 78319
61 : 116867
63 : 174207
65 : 260535
67 : 389264
69 : 582969
71 : 872258
73 : 1307863
75 : 1959086
77 : 2940441
79 : 4409199
81 : 6623647
19879711 representatives in total.
32611.40 ms (32 s 611.40 ms) taken to read 22730041 condensed detachment proofs and conclusions from data/7f473b6ba952b3deadf36cd7f1c4b5286ef32fef64808d14fff70a69/dProofs-withConclusions/dProofs83-unfiltered83+.txt. [tid:22604121327360]
50074.21 ms (50 s 74.21 ms) taken to read 38726684 condensed detachment proofs and conclusions from data/7f473b6ba952b3deadf36cd7f1c4b5286ef32fef64808d14fff70a69/dProofs-withConclusions/dProofs85-unfiltered83+.txt. [tid:22604123428608]
68347.96 ms (1 min 8 s 347.96 ms) taken to read 62716073 condensed detachment proofs and conclusions from data/7f473b6ba952b3deadf36cd7f1c4b5286ef32fef64808d14fff70a69/dProofs-withConclusions/dProofs87-unfiltered83+.txt. [tid:22604125529856]
93528.17 ms (1 min 33 s 528.17 ms) taken to read 101227436 condensed detachment proofs and conclusions from data/7f473b6ba952b3deadf36cd7f1c4b5286ef32fef64808d14fff70a69/dProofs-withConclusions/dProofs89-unfiltered83+.txt. [tid:22604127631104]
93568.36 ms (1 min 33 s 568.36 ms) additional read duration.
Loaded 4 more representative collections of sizes:
83 : 22730041
85 : 38726684
87 : 62716073
89 : 101227436
245279945 representatives in total.
Wed Nov 15 08:59:07 2023: Inserted ≈ 5% of D-proof conclusions. [ 12263997 of 245279945] (ETC: Wed Nov 15 09:04:17 2023 ; 5 min 10 s 592.00 ms remaining ; 5 min 26 s 938.95 ms total)
Wed Nov 15 08:59:23 2023: Inserted ≈10% of D-proof conclusions. [ 24527994 of 245279945] (ETC: Wed Nov 15 09:04:13 2023 ; 4 min 50 s 568.37 ms remaining ; 5 min 22 s 853.75 ms total)
Wed Nov 15 08:59:37 2023: Inserted ≈15% of D-proof conclusions. [ 36791991 of 245279945] (ETC: Wed Nov 15 09:04:00 2023 ; 4 min 23 s  60.56 ms remaining ; 5 min  9 s 483.01 ms total)
Wed Nov 15 08:59:52 2023: Inserted ≈20% of D-proof conclusions. [ 49055989 of 245279945] (ETC: Wed Nov 15 09:03:56 2023 ; 4 min  4 s 815.38 ms remaining ; 5 min  6 s  19.22 ms total)
Wed Nov 15 09:00:09 2023: Inserted ≈25% of D-proof conclusions. [ 61319986 of 245279945] (ETC: Wed Nov 15 09:04:06 2023 ; 3 min 56 s 581.80 ms remaining ; 5 min 15 s 442.41 ms total)
Wed Nov 15 09:00:30 2023: Inserted ≈30% of D-proof conclusions. [ 73583983 of 245279945] (ETC: Wed Nov 15 09:04:22 2023 ; 3 min 52 s 245.91 ms remaining ; 5 min 31 s 779.87 ms total)
Wed Nov 15 09:00:47 2023: Inserted ≈35% of D-proof conclusions. [ 85847980 of 245279945] (ETC: Wed Nov 15 09:04:22 2023 ; 3 min 35 s 724.02 ms remaining ; 5 min 31 s 883.11 ms total)
Wed Nov 15 09:01:01 2023: Inserted ≈40% of D-proof conclusions. [ 98111978 of 245279945] (ETC: Wed Nov 15 09:04:18 2023 ; 3 min 16 s 336.61 ms remaining ; 5 min 27 s 227.68 ms total)
Wed Nov 15 09:01:19 2023: Inserted ≈45% of D-proof conclusions. [110375975 of 245279945] (ETC: Wed Nov 15 09:04:20 2023 ; 3 min  1 s 274.88 ms remaining ; 5 min 29 s 590.69 ms total)
Wed Nov 15 09:01:40 2023: Inserted ≈50% of D-proof conclusions. [122639972 of 245279945] (ETC: Wed Nov 15 09:04:30 2023 ; 2 min 49 s 725.74 ms remaining ; 5 min 39 s 451.48 ms total)
Wed Nov 15 09:02:05 2023: Inserted ≈55% of D-proof conclusions. [134903969 of 245279945] (ETC: Wed Nov 15 09:04:44 2023 ; 2 min 39 s  40.44 ms remaining ; 5 min 53 s 423.20 ms total)
Wed Nov 15 09:02:28 2023: Inserted ≈60% of D-proof conclusions. [147167967 of 245279945] (ETC: Wed Nov 15 09:04:52 2023 ; 2 min 24 s 790.49 ms remaining ; 6 min  1 s 976.23 ms total)
Wed Nov 15 09:02:48 2023: Inserted ≈65% of D-proof conclusions. [159431964 of 245279945] (ETC: Wed Nov 15 09:04:56 2023 ; 2 min  8 s 149.80 ms remaining ; 6 min  6 s 142.28 ms total)
Wed Nov 15 09:03:14 2023: Inserted ≈70% of D-proof conclusions. [171695961 of 245279945] (ETC: Wed Nov 15 09:05:07 2023 ; 1 min 52 s 959.31 ms remaining ; 6 min 16 s 531.04 ms total)
Wed Nov 15 09:03:43 2023: Inserted ≈75% of D-proof conclusions. [183959958 of 245279945] (ETC: Wed Nov 15 09:05:21 2023 ; 1 min 37 s 599.94 ms remaining ; 6 min 30 s 399.76 ms total)
Wed Nov 15 09:04:08 2023: Inserted ≈80% of D-proof conclusions. [196223956 of 245279945] (ETC: Wed Nov 15 09:05:28 2023 ; 1 min 19 s 445.16 ms remaining ; 6 min 37 s 225.82 ms total)
Wed Nov 15 09:04:28 2023: Inserted ≈85% of D-proof conclusions. [208487953 of 245279945] (ETC: Wed Nov 15 09:05:27 2023 ; 59 s 563.95 ms remaining ; 6 min 37 s  93.01 ms total)
Wed Nov 15 09:04:45 2023: Inserted ≈90% of D-proof conclusions. [220751950 of 245279945] (ETC: Wed Nov 15 09:05:24 2023 ; 39 s 398.65 ms remaining ; 6 min 33 s 986.54 ms total)
Wed Nov 15 09:05:03 2023: Inserted ≈95% of D-proof conclusions. [233015947 of 245279945] (ETC: Wed Nov 15 09:05:23 2023 ; 19 s 624.99 ms remaining ; 6 min 32 s 499.84 ms total)
Wed Nov 15 09:05:20 2023: Inserted 100% of D-proof conclusions. [245279945 of 245279945] (ETC: Wed Nov 15 09:05:20 2023 ; 0.00 ms remaining ; 6 min 29 s 433.26 ms total)
389434.74 ms (6 min 29 s 434.74 ms) total insertion duration.
Wed Nov 15 09:05:20 2023: Starting to iterate D-proof candidates of length 91.
1166188.24 ms (19 min 26 s 188.24 ms) taken to iterate 1817170079 condensed detachment proof strings of length 91.
[Copy] Next iteration count (unfiltered83+): { 91, 1817170079 }
Wed Nov 15 09:25:21 2023: Next iteration amount counter complete. [parallel ; 64 hardware thread contexts, unfiltered]
Wed Nov 15 09:31:41 2023: Process terminated. [pid: 272626, tid:22605404706688]
