( This log file was generated by 'pmGenerator 1.2' (master branch), compiled by 'Intel(R) oneAPI DPC++/C++ Compiler 2022.1.0 (2022.1.0.20220316)'.
  The run was executed on a CLAIX-2018-OPTANE MPI node
  — 2-socket Intel Xeon Gold 6338, 32 cores each (64 cores total per node), 2.0 GHz, 3.20 GHz turbo mode, 512 GiB DDR4-3200 caching for 2 TiB non-volatile memory (NVM) (Intel Optane DC Persistent Memory DIMMs) —
  running Linux, Rocky 8.8.
  Wall-clock time:   33.96333… h
  CPU utilization: 2173.65333… core-h )
Sat Nov 11 12:44:47 2023: Process started. [pid: 166445, tid:22705690228608]
Tasks:
1. resetRepresentativesFor("CCpqCCCrCstCqCNsNpCps", true, 0, true)
2. generateDProofRepresentativeFiles(55, false, true)

[Main] Calling resetRepresentativesFor("CCpqCCCrCstCqCNsNpCps", true, 0, true).
Loaded 1 custom axioms. [SHA-512/224 hash: 1d5f27494b1a2312e223b7f8dd3551abf717590ceef694c08dcbed72]
(1) CC0.1CCC2C3.4C1CN3N0C0.3    -    CCpqCCCrCstCqCNsNpCps    -    (0\imply1)\imply(((2\imply(3\imply4))\imply(1\imply(\not3\imply\not0)))\imply(0\imply3))
[Main] Calling generateDProofRepresentativeFiles(55, false, true).
Sat Nov 11 12:44:47 2023: Limited D-proof representative generator started. [parallel ; 64 hardware thread contexts, limit: 55, unfiltered]
0.01 ms taken to load initial representatives.
29.18 ms taken to read 1 condensed detachment proof and conclusion from data/1d5f27494b1a2312e223b7f8dd3551abf717590ceef694c08dcbed72/dProofs-withConclusions/dProofs3.txt. [tid:22705629980416]
21.56 ms taken to read 1 condensed detachment proof and conclusion from data/1d5f27494b1a2312e223b7f8dd3551abf717590ceef694c08dcbed72/dProofs-withConclusions/dProofs5.txt. [tid:22705627879168]
19.85 ms taken to read 2 condensed detachment proofs and conclusions from data/1d5f27494b1a2312e223b7f8dd3551abf717590ceef694c08dcbed72/dProofs-withConclusions/dProofs7.txt. [tid:22705625777920]
21.69 ms taken to read 4 condensed detachment proofs and conclusions from data/1d5f27494b1a2312e223b7f8dd3551abf717590ceef694c08dcbed72/dProofs-withConclusions/dProofs9.txt. [tid:22705623676672]
22.71 ms taken to read 7 condensed detachment proofs and conclusions from data/1d5f27494b1a2312e223b7f8dd3551abf717590ceef694c08dcbed72/dProofs-withConclusions/dProofs11.txt. [tid:22705621575424]
14.46 ms taken to read 12 condensed detachment proofs and conclusions from data/1d5f27494b1a2312e223b7f8dd3551abf717590ceef694c08dcbed72/dProofs-withConclusions/dProofs13.txt. [tid:22705619474176]
16.24 ms taken to read 22 condensed detachment proofs and conclusions from data/1d5f27494b1a2312e223b7f8dd3551abf717590ceef694c08dcbed72/dProofs-withConclusions/dProofs15.txt. [tid:22705617372928]
23.40 ms taken to read 42 condensed detachment proofs and conclusions from data/1d5f27494b1a2312e223b7f8dd3551abf717590ceef694c08dcbed72/dProofs-withConclusions/dProofs17.txt. [tid:22705615271680]
22.78 ms taken to read 80 condensed detachment proofs and conclusions from data/1d5f27494b1a2312e223b7f8dd3551abf717590ceef694c08dcbed72/dProofs-withConclusions/dProofs19.txt. [tid:22705545934592]
35.81 ms taken to read 151 condensed detachment proofs and conclusions from data/1d5f27494b1a2312e223b7f8dd3551abf717590ceef694c08dcbed72/dProofs-withConclusions/dProofs21.txt. [tid:22705543833344]
47.28 ms taken to read 287 condensed detachment proofs and conclusions from data/1d5f27494b1a2312e223b7f8dd3551abf717590ceef694c08dcbed72/dProofs-withConclusions/dProofs23.txt. [tid:22705541732096]
57.85 ms taken to read 555 condensed detachment proofs and conclusions from data/1d5f27494b1a2312e223b7f8dd3551abf717590ceef694c08dcbed72/dProofs-withConclusions/dProofs25.txt. [tid:22705539630848]
64.66 ms taken to read 1081 condensed detachment proofs and conclusions from data/1d5f27494b1a2312e223b7f8dd3551abf717590ceef694c08dcbed72/dProofs-withConclusions/dProofs27.txt. [tid:22705537529600]
229.83 ms taken to read 2107 condensed detachment proofs and conclusions from data/1d5f27494b1a2312e223b7f8dd3551abf717590ceef694c08dcbed72/dProofs-withConclusions/dProofs29.txt. [tid:22705535428352]
504.99 ms taken to read 4123 condensed detachment proofs and conclusions from data/1d5f27494b1a2312e223b7f8dd3551abf717590ceef694c08dcbed72/dProofs-withConclusions/dProofs31.txt. [tid:22705533327104]
729.01 ms taken to read 8112 condensed detachment proofs and conclusions from data/1d5f27494b1a2312e223b7f8dd3551abf717590ceef694c08dcbed72/dProofs-withConclusions/dProofs33.txt. [tid:22705531225856]
3720.33 ms (3 s 720.33 ms) taken to read 16029 condensed detachment proofs and conclusions from data/1d5f27494b1a2312e223b7f8dd3551abf717590ceef694c08dcbed72/dProofs-withConclusions/dProofs35.txt. [tid:22705529124608]
2011.21 ms (2 s 11.21 ms) taken to read 31774 condensed detachment proofs and conclusions from data/1d5f27494b1a2312e223b7f8dd3551abf717590ceef694c08dcbed72/dProofs-withConclusions/dProofs37.txt. [tid:22705527023360]
3096.75 ms (3 s 96.75 ms) taken to read 63152 condensed detachment proofs and conclusions from data/1d5f27494b1a2312e223b7f8dd3551abf717590ceef694c08dcbed72/dProofs-withConclusions/dProofs39.txt. [tid:22705524922112]
8113.80 ms (8 s 113.80 ms) taken to read 125873 condensed detachment proofs and conclusions from data/1d5f27494b1a2312e223b7f8dd3551abf717590ceef694c08dcbed72/dProofs-withConclusions/dProofs41.txt. [tid:22705522820864]
10094.17 ms (10 s 94.17 ms) taken to read 251561 condensed detachment proofs and conclusions from data/1d5f27494b1a2312e223b7f8dd3551abf717590ceef694c08dcbed72/dProofs-withConclusions/dProofs43.txt. [tid:22705520719616]
16601.09 ms (16 s 601.09 ms) taken to read 503956 condensed detachment proofs and conclusions from data/1d5f27494b1a2312e223b7f8dd3551abf717590ceef694c08dcbed72/dProofs-withConclusions/dProofs45.txt. [tid:22705518618368]
27610.08 ms (27 s 610.08 ms) taken to read 1011747 condensed detachment proofs and conclusions from data/1d5f27494b1a2312e223b7f8dd3551abf717590ceef694c08dcbed72/dProofs-withConclusions/dProofs47.txt. [tid:22705516517120]
46188.11 ms (46 s 188.11 ms) taken to read 2035230 condensed detachment proofs and conclusions from data/1d5f27494b1a2312e223b7f8dd3551abf717590ceef694c08dcbed72/dProofs-withConclusions/dProofs49.txt. [tid:22705514415872]
66314.63 ms (1 min 6 s 314.63 ms) taken to read 4101770 condensed detachment proofs and conclusions from data/1d5f27494b1a2312e223b7f8dd3551abf717590ceef694c08dcbed72/dProofs-withConclusions/dProofs51.txt. [tid:22705512314624]
66370.60 ms (1 min 6 s 370.60 ms) total read duration.
Loaded 26 representative collections of sizes:
1 : 1
3 : 1
5 : 1
7 : 2
9 : 4
11 : 7
13 : 12
15 : 22
17 : 42
19 : 80
21 : 151
23 : 287
25 : 555
27 : 1081
29 : 2107
31 : 4123
33 : 8112
35 : 16029
37 : 31774
39 : 63152
41 : 125873
43 : 251561
45 : 503956
47 : 1011747
49 : 2035230
51 : 4101770
8157680 representatives in total.
106326.77 ms (1 min 46 s 326.77 ms) taken to read 8360537 condensed detachment proofs and conclusions from data/1d5f27494b1a2312e223b7f8dd3551abf717590ceef694c08dcbed72/dProofs-withConclusions/dProofs53-unfiltered53+.txt. [tid:22705512314624]
106330.99 ms (1 min 46 s 330.99 ms) additional read duration.
Loaded 1 more representative collection of size:
53 : 8360537
16518217 representatives in total.
Sat Nov 11 12:47:49 2023: Inserted ≈ 5% of D-proof conclusions. [  825910 of 16518217] (ETC: Sat Nov 11 12:50:50 2023 ; 3 min  1 s 175.97 ms remaining ; 3 min 10 s 711.54 ms total)
Sat Nov 11 12:48:01 2023: Inserted ≈10% of D-proof conclusions. [ 1651821 of 16518217] (ETC: Sat Nov 11 12:51:12 2023 ; 3 min 11 s   6.67 ms remaining ; 3 min 32 s 229.63 ms total)
Sat Nov 11 12:48:17 2023: Inserted ≈15% of D-proof conclusions. [ 2477732 of 16518217] (ETC: Sat Nov 11 12:51:46 2023 ; 3 min 29 s 673.84 ms remaining ; 4 min  6 s 675.10 ms total)
Sat Nov 11 12:48:31 2023: Inserted ≈20% of D-proof conclusions. [ 3303643 of 16518217] (ETC: Sat Nov 11 12:51:57 2023 ; 3 min 25 s 808.99 ms remaining ; 4 min 17 s 261.23 ms total)
Sat Nov 11 12:48:56 2023: Inserted ≈25% of D-proof conclusions. [ 4129554 of 16518217] (ETC: Sat Nov 11 12:52:44 2023 ; 3 min 48 s 425.75 ms remaining ; 5 min  4 s 567.67 ms total)
Sat Nov 11 12:49:09 2023: Inserted ≈30% of D-proof conclusions. [ 4955465 of 16518217] (ETC: Sat Nov 11 12:52:38 2023 ; 3 min 28 s 804.53 ms remaining ; 4 min 58 s 292.19 ms total)
Sat Nov 11 12:49:25 2023: Inserted ≈35% of D-proof conclusions. [ 5781375 of 16518217] (ETC: Sat Nov 11 12:52:41 2023 ; 3 min 15 s 843.85 ms remaining ; 5 min  1 s 298.20 ms total)
Sat Nov 11 12:49:42 2023: Inserted ≈40% of D-proof conclusions. [ 6607286 of 16518217] (ETC: Sat Nov 11 12:52:46 2023 ; 3 min  3 s 934.24 ms remaining ; 5 min  6 s 557.03 ms total)
Sat Nov 11 12:50:05 2023: Inserted ≈45% of D-proof conclusions. [ 7433197 of 16518217] (ETC: Sat Nov 11 12:53:03 2023 ; 2 min 57 s 625.15 ms remaining ; 5 min 22 s 954.79 ms total)
Sat Nov 11 12:50:39 2023: Inserted ≈50% of D-proof conclusions. [ 8259108 of 16518217] (ETC: Sat Nov 11 12:53:39 2023 ; 2 min 59 s 524.03 ms remaining ; 5 min 59 s  48.05 ms total)
Sat Nov 11 12:50:45 2023: Inserted ≈55% of D-proof conclusions. [ 9085019 of 16518217] (ETC: Sat Nov 11 12:53:17 2023 ; 2 min 31 s 633.33 ms remaining ; 5 min 36 s 962.93 ms total)
Sat Nov 11 12:50:52 2023: Inserted ≈60% of D-proof conclusions. [ 9910930 of 16518217] (ETC: Sat Nov 11 12:52:59 2023 ; 2 min  7 s 903.43 ms remaining ; 5 min 19 s 758.57 ms total)
Sat Nov 11 12:51:00 2023: Inserted ≈65% of D-proof conclusions. [10736841 of 16518217] (ETC: Sat Nov 11 12:52:48 2023 ; 1 min 48 s  88.20 ms remaining ; 5 min  8 s 823.44 ms total)
Sat Nov 11 12:51:10 2023: Inserted ≈70% of D-proof conclusions. [11562751 of 16518217] (ETC: Sat Nov 11 12:52:40 2023 ; 1 min 30 s  27.14 ms remaining ; 5 min       90.42 ms total)
Sat Nov 11 12:51:20 2023: Inserted ≈75% of D-proof conclusions. [12388662 of 16518217] (ETC: Sat Nov 11 12:52:34 2023 ; 1 min 13 s 487.20 ms remaining ; 4 min 53 s 948.74 ms total)
Sat Nov 11 12:51:33 2023: Inserted ≈80% of D-proof conclusions. [13214573 of 16518217] (ETC: Sat Nov 11 12:52:32 2023 ; 58 s 423.95 ms remaining ; 4 min 52 s 119.69 ms total)
Sat Nov 11 12:51:48 2023: Inserted ≈85% of D-proof conclusions. [14040484 of 16518217] (ETC: Sat Nov 11 12:52:32 2023 ; 43 s 811.03 ms remaining ; 4 min 52 s  73.47 ms total)
Sat Nov 11 12:52:06 2023: Inserted ≈90% of D-proof conclusions. [14866395 of 16518217] (ETC: Sat Nov 11 12:52:36 2023 ; 29 s 585.30 ms remaining ; 4 min 55 s 852.91 ms total)
Sat Nov 11 12:52:33 2023: Inserted ≈95% of D-proof conclusions. [15692306 of 16518217] (ETC: Sat Nov 11 12:52:48 2023 ; 15 s 420.18 ms remaining ; 5 min  8 s 403.56 ms total)
Sat Nov 11 12:53:29 2023: Inserted 100% of D-proof conclusions. [16518217 of 16518217] (ETC: Sat Nov 11 12:53:29 2023 ; 0.00 ms remaining ; 5 min 49 s 437.71 ms total)
349437.93 ms (5 min 49 s 437.93 ms) total insertion duration.
Known iteration count loaded from 55:59952617.
Sat Nov 11 12:53:29 2023: Starting to generate D-proof representatives of length 55.
Sat Nov 11 13:59:49 2023: Iterated ≈ 2% of D-proof candidates. [ 1199052 of 59952617] (ETC: Mon Nov 13 20:10:06 2023 ; 2 d  6 h 10 min 16 s 635.29 ms remaining ; 2 d  7 h 16 min 36 s 565.48 ms total)
Sat Nov 11 14:43:55 2023: Iterated ≈ 4% of D-proof candidates. [ 2398104 of 59952617] (ETC: Mon Nov 13 10:54:29 2023 ; 1 d 20 h 10 min 33 s 403.37 ms remaining ; 1 d 22 h        59 s 793.22 ms total)
Sat Nov 11 15:27:53 2023: Iterated ≈ 6% of D-proof candidates. [ 3597157 of 59952617] (ETC: Mon Nov 13 07:46:44 2023 ; 1 d 16 h 18 min 51 s  80.10 ms remaining ; 1 d 18 h 53 min 14 s 766.01 ms total)
Sat Nov 11 16:22:41 2023: Iterated ≈ 8% of D-proof candidates. [ 4796209 of 59952617] (ETC: Mon Nov 13 08:28:22 2023 ; 1 d 16 h  5 min 41 s 497.00 ms remaining ; 1 d 19 h 34 min 52 s 930.50 ms total)
Sat Nov 11 17:13:24 2023: Iterated ≈10% of D-proof candidates. [ 5995261 of 59952617] (ETC: Mon Nov 13 08:12:34 2023 ; 1 d 14 h 59 min 10 s 218.56 ms remaining ; 1 d 19 h 19 min  4 s 685.27 ms total)
Sat Nov 11 18:00:18 2023: Iterated ≈12% of D-proof candidates. [ 7194314 of 59952617] (ETC: Mon Nov 13 07:30:15 2023 ; 1 d 13 h 29 min 57 s 216.26 ms remaining ; 1 d 18 h 36 min 45 s 927.45 ms total)
Sat Nov 11 18:37:42 2023: Iterated ≈14% of D-proof candidates. [ 8393366 of 59952617] (ETC: Mon Nov 13 05:52:11 2023 ; 1 d 11 h 14 min 29 s 113.69 ms remaining ; 1 d 16 h 58 min 42 s 224.14 ms total)
Sat Nov 11 19:44:36 2023: Iterated ≈16% of D-proof candidates. [ 9592418 of 59952617] (ETC: Mon Nov 13 07:42:55 2023 ; 1 d 11 h 58 min 19 s  76.56 ms remaining ; 1 d 18 h 49 min 25 s 565.13 ms total)
Sat Nov 11 20:39:00 2023: Iterated ≈18% of D-proof candidates. [10791471 of 59952617] (ETC: Mon Nov 13 07:59:39 2023 ; 1 d 11 h 20 min 39 s 685.67 ms remaining ; 1 d 19 h  6 min 10 s 348.18 ms total)
Sat Nov 11 21:27:09 2023: Iterated ≈20% of D-proof candidates. [11990523 of 59952617] (ETC: Mon Nov 13 07:41:50 2023 ; 1 d 10 h 14 min 40 s 691.62 ms remaining ; 1 d 18 h 48 min 20 s 863.24 ms total)
Sat Nov 11 22:28:33 2023: Iterated ≈22% of D-proof candidates. [13189575 of 59952617] (ETC: Mon Nov 13 08:27:26 2023 ; 1 d  9 h 58 min 53 s  19.39 ms remaining ; 1 d 19 h 33 min 57 s 201.87 ms total)
Sat Nov 11 23:28:06 2023: Iterated ≈24% of D-proof candidates. [14388628 of 59952617] (ETC: Mon Nov 13 08:57:42 2023 ; 1 d  9 h 29 min 36 s  82.22 ms remaining ; 1 d 20 h  4 min 12 s 739.49 ms total)
Sun Nov 12 00:12:08 2023: Iterated ≈26% of D-proof candidates. [15587680 of 59952617] (ETC: Mon Nov 13 08:23:41 2023 ; 1 d  8 h 11 min 32 s 859.44 ms remaining ; 1 d 19 h 30 min 11 s 970.74 ms total)
Sun Nov 12 00:57:02 2023: Iterated ≈28% of D-proof candidates. [16786732 of 59952617] (ETC: Mon Nov 13 07:57:33 2023 ; 1 d  7 h        31 s 826.16 ms remaining ; 1 d 19 h  4 min  4 s 200.27 ms total)
Sun Nov 12 02:21:28 2023: Iterated ≈30% of D-proof candidates. [17985785 of 59952617] (ETC: Mon Nov 13 09:46:47 2023 ; 1 d  7 h 25 min 18 s 284.25 ms remaining ; 1 d 20 h 53 min 17 s 548.54 ms total)
Sun Nov 12 03:25:06 2023: Iterated ≈32% of D-proof candidates. [19184837 of 59952617] (ETC: Mon Nov 13 10:17:18 2023 ; 1 d  6 h 52 min 11 s 785.77 ms remaining ; 1 d 21 h 23 min 49 s  94.96 ms total)
Sun Nov 12 04:15:13 2023: Iterated ≈34% of D-proof candidates. [20383889 of 59952617] (ETC: Mon Nov 13 10:04:28 2023 ; 1 d  5 h 49 min 14 s 822.69 ms remaining ; 1 d 21 h 10 min 58 s 819.05 ms total)
Sun Nov 12 05:22:24 2023: Iterated ≈36% of D-proof candidates. [21582942 of 59952617] (ETC: Mon Nov 13 10:40:28 2023 ; 1 d  5 h 18 min  4 s 118.79 ms remaining ; 1 d 21 h 46 min 58 s 935.09 ms total)
Sun Nov 12 06:20:45 2023: Iterated ≈38% of D-proof candidates. [22781994 of 59952617] (ETC: Mon Nov 13 10:49:27 2023 ; 1 d  4 h 28 min 41 s 922.96 ms remaining ; 1 d 21 h 55 min 57 s 938.21 ms total)
Sun Nov 12 07:12:55 2023: Iterated ≈40% of D-proof candidates. [23981046 of 59952617] (ETC: Mon Nov 13 10:42:04 2023 ; 1 d  3 h 29 min  8 s 689.36 ms remaining ; 1 d 21 h 48 min 34 s 478.61 ms total)
Sun Nov 12 08:00:07 2023: Iterated ≈42% of D-proof candidates. [25180099 of 59952617] (ETC: Mon Nov 13 10:23:34 2023 ; 1 d  2 h 23 min 26 s 674.90 ms remaining ; 1 d 21 h 30 min  4 s 611.25 ms total)
Sun Nov 12 08:54:26 2023: Iterated ≈44% of D-proof candidates. [26379151 of 59952617] (ETC: Mon Nov 13 10:22:55 2023 ; 1 d  1 h 28 min 29 s 185.23 ms remaining ; 1 d 21 h 29 min 26 s 399.86 ms total)
Sun Nov 12 09:45:40 2023: Iterated ≈46% of D-proof candidates. [27578203 of 59952617] (ETC: Mon Nov 13 10:15:36 2023 ; 1 d      29 min 56 s 718.75 ms remaining ; 1 d 21 h 22 min  7 s 252.81 ms total)
Sun Nov 12 10:34:38 2023: Iterated ≈48% of D-proof candidates. [28777256 of 59952617] (ETC: Mon Nov 13 10:04:12 2023 ; 23 h 29 min 34 s 440.89 ms remaining ; 1 d 21 h 10 min 43 s 154.73 ms total)
Sun Nov 12 11:21:25 2023: Iterated ≈50% of D-proof candidates. [29976308 of 59952617] (ETC: Mon Nov 13 09:49:20 2023 ; 22 h 27 min 55 s 464.89 ms remaining ; 1 d 20 h 55 min 50 s 927.08 ms total)
Sun Nov 12 12:04:39 2023: Iterated ≈52% of D-proof candidates. [31175360 of 59952617] (ETC: Mon Nov 13 09:28:47 2023 ; 21 h 24 min  8 s 833.86 ms remaining ; 1 d 20 h 35 min 18 s 399.19 ms total)
Sun Nov 12 12:46:22 2023: Iterated ≈54% of D-proof candidates. [32374413 of 59952617] (ETC: Mon Nov 13 09:06:58 2023 ; 20 h 20 min 36 s 264.38 ms remaining ; 1 d 20 h 13 min 29 s 269.35 ms total)
Sun Nov 12 13:28:03 2023: Iterated ≈56% of D-proof candidates. [33573465 of 59952617] (ETC: Mon Nov 13 08:46:38 2023 ; 19 h 18 min 35 s 311.08 ms remaining ; 1 d 19 h 53 min  9 s 340.25 ms total)
Sun Nov 12 14:12:45 2023: Iterated ≈58% of D-proof candidates. [34772517 of 59952617] (ETC: Mon Nov 13 08:32:54 2023 ; 18 h 20 min  9 s 429.35 ms remaining ; 1 d 19 h 39 min 25 s 302.61 ms total)
Sun Nov 12 14:52:26 2023: Iterated ≈60% of D-proof candidates. [35971570 of 59952617] (ETC: Mon Nov 13 08:11:45 2023 ; 17 h 19 min 18 s 248.48 ms remaining ; 1 d 19 h 18 min 15 s 619.90 ms total)
Sun Nov 12 15:26:16 2023: Iterated ≈62% of D-proof candidates. [37170622 of 59952617] (ETC: Mon Nov 13 07:42:30 2023 ; 16 h 16 min 13 s 396.31 ms remaining ; 1 d 18 h 49 min      512.96 ms total)
Sun Nov 12 16:00:49 2023: Iterated ≈64% of D-proof candidates. [38369674 of 59952617] (ETC: Mon Nov 13 07:16:12 2023 ; 15 h 15 min 22 s 581.80 ms remaining ; 1 d 18 h 22 min 42 s 721.01 ms total)
Sun Nov 12 16:35:05 2023: Iterated ≈66% of D-proof candidates. [39568727 of 59952617] (ETC: Mon Nov 13 06:51:04 2023 ; 14 h 15 min 58 s 552.31 ms remaining ; 1 d 17 h 57 min 34 s 563.99 ms total)
Sun Nov 12 17:05:57 2023: Iterated ≈68% of D-proof candidates. [40767779 of 59952617] (ETC: Mon Nov 13 06:22:25 2023 ; 13 h 16 min 27 s 339.26 ms remaining ; 1 d 17 h 28 min 55 s 430.84 ms total)
Sun Nov 12 17:35:49 2023: Iterated ≈70% of D-proof candidates. [41966831 of 59952617] (ETC: Mon Nov 13 05:53:58 2023 ; 12 h 18 min  8 s 587.65 ms remaining ; 1 d 17 h        28 s 618.11 ms total)
Sun Nov 12 18:04:19 2023: Iterated ≈72% of D-proof candidates. [43165884 of 59952617] (ETC: Mon Nov 13 05:25:12 2023 ; 11 h 20 min 52 s 878.93 ms remaining ; 1 d 16 h 31 min 43 s 136.95 ms total)
Sun Nov 12 18:30:48 2023: Iterated ≈74% of D-proof candidates. [44364936 of 59952617] (ETC: Mon Nov 13 04:55:15 2023 ; 10 h 24 min 27 s 606.97 ms remaining ; 1 d 16 h  1 min 46 s 175.30 ms total)
Sun Nov 12 18:55:52 2023: Iterated ≈76% of D-proof candidates. [45563988 of 59952617] (ETC: Mon Nov 13 04:25:02 2023 ; 9 h 29 min 10 s 277.51 ms remaining ; 1 d 15 h 31 min 32 s 813.85 ms total)
Sun Nov 12 19:19:10 2023: Iterated ≈78% of D-proof candidates. [46763041 of 59952617] (ETC: Mon Nov 13 03:54:07 2023 ; 8 h 34 min 56 s 293.85 ms remaining ; 1 d 15 h        37 s 696.57 ms total)
Sun Nov 12 19:40:59 2023: Iterated ≈80% of D-proof candidates. [47962093 of 59952617] (ETC: Mon Nov 13 03:22:51 2023 ; 7 h 41 min 52 s 478.02 ms remaining ; 1 d 14 h 29 min 22 s 383.17 ms total)
Sun Nov 12 20:01:24 2023: Iterated ≈82% of D-proof candidates. [49161145 of 59952617] (ETC: Mon Nov 13 02:51:26 2023 ; 6 h 50 min  1 s 908.39 ms remaining ; 1 d 13 h 57 min 57 s 256.91 ms total)
Sun Nov 12 20:20:37 2023: Iterated ≈84% of D-proof candidates. [50360198 of 59952617] (ETC: Mon Nov 13 02:20:04 2023 ; 5 h 59 min 27 s 160.09 ms remaining ; 1 d 13 h 26 min 34 s 746.66 ms total)
Sun Nov 12 20:38:49 2023: Iterated ≈86% of D-proof candidates. [51559250 of 59952617] (ETC: Mon Nov 13 01:49:00 2023 ; 5 h 10 min 10 s 260.59 ms remaining ; 1 d 12 h 55 min 30 s 422.94 ms total)
Sun Nov 12 20:55:58 2023: Iterated ≈88% of D-proof candidates. [52758302 of 59952617] (ETC: Mon Nov 13 01:18:08 2023 ; 4 h 22 min  9 s 452.41 ms remaining ; 1 d 12 h 24 min 38 s 752.60 ms total)
Sun Nov 12 21:12:20 2023: Iterated ≈90% of D-proof candidates. [53957355 of 59952617] (ETC: Mon Nov 13 00:47:46 2023 ; 3 h 35 min 25 s 667.06 ms remaining ; 1 d 11 h 54 min 16 s 664.10 ms total)
Sun Nov 12 21:27:48 2023: Iterated ≈92% of D-proof candidates. [55156407 of 59952617] (ETC: Mon Nov 13 00:17:45 2023 ; 2 h 49 min 56 s 458.12 ms remaining ; 1 d 11 h 24 min 15 s 709.55 ms total)
Sun Nov 12 21:42:46 2023: Iterated ≈94% of D-proof candidates. [56355459 of 59952617] (ETC: Sun Nov 12 23:48:27 2023 ; 2 h  5 min 41 s 904.36 ms remaining ; 1 d 10 h 54 min 58 s 371.70 ms total)
Sun Nov 12 21:57:22 2023: Iterated ≈96% of D-proof candidates. [57554512 of 59952617] (ETC: Sun Nov 12 23:20:02 2023 ; 1 h 22 min 39 s 720.04 ms remaining ; 1 d 10 h 26 min 32 s 984.39 ms total)
Sun Nov 12 22:11:40 2023: Iterated ≈98% of D-proof candidates. [58753564 of 59952617] (ETC: Sun Nov 12 22:52:27 2023 ; 40 min 46 s 763.82 ms remaining ; 1 d  9 h 58 min 58 s 123.62 ms total)
Sun Nov 12 22:25:33 2023: Iterated 100% of D-proof candidates. [59952617 of 59952617] (ETC: Sun Nov 12 22:25:33 2023 ; 0.00 ms remaining ; 1 d  9 h 32 min  3 s 432.12 ms total)
120723495.87 ms (1 d 9 h 32 min 3 s 495.87 ms) taken to collect 16944563 D-proofs of length 55. [iterated 59952617 condensed detachment proof strings]
[Copy] Custom iteration counts: { { 1, 1 }, { 3, 1 }, { 5, 2 }, { 7, 3 }, { 9, 6 }, { 11, 13 }, { 13, 26 }, { 15, 50 }, { 17, 98 }, { 19, 196 }, { 21, 392 }, { 23, 779 }, { 25, 1548 }, { 27, 3094 }, { 29, 6206 }, { 31, 12454 }, { 33, 25020 }, { 35, 50374 }, { 37, 101626 }, { 39, 205344 }, { 41, 415472 }, { 43, 841805 }, { 45, 1708006 }, { 47, 3470013 }, { 49, 7058180 }, { 51, 14372995 }, { 53, 29300562 }, { 55, 59952617 } }
393978.55 ms (6 min 33 s 978.55 ms) taken to filter and order new representative proofs.
Found 16944563 representative, 12970530 redundant, and 30037524 invalid condensed detachment proof strings.
lengths up to 55 ; amounts per length: {(1,1), (3,1), (5,1), (7,2), (9,4), (11,7), (13,12), (15,22), (17,42), (19,80), (21,151), (23,287), (25,555), (27,1081), (29,2107), (31,4123), (33,8112), (35,16029), (37,31774), (39,63152), (41,125873), (43,251561), (45,503956), (47,1011747), (49,2035230), (51,4101770), (53,8360537), (55,16944563)} ; 16944563 new representative proofs (12970530 redundant, 30037524 invalid)
Sun Nov 12 22:35:45 2023: Starting to write 16944563 entries to data/1d5f27494b1a2312e223b7f8dd3551abf717590ceef694c08dcbed72/dProofs-withConclusions/dProofs55-unfiltered53+.txt.
307471.01 ms (5 min 7 s 471.01 ms) taken to print and save 233577192864 bytes of representative condensed detachment proof strings to data/1d5f27494b1a2312e223b7f8dd3551abf717590ceef694c08dcbed72/dProofs-withConclusions/dProofs55-unfiltered53+.txt.
Sun Nov 12 22:41:10 2023: Limited D-proof representative generator complete. [parallel ; 64 hardware thread contexts, limit: 55, unfiltered]
Sun Nov 12 22:42:35 2023: Process terminated. [pid: 166445, tid:22705690228608]
