( This log file was generated by 'pmGenerator 1.2' (master branch), compiled by 'Intel(R) oneAPI DPC++/C++ Compiler 2022.1.0 (2022.1.0.20220316)'.
  The run was executed on a CLAIX-2018-OPTANE MPI node
  — 2-socket Intel Xeon Gold 6338, 32 cores each (64 cores total per node), 2.0 GHz, 3.20 GHz turbo mode, 512 GiB DDR4-3200 caching for 2 TiB non-volatile memory (NVM) (Intel Optane DC Persistent Memory DIMMs) —
  running Linux, Rocky 8.8.
  Wall-clock time:   25.1713888… h
  CPU utilization: 1610.96888… core-h )
Fri Nov  3 06:03:00 2023: Process started. [pid: 201952, tid:22454050355072]
Tasks:
1. resetRepresentativesFor("CCpCCNpqrCsCCNtCrtCpt", true, 0, true)
2. generateDProofRepresentativeFiles(155, false, true)

[Main] Calling resetRepresentativesFor("CCpCCNpqrCsCCNtCrtCpt", true, 0, true).
Loaded 1 custom axioms. [SHA-512/224 hash: 02974777ff5f71e12ef58ccebedeef133584aad66e06a2a13b2b4b2c]
(1) CC0CCN0.1.2C3CCN4C2.4C0.4    -    CCpCCNpqrCsCCNtCrtCpt    -    (0\imply((\not0\imply1)\imply2))\imply(3\imply((\not4\imply(2\imply4))\imply(0\imply4)))
[Main] Calling generateDProofRepresentativeFiles(155, false, true).
Fri Nov  3 06:03:00 2023: Limited D-proof representative generator started. [parallel ; 64 hardware thread contexts, limit: 155, unfiltered]
0.01 ms taken to load initial representatives.
0.26 ms taken to read 0 condensed detachment proofs and conclusions from data/02974777ff5f71e12ef58ccebedeef133584aad66e06a2a13b2b4b2c/dProofs-withConclusions/dProofs11.txt. [tid:22453981701888]
0.36 ms taken to read 25 condensed detachment proofs and conclusions from data/02974777ff5f71e12ef58ccebedeef133584aad66e06a2a13b2b4b2c/dProofs-withConclusions/dProofs35.txt. [tid:22453216605952]
0.37 ms taken to read 1 condensed detachment proof and conclusion from data/02974777ff5f71e12ef58ccebedeef133584aad66e06a2a13b2b4b2c/dProofs-withConclusions/dProofs9.txt. [tid:22453983803136]
0.60 ms taken to read 4 condensed detachment proofs and conclusions from data/02974777ff5f71e12ef58ccebedeef133584aad66e06a2a13b2b4b2c/dProofs-withConclusions/dProofs19.txt. [tid:22453973296896]
1.05 ms taken to read 206 condensed detachment proofs and conclusions from data/02974777ff5f71e12ef58ccebedeef133584aad66e06a2a13b2b4b2c/dProofs-withConclusions/dProofs53.txt. [tid:22453197694720]
9.37 ms taken to read 1 condensed detachment proof and conclusion from data/02974777ff5f71e12ef58ccebedeef133584aad66e06a2a13b2b4b2c/dProofs-withConclusions/dProofs3.txt. [tid:22453990106880]
15.19 ms taken to read 2 condensed detachment proofs and conclusions from data/02974777ff5f71e12ef58ccebedeef133584aad66e06a2a13b2b4b2c/dProofs-withConclusions/dProofs5.txt. [tid:22453988005632]
2.29 ms taken to read 2 condensed detachment proofs and conclusions from data/02974777ff5f71e12ef58ccebedeef133584aad66e06a2a13b2b4b2c/dProofs-withConclusions/dProofs7.txt. [tid:22453985904384]
12207.59 ms (12 s 207.59 ms) taken to read 3196594 condensed detachment proofs and conclusions from data/02974777ff5f71e12ef58ccebedeef133584aad66e06a2a13b2b4b2c/dProofs-withConclusions/dProofs135.txt. [tid:22453983803136]
11659.88 ms (11 s 659.88 ms) taken to read 1965596 condensed detachment proofs and conclusions from data/02974777ff5f71e12ef58ccebedeef133584aad66e06a2a13b2b4b2c/dProofs-withConclusions/dProofs131.txt. [tid:22453981701888]
3.49 ms taken to read 1 condensed detachment proof and conclusion from data/02974777ff5f71e12ef58ccebedeef133584aad66e06a2a13b2b4b2c/dProofs-withConclusions/dProofs13.txt. [tid:22453979600640]
0.88 ms taken to read 2 condensed detachment proofs and conclusions from data/02974777ff5f71e12ef58ccebedeef133584aad66e06a2a13b2b4b2c/dProofs-withConclusions/dProofs15.txt. [tid:22453977499392]
1.17 ms taken to read 3 condensed detachment proofs and conclusions from data/02974777ff5f71e12ef58ccebedeef133584aad66e06a2a13b2b4b2c/dProofs-withConclusions/dProofs17.txt. [tid:22453975398144]
12830.53 ms (12 s 830.53 ms) taken to read 4066027 condensed detachment proofs and conclusions from data/02974777ff5f71e12ef58ccebedeef133584aad66e06a2a13b2b4b2c/dProofs-withConclusions/dProofs137.txt. [tid:22453973296896]
1.39 ms taken to read 5 condensed detachment proofs and conclusions from data/02974777ff5f71e12ef58ccebedeef133584aad66e06a2a13b2b4b2c/dProofs-withConclusions/dProofs21.txt. [tid:22453971195648]
6.61 ms taken to read 5 condensed detachment proofs and conclusions from data/02974777ff5f71e12ef58ccebedeef133584aad66e06a2a13b2b4b2c/dProofs-withConclusions/dProofs23.txt. [tid:22453969094400]
5.86 ms taken to read 5 condensed detachment proofs and conclusions from data/02974777ff5f71e12ef58ccebedeef133584aad66e06a2a13b2b4b2c/dProofs-withConclusions/dProofs25.txt. [tid:22453966993152]
8.62 ms taken to read 6 condensed detachment proofs and conclusions from data/02974777ff5f71e12ef58ccebedeef133584aad66e06a2a13b2b4b2c/dProofs-withConclusions/dProofs27.txt. [tid:22453964891904]
0.05 ms taken to read 7 condensed detachment proofs and conclusions from data/02974777ff5f71e12ef58ccebedeef133584aad66e06a2a13b2b4b2c/dProofs-withConclusions/dProofs29.txt. [tid:22453962790656]
10.28 ms taken to read 15 condensed detachment proofs and conclusions from data/02974777ff5f71e12ef58ccebedeef133584aad66e06a2a13b2b4b2c/dProofs-withConclusions/dProofs31.txt. [tid:22453960689408]
10.06 ms taken to read 20 condensed detachment proofs and conclusions from data/02974777ff5f71e12ef58ccebedeef133584aad66e06a2a13b2b4b2c/dProofs-withConclusions/dProofs33.txt. [tid:22453958588160]
11821.42 ms (11 s 821.42 ms) taken to read 2509883 condensed detachment proofs and conclusions from data/02974777ff5f71e12ef58ccebedeef133584aad66e06a2a13b2b4b2c/dProofs-withConclusions/dProofs133.txt. [tid:22453216605952]
9.83 ms taken to read 30 condensed detachment proofs and conclusions from data/02974777ff5f71e12ef58ccebedeef133584aad66e06a2a13b2b4b2c/dProofs-withConclusions/dProofs37.txt. [tid:22453214504704]
9.90 ms taken to read 37 condensed detachment proofs and conclusions from data/02974777ff5f71e12ef58ccebedeef133584aad66e06a2a13b2b4b2c/dProofs-withConclusions/dProofs39.txt. [tid:22453212403456]
7.05 ms taken to read 42 condensed detachment proofs and conclusions from data/02974777ff5f71e12ef58ccebedeef133584aad66e06a2a13b2b4b2c/dProofs-withConclusions/dProofs41.txt. [tid:22453210302208]
18.84 ms taken to read 51 condensed detachment proofs and conclusions from data/02974777ff5f71e12ef58ccebedeef133584aad66e06a2a13b2b4b2c/dProofs-withConclusions/dProofs43.txt. [tid:22453208200960]
12.74 ms taken to read 63 condensed detachment proofs and conclusions from data/02974777ff5f71e12ef58ccebedeef133584aad66e06a2a13b2b4b2c/dProofs-withConclusions/dProofs45.txt. [tid:22453206099712]
14.70 ms taken to read 85 condensed detachment proofs and conclusions from data/02974777ff5f71e12ef58ccebedeef133584aad66e06a2a13b2b4b2c/dProofs-withConclusions/dProofs47.txt. [tid:22453203998464]
19.80 ms taken to read 122 condensed detachment proofs and conclusions from data/02974777ff5f71e12ef58ccebedeef133584aad66e06a2a13b2b4b2c/dProofs-withConclusions/dProofs49.txt. [tid:22453201897216]
1.71 ms taken to read 162 condensed detachment proofs and conclusions from data/02974777ff5f71e12ef58ccebedeef133584aad66e06a2a13b2b4b2c/dProofs-withConclusions/dProofs51.txt. [tid:22453199795968]
13310.88 ms (13 s 310.88 ms) taken to read 5180139 condensed detachment proofs and conclusions from data/02974777ff5f71e12ef58ccebedeef133584aad66e06a2a13b2b4b2c/dProofs-withConclusions/dProofs139.txt. [tid:22453197694720]
23.97 ms taken to read 251 condensed detachment proofs and conclusions from data/02974777ff5f71e12ef58ccebedeef133584aad66e06a2a13b2b4b2c/dProofs-withConclusions/dProofs55.txt. [tid:22453195593472]
21.99 ms taken to read 292 condensed detachment proofs and conclusions from data/02974777ff5f71e12ef58ccebedeef133584aad66e06a2a13b2b4b2c/dProofs-withConclusions/dProofs57.txt. [tid:22453193492224]
33.10 ms taken to read 339 condensed detachment proofs and conclusions from data/02974777ff5f71e12ef58ccebedeef133584aad66e06a2a13b2b4b2c/dProofs-withConclusions/dProofs59.txt. [tid:22453191390976]
395.17 ms taken to read 444 condensed detachment proofs and conclusions from data/02974777ff5f71e12ef58ccebedeef133584aad66e06a2a13b2b4b2c/dProofs-withConclusions/dProofs61.txt. [tid:22453189289728]
142.83 ms taken to read 598 condensed detachment proofs and conclusions from data/02974777ff5f71e12ef58ccebedeef133584aad66e06a2a13b2b4b2c/dProofs-withConclusions/dProofs63.txt. [tid:22453187188480]
12.44 ms taken to read 781 condensed detachment proofs and conclusions from data/02974777ff5f71e12ef58ccebedeef133584aad66e06a2a13b2b4b2c/dProofs-withConclusions/dProofs65.txt. [tid:22453185087232]
38.97 ms taken to read 1016 condensed detachment proofs and conclusions from data/02974777ff5f71e12ef58ccebedeef133584aad66e06a2a13b2b4b2c/dProofs-withConclusions/dProofs67.txt. [tid:22453182985984]
43.53 ms taken to read 1303 condensed detachment proofs and conclusions from data/02974777ff5f71e12ef58ccebedeef133584aad66e06a2a13b2b4b2c/dProofs-withConclusions/dProofs69.txt. [tid:22453180884736]
37.66 ms taken to read 1593 condensed detachment proofs and conclusions from data/02974777ff5f71e12ef58ccebedeef133584aad66e06a2a13b2b4b2c/dProofs-withConclusions/dProofs71.txt. [tid:22453178783488]
110.09 ms taken to read 1922 condensed detachment proofs and conclusions from data/02974777ff5f71e12ef58ccebedeef133584aad66e06a2a13b2b4b2c/dProofs-withConclusions/dProofs73.txt. [tid:22453176682240]
35.93 ms taken to read 2359 condensed detachment proofs and conclusions from data/02974777ff5f71e12ef58ccebedeef133584aad66e06a2a13b2b4b2c/dProofs-withConclusions/dProofs75.txt. [tid:22453174580992]
39.02 ms taken to read 2986 condensed detachment proofs and conclusions from data/02974777ff5f71e12ef58ccebedeef133584aad66e06a2a13b2b4b2c/dProofs-withConclusions/dProofs77.txt. [tid:22453172479744]
68.22 ms taken to read 3875 condensed detachment proofs and conclusions from data/02974777ff5f71e12ef58ccebedeef133584aad66e06a2a13b2b4b2c/dProofs-withConclusions/dProofs79.txt. [tid:22453170378496]
32.89 ms taken to read 5006 condensed detachment proofs and conclusions from data/02974777ff5f71e12ef58ccebedeef133584aad66e06a2a13b2b4b2c/dProofs-withConclusions/dProofs81.txt. [tid:22453168277248]
477.30 ms taken to read 6466 condensed detachment proofs and conclusions from data/02974777ff5f71e12ef58ccebedeef133584aad66e06a2a13b2b4b2c/dProofs-withConclusions/dProofs83.txt. [tid:22453166176000]
492.08 ms taken to read 8184 condensed detachment proofs and conclusions from data/02974777ff5f71e12ef58ccebedeef133584aad66e06a2a13b2b4b2c/dProofs-withConclusions/dProofs85.txt. [tid:22453164074752]
634.21 ms taken to read 10182 condensed detachment proofs and conclusions from data/02974777ff5f71e12ef58ccebedeef133584aad66e06a2a13b2b4b2c/dProofs-withConclusions/dProofs87.txt. [tid:22453161973504]
150.45 ms taken to read 12488 condensed detachment proofs and conclusions from data/02974777ff5f71e12ef58ccebedeef133584aad66e06a2a13b2b4b2c/dProofs-withConclusions/dProofs89.txt. [tid:22453159872256]
684.79 ms taken to read 15534 condensed detachment proofs and conclusions from data/02974777ff5f71e12ef58ccebedeef133584aad66e06a2a13b2b4b2c/dProofs-withConclusions/dProofs91.txt. [tid:22453157771008]
64.46 ms taken to read 19614 condensed detachment proofs and conclusions from data/02974777ff5f71e12ef58ccebedeef133584aad66e06a2a13b2b4b2c/dProofs-withConclusions/dProofs93.txt. [tid:22453155669760]
877.72 ms taken to read 25087 condensed detachment proofs and conclusions from data/02974777ff5f71e12ef58ccebedeef133584aad66e06a2a13b2b4b2c/dProofs-withConclusions/dProofs95.txt. [tid:22453153568512]
944.98 ms taken to read 32452 condensed detachment proofs and conclusions from data/02974777ff5f71e12ef58ccebedeef133584aad66e06a2a13b2b4b2c/dProofs-withConclusions/dProofs97.txt. [tid:22451605993216]
1294.02 ms (1 s 294.02 ms) taken to read 41840 condensed detachment proofs and conclusions from data/02974777ff5f71e12ef58ccebedeef133584aad66e06a2a13b2b4b2c/dProofs-withConclusions/dProofs99.txt. [tid:22451603891968]
729.19 ms taken to read 53343 condensed detachment proofs and conclusions from data/02974777ff5f71e12ef58ccebedeef133584aad66e06a2a13b2b4b2c/dProofs-withConclusions/dProofs101.txt. [tid:22451601790720]
1518.97 ms (1 s 518.97 ms) taken to read 67105 condensed detachment proofs and conclusions from data/02974777ff5f71e12ef58ccebedeef133584aad66e06a2a13b2b4b2c/dProofs-withConclusions/dProofs103.txt. [tid:22451599689472]
2465.50 ms (2 s 465.50 ms) taken to read 84222 condensed detachment proofs and conclusions from data/02974777ff5f71e12ef58ccebedeef133584aad66e06a2a13b2b4b2c/dProofs-withConclusions/dProofs105.txt. [tid:22451597588224]
1747.10 ms (1 s 747.10 ms) taken to read 105925 condensed detachment proofs and conclusions from data/02974777ff5f71e12ef58ccebedeef133584aad66e06a2a13b2b4b2c/dProofs-withConclusions/dProofs107.txt. [tid:22451595486976]
3961.38 ms (3 s 961.38 ms) taken to read 134564 condensed detachment proofs and conclusions from data/02974777ff5f71e12ef58ccebedeef133584aad66e06a2a13b2b4b2c/dProofs-withConclusions/dProofs109.txt. [tid:22451593385728]
3331.95 ms (3 s 331.95 ms) taken to read 172053 condensed detachment proofs and conclusions from data/02974777ff5f71e12ef58ccebedeef133584aad66e06a2a13b2b4b2c/dProofs-withConclusions/dProofs111.txt. [tid:22451591284480]
4656.18 ms (4 s 656.18 ms) taken to read 221055 condensed detachment proofs and conclusions from data/02974777ff5f71e12ef58ccebedeef133584aad66e06a2a13b2b4b2c/dProofs-withConclusions/dProofs113.txt. [tid:22451589183232]
3617.72 ms (3 s 617.72 ms) taken to read 283569 condensed detachment proofs and conclusions from data/02974777ff5f71e12ef58ccebedeef133584aad66e06a2a13b2b4b2c/dProofs-withConclusions/dProofs115.txt. [tid:22451587081984]
5062.83 ms (5 s 62.83 ms) taken to read 361751 condensed detachment proofs and conclusions from data/02974777ff5f71e12ef58ccebedeef133584aad66e06a2a13b2b4b2c/dProofs-withConclusions/dProofs117.txt. [tid:22451584980736]
4716.83 ms (4 s 716.83 ms) taken to read 458509 condensed detachment proofs and conclusions from data/02974777ff5f71e12ef58ccebedeef133584aad66e06a2a13b2b4b2c/dProofs-withConclusions/dProofs119.txt. [tid:22451582879488]
5376.14 ms (5 s 376.14 ms) taken to read 579502 condensed detachment proofs and conclusions from data/02974777ff5f71e12ef58ccebedeef133584aad66e06a2a13b2b4b2c/dProofs-withConclusions/dProofs121.txt. [tid:22451580778240]
6120.06 ms (6 s 120.06 ms) taken to read 734352 condensed detachment proofs and conclusions from data/02974777ff5f71e12ef58ccebedeef133584aad66e06a2a13b2b4b2c/dProofs-withConclusions/dProofs123.txt. [tid:22451578676992]
8116.53 ms (8 s 116.53 ms) taken to read 935212 condensed detachment proofs and conclusions from data/02974777ff5f71e12ef58ccebedeef133584aad66e06a2a13b2b4b2c/dProofs-withConclusions/dProofs125.txt. [tid:22451576575744]
7909.19 ms (7 s 909.19 ms) taken to read 1197027 condensed detachment proofs and conclusions from data/02974777ff5f71e12ef58ccebedeef133584aad66e06a2a13b2b4b2c/dProofs-withConclusions/dProofs127.txt. [tid:22451574474496]
10369.23 ms (10 s 369.23 ms) taken to read 1534565 condensed detachment proofs and conclusions from data/02974777ff5f71e12ef58ccebedeef133584aad66e06a2a13b2b4b2c/dProofs-withConclusions/dProofs129.txt. [tid:22451572373248]
13454.85 ms (13 s 454.85 ms) total read duration.
Loaded 70 representative collections of sizes:
1 : 1
3 : 1
5 : 2
7 : 2
9 : 1
11 : 0
13 : 1
15 : 2
17 : 3
19 : 4
21 : 5
23 : 5
25 : 5
27 : 6
29 : 7
31 : 15
33 : 20
35 : 25
37 : 30
39 : 37
41 : 42
43 : 51
45 : 63
47 : 85
49 : 122
51 : 162
53 : 206
55 : 251
57 : 292
59 : 339
61 : 444
63 : 598
65 : 781
67 : 1016
69 : 1303
71 : 1593
73 : 1922
75 : 2359
77 : 2986
79 : 3875
81 : 5006
83 : 6466
85 : 8184
87 : 10182
89 : 12488
91 : 15534
93 : 19614
95 : 25087
97 : 32452
99 : 41840
101 : 53343
103 : 67105
105 : 84222
107 : 105925
109 : 134564
111 : 172053
113 : 221055
115 : 283569
117 : 361751
119 : 458509
121 : 579502
123 : 734352
125 : 935212
127 : 1197027
129 : 1534565
131 : 1965596
133 : 2509883
135 : 3196594
137 : 4066027
139 : 5180139
24036508 representatives in total.
67854.45 ms (1 min 7 s 854.45 ms) taken to read 16952082 condensed detachment proofs and conclusions from data/02974777ff5f71e12ef58ccebedeef133584aad66e06a2a13b2b4b2c/dProofs-withConclusions/dProofs141-unfiltered141+.txt. [tid:22451572373248]
94644.78 ms (1 min 34 s 644.78 ms) taken to read 26431403 condensed detachment proofs and conclusions from data/02974777ff5f71e12ef58ccebedeef133584aad66e06a2a13b2b4b2c/dProofs-withConclusions/dProofs143-unfiltered141+.txt. [tid:22451574474496]
123109.50 ms (2 min 3 s 109.50 ms) taken to read 36855440 condensed detachment proofs and conclusions from data/02974777ff5f71e12ef58ccebedeef133584aad66e06a2a13b2b4b2c/dProofs-withConclusions/dProofs145-unfiltered141+.txt. [tid:22451576575744]
135559.48 ms (2 min 15 s 559.48 ms) taken to read 47814846 condensed detachment proofs and conclusions from data/02974777ff5f71e12ef58ccebedeef133584aad66e06a2a13b2b4b2c/dProofs-withConclusions/dProofs147-unfiltered141+.txt. [tid:22451578676992]
151998.46 ms (2 min 31 s 998.46 ms) taken to read 62366737 condensed detachment proofs and conclusions from data/02974777ff5f71e12ef58ccebedeef133584aad66e06a2a13b2b4b2c/dProofs-withConclusions/dProofs149-unfiltered141+.txt. [tid:22451580778240]
165354.20 ms (2 min 45 s 354.20 ms) taken to read 82234537 condensed detachment proofs and conclusions from data/02974777ff5f71e12ef58ccebedeef133584aad66e06a2a13b2b4b2c/dProofs-withConclusions/dProofs151-unfiltered141+.txt. [tid:22451582879488]
179751.33 ms (2 min 59 s 751.33 ms) taken to read 109705510 condensed detachment proofs and conclusions from data/02974777ff5f71e12ef58ccebedeef133584aad66e06a2a13b2b4b2c/dProofs-withConclusions/dProofs153-unfiltered141+.txt. [tid:22451584980736]
179762.88 ms (2 min 59 s 762.88 ms) additional read duration.
Loaded 7 more representative collections of sizes:
141 : 16952082
143 : 26431403
145 : 36855440
147 : 47814846
149 : 62366737
151 : 82234537
153 : 109705510
406397063 representatives in total.
Fri Nov  3 06:06:43 2023: Inserted ≈ 5% of D-proof conclusions. [ 20319853 of 406397063] (ETC: Fri Nov  3 06:16:04 2023 ; 9 min 20 s 606.46 ms remaining ; 9 min 50 s 112.06 ms total)
Fri Nov  3 06:07:05 2023: Inserted ≈10% of D-proof conclusions. [ 40639706 of 406397063] (ETC: Fri Nov  3 06:14:51 2023 ; 7 min 45 s 500.87 ms remaining ; 8 min 37 s 223.19 ms total)
Fri Nov  3 06:07:28 2023: Inserted ≈15% of D-proof conclusions. [ 60959559 of 406397063] (ETC: Fri Nov  3 06:14:27 2023 ; 6 min 59 s 706.91 ms remaining ; 8 min 13 s 772.84 ms total)
Fri Nov  3 06:07:50 2023: Inserted ≈20% of D-proof conclusions. [ 81279412 of 406397063] (ETC: Fri Nov  3 06:14:16 2023 ; 6 min 26 s 101.13 ms remaining ; 8 min  2 s 626.41 ms total)
Fri Nov  3 06:08:13 2023: Inserted ≈25% of D-proof conclusions. [101599265 of 406397063] (ETC: Fri Nov  3 06:14:10 2023 ; 5 min 57 s  15.03 ms remaining ; 7 min 56 s  20.04 ms total)
Fri Nov  3 06:08:36 2023: Inserted ≈30% of D-proof conclusions. [121919118 of 406397063] (ETC: Fri Nov  3 06:14:09 2023 ; 5 min 32 s 712.56 ms remaining ; 7 min 55 s 303.66 ms total)
Fri Nov  3 06:09:00 2023: Inserted ≈35% of D-proof conclusions. [142238972 of 406397063] (ETC: Fri Nov  3 06:14:09 2023 ; 5 min  9 s 190.25 ms remaining ; 7 min 55 s 677.31 ms total)
Fri Nov  3 06:09:23 2023: Inserted ≈40% of D-proof conclusions. [162558825 of 406397063] (ETC: Fri Nov  3 06:14:07 2023 ; 4 min 43 s 816.05 ms remaining ; 7 min 53 s  26.75 ms total)
Fri Nov  3 06:09:47 2023: Inserted ≈45% of D-proof conclusions. [182878678 of 406397063] (ETC: Fri Nov  3 06:14:07 2023 ; 4 min 20 s 196.19 ms remaining ; 7 min 53 s  83.98 ms total)
Fri Nov  3 06:10:14 2023: Inserted ≈50% of D-proof conclusions. [203198531 of 406397063] (ETC: Fri Nov  3 06:14:15 2023 ; 4 min      650.88 ms remaining ; 8 min  1 s 301.76 ms total)
Fri Nov  3 06:10:45 2023: Inserted ≈55% of D-proof conclusions. [223518384 of 406397063] (ETC: Fri Nov  3 06:14:27 2023 ; 3 min 41 s 918.22 ms remaining ; 8 min 13 s 151.61 ms total)
Fri Nov  3 06:11:12 2023: Inserted ≈60% of D-proof conclusions. [243838237 of 406397063] (ETC: Fri Nov  3 06:14:31 2023 ; 3 min 18 s 969.17 ms remaining ; 8 min 17 s 422.93 ms total)
Fri Nov  3 06:11:42 2023: Inserted ≈65% of D-proof conclusions. [264158090 of 406397063] (ETC: Fri Nov  3 06:14:38 2023 ; 2 min 56 s 569.16 ms remaining ; 8 min 24 s 483.32 ms total)
Fri Nov  3 06:12:15 2023: Inserted ≈70% of D-proof conclusions. [284477944 of 406397063] (ETC: Fri Nov  3 06:14:50 2023 ; 2 min 34 s 975.38 ms remaining ; 8 min 36 s 584.59 ms total)
Fri Nov  3 06:12:46 2023: Inserted ≈75% of D-proof conclusions. [304797797 of 406397063] (ETC: Fri Nov  3 06:14:57 2023 ; 2 min 10 s 820.30 ms remaining ; 8 min 43 s 281.22 ms total)
Fri Nov  3 06:13:13 2023: Inserted ≈80% of D-proof conclusions. [325117650 of 406397063] (ETC: Fri Nov  3 06:14:57 2023 ; 1 min 44 s 707.75 ms remaining ; 8 min 43 s 538.76 ms total)
Fri Nov  3 06:13:41 2023: Inserted ≈85% of D-proof conclusions. [345437503 of 406397063] (ETC: Fri Nov  3 06:15:00 2023 ; 1 min 18 s 912.71 ms remaining ; 8 min 46 s  84.76 ms total)
Fri Nov  3 06:14:10 2023: Inserted ≈90% of D-proof conclusions. [365757356 of 406397063] (ETC: Fri Nov  3 06:15:03 2023 ; 52 s 972.93 ms remaining ; 8 min 49 s 729.29 ms total)
Fri Nov  3 06:14:39 2023: Inserted ≈95% of D-proof conclusions. [386077209 of 406397063] (ETC: Fri Nov  3 06:15:06 2023 ; 26 s 611.38 ms remaining ; 8 min 52 s 227.55 ms total)
Fri Nov  3 06:15:11 2023: Inserted 100% of D-proof conclusions. [406397063 of 406397063] (ETC: Fri Nov  3 06:15:11 2023 ; 0.00 ms remaining ; 8 min 57 s 493.77 ms total)
537493.97 ms (8 min 57 s 493.97 ms) total insertion duration.
Known iteration count loaded from 155:1558170072.
Fri Nov  3 06:15:11 2023: Starting to generate D-proof representatives of length 155.
Fri Nov  3 06:45:48 2023: Iterated ≈ 2% of D-proof candidates. [  31163401 of 1558170072] (ETC: Sat Nov  4 07:45:40 2023 ; 1 d      59 min 52 s 330.65 ms remaining ; 1 d  1 h 30 min 28 s 908.80 ms total)
Fri Nov  3 07:15:25 2023: Iterated ≈ 4% of D-proof candidates. [  62326802 of 1558170072] (ETC: Sat Nov  4 07:20:55 2023 ; 1 d       5 min 29 s 678.21 ms remaining ; 1 d  1 h  5 min 43 s 414.75 ms total)
Fri Nov  3 07:43:06 2023: Iterated ≈ 6% of D-proof candidates. [  93490204 of 1558170072] (ETC: Sat Nov  4 06:40:33 2023 ; 22 h 57 min 26 s 494.12 ms remaining ; 1 d      25 min 21 s 802.23 ms total)
Fri Nov  3 08:14:38 2023: Iterated ≈ 8% of D-proof candidates. [ 124653605 of 1558170072] (ETC: Sat Nov  4 07:08:11 2023 ; 22 h 53 min 33 s 550.23 ms remaining ; 1 d      52 min 59 s 945.86 ms total)
Fri Nov  3 08:49:38 2023: Iterated ≈10% of D-proof candidates. [ 155817007 of 1558170072] (ETC: Sat Nov  4 07:59:40 2023 ; 23 h 10 min  2 s 205.95 ms remaining ; 1 d  1 h 44 min 29 s 117.71 ms total)
Fri Nov  3 09:20:10 2023: Iterated ≈12% of D-proof candidates. [ 186980408 of 1558170072] (ETC: Sat Nov  4 07:56:45 2023 ; 22 h 36 min 34 s 774.40 ms remaining ; 1 d  1 h 41 min 34 s  61.77 ms total)
Fri Nov  3 09:47:43 2023: Iterated ≈14% of D-proof candidates. [ 218143810 of 1558170072] (ETC: Sat Nov  4 07:33:15 2023 ; 21 h 45 min 32 s 415.32 ms remaining ; 1 d  1 h 18 min  4 s 203.85 ms total)
Fri Nov  3 10:23:50 2023: Iterated ≈16% of D-proof candidates. [ 249307211 of 1558170072] (ETC: Sat Nov  4 08:09:13 2023 ; 21 h 45 min 22 s 762.61 ms remaining ; 1 d  1 h 54 min  1 s 384.03 ms total)
Fri Nov  3 10:54:34 2023: Iterated ≈18% of D-proof candidates. [ 280470612 of 1558170072] (ETC: Sat Nov  4 08:07:18 2023 ; 21 h 12 min 43 s 765.06 ms remaining ; 1 d  1 h 52 min  6 s 542.69 ms total)
Fri Nov  3 11:25:33 2023: Iterated ≈20% of D-proof candidates. [ 311634014 of 1558170072] (ETC: Sat Nov  4 08:07:00 2023 ; 20 h 41 min 27 s  13.78 ms remaining ; 1 d  1 h 51 min 48 s 767.19 ms total)
Fri Nov  3 11:58:51 2023: Iterated ≈22% of D-proof candidates. [ 342797415 of 1558170072] (ETC: Sat Nov  4 08:17:15 2023 ; 20 h 18 min 24 s 956.72 ms remaining ; 1 d  2 h  2 min  4 s 303.42 ms total)
Fri Nov  3 12:26:44 2023: Iterated ≈24% of D-proof candidates. [ 373960817 of 1558170072] (ETC: Sat Nov  4 08:03:17 2023 ; 19 h 36 min 33 s 412.23 ms remaining ; 1 d  1 h 48 min  6 s  68.70 ms total)
Fri Nov  3 12:59:56 2023: Iterated ≈26% of D-proof candidates. [ 405124218 of 1558170072] (ETC: Sat Nov  4 08:11:55 2023 ; 19 h 11 min 59 s 113.31 ms remaining ; 1 d  1 h 56 min 44 s 207.11 ms total)
Fri Nov  3 13:29:43 2023: Iterated ≈28% of D-proof candidates. [ 436287620 of 1558170072] (ETC: Sat Nov  4 08:07:06 2023 ; 18 h 37 min 22 s 338.29 ms remaining ; 1 d  1 h 51 min 54 s 358.73 ms total)
Fri Nov  3 14:02:10 2023: Iterated ≈30% of D-proof candidates. [ 467451021 of 1558170072] (ETC: Sat Nov  4 08:11:47 2023 ; 18 h  9 min 36 s 799.28 ms remaining ; 1 d  1 h 56 min 35 s 427.49 ms total)
Fri Nov  3 14:31:17 2023: Iterated ≈32% of D-proof candidates. [ 498614423 of 1558170072] (ETC: Sat Nov  4 08:05:29 2023 ; 17 h 34 min 11 s 824.41 ms remaining ; 1 d  1 h 50 min 17 s 388.84 ms total)
Fri Nov  3 15:03:55 2023: Iterated ≈34% of D-proof candidates. [ 529777824 of 1558170072] (ETC: Sat Nov  4 08:10:17 2023 ; 17 h  6 min 21 s 699.28 ms remaining ; 1 d  1 h 55 min  5 s 604.93 ms total)
Fri Nov  3 15:37:52 2023: Iterated ≈36% of D-proof candidates. [ 560941225 of 1558170072] (ETC: Sat Nov  4 08:18:13 2023 ; 16 h 40 min 20 s  59.46 ms remaining ; 1 d  2 h  3 min  1 s 342.82 ms total)
Fri Nov  3 16:06:46 2023: Iterated ≈38% of D-proof candidates. [ 592104627 of 1558170072] (ETC: Sat Nov  4 08:11:57 2023 ; 16 h  5 min 11 s 906.62 ms remaining ; 1 d  1 h 56 min 46 s 300.97 ms total)
Fri Nov  3 16:33:53 2023: Iterated ≈40% of D-proof candidates. [ 623268028 of 1558170072] (ETC: Sat Nov  4 08:01:55 2023 ; 15 h 28 min  2 s 342.39 ms remaining ; 1 d  1 h 46 min 43 s 903.90 ms total)
Fri Nov  3 17:05:58 2023: Iterated ≈42% of D-proof candidates. [ 654431430 of 1558170072] (ETC: Sat Nov  4 08:04:39 2023 ; 14 h 58 min 41 s 513.64 ms remaining ; 1 d  1 h 49 min 28 s 126.95 ms total)
Fri Nov  3 17:35:15 2023: Iterated ≈44% of D-proof candidates. [ 685594831 of 1558170072] (ETC: Sat Nov  4 08:00:48 2023 ; 14 h 25 min 32 s 430.55 ms remaining ; 1 d  1 h 45 min 36 s 483.06 ms total)
Fri Nov  3 18:05:22 2023: Iterated ≈46% of D-proof candidates. [ 716758233 of 1558170072] (ETC: Sat Nov  4 07:59:04 2023 ; 13 h 53 min 41 s 897.64 ms remaining ; 1 d  1 h 43 min 53 s 143.77 ms total)
Fri Nov  3 18:37:04 2023: Iterated ≈48% of D-proof candidates. [ 747921634 of 1558170072] (ETC: Sat Nov  4 08:00:45 2023 ; 13 h 23 min 41 s 671.81 ms remaining ; 1 d  1 h 45 min 33 s 984.18 ms total)
Fri Nov  3 19:08:36 2023: Iterated ≈50% of D-proof candidates. [ 779085036 of 1558170072] (ETC: Sat Nov  4 08:02:01 2023 ; 12 h 53 min 24 s 777.48 ms remaining ; 1 d  1 h 46 min 49 s 554.95 ms total)
Fri Nov  3 19:35:13 2023: Iterated ≈52% of D-proof candidates. [ 810248437 of 1558170072] (ETC: Sat Nov  4 07:53:42 2023 ; 12 h 18 min 29 s  66.44 ms remaining ; 1 d  1 h 38 min 30 s 555.03 ms total)
Fri Nov  3 20:04:26 2023: Iterated ≈54% of D-proof candidates. [ 841411838 of 1558170072] (ETC: Sat Nov  4 07:50:50 2023 ; 11 h 46 min 23 s 866.00 ms remaining ; 1 d  1 h 35 min 38 s 839.02 ms total)
Fri Nov  3 20:33:38 2023: Iterated ≈56% of D-proof candidates. [ 872575240 of 1558170072] (ETC: Sat Nov  4 07:48:08 2023 ; 11 h 14 min 29 s 624.94 ms remaining ; 1 d  1 h 32 min 56 s 420.27 ms total)
Fri Nov  3 21:00:59 2023: Iterated ≈58% of D-proof candidates. [ 903738641 of 1558170072] (ETC: Sat Nov  4 07:42:25 2023 ; 10 h 41 min 26 s  50.92 ms remaining ; 1 d  1 h 27 min 13 s 454.47 ms total)
Fri Nov  3 21:27:54 2023: Iterated ≈60% of D-proof candidates. [ 934902043 of 1558170072] (ETC: Sat Nov  4 07:36:22 2023 ; 10 h  8 min 28 s 401.66 ms remaining ; 1 d  1 h 21 min 11 s   4.11 ms total)
Fri Nov  3 21:56:34 2023: Iterated ≈62% of D-proof candidates. [ 966065444 of 1558170072] (ETC: Sat Nov  4 07:33:33 2023 ; 9 h 36 min 58 s 771.38 ms remaining ; 1 d  1 h 18 min 22 s  29.84 ms total)
Fri Nov  3 22:25:20 2023: Iterated ≈64% of D-proof candidates. [ 997228846 of 1558170072] (ETC: Sat Nov  4 07:31:02 2023 ; 9 h  5 min 42 s 190.88 ms remaining ; 1 d  1 h 15 min 50 s 530.22 ms total)
Fri Nov  3 22:53:30 2023: Iterated ≈66% of D-proof candidates. [1028392247 of 1558170072] (ETC: Sat Nov  4 07:27:47 2023 ; 8 h 34 min 17 s  22.02 ms remaining ; 1 d  1 h 12 min 35 s 947.02 ms total)
Fri Nov  3 23:21:19 2023: Iterated ≈68% of D-proof candidates. [1059555648 of 1558170072] (ETC: Sat Nov  4 07:24:12 2023 ; 8 h  2 min 53 s 161.69 ms remaining ; 1 d  1 h  9 min  1 s 130.10 ms total)
Fri Nov  3 23:49:09 2023: Iterated ≈70% of D-proof candidates. [1090719050 of 1558170072] (ETC: Sat Nov  4 07:20:50 2023 ; 7 h 31 min 41 s 749.60 ms remaining ; 1 d  1 h  5 min 39 s 165.24 ms total)
Sat Nov  4 00:16:35 2023: Iterated ≈72% of D-proof candidates. [1121882451 of 1558170072] (ETC: Sat Nov  4 07:17:08 2023 ; 7 h        32 s 687.89 ms remaining ; 1 d  1 h  1 min 56 s 742.31 ms total)
Sat Nov  4 00:44:07 2023: Iterated ≈74% of D-proof candidates. [1153045853 of 1558170072] (ETC: Sat Nov  4 07:13:44 2023 ; 6 h 29 min 37 s 350.88 ms remaining ; 1 d      58 min 32 s 887.93 ms total)
Sat Nov  4 01:11:28 2023: Iterated ≈76% of D-proof candidates. [1184209254 of 1558170072] (ETC: Sat Nov  4 07:10:17 2023 ; 5 h 58 min 49 s 377.34 ms remaining ; 1 d      55 min  5 s 738.75 ms total)
Sat Nov  4 01:38:54 2023: Iterated ≈78% of D-proof candidates. [1215372656 of 1558170072] (ETC: Sat Nov  4 07:07:08 2023 ; 5 h 28 min 13 s 680.32 ms remaining ; 1 d      51 min 56 s 728.68 ms total)
Sat Nov  4 02:06:10 2023: Iterated ≈80% of D-proof candidates. [1246536057 of 1558170072] (ETC: Sat Nov  4 07:03:54 2023 ; 4 h 57 min 44 s 627.73 ms remaining ; 1 d      48 min 43 s 138.46 ms total)
Sat Nov  4 02:32:57 2023: Iterated ≈82% of D-proof candidates. [1277699459 of 1558170072] (ETC: Sat Nov  4 07:00:16 2023 ; 4 h 27 min 18 s 803.97 ms remaining ; 1 d      45 min  4 s 466.48 ms total)
Sat Nov  4 02:59:15 2023: Iterated ≈84% of D-proof candidates. [1308862860 of 1558170072] (ETC: Sat Nov  4 06:56:12 2023 ; 3 h 56 min 57 s 801.94 ms remaining ; 1 d      41 min  1 s 261.95 ms total)
Sat Nov  4 03:25:28 2023: Iterated ≈86% of D-proof candidates. [1340026261 of 1558170072] (ETC: Sat Nov  4 06:52:15 2023 ; 3 h 26 min 47 s 312.92 ms remaining ; 1 d      37 min  3 s 663.35 ms total)
Sat Nov  4 03:51:54 2023: Iterated ≈88% of D-proof candidates. [1371189663 of 1558170072] (ETC: Sat Nov  4 06:48:43 2023 ; 2 h 56 min 49 s 420.95 ms remaining ; 1 d      33 min 31 s 841.06 ms total)
Sat Nov  4 04:18:10 2023: Iterated ≈90% of D-proof candidates. [1402353064 of 1558170072] (ETC: Sat Nov  4 06:45:10 2023 ; 2 h 26 min 59 s 836.41 ms remaining ; 1 d      29 min 58 s 363.69 ms total)
Sat Nov  4 04:44:20 2023: Iterated ≈92% of D-proof candidates. [1433516466 of 1558170072] (ETC: Sat Nov  4 06:41:39 2023 ; 1 h 57 min 19 s  59.02 ms remaining ; 1 d      26 min 28 s 237.55 ms total)
Sat Nov  4 05:10:15 2023: Iterated ≈94% of D-proof candidates. [1464679867 of 1558170072] (ETC: Sat Nov  4 06:38:01 2023 ; 1 h 27 min 46 s 181.12 ms remaining ; 1 d      22 min 49 s 684.67 ms total)
Sat Nov  4 05:36:03 2023: Iterated ≈96% of D-proof candidates. [1495843269 of 1558170072] (ETC: Sat Nov  4 06:34:25 2023 ; 58 min 22 s 142.91 ms remaining ; 1 d      19 min 13 s 572.64 ms total)
Sat Nov  4 06:02:01 2023: Iterated ≈98% of D-proof candidates. [1527006670 of 1558170072] (ETC: Sat Nov  4 06:31:08 2023 ; 29 min  7 s 133.68 ms remaining ; 1 d      15 min 56 s 682.67 ms total)
Sat Nov  4 06:28:24 2023: Iterated 100% of D-proof candidates. [1558170072 of 1558170072] (ETC: Sat Nov  4 06:28:24 2023 ; 0.00 ms remaining ; 1 d      13 min 12 s 660.72 ms total)
87194212.37 ms (1 d 13 min 14 s 212.37 ms) taken to collect 144348401 D-proofs of length 155. [iterated 1558170072 condensed detachment proof strings]
[Copy] Custom iteration counts: { { 1, 1 }, { 3, 1 }, { 5, 2 }, { 7, 5 }, { 9, 8 }, { 11, 10 }, { 13, 10 }, { 15, 10 }, { 17, 10 }, { 19, 15 }, { 21, 26 }, { 23, 40 }, { 25, 52 }, { 27, 63 }, { 29, 74 }, { 31, 86 }, { 33, 118 }, { 35, 167 }, { 37, 244 }, { 39, 340 }, { 41, 446 }, { 43, 551 }, { 45, 688 }, { 47, 869 }, { 49, 1128 }, { 51, 1509 }, { 53, 2046 }, { 55, 2758 }, { 57, 3636 }, { 59, 4659 }, { 61, 5848 }, { 63, 7415 }, { 65, 9546 }, { 67, 12520 }, { 69, 16626 }, { 71, 21997 }, { 73, 28576 }, { 75, 36634 }, { 77, 46614 }, { 79, 59337 }, { 81, 76266 }, { 83, 99080 }, { 85, 129482 }, { 87, 168717 }, { 89, 218196 }, { 91, 279663 }, { 93, 357074 }, { 95, 456119 }, { 97, 585294 }, { 99, 755798 }, { 101, 979916 }, { 103, 1269838 }, { 105, 1639296 }, { 107, 2106748 }, { 109, 2698758 }, { 111, 3457865 }, { 113, 4441498 }, { 115, 5724404 }, { 117, 7393098 }, { 119, 9547567 }, { 121, 12303220 }, { 123, 15814238 }, { 125, 20294070 }, { 127, 26041382 }, { 129, 33464926 }, { 131, 43088171 }, { 133, 55549258 }, { 135, 71608010 }, { 137, 92211954 }, { 139, 118581507 }, { 141, 152368710 }, { 143, 216457445 }, { 145, 308369644 }, { 147, 453382622 }, { 149, 650543112 }, { 151, 891383185 }, { 153, 1176314122 }, { 155, 1558170072 } }
1089338.75 ms (18 min 9 s 338.75 ms) taken to filter and order new representative proofs.
Found 144348401 representative, 606497067 redundant, and 807324604 invalid condensed detachment proof strings.
lengths up to 155 ; amounts per length: {(1,1), (3,1), (5,2), (7,2), (9,1), (13,1), (15,2), (17,3), (19,4), (21,5), (23,5), (25,5), (27,6), (29,7), (31,15), (33,20), (35,25), (37,30), (39,37), (41,42), (43,51), (45,63), (47,85), (49,122), (51,162), (53,206), (55,251), (57,292), (59,339), (61,444), (63,598), (65,781), (67,1016), (69,1303), (71,1593), (73,1922), (75,2359), (77,2986), (79,3875), (81,5006), (83,6466), (85,8184), (87,10182), (89,12488), (91,15534), (93,19614), (95,25087), (97,32452), (99,41840), (101,53343), (103,67105), (105,84222), (107,105925), (109,134564), (111,172053), (113,221055), (115,283569), (117,361751), (119,458509), (121,579502), (123,734352), (125,935212), (127,1197027), (129,1534565), (131,1965596), (133,2509883), (135,3196594), (137,4066027), (139,5180139), (141,16952082), (143,26431403), (145,36855440), (147,47814846), (149,62366737), (151,82234537), (153,109705510), (155,144348401)} ; 144348401 new representative proofs (606497067 redundant, 807324604 invalid)
Sat Nov  4 07:00:39 2023: Starting to write 144348401 entries to data/02974777ff5f71e12ef58ccebedeef133584aad66e06a2a13b2b4b2c/dProofs-withConclusions/dProofs155-unfiltered141+.txt.
201734.11 ms (3 min 21 s 734.11 ms) taken to print and save 53770763259 bytes of representative condensed detachment proof strings to data/02974777ff5f71e12ef58ccebedeef133584aad66e06a2a13b2b4b2c/dProofs-withConclusions/dProofs155-unfiltered141+.txt.
Sat Nov  4 07:06:46 2023: Limited D-proof representative generator complete. [parallel ; 64 hardware thread contexts, limit: 155, unfiltered]
Sat Nov  4 07:13:17 2023: Process terminated. [pid: 201952, tid:22454050355072]
