( This log file was generated by 'pmGenerator 1.2' (master branch), compiled by 'Intel(R) oneAPI DPC++/C++ Compiler 2022.1.0 (2022.1.0.20220316)'.
  The run was executed on 72 CLAIX-2018 MPI nodes
  — 2-socket Intel Xeon Platinum 8160 (Skylake) each, 24 cores each (48 cores total per node), 2.1 GHz, 3.7 GHz turbo mode, 192 GiB main memory each —
  running Linux, Rocky 8.8. Initialization and completion messages with rank numbers have been grouped and sorted for better readability.
  Wall-clock time:     3.3747222… h
  CPU utilization: 11663.04 core-h )
Fri Oct  6 04:21:05 2023: Process started. [pid: 97791, tid:22829563651968]
Fri Oct  6 04:21:05 2023: Process started. [pid: 98455, tid:23228207056768]
Fri Oct  6 04:21:05 2023: Process started. [pid: 108073, tid:23396656375680]
Fri Oct  6 04:21:05 2023: Process started. [pid: 141034, tid:22968648411008]
Fri Oct  6 04:21:05 2023: Process started. [pid: 97821, tid:22776744449920]
Fri Oct  6 04:21:05 2023: Process started. [pid: 255861, tid:22474934060928]
Fri Oct  6 04:21:05 2023: Process started. [pid: 48884, tid:23182715332480]
Fri Oct  6 04:21:05 2023: Process started. [pid: 100752, tid:23123128469376]
Fri Oct  6 04:21:05 2023: Process started. [pid: 116339, tid:22466788923264]
Fri Oct  6 04:21:05 2023: Process started. [pid: 48297, tid:23298728146816]
Fri Oct  6 04:21:05 2023: Process started. [pid: 112481, tid:23192817768320]
Fri Oct  6 04:21:05 2023: Process started. [pid: 135533, tid:23081893103488]
Fri Oct  6 04:21:05 2023: Process started. [pid: 99258, tid:22377235175296]
Fri Oct  6 04:21:05 2023: Process started. [pid: 168404, tid:23412754470784]
Fri Oct  6 04:21:05 2023: Process started. [pid: 227256, tid:22881253095296]
Fri Oct  6 04:21:05 2023: Process started. [pid: 48901, tid:23284521031552]
Fri Oct  6 04:21:05 2023: Process started. [pid: 256074, tid:22426328508288]
Fri Oct  6 04:21:05 2023: Process started. [pid: 122554, tid:22972428609408]
Fri Oct  6 04:21:05 2023: Process started. [pid: 12208, tid:23140756223872]
Fri Oct  6 04:21:05 2023: Process started. [pid: 111612, tid:22783314208640]
Fri Oct  6 04:21:05 2023: Process started. [pid: 169832, tid:23145547691904]
Fri Oct  6 04:21:05 2023: Process started. [pid: 212404, tid:22731483740032]
Fri Oct  6 04:21:05 2023: Process started. [pid: 1833, tid:23321756514176]
Fri Oct  6 04:21:05 2023: Process started. [pid: 29498, tid:22842941572992]
Fri Oct  6 04:21:05 2023: Process started. [pid: 91838, tid:22689694627712]
Fri Oct  6 04:21:05 2023: Process started. [pid: 57217, tid:22967053092736]
Fri Oct  6 04:21:05 2023: Process started. [pid: 72677, tid:22873088362368]
Fri Oct  6 04:21:05 2023: Process started. [pid: 227212, tid:23150357534592]
Fri Oct  6 04:21:05 2023: Process started. [pid: 121861, tid:22879215998848]
Fri Oct  6 04:21:05 2023: Process started. [pid: 220971, tid:22901509871488]
Fri Oct  6 04:21:05 2023: Process started. [pid: 22910, tid:23155336001408]
Fri Oct  6 04:21:05 2023: Process started. [pid: 268138, tid:23325038581632]
Fri Oct  6 04:21:05 2023: Process started. [pid: 116367, tid:23340636899200]
Fri Oct  6 04:21:05 2023: Process started. [pid: 146944, tid:22637404706688]
Fri Oct  6 04:21:05 2023: Process started. [pid: 210191, tid:23297298028416]
Fri Oct  6 04:21:05 2023: Process started. [pid: 108977, tid:23364981712768]
Fri Oct  6 04:21:05 2023: Process started. [pid: 156167, tid:22868185458560]
Fri Oct  6 04:21:05 2023: Process started. [pid: 142148, tid:22904480647040]
Fri Oct  6 04:21:05 2023: Process started. [pid: 226063, tid:23017506563968]
Fri Oct  6 04:21:05 2023: Process started. [pid: 259964, tid:23090386593664]
Fri Oct  6 04:21:05 2023: Process started. [pid: 208669, tid:22769102325632]
Fri Oct  6 04:21:05 2023: Process started. [pid: 272067, tid:23033296430976]
Fri Oct  6 04:21:05 2023: Process started. [pid: 84803, tid:22918218954624]
Fri Oct  6 04:21:05 2023: Process started. [pid: 259423, tid:23041953752960]
Fri Oct  6 04:21:05 2023: Process started. [pid: 155224, tid:22749868873600]
Fri Oct  6 04:21:05 2023: Process started. [pid: 148225, tid:22510324025216]
Fri Oct  6 04:21:05 2023: Process started. [pid: 139865, tid:23350667310976]
Fri Oct  6 04:21:05 2023: Process started. [pid: 191734, tid:23338969319296]
Fri Oct  6 04:21:05 2023: Process started. [pid: 251807, tid:22708634265472]
Fri Oct  6 04:21:05 2023: Process started. [pid: 57645, tid:23052155504512]
Fri Oct  6 04:21:05 2023: Process started. [pid: 126614, tid:22679804671872]
Fri Oct  6 04:21:05 2023: Process started. [pid: 213173, tid:22776671586176]
Fri Oct  6 04:21:05 2023: Process started. [pid: 107999, tid:23212281968512]
Fri Oct  6 04:21:05 2023: Process started. [pid: 96094, tid:23061198006144]
Fri Oct  6 04:21:05 2023: Process started. [pid: 108984, tid:22506187200384]
Fri Oct  6 04:21:05 2023: Process started. [pid: 46550, tid:22580874946432]
Fri Oct  6 04:21:05 2023: Process started. [pid: 172453, tid:23332554860416]
Fri Oct  6 04:21:05 2023: Process started. [pid: 262592, tid:22447288366976]
Fri Oct  6 04:21:05 2023: Process started. [pid: 62931, tid:22739136059264]
Fri Oct  6 04:21:05 2023: Process started. [pid: 263526, tid:23217909688192]
Fri Oct  6 04:21:05 2023: Process started. [pid: 117436, tid:23417000052608]
Fri Oct  6 04:21:05 2023: Process started. [pid: 181592, tid:23315186481024]
Fri Oct  6 04:21:05 2023: Process started. [pid: 15146, tid:23210158364544]
Fri Oct  6 04:21:05 2023: Process started. [pid: 267784, tid:23187309680512]
Fri Oct  6 04:21:05 2023: Process started. [pid: 166129, tid:23207286982528]
Fri Oct  6 04:21:05 2023: Process started. [pid: 142815, tid:23054490949504]
Fri Oct  6 04:21:05 2023: Process started. [pid: 26208, tid:22528850790272]
Fri Oct  6 04:21:05 2023: Process started. [pid: 135544, tid:22942701610880]
Fri Oct  6 04:21:05 2023: Process started. [pid: 66086, tid:23137082636160]
Fri Oct  6 04:21:05 2023: Process started. [pid: 40545, tid:22637640730496]
Fri Oct  6 04:21:05 2023: Process started. [pid: 203824, tid:23426168006528]
Fri Oct  6 04:21:06 2023: Process started. [pid: 259588, tid:23012499621760]
Tasks:
1. resetRepresentativesFor("CC0CCN0.1.2C3CCN4C2.4C0.4", false, 0, true)
2. mpi_filterDProofRepresentativeFile(139, true)

[Rank 0 ; pid: 259588 ; 72 processes] Calling resetRepresentativesFor("CC0CCN0.1.2C3CCN4C2.4C0.4", false, 0, true).
Loaded 1 custom axioms. [SHA-512/224 hash: 02974777ff5f71e12ef58ccebedeef133584aad66e06a2a13b2b4b2c]
(1) CC0CCN0.1.2C3CCN4C2.4C0.4    -    CCpCCNpqrCsCCNtCrtCpt    -    (0\imply((\not0\imply1)\imply2))\imply(3\imply((\not4\imply(2\imply4))\imply(0\imply4)))
[Rank 1 ; pid: 172453 ; 72 processes] Calling resetRepresentativesFor("CC0CCN0.1.2C3CCN4C2.4C0.4", false, 0, true), silently.
[Rank 2 ; pid: 57645 ; 72 processes] Calling resetRepresentativesFor("CC0CCN0.1.2C3CCN4C2.4C0.4", false, 0, true), silently.
[Rank 3 ; pid: 91838 ; 72 processes] Calling resetRepresentativesFor("CC0CCN0.1.2C3CCN4C2.4C0.4", false, 0, true), silently.
[Rank 4 ; pid: 99258 ; 72 processes] Calling resetRepresentativesFor("CC0CCN0.1.2C3CCN4C2.4C0.4", false, 0, true), silently.
[Rank 5 ; pid: 107999 ; 72 processes] Calling resetRepresentativesFor("CC0CCN0.1.2C3CCN4C2.4C0.4", false, 0, true), silently.
[Rank 6 ; pid: 57217 ; 72 processes] Calling resetRepresentativesFor("CC0CCN0.1.2C3CCN4C2.4C0.4", false, 0, true), silently.
[Rank 7 ; pid: 226063 ; 72 processes] Calling resetRepresentativesFor("CC0CCN0.1.2C3CCN4C2.4C0.4", false, 0, true), silently.
[Rank 8 ; pid: 142815 ; 72 processes] Calling resetRepresentativesFor("CC0CCN0.1.2C3CCN4C2.4C0.4", false, 0, true), silently.
[Rank 9 ; pid: 97791 ; 72 processes] Calling resetRepresentativesFor("CC0CCN0.1.2C3CCN4C2.4C0.4", false, 0, true), silently.
[Rank 10 ; pid: 168404 ; 72 processes] Calling resetRepresentativesFor("CC0CCN0.1.2C3CCN4C2.4C0.4", false, 0, true), silently.
[Rank 11 ; pid: 268138 ; 72 processes] Calling resetRepresentativesFor("CC0CCN0.1.2C3CCN4C2.4C0.4", false, 0, true), silently.
[Rank 12 ; pid: 100752 ; 72 processes] Calling resetRepresentativesFor("CC0CCN0.1.2C3CCN4C2.4C0.4", false, 0, true), silently.
[Rank 13 ; pid: 191734 ; 72 processes] Calling resetRepresentativesFor("CC0CCN0.1.2C3CCN4C2.4C0.4", false, 0, true), silently.
[Rank 14 ; pid: 98455 ; 72 processes] Calling resetRepresentativesFor("CC0CCN0.1.2C3CCN4C2.4C0.4", false, 0, true), silently.
[Rank 15 ; pid: 40545 ; 72 processes] Calling resetRepresentativesFor("CC0CCN0.1.2C3CCN4C2.4C0.4", false, 0, true), silently.
[Rank 16 ; pid: 227256 ; 72 processes] Calling resetRepresentativesFor("CC0CCN0.1.2C3CCN4C2.4C0.4", false, 0, true), silently.
[Rank 17 ; pid: 155224 ; 72 processes] Calling resetRepresentativesFor("CC0CCN0.1.2C3CCN4C2.4C0.4", false, 0, true), silently.
[Rank 18 ; pid: 267784 ; 72 processes] Calling resetRepresentativesFor("CC0CCN0.1.2C3CCN4C2.4C0.4", false, 0, true), silently.
[Rank 19 ; pid: 111612 ; 72 processes] Calling resetRepresentativesFor("CC0CCN0.1.2C3CCN4C2.4C0.4", false, 0, true), silently.
[Rank 20 ; pid: 146944 ; 72 processes] Calling resetRepresentativesFor("CC0CCN0.1.2C3CCN4C2.4C0.4", false, 0, true), silently.
[Rank 21 ; pid: 96094 ; 72 processes] Calling resetRepresentativesFor("CC0CCN0.1.2C3CCN4C2.4C0.4", false, 0, true), silently.
[Rank 22 ; pid: 108073 ; 72 processes] Calling resetRepresentativesFor("CC0CCN0.1.2C3CCN4C2.4C0.4", false, 0, true), silently.
[Rank 23 ; pid: 263526 ; 72 processes] Calling resetRepresentativesFor("CC0CCN0.1.2C3CCN4C2.4C0.4", false, 0, true), silently.
[Rank 24 ; pid: 84803 ; 72 processes] Calling resetRepresentativesFor("CC0CCN0.1.2C3CCN4C2.4C0.4", false, 0, true), silently.
[Rank 25 ; pid: 148225 ; 72 processes] Calling resetRepresentativesFor("CC0CCN0.1.2C3CCN4C2.4C0.4", false, 0, true), silently.
[Rank 26 ; pid: 108977 ; 72 processes] Calling resetRepresentativesFor("CC0CCN0.1.2C3CCN4C2.4C0.4", false, 0, true), silently.
[Rank 27 ; pid: 208669 ; 72 processes] Calling resetRepresentativesFor("CC0CCN0.1.2C3CCN4C2.4C0.4", false, 0, true), silently.
[Rank 28 ; pid: 220971 ; 72 processes] Calling resetRepresentativesFor("CC0CCN0.1.2C3CCN4C2.4C0.4", false, 0, true), silently.
[Rank 29 ; pid: 22910 ; 72 processes] Calling resetRepresentativesFor("CC0CCN0.1.2C3CCN4C2.4C0.4", false, 0, true), silently.
[Rank 30 ; pid: 112481 ; 72 processes] Calling resetRepresentativesFor("CC0CCN0.1.2C3CCN4C2.4C0.4", false, 0, true), silently.
[Rank 31 ; pid: 12208 ; 72 processes] Calling resetRepresentativesFor("CC0CCN0.1.2C3CCN4C2.4C0.4", false, 0, true), silently.
[Rank 32 ; pid: 48884 ; 72 processes] Calling resetRepresentativesFor("CC0CCN0.1.2C3CCN4C2.4C0.4", false, 0, true), silently.
[Rank 33 ; pid: 256074 ; 72 processes] Calling resetRepresentativesFor("CC0CCN0.1.2C3CCN4C2.4C0.4", false, 0, true), silently.
[Rank 34 ; pid: 135533 ; 72 processes] Calling resetRepresentativesFor("CC0CCN0.1.2C3CCN4C2.4C0.4", false, 0, true), silently.
[Rank 35 ; pid: 213173 ; 72 processes] Calling resetRepresentativesFor("CC0CCN0.1.2C3CCN4C2.4C0.4", false, 0, true), silently.
[Rank 36 ; pid: 212404 ; 72 processes] Calling resetRepresentativesFor("CC0CCN0.1.2C3CCN4C2.4C0.4", false, 0, true), silently.
[Rank 37 ; pid: 29498 ; 72 processes] Calling resetRepresentativesFor("CC0CCN0.1.2C3CCN4C2.4C0.4", false, 0, true), silently.
[Rank 38 ; pid: 259964 ; 72 processes] Calling resetRepresentativesFor("CC0CCN0.1.2C3CCN4C2.4C0.4", false, 0, true), silently.
[Rank 39 ; pid: 169832 ; 72 processes] Calling resetRepresentativesFor("CC0CCN0.1.2C3CCN4C2.4C0.4", false, 0, true), silently.
[Rank 40 ; pid: 141034 ; 72 processes] Calling resetRepresentativesFor("CC0CCN0.1.2C3CCN4C2.4C0.4", false, 0, true), silently.
[Rank 41 ; pid: 203824 ; 72 processes] Calling resetRepresentativesFor("CC0CCN0.1.2C3CCN4C2.4C0.4", false, 0, true), silently.
[Rank 42 ; pid: 97821 ; 72 processes] Calling resetRepresentativesFor("CC0CCN0.1.2C3CCN4C2.4C0.4", false, 0, true), silently.
[Rank 43 ; pid: 48297 ; 72 processes] Calling resetRepresentativesFor("CC0CCN0.1.2C3CCN4C2.4C0.4", false, 0, true), silently.
[Rank 44 ; pid: 259423 ; 72 processes] Calling resetRepresentativesFor("CC0CCN0.1.2C3CCN4C2.4C0.4", false, 0, true), silently.
[Rank 45 ; pid: 1833 ; 72 processes] Calling resetRepresentativesFor("CC0CCN0.1.2C3CCN4C2.4C0.4", false, 0, true), silently.
[Rank 46 ; pid: 62931 ; 72 processes] Calling resetRepresentativesFor("CC0CCN0.1.2C3CCN4C2.4C0.4", false, 0, true), silently.
[Rank 47 ; pid: 255861 ; 72 processes] Calling resetRepresentativesFor("CC0CCN0.1.2C3CCN4C2.4C0.4", false, 0, true), silently.
[Rank 48 ; pid: 142148 ; 72 processes] Calling resetRepresentativesFor("CC0CCN0.1.2C3CCN4C2.4C0.4", false, 0, true), silently.
[Rank 49 ; pid: 46550 ; 72 processes] Calling resetRepresentativesFor("CC0CCN0.1.2C3CCN4C2.4C0.4", false, 0, true), silently.
[Rank 50 ; pid: 117436 ; 72 processes] Calling resetRepresentativesFor("CC0CCN0.1.2C3CCN4C2.4C0.4", false, 0, true), silently.
[Rank 51 ; pid: 166129 ; 72 processes] Calling resetRepresentativesFor("CC0CCN0.1.2C3CCN4C2.4C0.4", false, 0, true), silently.
[Rank 52 ; pid: 26208 ; 72 processes] Calling resetRepresentativesFor("CC0CCN0.1.2C3CCN4C2.4C0.4", false, 0, true), silently.
[Rank 53 ; pid: 135544 ; 72 processes] Calling resetRepresentativesFor("CC0CCN0.1.2C3CCN4C2.4C0.4", false, 0, true), silently.
[Rank 54 ; pid: 227212 ; 72 processes] Calling resetRepresentativesFor("CC0CCN0.1.2C3CCN4C2.4C0.4", false, 0, true), silently.
[Rank 55 ; pid: 251807 ; 72 processes] Calling resetRepresentativesFor("CC0CCN0.1.2C3CCN4C2.4C0.4", false, 0, true), silently.
[Rank 56 ; pid: 181592 ; 72 processes] Calling resetRepresentativesFor("CC0CCN0.1.2C3CCN4C2.4C0.4", false, 0, true), silently.
[Rank 57 ; pid: 210191 ; 72 processes] Calling resetRepresentativesFor("CC0CCN0.1.2C3CCN4C2.4C0.4", false, 0, true), silently.
[Rank 58 ; pid: 116339 ; 72 processes] Calling resetRepresentativesFor("CC0CCN0.1.2C3CCN4C2.4C0.4", false, 0, true), silently.
[Rank 59 ; pid: 139865 ; 72 processes] Calling resetRepresentativesFor("CC0CCN0.1.2C3CCN4C2.4C0.4", false, 0, true), silently.
[Rank 60 ; pid: 121861 ; 72 processes] Calling resetRepresentativesFor("CC0CCN0.1.2C3CCN4C2.4C0.4", false, 0, true), silently.
[Rank 61 ; pid: 272067 ; 72 processes] Calling resetRepresentativesFor("CC0CCN0.1.2C3CCN4C2.4C0.4", false, 0, true), silently.
[Rank 62 ; pid: 116367 ; 72 processes] Calling resetRepresentativesFor("CC0CCN0.1.2C3CCN4C2.4C0.4", false, 0, true), silently.
[Rank 63 ; pid: 156167 ; 72 processes] Calling resetRepresentativesFor("CC0CCN0.1.2C3CCN4C2.4C0.4", false, 0, true), silently.
[Rank 64 ; pid: 72677 ; 72 processes] Calling resetRepresentativesFor("CC0CCN0.1.2C3CCN4C2.4C0.4", false, 0, true), silently.
[Rank 65 ; pid: 108984 ; 72 processes] Calling resetRepresentativesFor("CC0CCN0.1.2C3CCN4C2.4C0.4", false, 0, true), silently.
[Rank 66 ; pid: 66086 ; 72 processes] Calling resetRepresentativesFor("CC0CCN0.1.2C3CCN4C2.4C0.4", false, 0, true), silently.
[Rank 67 ; pid: 126614 ; 72 processes] Calling resetRepresentativesFor("CC0CCN0.1.2C3CCN4C2.4C0.4", false, 0, true), silently.
[Rank 68 ; pid: 262592 ; 72 processes] Calling resetRepresentativesFor("CC0CCN0.1.2C3CCN4C2.4C0.4", false, 0, true), silently.
[Rank 69 ; pid: 122554 ; 72 processes] Calling resetRepresentativesFor("CC0CCN0.1.2C3CCN4C2.4C0.4", false, 0, true), silently.
[Rank 70 ; pid: 15146 ; 72 processes] Calling resetRepresentativesFor("CC0CCN0.1.2C3CCN4C2.4C0.4", false, 0, true), silently.
[Rank 71 ; pid: 48901 ; 72 processes] Calling resetRepresentativesFor("CC0CCN0.1.2C3CCN4C2.4C0.4", false, 0, true), silently.
[Rank 0 ; pid: 259588 ; 72 processes] Calling mpi_filterDProofRepresentativeFile(139, true).
[Rank 1 ; pid: 172453 ; 72 processes] Calling mpi_filterDProofRepresentativeFile(139, true).
[Rank 2 ; pid: 57645 ; 72 processes] Calling mpi_filterDProofRepresentativeFile(139, true).
[Rank 3 ; pid: 91838 ; 72 processes] Calling mpi_filterDProofRepresentativeFile(139, true).
[Rank 4 ; pid: 99258 ; 72 processes] Calling mpi_filterDProofRepresentativeFile(139, true).
[Rank 5 ; pid: 107999 ; 72 processes] Calling mpi_filterDProofRepresentativeFile(139, true).
[Rank 6 ; pid: 57217 ; 72 processes] Calling mpi_filterDProofRepresentativeFile(139, true).
[Rank 7 ; pid: 226063 ; 72 processes] Calling mpi_filterDProofRepresentativeFile(139, true).
[Rank 8 ; pid: 142815 ; 72 processes] Calling mpi_filterDProofRepresentativeFile(139, true).
[Rank 9 ; pid: 97791 ; 72 processes] Calling mpi_filterDProofRepresentativeFile(139, true).
[Rank 10 ; pid: 168404 ; 72 processes] Calling mpi_filterDProofRepresentativeFile(139, true).
[Rank 11 ; pid: 268138 ; 72 processes] Calling mpi_filterDProofRepresentativeFile(139, true).
[Rank 12 ; pid: 100752 ; 72 processes] Calling mpi_filterDProofRepresentativeFile(139, true).
[Rank 13 ; pid: 191734 ; 72 processes] Calling mpi_filterDProofRepresentativeFile(139, true).
[Rank 14 ; pid: 98455 ; 72 processes] Calling mpi_filterDProofRepresentativeFile(139, true).
[Rank 15 ; pid: 40545 ; 72 processes] Calling mpi_filterDProofRepresentativeFile(139, true).
[Rank 16 ; pid: 227256 ; 72 processes] Calling mpi_filterDProofRepresentativeFile(139, true).
[Rank 17 ; pid: 155224 ; 72 processes] Calling mpi_filterDProofRepresentativeFile(139, true).
[Rank 18 ; pid: 267784 ; 72 processes] Calling mpi_filterDProofRepresentativeFile(139, true).
[Rank 19 ; pid: 111612 ; 72 processes] Calling mpi_filterDProofRepresentativeFile(139, true).
[Rank 20 ; pid: 146944 ; 72 processes] Calling mpi_filterDProofRepresentativeFile(139, true).
[Rank 21 ; pid: 96094 ; 72 processes] Calling mpi_filterDProofRepresentativeFile(139, true).
[Rank 22 ; pid: 108073 ; 72 processes] Calling mpi_filterDProofRepresentativeFile(139, true).
[Rank 23 ; pid: 263526 ; 72 processes] Calling mpi_filterDProofRepresentativeFile(139, true).
[Rank 24 ; pid: 84803 ; 72 processes] Calling mpi_filterDProofRepresentativeFile(139, true).
[Rank 25 ; pid: 148225 ; 72 processes] Calling mpi_filterDProofRepresentativeFile(139, true).
[Rank 26 ; pid: 108977 ; 72 processes] Calling mpi_filterDProofRepresentativeFile(139, true).
[Rank 27 ; pid: 208669 ; 72 processes] Calling mpi_filterDProofRepresentativeFile(139, true).
[Rank 28 ; pid: 220971 ; 72 processes] Calling mpi_filterDProofRepresentativeFile(139, true).
[Rank 29 ; pid: 22910 ; 72 processes] Calling mpi_filterDProofRepresentativeFile(139, true).
[Rank 30 ; pid: 112481 ; 72 processes] Calling mpi_filterDProofRepresentativeFile(139, true).
[Rank 31 ; pid: 12208 ; 72 processes] Calling mpi_filterDProofRepresentativeFile(139, true).
[Rank 32 ; pid: 48884 ; 72 processes] Calling mpi_filterDProofRepresentativeFile(139, true).
[Rank 33 ; pid: 256074 ; 72 processes] Calling mpi_filterDProofRepresentativeFile(139, true).
[Rank 34 ; pid: 135533 ; 72 processes] Calling mpi_filterDProofRepresentativeFile(139, true).
[Rank 35 ; pid: 213173 ; 72 processes] Calling mpi_filterDProofRepresentativeFile(139, true).
[Rank 36 ; pid: 212404 ; 72 processes] Calling mpi_filterDProofRepresentativeFile(139, true).
[Rank 37 ; pid: 29498 ; 72 processes] Calling mpi_filterDProofRepresentativeFile(139, true).
[Rank 38 ; pid: 259964 ; 72 processes] Calling mpi_filterDProofRepresentativeFile(139, true).
[Rank 39 ; pid: 169832 ; 72 processes] Calling mpi_filterDProofRepresentativeFile(139, true).
[Rank 40 ; pid: 141034 ; 72 processes] Calling mpi_filterDProofRepresentativeFile(139, true).
[Rank 41 ; pid: 203824 ; 72 processes] Calling mpi_filterDProofRepresentativeFile(139, true).
[Rank 42 ; pid: 97821 ; 72 processes] Calling mpi_filterDProofRepresentativeFile(139, true).
[Rank 43 ; pid: 48297 ; 72 processes] Calling mpi_filterDProofRepresentativeFile(139, true).
[Rank 44 ; pid: 259423 ; 72 processes] Calling mpi_filterDProofRepresentativeFile(139, true).
[Rank 45 ; pid: 1833 ; 72 processes] Calling mpi_filterDProofRepresentativeFile(139, true).
[Rank 46 ; pid: 62931 ; 72 processes] Calling mpi_filterDProofRepresentativeFile(139, true).
[Rank 47 ; pid: 255861 ; 72 processes] Calling mpi_filterDProofRepresentativeFile(139, true).
[Rank 48 ; pid: 142148 ; 72 processes] Calling mpi_filterDProofRepresentativeFile(139, true).
[Rank 49 ; pid: 46550 ; 72 processes] Calling mpi_filterDProofRepresentativeFile(139, true).
[Rank 50 ; pid: 117436 ; 72 processes] Calling mpi_filterDProofRepresentativeFile(139, true).
[Rank 51 ; pid: 166129 ; 72 processes] Calling mpi_filterDProofRepresentativeFile(139, true).
[Rank 52 ; pid: 26208 ; 72 processes] Calling mpi_filterDProofRepresentativeFile(139, true).
[Rank 53 ; pid: 135544 ; 72 processes] Calling mpi_filterDProofRepresentativeFile(139, true).
[Rank 54 ; pid: 227212 ; 72 processes] Calling mpi_filterDProofRepresentativeFile(139, true).
[Rank 55 ; pid: 251807 ; 72 processes] Calling mpi_filterDProofRepresentativeFile(139, true).
[Rank 56 ; pid: 181592 ; 72 processes] Calling mpi_filterDProofRepresentativeFile(139, true).
[Rank 57 ; pid: 210191 ; 72 processes] Calling mpi_filterDProofRepresentativeFile(139, true).
[Rank 58 ; pid: 116339 ; 72 processes] Calling mpi_filterDProofRepresentativeFile(139, true).
[Rank 59 ; pid: 139865 ; 72 processes] Calling mpi_filterDProofRepresentativeFile(139, true).
[Rank 60 ; pid: 121861 ; 72 processes] Calling mpi_filterDProofRepresentativeFile(139, true).
[Rank 61 ; pid: 272067 ; 72 processes] Calling mpi_filterDProofRepresentativeFile(139, true).
[Rank 62 ; pid: 116367 ; 72 processes] Calling mpi_filterDProofRepresentativeFile(139, true).
[Rank 63 ; pid: 156167 ; 72 processes] Calling mpi_filterDProofRepresentativeFile(139, true).
[Rank 64 ; pid: 72677 ; 72 processes] Calling mpi_filterDProofRepresentativeFile(139, true).
[Rank 65 ; pid: 108984 ; 72 processes] Calling mpi_filterDProofRepresentativeFile(139, true).
[Rank 66 ; pid: 66086 ; 72 processes] Calling mpi_filterDProofRepresentativeFile(139, true).
[Rank 67 ; pid: 126614 ; 72 processes] Calling mpi_filterDProofRepresentativeFile(139, true).
[Rank 68 ; pid: 262592 ; 72 processes] Calling mpi_filterDProofRepresentativeFile(139, true).
[Rank 69 ; pid: 122554 ; 72 processes] Calling mpi_filterDProofRepresentativeFile(139, true).
[Rank 70 ; pid: 15146 ; 72 processes] Calling mpi_filterDProofRepresentativeFile(139, true).
[Rank 71 ; pid: 48901 ; 72 processes] Calling mpi_filterDProofRepresentativeFile(139, true).
Fri Oct  6 04:21:07 2023: MPI-based D-proof representative filter started. [rank 0 on "ncm0074.hpc.itc.rwth-aachen.de" ; 72 processes ; 48 local hardware thread contexts]
Fri Oct  6 04:21:07 2023: MPI-based D-proof representative filter started. [rank 1 on "ncm0145.hpc.itc.rwth-aachen.de" ; 72 processes ; 48 local hardware thread contexts]
Fri Oct  6 04:21:07 2023: MPI-based D-proof representative filter started. [rank 2 on "ncm0185.hpc.itc.rwth-aachen.de" ; 72 processes ; 48 local hardware thread contexts]
Fri Oct  6 04:21:07 2023: MPI-based D-proof representative filter started. [rank 3 on "ncm0189.hpc.itc.rwth-aachen.de" ; 72 processes ; 48 local hardware thread contexts]
Fri Oct  6 04:21:07 2023: MPI-based D-proof representative filter started. [rank 4 on "ncm0190.hpc.itc.rwth-aachen.de" ; 72 processes ; 48 local hardware thread contexts]
Fri Oct  6 04:21:07 2023: MPI-based D-proof representative filter started. [rank 5 on "ncm0201.hpc.itc.rwth-aachen.de" ; 72 processes ; 48 local hardware thread contexts]
Fri Oct  6 04:21:07 2023: MPI-based D-proof representative filter started. [rank 6 on "ncm0209.hpc.itc.rwth-aachen.de" ; 72 processes ; 48 local hardware thread contexts]
Fri Oct  6 04:21:07 2023: MPI-based D-proof representative filter started. [rank 7 on "ncm0234.hpc.itc.rwth-aachen.de" ; 72 processes ; 48 local hardware thread contexts]
Fri Oct  6 04:21:07 2023: MPI-based D-proof representative filter started. [rank 8 on "ncm0236.hpc.itc.rwth-aachen.de" ; 72 processes ; 48 local hardware thread contexts]
Fri Oct  6 04:21:07 2023: MPI-based D-proof representative filter started. [rank 9 on "ncm0243.hpc.itc.rwth-aachen.de" ; 72 processes ; 48 local hardware thread contexts]
Fri Oct  6 04:21:07 2023: MPI-based D-proof representative filter started. [rank 10 on "ncm0372.hpc.itc.rwth-aachen.de" ; 72 processes ; 48 local hardware thread contexts]
Fri Oct  6 04:21:07 2023: MPI-based D-proof representative filter started. [rank 11 on "ncm0375.hpc.itc.rwth-aachen.de" ; 72 processes ; 48 local hardware thread contexts]
Fri Oct  6 04:21:07 2023: MPI-based D-proof representative filter started. [rank 12 on "ncm0381.hpc.itc.rwth-aachen.de" ; 72 processes ; 48 local hardware thread contexts]
Fri Oct  6 04:21:07 2023: MPI-based D-proof representative filter started. [rank 13 on "ncm0383.hpc.itc.rwth-aachen.de" ; 72 processes ; 48 local hardware thread contexts]
Fri Oct  6 04:21:07 2023: MPI-based D-proof representative filter started. [rank 14 on "ncm0386.hpc.itc.rwth-aachen.de" ; 72 processes ; 48 local hardware thread contexts]
Fri Oct  6 04:21:07 2023: MPI-based D-proof representative filter started. [rank 15 on "ncm0393.hpc.itc.rwth-aachen.de" ; 72 processes ; 48 local hardware thread contexts]
Fri Oct  6 04:21:07 2023: MPI-based D-proof representative filter started. [rank 16 on "ncm0394.hpc.itc.rwth-aachen.de" ; 72 processes ; 48 local hardware thread contexts]
Fri Oct  6 04:21:07 2023: MPI-based D-proof representative filter started. [rank 17 on "ncm0449.hpc.itc.rwth-aachen.de" ; 72 processes ; 48 local hardware thread contexts]
Fri Oct  6 04:21:07 2023: MPI-based D-proof representative filter started. [rank 18 on "ncm0457.hpc.itc.rwth-aachen.de" ; 72 processes ; 48 local hardware thread contexts]
Fri Oct  6 04:21:07 2023: MPI-based D-proof representative filter started. [rank 19 on "ncm0470.hpc.itc.rwth-aachen.de" ; 72 processes ; 48 local hardware thread contexts]
Fri Oct  6 04:21:07 2023: MPI-based D-proof representative filter started. [rank 20 on "ncm0508.hpc.itc.rwth-aachen.de" ; 72 processes ; 48 local hardware thread contexts]
Fri Oct  6 04:21:07 2023: MPI-based D-proof representative filter started. [rank 21 on "ncm0509.hpc.itc.rwth-aachen.de" ; 72 processes ; 48 local hardware thread contexts]
Fri Oct  6 04:21:07 2023: MPI-based D-proof representative filter started. [rank 22 on "ncm0511.hpc.itc.rwth-aachen.de" ; 72 processes ; 48 local hardware thread contexts]
Fri Oct  6 04:21:07 2023: MPI-based D-proof representative filter started. [rank 23 on "ncm0578.hpc.itc.rwth-aachen.de" ; 72 processes ; 48 local hardware thread contexts]
Fri Oct  6 04:21:07 2023: MPI-based D-proof representative filter started. [rank 24 on "ncm0579.hpc.itc.rwth-aachen.de" ; 72 processes ; 48 local hardware thread contexts]
Fri Oct  6 04:21:07 2023: MPI-based D-proof representative filter started. [rank 25 on "ncm0631.hpc.itc.rwth-aachen.de" ; 72 processes ; 48 local hardware thread contexts]
Fri Oct  6 04:21:07 2023: MPI-based D-proof representative filter started. [rank 26 on "ncm0633.hpc.itc.rwth-aachen.de" ; 72 processes ; 48 local hardware thread contexts]
Fri Oct  6 04:21:07 2023: MPI-based D-proof representative filter started. [rank 27 on "ncm0634.hpc.itc.rwth-aachen.de" ; 72 processes ; 48 local hardware thread contexts]
Fri Oct  6 04:21:07 2023: MPI-based D-proof representative filter started. [rank 28 on "ncm0641.hpc.itc.rwth-aachen.de" ; 72 processes ; 48 local hardware thread contexts]
Fri Oct  6 04:21:07 2023: MPI-based D-proof representative filter started. [rank 29 on "ncm0647.hpc.itc.rwth-aachen.de" ; 72 processes ; 48 local hardware thread contexts]
Fri Oct  6 04:21:07 2023: MPI-based D-proof representative filter started. [rank 30 on "ncm0648.hpc.itc.rwth-aachen.de" ; 72 processes ; 48 local hardware thread contexts]
Fri Oct  6 04:21:07 2023: MPI-based D-proof representative filter started. [rank 31 on "ncm0652.hpc.itc.rwth-aachen.de" ; 72 processes ; 48 local hardware thread contexts]
Fri Oct  6 04:21:07 2023: MPI-based D-proof representative filter started. [rank 32 on "ncm0680.hpc.itc.rwth-aachen.de" ; 72 processes ; 48 local hardware thread contexts]
Fri Oct  6 04:21:07 2023: MPI-based D-proof representative filter started. [rank 33 on "ncm0684.hpc.itc.rwth-aachen.de" ; 72 processes ; 48 local hardware thread contexts]
Fri Oct  6 04:21:07 2023: MPI-based D-proof representative filter started. [rank 34 on "ncm0686.hpc.itc.rwth-aachen.de" ; 72 processes ; 48 local hardware thread contexts]
Fri Oct  6 04:21:07 2023: MPI-based D-proof representative filter started. [rank 35 on "ncm0721.hpc.itc.rwth-aachen.de" ; 72 processes ; 48 local hardware thread contexts]
Fri Oct  6 04:21:07 2023: MPI-based D-proof representative filter started. [rank 36 on "ncm0802.hpc.itc.rwth-aachen.de" ; 72 processes ; 48 local hardware thread contexts]
Fri Oct  6 04:21:07 2023: MPI-based D-proof representative filter started. [rank 37 on "ncm0804.hpc.itc.rwth-aachen.de" ; 72 processes ; 48 local hardware thread contexts]
Fri Oct  6 04:21:07 2023: MPI-based D-proof representative filter started. [rank 38 on "ncm0808.hpc.itc.rwth-aachen.de" ; 72 processes ; 48 local hardware thread contexts]
Fri Oct  6 04:21:07 2023: MPI-based D-proof representative filter started. [rank 39 on "ncm0817.hpc.itc.rwth-aachen.de" ; 72 processes ; 48 local hardware thread contexts]
Fri Oct  6 04:21:07 2023: MPI-based D-proof representative filter started. [rank 40 on "ncm0823.hpc.itc.rwth-aachen.de" ; 72 processes ; 48 local hardware thread contexts]
Fri Oct  6 04:21:07 2023: MPI-based D-proof representative filter started. [rank 41 on "ncm0830.hpc.itc.rwth-aachen.de" ; 72 processes ; 48 local hardware thread contexts]
Fri Oct  6 04:21:07 2023: MPI-based D-proof representative filter started. [rank 42 on "ncm0836.hpc.itc.rwth-aachen.de" ; 72 processes ; 48 local hardware thread contexts]
Fri Oct  6 04:21:07 2023: MPI-based D-proof representative filter started. [rank 43 on "ncm0847.hpc.itc.rwth-aachen.de" ; 72 processes ; 48 local hardware thread contexts]
Fri Oct  6 04:21:07 2023: MPI-based D-proof representative filter started. [rank 44 on "ncm0848.hpc.itc.rwth-aachen.de" ; 72 processes ; 48 local hardware thread contexts]
Fri Oct  6 04:21:07 2023: MPI-based D-proof representative filter started. [rank 45 on "ncm0853.hpc.itc.rwth-aachen.de" ; 72 processes ; 48 local hardware thread contexts]
Fri Oct  6 04:21:07 2023: MPI-based D-proof representative filter started. [rank 46 on "ncm0864.hpc.itc.rwth-aachen.de" ; 72 processes ; 48 local hardware thread contexts]
Fri Oct  6 04:21:07 2023: MPI-based D-proof representative filter started. [rank 47 on "ncm0872.hpc.itc.rwth-aachen.de" ; 72 processes ; 48 local hardware thread contexts]
Fri Oct  6 04:21:07 2023: MPI-based D-proof representative filter started. [rank 48 on "ncm0941.hpc.itc.rwth-aachen.de" ; 72 processes ; 48 local hardware thread contexts]
Fri Oct  6 04:21:07 2023: MPI-based D-proof representative filter started. [rank 49 on "ncm0943.hpc.itc.rwth-aachen.de" ; 72 processes ; 48 local hardware thread contexts]
Fri Oct  6 04:21:07 2023: MPI-based D-proof representative filter started. [rank 50 on "ncm0953.hpc.itc.rwth-aachen.de" ; 72 processes ; 48 local hardware thread contexts]
Fri Oct  6 04:21:07 2023: MPI-based D-proof representative filter started. [rank 51 on "ncm0955.hpc.itc.rwth-aachen.de" ; 72 processes ; 48 local hardware thread contexts]
Fri Oct  6 04:21:07 2023: MPI-based D-proof representative filter started. [rank 52 on "ncm0964.hpc.itc.rwth-aachen.de" ; 72 processes ; 48 local hardware thread contexts]
Fri Oct  6 04:21:07 2023: MPI-based D-proof representative filter started. [rank 53 on "ncm0970.hpc.itc.rwth-aachen.de" ; 72 processes ; 48 local hardware thread contexts]
Fri Oct  6 04:21:07 2023: MPI-based D-proof representative filter started. [rank 54 on "ncm0985.hpc.itc.rwth-aachen.de" ; 72 processes ; 48 local hardware thread contexts]
Fri Oct  6 04:21:07 2023: MPI-based D-proof representative filter started. [rank 55 on "ncm1001.hpc.itc.rwth-aachen.de" ; 72 processes ; 48 local hardware thread contexts]
Fri Oct  6 04:21:07 2023: MPI-based D-proof representative filter started. [rank 56 on "ncm1003.hpc.itc.rwth-aachen.de" ; 72 processes ; 48 local hardware thread contexts]
Fri Oct  6 04:21:07 2023: MPI-based D-proof representative filter started. [rank 57 on "ncm1004.hpc.itc.rwth-aachen.de" ; 72 processes ; 48 local hardware thread contexts]
Fri Oct  6 04:21:07 2023: MPI-based D-proof representative filter started. [rank 58 on "ncm1005.hpc.itc.rwth-aachen.de" ; 72 processes ; 48 local hardware thread contexts]
Fri Oct  6 04:21:07 2023: MPI-based D-proof representative filter started. [rank 59 on "ncm1019.hpc.itc.rwth-aachen.de" ; 72 processes ; 48 local hardware thread contexts]
Fri Oct  6 04:21:07 2023: MPI-based D-proof representative filter started. [rank 60 on "ncm1022.hpc.itc.rwth-aachen.de" ; 72 processes ; 48 local hardware thread contexts]
Fri Oct  6 04:21:07 2023: MPI-based D-proof representative filter started. [rank 61 on "ncm1027.hpc.itc.rwth-aachen.de" ; 72 processes ; 48 local hardware thread contexts]
Fri Oct  6 04:21:07 2023: MPI-based D-proof representative filter started. [rank 62 on "nrm016.hpc.itc.rwth-aachen.de" ; 72 processes ; 48 local hardware thread contexts]
Fri Oct  6 04:21:07 2023: MPI-based D-proof representative filter started. [rank 63 on "nrm020.hpc.itc.rwth-aachen.de" ; 72 processes ; 48 local hardware thread contexts]
Fri Oct  6 04:21:07 2023: MPI-based D-proof representative filter started. [rank 64 on "nrm028.hpc.itc.rwth-aachen.de" ; 72 processes ; 48 local hardware thread contexts]
Fri Oct  6 04:21:07 2023: MPI-based D-proof representative filter started. [rank 65 on "nrm033.hpc.itc.rwth-aachen.de" ; 72 processes ; 48 local hardware thread contexts]
Fri Oct  6 04:21:07 2023: MPI-based D-proof representative filter started. [rank 66 on "nrm035.hpc.itc.rwth-aachen.de" ; 72 processes ; 48 local hardware thread contexts]
Fri Oct  6 04:21:07 2023: MPI-based D-proof representative filter started. [rank 67 on "nrm188.hpc.itc.rwth-aachen.de" ; 72 processes ; 48 local hardware thread contexts]
Fri Oct  6 04:21:07 2023: MPI-based D-proof representative filter started. [rank 68 on "nrm189.hpc.itc.rwth-aachen.de" ; 72 processes ; 48 local hardware thread contexts]
Fri Oct  6 04:21:07 2023: MPI-based D-proof representative filter started. [rank 69 on "nrm192.hpc.itc.rwth-aachen.de" ; 72 processes ; 48 local hardware thread contexts]
Fri Oct  6 04:21:07 2023: MPI-based D-proof representative filter started. [rank 70 on "nrm193.hpc.itc.rwth-aachen.de" ; 72 processes ; 48 local hardware thread contexts]
Fri Oct  6 04:21:07 2023: MPI-based D-proof representative filter started. [rank 71 on "nrm198.hpc.itc.rwth-aachen.de" ; 72 processes ; 48 local hardware thread contexts]
0.01 ms taken to load initial representatives.
0.07 ms taken to read 0 condensed detachment proofs and conclusions from data/02974777ff5f71e12ef58ccebedeef133584aad66e06a2a13b2b4b2c/dProofs-withConclusions/dProofs11.txt. [tid:23012318160640]
0.07 ms taken to read 5 condensed detachment proofs and conclusions from data/02974777ff5f71e12ef58ccebedeef133584aad66e06a2a13b2b4b2c/dProofs-withConclusions/dProofs23.txt. [tid:23012305553152]
0.06 ms taken to read 42 condensed detachment proofs and conclusions from data/02974777ff5f71e12ef58ccebedeef133584aad66e06a2a13b2b4b2c/dProofs-withConclusions/dProofs41.txt. [tid:23012216633088]
0.00 ms taken to read 1 condensed detachment proof and conclusion from data/02974777ff5f71e12ef58ccebedeef133584aad66e06a2a13b2b4b2c/dProofs-withConclusions/dProofs9.txt. [tid:23012320261888]
1.72 ms taken to read 1 condensed detachment proof and conclusion from data/02974777ff5f71e12ef58ccebedeef133584aad66e06a2a13b2b4b2c/dProofs-withConclusions/dProofs3.txt. [tid:23012324464384]
1.84 ms taken to read 2 condensed detachment proofs and conclusions from data/02974777ff5f71e12ef58ccebedeef133584aad66e06a2a13b2b4b2c/dProofs-withConclusions/dProofs7.txt. [tid:23012233443072]
0.95 ms taken to read 5 condensed detachment proofs and conclusions from data/02974777ff5f71e12ef58ccebedeef133584aad66e06a2a13b2b4b2c/dProofs-withConclusions/dProofs25.txt. [tid:23012303451904]
1.75 ms taken to read 3 condensed detachment proofs and conclusions from data/02974777ff5f71e12ef58ccebedeef133584aad66e06a2a13b2b4b2c/dProofs-withConclusions/dProofs17.txt. [tid:23012311856896]
0.35 ms taken to read 20 condensed detachment proofs and conclusions from data/02974777ff5f71e12ef58ccebedeef133584aad66e06a2a13b2b4b2c/dProofs-withConclusions/dProofs33.txt. [tid:23012225038080]
0.25 ms taken to read 6 condensed detachment proofs and conclusions from data/02974777ff5f71e12ef58ccebedeef133584aad66e06a2a13b2b4b2c/dProofs-withConclusions/dProofs27.txt. [tid:23012231341824]
0.41 ms taken to read 15 condensed detachment proofs and conclusions from data/02974777ff5f71e12ef58ccebedeef133584aad66e06a2a13b2b4b2c/dProofs-withConclusions/dProofs31.txt. [tid:23012227139328]
0.31 ms taken to read 5 condensed detachment proofs and conclusions from data/02974777ff5f71e12ef58ccebedeef133584aad66e06a2a13b2b4b2c/dProofs-withConclusions/dProofs21.txt. [tid:23012307654400]
0.17 ms taken to read 7 condensed detachment proofs and conclusions from data/02974777ff5f71e12ef58ccebedeef133584aad66e06a2a13b2b4b2c/dProofs-withConclusions/dProofs29.txt. [tid:23012229240576]
0.35 ms taken to read 30 condensed detachment proofs and conclusions from data/02974777ff5f71e12ef58ccebedeef133584aad66e06a2a13b2b4b2c/dProofs-withConclusions/dProofs37.txt. [tid:23012220835584]
1.82 ms taken to read 251 condensed detachment proofs and conclusions from data/02974777ff5f71e12ef58ccebedeef133584aad66e06a2a13b2b4b2c/dProofs-withConclusions/dProofs55.txt. [tid:23012201924352]
1.90 ms taken to read 4 condensed detachment proofs and conclusions from data/02974777ff5f71e12ef58ccebedeef133584aad66e06a2a13b2b4b2c/dProofs-withConclusions/dProofs19.txt. [tid:23012309755648]
0.89 ms taken to read 51 condensed detachment proofs and conclusions from data/02974777ff5f71e12ef58ccebedeef133584aad66e06a2a13b2b4b2c/dProofs-withConclusions/dProofs43.txt. [tid:23012214531840]
1.04 ms taken to read 162 condensed detachment proofs and conclusions from data/02974777ff5f71e12ef58ccebedeef133584aad66e06a2a13b2b4b2c/dProofs-withConclusions/dProofs51.txt. [tid:23012206126848]
0.58 ms taken to read 206 condensed detachment proofs and conclusions from data/02974777ff5f71e12ef58ccebedeef133584aad66e06a2a13b2b4b2c/dProofs-withConclusions/dProofs53.txt. [tid:23012204025600]
0.79 ms taken to read 2 condensed detachment proofs and conclusions from data/02974777ff5f71e12ef58ccebedeef133584aad66e06a2a13b2b4b2c/dProofs-withConclusions/dProofs15.txt. [tid:23012313958144]
1697.35 ms (1 s 697.35 ms) taken to read 105925 condensed detachment proofs and conclusions from data/02974777ff5f71e12ef58ccebedeef133584aad66e06a2a13b2b4b2c/dProofs-withConclusions/dProofs107.txt. [tid:23012324464384]
0.11 ms taken to read 2 condensed detachment proofs and conclusions from data/02974777ff5f71e12ef58ccebedeef133584aad66e06a2a13b2b4b2c/dProofs-withConclusions/dProofs5.txt. [tid:23012322363136]
2815.02 ms (2 s 815.01 ms) taken to read 134564 condensed detachment proofs and conclusions from data/02974777ff5f71e12ef58ccebedeef133584aad66e06a2a13b2b4b2c/dProofs-withConclusions/dProofs109.txt. [tid:23012233443072]
1570.05 ms (1 s 570.05 ms) taken to read 84222 condensed detachment proofs and conclusions from data/02974777ff5f71e12ef58ccebedeef133584aad66e06a2a13b2b4b2c/dProofs-withConclusions/dProofs105.txt. [tid:23012320261888]
450.36 ms taken to read 41840 condensed detachment proofs and conclusions from data/02974777ff5f71e12ef58ccebedeef133584aad66e06a2a13b2b4b2c/dProofs-withConclusions/dProofs99.txt. [tid:23012318160640]
3.28 ms taken to read 1 condensed detachment proof and conclusion from data/02974777ff5f71e12ef58ccebedeef133584aad66e06a2a13b2b4b2c/dProofs-withConclusions/dProofs13.txt. [tid:23012316059392]
5367.29 ms (5 s 367.29 ms) taken to read 4066027 condensed detachment proofs and conclusions from data/02974777ff5f71e12ef58ccebedeef133584aad66e06a2a13b2b4b2c/dProofs-withConclusions/dProofs137.txt. [tid:23012313958144]
7162.40 ms (7 s 162.40 ms) taken to read 221055 condensed detachment proofs and conclusions from data/02974777ff5f71e12ef58ccebedeef133584aad66e06a2a13b2b4b2c/dProofs-withConclusions/dProofs113.txt. [tid:23012311856896]
3116.53 ms (3 s 116.53 ms) taken to read 1534565 condensed detachment proofs and conclusions from data/02974777ff5f71e12ef58ccebedeef133584aad66e06a2a13b2b4b2c/dProofs-withConclusions/dProofs129.txt. [tid:23012309755648]
2415.24 ms (2 s 415.24 ms) taken to read 579502 condensed detachment proofs and conclusions from data/02974777ff5f71e12ef58ccebedeef133584aad66e06a2a13b2b4b2c/dProofs-withConclusions/dProofs121.txt. [tid:23012307654400]
693.81 ms taken to read 53343 condensed detachment proofs and conclusions from data/02974777ff5f71e12ef58ccebedeef133584aad66e06a2a13b2b4b2c/dProofs-withConclusions/dProofs101.txt. [tid:23012305553152]
4800.30 ms (4 s 800.30 ms) taken to read 172053 condensed detachment proofs and conclusions from data/02974777ff5f71e12ef58ccebedeef133584aad66e06a2a13b2b4b2c/dProofs-withConclusions/dProofs111.txt. [tid:23012303451904]
1001.08 ms (1 s 1.08 ms) taken to read 361751 condensed detachment proofs and conclusions from data/02974777ff5f71e12ef58ccebedeef133584aad66e06a2a13b2b4b2c/dProofs-withConclusions/dProofs117.txt. [tid:23012231341824]
1581.72 ms (1 s 581.72 ms) taken to read 734352 condensed detachment proofs and conclusions from data/02974777ff5f71e12ef58ccebedeef133584aad66e06a2a13b2b4b2c/dProofs-withConclusions/dProofs123.txt. [tid:23012229240576]
1255.71 ms (1 s 255.71 ms) taken to read 458509 condensed detachment proofs and conclusions from data/02974777ff5f71e12ef58ccebedeef133584aad66e06a2a13b2b4b2c/dProofs-withConclusions/dProofs119.txt. [tid:23012227139328]
952.27 ms taken to read 283569 condensed detachment proofs and conclusions from data/02974777ff5f71e12ef58ccebedeef133584aad66e06a2a13b2b4b2c/dProofs-withConclusions/dProofs115.txt. [tid:23012225038080]
0.67 ms taken to read 25 condensed detachment proofs and conclusions from data/02974777ff5f71e12ef58ccebedeef133584aad66e06a2a13b2b4b2c/dProofs-withConclusions/dProofs35.txt. [tid:23012222936832]
2165.97 ms (2 s 165.97 ms) taken to read 935212 condensed detachment proofs and conclusions from data/02974777ff5f71e12ef58ccebedeef133584aad66e06a2a13b2b4b2c/dProofs-withConclusions/dProofs125.txt. [tid:23012220835584]
2.92 ms taken to read 37 condensed detachment proofs and conclusions from data/02974777ff5f71e12ef58ccebedeef133584aad66e06a2a13b2b4b2c/dProofs-withConclusions/dProofs39.txt. [tid:23012218734336]
599.94 ms taken to read 67105 condensed detachment proofs and conclusions from data/02974777ff5f71e12ef58ccebedeef133584aad66e06a2a13b2b4b2c/dProofs-withConclusions/dProofs103.txt. [tid:23012216633088]
3387.69 ms (3 s 387.69 ms) taken to read 1965596 condensed detachment proofs and conclusions from data/02974777ff5f71e12ef58ccebedeef133584aad66e06a2a13b2b4b2c/dProofs-withConclusions/dProofs131.txt. [tid:23012214531840]
0.25 ms taken to read 63 condensed detachment proofs and conclusions from data/02974777ff5f71e12ef58ccebedeef133584aad66e06a2a13b2b4b2c/dProofs-withConclusions/dProofs45.txt. [tid:23012212430592]
8.79 ms taken to read 85 condensed detachment proofs and conclusions from data/02974777ff5f71e12ef58ccebedeef133584aad66e06a2a13b2b4b2c/dProofs-withConclusions/dProofs47.txt. [tid:23012210329344]
0.42 ms taken to read 122 condensed detachment proofs and conclusions from data/02974777ff5f71e12ef58ccebedeef133584aad66e06a2a13b2b4b2c/dProofs-withConclusions/dProofs49.txt. [tid:23012208228096]
4201.02 ms (4 s 201.02 ms) taken to read 2509883 condensed detachment proofs and conclusions from data/02974777ff5f71e12ef58ccebedeef133584aad66e06a2a13b2b4b2c/dProofs-withConclusions/dProofs133.txt. [tid:23012206126848]
4412.77 ms (4 s 412.77 ms) taken to read 3196594 condensed detachment proofs and conclusions from data/02974777ff5f71e12ef58ccebedeef133584aad66e06a2a13b2b4b2c/dProofs-withConclusions/dProofs135.txt. [tid:23012204025600]
2068.70 ms (2 s 68.70 ms) taken to read 1197027 condensed detachment proofs and conclusions from data/02974777ff5f71e12ef58ccebedeef133584aad66e06a2a13b2b4b2c/dProofs-withConclusions/dProofs127.txt. [tid:23012201924352]
11.50 ms taken to read 292 condensed detachment proofs and conclusions from data/02974777ff5f71e12ef58ccebedeef133584aad66e06a2a13b2b4b2c/dProofs-withConclusions/dProofs57.txt. [tid:23012199823104]
13.07 ms taken to read 339 condensed detachment proofs and conclusions from data/02974777ff5f71e12ef58ccebedeef133584aad66e06a2a13b2b4b2c/dProofs-withConclusions/dProofs59.txt. [tid:23012197721856]
11.70 ms taken to read 444 condensed detachment proofs and conclusions from data/02974777ff5f71e12ef58ccebedeef133584aad66e06a2a13b2b4b2c/dProofs-withConclusions/dProofs61.txt. [tid:23012195620608]
15.95 ms taken to read 598 condensed detachment proofs and conclusions from data/02974777ff5f71e12ef58ccebedeef133584aad66e06a2a13b2b4b2c/dProofs-withConclusions/dProofs63.txt. [tid:23012193519360]
18.04 ms taken to read 781 condensed detachment proofs and conclusions from data/02974777ff5f71e12ef58ccebedeef133584aad66e06a2a13b2b4b2c/dProofs-withConclusions/dProofs65.txt. [tid:23012191418112]
13.84 ms taken to read 1016 condensed detachment proofs and conclusions from data/02974777ff5f71e12ef58ccebedeef133584aad66e06a2a13b2b4b2c/dProofs-withConclusions/dProofs67.txt. [tid:23012189316864]
27.47 ms taken to read 1303 condensed detachment proofs and conclusions from data/02974777ff5f71e12ef58ccebedeef133584aad66e06a2a13b2b4b2c/dProofs-withConclusions/dProofs69.txt. [tid:23012187215616]
15.67 ms taken to read 1593 condensed detachment proofs and conclusions from data/02974777ff5f71e12ef58ccebedeef133584aad66e06a2a13b2b4b2c/dProofs-withConclusions/dProofs71.txt. [tid:23012185114368]
31.87 ms taken to read 1922 condensed detachment proofs and conclusions from data/02974777ff5f71e12ef58ccebedeef133584aad66e06a2a13b2b4b2c/dProofs-withConclusions/dProofs73.txt. [tid:23012183013120]
34.11 ms taken to read 2359 condensed detachment proofs and conclusions from data/02974777ff5f71e12ef58ccebedeef133584aad66e06a2a13b2b4b2c/dProofs-withConclusions/dProofs75.txt. [tid:23012180911872]
19.53 ms taken to read 2986 condensed detachment proofs and conclusions from data/02974777ff5f71e12ef58ccebedeef133584aad66e06a2a13b2b4b2c/dProofs-withConclusions/dProofs77.txt. [tid:23012178810624]
46.42 ms taken to read 3875 condensed detachment proofs and conclusions from data/02974777ff5f71e12ef58ccebedeef133584aad66e06a2a13b2b4b2c/dProofs-withConclusions/dProofs79.txt. [tid:23012176709376]
37.18 ms taken to read 5006 condensed detachment proofs and conclusions from data/02974777ff5f71e12ef58ccebedeef133584aad66e06a2a13b2b4b2c/dProofs-withConclusions/dProofs81.txt. [tid:23012174608128]
37.03 ms taken to read 6466 condensed detachment proofs and conclusions from data/02974777ff5f71e12ef58ccebedeef133584aad66e06a2a13b2b4b2c/dProofs-withConclusions/dProofs83.txt. [tid:23012172506880]
35.66 ms taken to read 8184 condensed detachment proofs and conclusions from data/02974777ff5f71e12ef58ccebedeef133584aad66e06a2a13b2b4b2c/dProofs-withConclusions/dProofs85.txt. [tid:23012170405632]
61.86 ms taken to read 10182 condensed detachment proofs and conclusions from data/02974777ff5f71e12ef58ccebedeef133584aad66e06a2a13b2b4b2c/dProofs-withConclusions/dProofs87.txt. [tid:23009414870784]
81.79 ms taken to read 12488 condensed detachment proofs and conclusions from data/02974777ff5f71e12ef58ccebedeef133584aad66e06a2a13b2b4b2c/dProofs-withConclusions/dProofs89.txt. [tid:23009549088512]
86.13 ms taken to read 15534 condensed detachment proofs and conclusions from data/02974777ff5f71e12ef58ccebedeef133584aad66e06a2a13b2b4b2c/dProofs-withConclusions/dProofs91.txt. [tid:23009546987264]
218.50 ms taken to read 19614 condensed detachment proofs and conclusions from data/02974777ff5f71e12ef58ccebedeef133584aad66e06a2a13b2b4b2c/dProofs-withConclusions/dProofs93.txt. [tid:23009544886016]
282.25 ms taken to read 25087 condensed detachment proofs and conclusions from data/02974777ff5f71e12ef58ccebedeef133584aad66e06a2a13b2b4b2c/dProofs-withConclusions/dProofs95.txt. [tid:23009542784768]
212.52 ms taken to read 32452 condensed detachment proofs and conclusions from data/02974777ff5f71e12ef58ccebedeef133584aad66e06a2a13b2b4b2c/dProofs-withConclusions/dProofs97.txt. [tid:23009540683520]
7303.26 ms (7 s 303.26 ms) total read duration.
Loaded 69 representative collections of sizes:
1 : 1
3 : 1
5 : 2
7 : 2
9 : 1
11 : 0
13 : 1
15 : 2
17 : 3
19 : 4
21 : 5
23 : 5
25 : 5
27 : 6
29 : 7
31 : 15
33 : 20
35 : 25
37 : 30
39 : 37
41 : 42
43 : 51
45 : 63
47 : 85
49 : 122
51 : 162
53 : 206
55 : 251
57 : 292
59 : 339
61 : 444
63 : 598
65 : 781
67 : 1016
69 : 1303
71 : 1593
73 : 1922
75 : 2359
77 : 2986
79 : 3875
81 : 5006
83 : 6466
85 : 8184
87 : 10182
89 : 12488
91 : 15534
93 : 19614
95 : 25087
97 : 32452
99 : 41840
101 : 53343
103 : 67105
105 : 84222
107 : 105925
109 : 134564
111 : 172053
113 : 221055
115 : 283569
117 : 361751
119 : 458509
121 : 579502
123 : 734352
125 : 935212
127 : 1197027
129 : 1534565
131 : 1965596
133 : 2509883
135 : 3196594
137 : 4066027
18856369 representatives in total.
11078.64 ms (11 s 78.64 ms) taken to read 13276403 condensed detachment proofs and conclusions from data/02974777ff5f71e12ef58ccebedeef133584aad66e06a2a13b2b4b2c/dProofs-withConclusions/dProofs139-unfiltered139+.txt. [tid:23009540683520]
11080.32 ms (11 s 80.33 ms) additional read duration.
Loaded 1 more representative collection of size:
139 : 13276403
32132772 representatives in total.
Fri Oct  6 04:21:28 2023: Representative collections were initialized successfully on all ranks.
Estimated removal count set to 8097491, based on entry 137:6364145 and last known pair (135:5001838, 137:6364145) with 6364145/5001838 ≈ 1.27236 and 6364145 * (6364145/5001838)^1 ≈ 8097491.68.
Fri Oct  6 04:21:29 2023: Inserted ≈ 5% of D-proof conclusions. [ 1606638 of 32132772] (ETC: Fri Oct  6 04:21:54 2023 ; 24 s 674.17 ms remaining ; 25 s 972.81 ms total)
Fri Oct  6 04:21:31 2023: Inserted ≈10% of D-proof conclusions. [ 3213277 of 32132772] (ETC: Fri Oct  6 04:21:55 2023 ; 24 s 435.36 ms remaining ; 27 s 150.40 ms total)
Fri Oct  6 04:21:32 2023: Inserted ≈15% of D-proof conclusions. [ 4819915 of 32132772] (ETC: Fri Oct  6 04:21:55 2023 ; 22 s 556.06 ms remaining ; 26 s 536.54 ms total)
Fri Oct  6 04:21:33 2023: Inserted ≈20% of D-proof conclusions. [ 6426554 of 32132772] (ETC: Fri Oct  6 04:21:55 2023 ; 21 s 324.61 ms remaining ; 26 s 655.76 ms total)
Fri Oct  6 04:21:35 2023: Inserted ≈25% of D-proof conclusions. [ 8033193 of 32132772] (ETC: Fri Oct  6 04:21:55 2023 ; 20 s  42.07 ms remaining ; 26 s 722.76 ms total)
Fri Oct  6 04:21:36 2023: Inserted ≈30% of D-proof conclusions. [ 9639831 of 32132772] (ETC: Fri Oct  6 04:21:55 2023 ; 19 s 172.07 ms remaining ; 27 s 388.67 ms total)
Fri Oct  6 04:21:38 2023: Inserted ≈35% of D-proof conclusions. [11246470 of 32132772] (ETC: Fri Oct  6 04:21:56 2023 ; 18 s 159.64 ms remaining ; 27 s 937.91 ms total)
Fri Oct  6 04:21:39 2023: Inserted ≈40% of D-proof conclusions. [12853108 of 32132772] (ETC: Fri Oct  6 04:21:56 2023 ; 16 s 872.53 ms remaining ; 28 s 120.89 ms total)
Fri Oct  6 04:21:41 2023: Inserted ≈45% of D-proof conclusions. [14459747 of 32132772] (ETC: Fri Oct  6 04:21:57 2023 ; 15 s 675.54 ms remaining ; 28 s 500.98 ms total)
Fri Oct  6 04:21:42 2023: Inserted ≈50% of D-proof conclusions. [16066386 of 32132772] (ETC: Fri Oct  6 04:21:57 2023 ; 14 s 484.15 ms remaining ; 28 s 968.30 ms total)
Fri Oct  6 04:21:44 2023: Inserted ≈55% of D-proof conclusions. [17673024 of 32132772] (ETC: Fri Oct  6 04:21:58 2023 ; 13 s 405.26 ms remaining ; 29 s 789.47 ms total)
Fri Oct  6 04:21:46 2023: Inserted ≈60% of D-proof conclusions. [19279663 of 32132772] (ETC: Fri Oct  6 04:21:58 2023 ; 11 s 943.80 ms remaining ; 29 s 859.50 ms total)
Fri Oct  6 04:21:47 2023: Inserted ≈65% of D-proof conclusions. [20886301 of 32132772] (ETC: Fri Oct  6 04:21:57 2023 ; 10 s 185.19 ms remaining ; 29 s 100.54 ms total)
Fri Oct  6 04:21:48 2023: Inserted ≈70% of D-proof conclusions. [22492940 of 32132772] (ETC: Fri Oct  6 04:21:56 2023 ; 8 s 427.42 ms remaining ; 28 s  91.41 ms total)
Fri Oct  6 04:21:49 2023: Inserted ≈75% of D-proof conclusions. [24099579 of 32132772] (ETC: Fri Oct  6 04:21:55 2023 ; 6 s 868.66 ms remaining ; 27 s 474.63 ms total)
Fri Oct  6 04:21:49 2023: Inserted ≈80% of D-proof conclusions. [25706217 of 32132772] (ETC: Fri Oct  6 04:21:55 2023 ; 5 s 347.51 ms remaining ; 26 s 737.56 ms total)
Fri Oct  6 04:21:50 2023: Inserted ≈85% of D-proof conclusions. [27312856 of 32132772] (ETC: Fri Oct  6 04:21:54 2023 ; 3 s 903.85 ms remaining ; 26 s  25.67 ms total)
Fri Oct  6 04:21:51 2023: Inserted ≈90% of D-proof conclusions. [28919494 of 32132772] (ETC: Fri Oct  6 04:21:53 2023 ; 2 s 538.85 ms remaining ; 25 s 388.47 ms total)
Fri Oct  6 04:21:52 2023: Inserted ≈95% of D-proof conclusions. [30526133 of 32132772] (ETC: Fri Oct  6 04:21:53 2023 ; 1 s 241.56 ms remaining ; 24 s 831.16 ms total)
Fri Oct  6 04:21:52 2023: Inserted 100% of D-proof conclusions. [32132772 of 32132772] (ETC: Fri Oct  6 04:21:52 2023 ; 0.00 ms remaining ; 24 s 309.56 ms total)
24309.74 ms (24 s 309.74 ms) total insertion duration.
Reservable workloads: { 0:[122930, 184393], 1:[307324, 368787], 2:[491718, 553182], 3:[676113, 737576], 4:[860507, 921971], 5:[1044902, 1106365], 6:[1229296, 1290760], 7:[1413691, 1475154], 8:[1598085, 1659549], 9:[1782480, 1843943], 10:[1966874, 2028338], 11:[2151269, 2212732], 12:[2335663, 2397127], 13:[2520058, 2581521], 14:[2704452, 2765916], 15:[2888847, 2950310], 16:[3073241, 3134705], 17:[3257636, 3319099], 18:[3442030, 3503494], 19:[3626425, 3687888], 20:[3810819, 3872283], 21:[3995214, 4056677], 22:[4179608, 4241072], 23:[4364003, 4425466], 24:[4548397, 4609861], 25:[4732792, 4794255], 26:[4917186, 4978650], 27:[5101581, 5163044], 28:[5285975, 5347439], 29:[5470370, 5531833], 30:[5654764, 5716228], 31:[5839159, 5900622], 32:[6023553, 6085017], 33:[6207948, 6269411], 34:[6392342, 6453806], 35:[6576737, 6638200], 36:[6761131, 6822594], 37:[6945525, 7006989], 38:[7129920, 7191383], 39:[7314314, 7375778], 40:[7498709, 7560172], 41:[7683103, 7744567], 42:[7867498, 7928961], 43:[8051892, 8113356], 44:[8236287, 8297750], 45:[8420681, 8482145], 46:[8605076, 8666539], 47:[8789470, 8850934], 48:[8973865, 9035328], 49:[9158259, 9219723], 50:[9342654, 9404117], 51:[9527048, 9588512], 52:[9711443, 9772906], 53:[9895837, 9957301], 54:[10080232, 10141695], 55:[10264626, 10326090], 56:[10449021, 10510484], 57:[10633415, 10694879], 58:[10817810, 10879273], 59:[11002204, 11063668], 60:[11186599, 11248062], 61:[11370993, 11432457], 62:[11555388, 11616851], 63:[11739782, 11801246], 64:[11924177, 11985640], 65:[12108571, 12170035], 66:[12292966, 12354429], 67:[12477360, 12538824], 68:[12661755, 12723218], 69:[12846149, 12907613], 70:[13030544, 13092007], 71:[13214938, 13276402] }
Fri Oct  6 04:25:58 2023: Removed ≈  2% of redundant conclusions. [ 161949 of approximately 8097491] (ETC: Fri Oct  6 07:44:41 2023 ; 3 h 18 min 43 s 593.76 ms remaining ; 3 h 22 min 46 s 931.15 ms total)
Fri Oct  6 04:30:03 2023: Removed ≈  4% of redundant conclusions. [ 323899 of approximately 8097491] (ETC: Fri Oct  6 07:45:17 2023 ; 3 h 15 min 14 s 780.20 ms remaining ; 3 h 23 min 22 s 895.04 ms total)
Fri Oct  6 04:34:07 2023: Removed ≈  6% of redundant conclusions. [ 485849 of approximately 8097491] (ETC: Fri Oct  6 07:45:25 2023 ; 3 h 11 min 18 s 383.36 ms remaining ; 3 h 23 min 31 s  45.39 ms total)
Fri Oct  6 04:38:10 2023: Removed ≈  8% of redundant conclusions. [ 647799 of approximately 8097491] (ETC: Fri Oct  6 07:45:06 2023 ; 3 h  6 min 56 s  70.45 ms remaining ; 3 h 23 min 11 s 380.47 ms total)
Fri Oct  6 04:42:13 2023: Removed ≈ 10% of redundant conclusions. [ 809749 of approximately 8097491] (ETC: Fri Oct  6 07:45:00 2023 ; 3 h  2 min 46 s 608.39 ms remaining ; 3 h 23 min  5 s 120.26 ms total)
Fri Oct  6 04:46:13 2023: Removed ≈ 12% of redundant conclusions. [ 971698 of approximately 8097491] (ETC: Fri Oct  6 07:44:31 2023 ; 2 h 58 min 18 s 135.28 ms remaining ; 3 h 22 min 36 s 970.34 ms total)
Fri Oct  6 04:50:13 2023: Removed ≈ 14% of redundant conclusions. [1133648 of approximately 8097491] (ETC: Fri Oct  6 07:44:09 2023 ; 2 h 53 min 55 s 341.61 ms remaining ; 3 h 22 min 14 s 116.86 ms total)
Fri Oct  6 04:54:12 2023: Removed ≈ 16% of redundant conclusions. [1295598 of approximately 8097491] (ETC: Fri Oct  6 07:43:45 2023 ; 2 h 49 min 32 s 990.70 ms remaining ; 3 h 21 min 50 s 702.22 ms total)
Fri Oct  6 04:58:11 2023: Removed ≈ 18% of redundant conclusions. [1457548 of approximately 8097491] (ETC: Fri Oct  6 07:43:28 2023 ; 2 h 45 min 16 s 727.30 ms remaining ; 3 h 21 min 33 s 569.19 ms total)
Fri Oct  6 05:02:10 2023: Removed ≈ 20% of redundant conclusions. [1619498 of approximately 8097491] (ETC: Fri Oct  6 07:43:10 2023 ; 2 h 41 min      291.74 ms remaining ; 3 h 21 min 15 s 364.30 ms total)
Fri Oct  6 05:06:06 2023: Removed ≈ 22% of redundant conclusions. [1781448 of approximately 8097491] (ETC: Fri Oct  6 07:42:48 2023 ; 2 h 36 min 41 s 449.21 ms remaining ; 3 h 20 min 53 s 139.98 ms total)
Fri Oct  6 05:10:03 2023: Removed ≈ 24% of redundant conclusions. [1943397 of approximately 8097491] (ETC: Fri Oct  6 07:42:28 2023 ; 2 h 32 min 25 s 804.97 ms remaining ; 3 h 20 min 33 s 952.26 ms total)
Fri Oct  6 05:13:59 2023: Removed ≈ 26% of redundant conclusions. [2105347 of approximately 8097491] (ETC: Fri Oct  6 07:42:11 2023 ; 2 h 28 min 11 s 914.67 ms remaining ; 3 h 20 min 16 s  99.58 ms total)
Fri Oct  6 05:17:53 2023: Removed ≈ 28% of redundant conclusions. [2267297 of approximately 8097491] (ETC: Fri Oct  6 07:41:51 2023 ; 2 h 23 min 57 s 431.90 ms remaining ; 3 h 19 min 56 s 432.21 ms total)
Fri Oct  6 05:21:50 2023: Removed ≈ 30% of redundant conclusions. [2429247 of approximately 8097491] (ETC: Fri Oct  6 07:41:39 2023 ; 2 h 19 min 48 s 895.57 ms remaining ; 3 h 19 min 44 s 135.90 ms total)
Fri Oct  6 05:25:44 2023: Removed ≈ 32% of redundant conclusions. [2591197 of approximately 8097491] (ETC: Fri Oct  6 07:41:21 2023 ; 2 h 15 min 36 s 973.87 ms remaining ; 3 h 19 min 26 s 137.79 ms total)
Fri Oct  6 05:29:36 2023: Removed ≈ 34% of redundant conclusions. [2753146 of approximately 8097491] (ETC: Fri Oct  6 07:41:01 2023 ; 2 h 11 min 24 s 854.43 ms remaining ; 3 h 19 min  6 s 747.04 ms total)
Fri Oct  6 05:33:28 2023: Removed ≈ 36% of redundant conclusions. [2915096 of approximately 8097491] (ETC: Fri Oct  6 07:40:40 2023 ; 2 h  7 min 12 s 662.31 ms remaining ; 3 h 18 min 46 s  33.12 ms total)
Fri Oct  6 05:37:20 2023: Removed ≈ 38% of redundant conclusions. [3077046 of approximately 8097491] (ETC: Fri Oct  6 07:40:24 2023 ; 2 h  3 min  4 s 137.75 ms remaining ; 3 h 18 min 29 s 898.22 ms total)
Fri Oct  6 05:41:12 2023: Removed ≈ 40% of redundant conclusions. [3238996 of approximately 8097491] (ETC: Fri Oct  6 07:40:08 2023 ; 1 h 58 min 55 s 917.98 ms remaining ; 3 h 18 min 13 s 195.65 ms total)
Fri Oct  6 05:45:03 2023: Removed ≈ 42% of redundant conclusions. [3400946 of approximately 8097491] (ETC: Fri Oct  6 07:39:51 2023 ; 1 h 54 min 48 s 677.41 ms remaining ; 3 h 17 min 57 s  29.45 ms total)
Fri Oct  6 05:48:52 2023: Removed ≈ 44% of redundant conclusions. [3562896 of approximately 8097491] (ETC: Fri Oct  6 07:39:34 2023 ; 1 h 50 min 41 s 122.86 ms remaining ; 3 h 17 min 39 s 147.85 ms total)
Fri Oct  6 05:52:41 2023: Removed ≈ 46% of redundant conclusions. [3724845 of approximately 8097491] (ETC: Fri Oct  6 07:39:15 2023 ; 1 h 46 min 33 s 858.73 ms remaining ; 3 h 17 min 20 s 476.81 ms total)
Fri Oct  6 05:56:31 2023: Removed ≈ 48% of redundant conclusions. [3886795 of approximately 8097491] (ETC: Fri Oct  6 07:39:01 2023 ; 1 h 42 min 29 s 943.83 ms remaining ; 3 h 17 min  6 s 813.15 ms total)
Fri Oct  6 06:00:18 2023: Removed ≈ 50% of redundant conclusions. [4048745 of approximately 8097491] (ETC: Fri Oct  6 07:38:42 2023 ; 1 h 38 min 23 s 955.14 ms remaining ; 3 h 16 min 47 s 908.82 ms total)
Fri Oct  6 06:04:06 2023: Removed ≈ 52% of redundant conclusions. [4210695 of approximately 8097491] (ETC: Fri Oct  6 07:38:25 2023 ; 1 h 34 min 19 s 451.38 ms remaining ; 3 h 16 min 30 s 522.75 ms total)
Fri Oct  6 06:07:54 2023: Removed ≈ 54% of redundant conclusions. [4372645 of approximately 8097491] (ETC: Fri Oct  6 07:38:12 2023 ; 1 h 30 min 17 s 489.40 ms remaining ; 3 h 16 min 17 s 150.44 ms total)
Fri Oct  6 06:11:42 2023: Removed ≈ 56% of redundant conclusions. [4534594 of approximately 8097491] (ETC: Fri Oct  6 07:37:57 2023 ; 1 h 26 min 15 s 583.98 ms remaining ; 3 h 16 min  2 s 687.70 ms total)
Fri Oct  6 06:15:28 2023: Removed ≈ 58% of redundant conclusions. [4696544 of approximately 8097491] (ETC: Fri Oct  6 07:37:43 2023 ; 1 h 22 min 14 s 236.26 ms remaining ; 3 h 15 min 48 s 178.88 ms total)
Fri Oct  6 06:19:15 2023: Removed ≈ 60% of redundant conclusions. [4858494 of approximately 8097491] (ETC: Fri Oct  6 07:37:29 2023 ; 1 h 18 min 13 s 817.06 ms remaining ; 3 h 15 min 34 s 540.47 ms total)
Fri Oct  6 06:23:02 2023: Removed ≈ 62% of redundant conclusions. [5020444 of approximately 8097491] (ETC: Fri Oct  6 07:37:17 2023 ; 1 h 14 min 14 s 424.29 ms remaining ; 3 h 15 min 22 s 167.58 ms total)
Fri Oct  6 06:26:48 2023: Removed ≈ 64% of redundant conclusions. [5182394 of approximately 8097491] (ETC: Fri Oct  6 07:37:03 2023 ; 1 h 10 min 14 s 926.45 ms remaining ; 3 h 15 min  8 s 128.06 ms total)
Fri Oct  6 06:30:43 2023: Removed ≈ 66% of redundant conclusions. [5344344 of approximately 8097491] (ETC: Fri Oct  6 07:37:05 2023 ; 1 h  6 min 21 s 463.78 ms remaining ; 3 h 15 min 10 s 187.34 ms total)
Fri Oct  6 06:34:39 2023: Removed ≈ 68% of redundant conclusions. [5506293 of approximately 8097491] (ETC: Fri Oct  6 07:37:07 2023 ; 1 h  2 min 28 s 163.32 ms remaining ; 3 h 15 min 13 s   6.40 ms total)
Fri Oct  6 06:38:26 2023: Removed ≈ 70% of redundant conclusions. [5668243 of approximately 8097491] (ETC: Fri Oct  6 07:36:57 2023 ; 58 min 30 s 843.63 ms remaining ; 3 h 15 min  2 s 808.74 ms total)
Fri Oct  6 06:42:09 2023: Removed ≈ 72% of redundant conclusions. [5830193 of approximately 8097491] (ETC: Fri Oct  6 07:36:42 2023 ; 54 min 32 s 423.40 ms remaining ; 3 h 14 min 47 s 223.76 ms total)
Fri Oct  6 06:45:51 2023: Removed ≈ 74% of redundant conclusions. [5992143 of approximately 8097491] (ETC: Fri Oct  6 07:36:26 2023 ; 50 min 34 s 644.05 ms remaining ; 3 h 14 min 31 s 706.01 ms total)
Fri Oct  6 06:49:34 2023: Removed ≈ 76% of redundant conclusions. [6154093 of approximately 8097491] (ETC: Fri Oct  6 07:36:12 2023 ; 46 min 37 s 780.06 ms remaining ; 3 h 14 min 17 s 415.97 ms total)
Fri Oct  6 06:53:17 2023: Removed ≈ 78% of redundant conclusions. [6316042 of approximately 8097491] (ETC: Fri Oct  6 07:35:59 2023 ; 42 min 41 s 776.45 ms remaining ; 3 h 14 min  4 s 432.00 ms total)
Fri Oct  6 06:57:00 2023: Removed ≈ 80% of redundant conclusions. [6477992 of approximately 8097491] (ETC: Fri Oct  6 07:35:47 2023 ; 38 min 46 s 515.25 ms remaining ; 3 h 13 min 52 s 570.50 ms total)
Fri Oct  6 07:00:44 2023: Removed ≈ 82% of redundant conclusions. [6639942 of approximately 8097491] (ETC: Fri Oct  6 07:35:35 2023 ; 34 min 51 s 785.41 ms remaining ; 3 h 13 min 41 s  25.12 ms total)
Fri Oct  6 07:04:29 2023: Removed ≈ 84% of redundant conclusions. [6801892 of approximately 8097491] (ETC: Fri Oct  6 07:35:27 2023 ; 30 min 58 s  81.70 ms remaining ; 3 h 13 min 33 s   6.69 ms total)
Fri Oct  6 07:08:14 2023: Removed ≈ 86% of redundant conclusions. [6963842 of approximately 8097491] (ETC: Fri Oct  6 07:35:19 2023 ; 27 min  4 s 620.38 ms remaining ; 3 h 13 min 24 s 428.64 ms total)
Fri Oct  6 07:12:04 2023: Removed ≈ 88% of redundant conclusions. [7125792 of approximately 8097491] (ETC: Fri Oct  6 07:35:16 2023 ; 23 min 12 s 184.51 ms remaining ; 3 h 13 min 21 s 536.67 ms total)
Fri Oct  6 07:15:56 2023: Removed ≈ 90% of redundant conclusions. [7287741 of approximately 8097491] (ETC: Fri Oct  6 07:35:16 2023 ; 19 min 20 s 133.82 ms remaining ; 3 h 13 min 21 s 325.27 ms total)
Fri Oct  6 07:19:39 2023: Removed ≈ 92% of redundant conclusions. [7449691 of approximately 8097491] (ETC: Fri Oct  6 07:35:06 2023 ; 15 min 27 s 335.40 ms remaining ; 3 h 13 min 11 s 679.57 ms total)
Fri Oct  6 07:23:24 2023: Removed ≈ 94% of redundant conclusions. [7611641 of approximately 8097491] (ETC: Fri Oct  6 07:34:59 2023 ; 11 min 35 s 103.10 ms remaining ; 3 h 13 min  5 s  38.77 ms total)
Fri Oct  6 07:27:16 2023: Removed ≈ 96% of redundant conclusions. [7773591 of approximately 8097491] (ETC: Fri Oct  6 07:35:00 2023 ; 7 min 43 s 409.30 ms remaining ; 3 h 13 min  5 s 219.62 ms total)
[Rank 6] Workload transfer approved. Starting to work on 0:[177565, 182117].
[Rank 65] Workload transfer approved. Starting to work on 1:[361959, 366511].
[Rank 22] Workload transfer approved. Starting to work on 7:[1468326, 1472878].
[Rank 51] Workload transfer approved. Starting to work on 13:[2574693, 2579245].
[Rank 28] Workload transfer approved. Starting to work on 19:[3681060, 3685612].
[Rank 64] Workload transfer approved. Starting to work on 27:[5156216, 5160768].
[Rank 32] Workload transfer approved. Starting to work on 34:[6446978, 6451530].
[Rank 16] Workload transfer approved. Starting to work on 35:[6631372, 6635924].
Fri Oct  6 07:31:13 2023: Removed ≈ 98% of redundant conclusions. [7935541 of approximately 8097491] (ETC: Fri Oct  6 07:35:05 2023 ; 3 min 51 s 812.38 ms remaining ; 3 h 13 min 10 s 605.89 ms total)
[Rank 44] Workload transfer approved. Starting to work on 40:[7553344, 7557896].
[Rank 14] Workload transfer approved. Starting to work on 42:[7922133, 7926685].
[Rank 10] Workload transfer approved. Starting to work on 56:[10503656, 10508208].
[Rank 60] Workload transfer approved. Starting to work on 57:[10688051, 10692603].
[Rank 9] Workload transfer approved. Starting to work on 62:[11610023, 11614575].
[Rank 2] Workload transfer approved. Starting to work on 1:[366512, 368029].
[Rank 68] Workload transfer approved. Starting to work on 3:[735301, 736818].
[Rank 41] Workload transfer approved. Starting to work on 4:[919696, 921213].
[Rank 17] Workload transfer approved. Starting to work on 5:[1104090, 1105607].
[Rank 21] Workload transfer approved. Starting to work on 7:[1472879, 1474396].
[Rank 12] Workload transfer approved. Starting to work on 11:[2210457, 2211974].
[Rank 61] Workload transfer approved. Starting to work on 13:[2579246, 2580763].
[Rank 23] Workload transfer approved. Starting to work on 18:[3501219, 3502736].
[Rank 30] Workload transfer approved. Starting to work on 19:[3685613, 3687130].
[Rank 24] Workload transfer approved. Starting to work on 25:[4791980, 4793497].
[Rank 0] Workload transfer approved. Starting to work on 29:[5529558, 5531075].
[Rank 63] Workload transfer approved. Starting to work on 34:[6451531, 6453048].
[Rank 8] Workload transfer approved. Starting to work on 35:[6635925, 6637442].
[Rank 2] Workload transfer approved. Starting to work on 37:[7004714, 7006231].
[Rank 6] Workload transfer approved. Starting to work on 40:[7557897, 7559414].
[Rank 5] Workload transfer approved. Starting to work on 42:[7926686, 7928203].
[Rank 68] Workload transfer approved. Starting to work on 50:[9401842, 9403359].
[Rank 70] Workload transfer approved. Starting to work on 52:[9770631, 9772148].
[Rank 49] Workload transfer approved. Starting to work on 53:[9955026, 9956543].
[Rank 67] Workload transfer approved. Starting to work on 56:[10508209, 10509726].
[Rank 41] Workload transfer approved. Starting to work on 59:[11061393, 11062910].
[Rank 15] Workload transfer approved. Starting to work on 62:[11614576, 11616093].
[Rank 17] Workload transfer approved. Starting to work on 71:[13274127, 13275644].
[Rank 65] Workload transfer approved. Starting to work on 1:[368030, 368787].
[Rank 58] Workload transfer approved. Starting to work on 4:[921214, 921971].
[Rank 21] Workload transfer approved. Starting to work on 7:[1474397, 1475154].
[Rank 48] Workload transfer approved. Starting to work on 13:[2580764, 2581521].
[Rank 54] Workload transfer approved. Starting to work on 19:[3687131, 3687888].
[Rank 33] Workload transfer approved. Starting to work on 27:[5162287, 5163044].
[Rank 20] Workload transfer approved. Starting to work on 34:[6453049, 6453806].
[Rank 39] Workload transfer approved. Starting to work on 36:[6821837, 6822594].
[Rank 26] Workload transfer approved. Starting to work on 38:[7190626, 7191383].
[Rank 25] Workload transfer approved. Starting to work on 40:[7559415, 7560172].
[Rank 66] Workload transfer approved. Starting to work on 42:[7928204, 7928961].
[Rank 18] Workload transfer approved. Starting to work on 46:[8665782, 8666539].
[Rank 23] Workload transfer approved. Starting to work on 52:[9772149, 9772906].
[Rank 22] Workload transfer approved. Starting to work on 53:[9956544, 9957301].
[Rank 52] Workload transfer approved. Starting to work on 56:[10509727, 10510484].
[Rank 27] Workload transfer approved. Starting to work on 57:[10694122, 10694879].
[Rank 61] Workload transfer approved. Starting to work on 59:[11062911, 11063668].
[Rank 43] Workload transfer approved. Starting to work on 62:[11616094, 11616851].
[Rank 35] Workload transfer approved. Starting to work on 71:[13275645, 13276402].
12058277.62 ms (3 h 20 min 58 s 277.62 ms) taken to detect 8096264 conclusions for which there are more general variants proven in lower or equal amounts of steps.
Found 5180139 representative and 8096264 redundant condensed detachment proof strings.
[Copy] Removal count: { 139, 8096264 }
Fri Oct  6 07:42:51 2023: MPI-based D-proof representative filter complete. [rank 1 on "ncm0145.hpc.itc.rwth-aachen.de" ; 72 processes ; 48 local hardware thread contexts]
Fri Oct  6 07:42:51 2023: MPI-based D-proof representative filter complete. [rank 2 on "ncm0185.hpc.itc.rwth-aachen.de" ; 72 processes ; 48 local hardware thread contexts]
Fri Oct  6 07:42:51 2023: MPI-based D-proof representative filter complete. [rank 3 on "ncm0189.hpc.itc.rwth-aachen.de" ; 72 processes ; 48 local hardware thread contexts]
Fri Oct  6 07:42:51 2023: MPI-based D-proof representative filter complete. [rank 4 on "ncm0190.hpc.itc.rwth-aachen.de" ; 72 processes ; 48 local hardware thread contexts]
Fri Oct  6 07:42:51 2023: MPI-based D-proof representative filter complete. [rank 5 on "ncm0201.hpc.itc.rwth-aachen.de" ; 72 processes ; 48 local hardware thread contexts]
Fri Oct  6 07:42:51 2023: MPI-based D-proof representative filter complete. [rank 6 on "ncm0209.hpc.itc.rwth-aachen.de" ; 72 processes ; 48 local hardware thread contexts]
Fri Oct  6 07:42:51 2023: MPI-based D-proof representative filter complete. [rank 7 on "ncm0234.hpc.itc.rwth-aachen.de" ; 72 processes ; 48 local hardware thread contexts]
Fri Oct  6 07:42:51 2023: MPI-based D-proof representative filter complete. [rank 8 on "ncm0236.hpc.itc.rwth-aachen.de" ; 72 processes ; 48 local hardware thread contexts]
Fri Oct  6 07:42:51 2023: MPI-based D-proof representative filter complete. [rank 9 on "ncm0243.hpc.itc.rwth-aachen.de" ; 72 processes ; 48 local hardware thread contexts]
Fri Oct  6 07:42:51 2023: MPI-based D-proof representative filter complete. [rank 10 on "ncm0372.hpc.itc.rwth-aachen.de" ; 72 processes ; 48 local hardware thread contexts]
Fri Oct  6 07:42:51 2023: MPI-based D-proof representative filter complete. [rank 11 on "ncm0375.hpc.itc.rwth-aachen.de" ; 72 processes ; 48 local hardware thread contexts]
Fri Oct  6 07:42:51 2023: MPI-based D-proof representative filter complete. [rank 12 on "ncm0381.hpc.itc.rwth-aachen.de" ; 72 processes ; 48 local hardware thread contexts]
Fri Oct  6 07:42:51 2023: MPI-based D-proof representative filter complete. [rank 13 on "ncm0383.hpc.itc.rwth-aachen.de" ; 72 processes ; 48 local hardware thread contexts]
Fri Oct  6 07:42:51 2023: MPI-based D-proof representative filter complete. [rank 14 on "ncm0386.hpc.itc.rwth-aachen.de" ; 72 processes ; 48 local hardware thread contexts]
Fri Oct  6 07:42:51 2023: MPI-based D-proof representative filter complete. [rank 15 on "ncm0393.hpc.itc.rwth-aachen.de" ; 72 processes ; 48 local hardware thread contexts]
Fri Oct  6 07:42:51 2023: MPI-based D-proof representative filter complete. [rank 16 on "ncm0394.hpc.itc.rwth-aachen.de" ; 72 processes ; 48 local hardware thread contexts]
Fri Oct  6 07:42:51 2023: MPI-based D-proof representative filter complete. [rank 17 on "ncm0449.hpc.itc.rwth-aachen.de" ; 72 processes ; 48 local hardware thread contexts]
Fri Oct  6 07:42:51 2023: MPI-based D-proof representative filter complete. [rank 18 on "ncm0457.hpc.itc.rwth-aachen.de" ; 72 processes ; 48 local hardware thread contexts]
Fri Oct  6 07:42:51 2023: MPI-based D-proof representative filter complete. [rank 19 on "ncm0470.hpc.itc.rwth-aachen.de" ; 72 processes ; 48 local hardware thread contexts]
Fri Oct  6 07:42:51 2023: MPI-based D-proof representative filter complete. [rank 20 on "ncm0508.hpc.itc.rwth-aachen.de" ; 72 processes ; 48 local hardware thread contexts]
Fri Oct  6 07:42:51 2023: MPI-based D-proof representative filter complete. [rank 21 on "ncm0509.hpc.itc.rwth-aachen.de" ; 72 processes ; 48 local hardware thread contexts]
Fri Oct  6 07:42:51 2023: MPI-based D-proof representative filter complete. [rank 22 on "ncm0511.hpc.itc.rwth-aachen.de" ; 72 processes ; 48 local hardware thread contexts]
Fri Oct  6 07:42:51 2023: MPI-based D-proof representative filter complete. [rank 23 on "ncm0578.hpc.itc.rwth-aachen.de" ; 72 processes ; 48 local hardware thread contexts]
Fri Oct  6 07:42:51 2023: MPI-based D-proof representative filter complete. [rank 24 on "ncm0579.hpc.itc.rwth-aachen.de" ; 72 processes ; 48 local hardware thread contexts]
Fri Oct  6 07:42:51 2023: MPI-based D-proof representative filter complete. [rank 25 on "ncm0631.hpc.itc.rwth-aachen.de" ; 72 processes ; 48 local hardware thread contexts]
Fri Oct  6 07:42:51 2023: MPI-based D-proof representative filter complete. [rank 26 on "ncm0633.hpc.itc.rwth-aachen.de" ; 72 processes ; 48 local hardware thread contexts]
Fri Oct  6 07:42:51 2023: MPI-based D-proof representative filter complete. [rank 27 on "ncm0634.hpc.itc.rwth-aachen.de" ; 72 processes ; 48 local hardware thread contexts]
Fri Oct  6 07:42:51 2023: MPI-based D-proof representative filter complete. [rank 28 on "ncm0641.hpc.itc.rwth-aachen.de" ; 72 processes ; 48 local hardware thread contexts]
Fri Oct  6 07:42:51 2023: MPI-based D-proof representative filter complete. [rank 29 on "ncm0647.hpc.itc.rwth-aachen.de" ; 72 processes ; 48 local hardware thread contexts]
Fri Oct  6 07:42:51 2023: MPI-based D-proof representative filter complete. [rank 30 on "ncm0648.hpc.itc.rwth-aachen.de" ; 72 processes ; 48 local hardware thread contexts]
Fri Oct  6 07:42:51 2023: MPI-based D-proof representative filter complete. [rank 31 on "ncm0652.hpc.itc.rwth-aachen.de" ; 72 processes ; 48 local hardware thread contexts]
Fri Oct  6 07:42:51 2023: MPI-based D-proof representative filter complete. [rank 32 on "ncm0680.hpc.itc.rwth-aachen.de" ; 72 processes ; 48 local hardware thread contexts]
Fri Oct  6 07:42:51 2023: MPI-based D-proof representative filter complete. [rank 33 on "ncm0684.hpc.itc.rwth-aachen.de" ; 72 processes ; 48 local hardware thread contexts]
Fri Oct  6 07:42:51 2023: MPI-based D-proof representative filter complete. [rank 34 on "ncm0686.hpc.itc.rwth-aachen.de" ; 72 processes ; 48 local hardware thread contexts]
Fri Oct  6 07:42:51 2023: MPI-based D-proof representative filter complete. [rank 35 on "ncm0721.hpc.itc.rwth-aachen.de" ; 72 processes ; 48 local hardware thread contexts]
Fri Oct  6 07:42:51 2023: MPI-based D-proof representative filter complete. [rank 36 on "ncm0802.hpc.itc.rwth-aachen.de" ; 72 processes ; 48 local hardware thread contexts]
Fri Oct  6 07:42:51 2023: MPI-based D-proof representative filter complete. [rank 37 on "ncm0804.hpc.itc.rwth-aachen.de" ; 72 processes ; 48 local hardware thread contexts]
Fri Oct  6 07:42:51 2023: MPI-based D-proof representative filter complete. [rank 38 on "ncm0808.hpc.itc.rwth-aachen.de" ; 72 processes ; 48 local hardware thread contexts]
Fri Oct  6 07:42:51 2023: MPI-based D-proof representative filter complete. [rank 39 on "ncm0817.hpc.itc.rwth-aachen.de" ; 72 processes ; 48 local hardware thread contexts]
Fri Oct  6 07:42:51 2023: MPI-based D-proof representative filter complete. [rank 40 on "ncm0823.hpc.itc.rwth-aachen.de" ; 72 processes ; 48 local hardware thread contexts]
Fri Oct  6 07:42:51 2023: MPI-based D-proof representative filter complete. [rank 41 on "ncm0830.hpc.itc.rwth-aachen.de" ; 72 processes ; 48 local hardware thread contexts]
Fri Oct  6 07:42:51 2023: MPI-based D-proof representative filter complete. [rank 42 on "ncm0836.hpc.itc.rwth-aachen.de" ; 72 processes ; 48 local hardware thread contexts]
Fri Oct  6 07:42:51 2023: MPI-based D-proof representative filter complete. [rank 43 on "ncm0847.hpc.itc.rwth-aachen.de" ; 72 processes ; 48 local hardware thread contexts]
Fri Oct  6 07:42:51 2023: MPI-based D-proof representative filter complete. [rank 44 on "ncm0848.hpc.itc.rwth-aachen.de" ; 72 processes ; 48 local hardware thread contexts]
Fri Oct  6 07:42:51 2023: MPI-based D-proof representative filter complete. [rank 45 on "ncm0853.hpc.itc.rwth-aachen.de" ; 72 processes ; 48 local hardware thread contexts]
Fri Oct  6 07:42:51 2023: MPI-based D-proof representative filter complete. [rank 46 on "ncm0864.hpc.itc.rwth-aachen.de" ; 72 processes ; 48 local hardware thread contexts]
Fri Oct  6 07:42:51 2023: MPI-based D-proof representative filter complete. [rank 47 on "ncm0872.hpc.itc.rwth-aachen.de" ; 72 processes ; 48 local hardware thread contexts]
Fri Oct  6 07:42:51 2023: MPI-based D-proof representative filter complete. [rank 48 on "ncm0941.hpc.itc.rwth-aachen.de" ; 72 processes ; 48 local hardware thread contexts]
Fri Oct  6 07:42:51 2023: MPI-based D-proof representative filter complete. [rank 49 on "ncm0943.hpc.itc.rwth-aachen.de" ; 72 processes ; 48 local hardware thread contexts]
Fri Oct  6 07:42:51 2023: MPI-based D-proof representative filter complete. [rank 50 on "ncm0953.hpc.itc.rwth-aachen.de" ; 72 processes ; 48 local hardware thread contexts]
Fri Oct  6 07:42:51 2023: MPI-based D-proof representative filter complete. [rank 51 on "ncm0955.hpc.itc.rwth-aachen.de" ; 72 processes ; 48 local hardware thread contexts]
Fri Oct  6 07:42:51 2023: MPI-based D-proof representative filter complete. [rank 52 on "ncm0964.hpc.itc.rwth-aachen.de" ; 72 processes ; 48 local hardware thread contexts]
Fri Oct  6 07:42:51 2023: MPI-based D-proof representative filter complete. [rank 53 on "ncm0970.hpc.itc.rwth-aachen.de" ; 72 processes ; 48 local hardware thread contexts]
Fri Oct  6 07:42:51 2023: MPI-based D-proof representative filter complete. [rank 54 on "ncm0985.hpc.itc.rwth-aachen.de" ; 72 processes ; 48 local hardware thread contexts]
Fri Oct  6 07:42:51 2023: MPI-based D-proof representative filter complete. [rank 55 on "ncm1001.hpc.itc.rwth-aachen.de" ; 72 processes ; 48 local hardware thread contexts]
Fri Oct  6 07:42:51 2023: MPI-based D-proof representative filter complete. [rank 56 on "ncm1003.hpc.itc.rwth-aachen.de" ; 72 processes ; 48 local hardware thread contexts]
Fri Oct  6 07:42:51 2023: MPI-based D-proof representative filter complete. [rank 57 on "ncm1004.hpc.itc.rwth-aachen.de" ; 72 processes ; 48 local hardware thread contexts]
Fri Oct  6 07:42:51 2023: MPI-based D-proof representative filter complete. [rank 58 on "ncm1005.hpc.itc.rwth-aachen.de" ; 72 processes ; 48 local hardware thread contexts]
Fri Oct  6 07:42:51 2023: MPI-based D-proof representative filter complete. [rank 59 on "ncm1019.hpc.itc.rwth-aachen.de" ; 72 processes ; 48 local hardware thread contexts]
Fri Oct  6 07:42:51 2023: MPI-based D-proof representative filter complete. [rank 60 on "ncm1022.hpc.itc.rwth-aachen.de" ; 72 processes ; 48 local hardware thread contexts]
Fri Oct  6 07:42:51 2023: MPI-based D-proof representative filter complete. [rank 61 on "ncm1027.hpc.itc.rwth-aachen.de" ; 72 processes ; 48 local hardware thread contexts]
Fri Oct  6 07:42:51 2023: MPI-based D-proof representative filter complete. [rank 62 on "nrm016.hpc.itc.rwth-aachen.de" ; 72 processes ; 48 local hardware thread contexts]
Fri Oct  6 07:42:51 2023: MPI-based D-proof representative filter complete. [rank 63 on "nrm020.hpc.itc.rwth-aachen.de" ; 72 processes ; 48 local hardware thread contexts]
Fri Oct  6 07:42:51 2023: MPI-based D-proof representative filter complete. [rank 64 on "nrm028.hpc.itc.rwth-aachen.de" ; 72 processes ; 48 local hardware thread contexts]
Fri Oct  6 07:42:51 2023: MPI-based D-proof representative filter complete. [rank 65 on "nrm033.hpc.itc.rwth-aachen.de" ; 72 processes ; 48 local hardware thread contexts]
Fri Oct  6 07:42:51 2023: MPI-based D-proof representative filter complete. [rank 66 on "nrm035.hpc.itc.rwth-aachen.de" ; 72 processes ; 48 local hardware thread contexts]
Fri Oct  6 07:42:51 2023: MPI-based D-proof representative filter complete. [rank 67 on "nrm188.hpc.itc.rwth-aachen.de" ; 72 processes ; 48 local hardware thread contexts]
Fri Oct  6 07:42:51 2023: MPI-based D-proof representative filter complete. [rank 68 on "nrm189.hpc.itc.rwth-aachen.de" ; 72 processes ; 48 local hardware thread contexts]
Fri Oct  6 07:42:51 2023: MPI-based D-proof representative filter complete. [rank 69 on "nrm192.hpc.itc.rwth-aachen.de" ; 72 processes ; 48 local hardware thread contexts]
Fri Oct  6 07:42:51 2023: MPI-based D-proof representative filter complete. [rank 70 on "nrm193.hpc.itc.rwth-aachen.de" ; 72 processes ; 48 local hardware thread contexts]
Fri Oct  6 07:42:51 2023: MPI-based D-proof representative filter complete. [rank 71 on "nrm198.hpc.itc.rwth-aachen.de" ; 72 processes ; 48 local hardware thread contexts]
2667.23 ms (2 s 667.23 ms) taken to filter and order new representative proofs.
Fri Oct  6 07:42:53 2023: Starting to write 5180139 entries to data/02974777ff5f71e12ef58ccebedeef133584aad66e06a2a13b2b4b2c/dProofs-withConclusions/dProofs139.txt.
3947.37 ms (3 s 947.37 ms) taken to print and save 1602917394 bytes of representative condensed detachment proof strings to data/02974777ff5f71e12ef58ccebedeef133584aad66e06a2a13b2b4b2c/dProofs-withConclusions/dProofs139.txt.
Fri Oct  6 07:42:57 2023: MPI-based D-proof representative filter complete. [rank 0 on "ncm0074.hpc.itc.rwth-aachen.de" ; 72 processes ; 48 local hardware thread contexts]
Fri Oct  6 07:43:34 2023: Process terminated. [pid: 26208, tid:22528850790272]
Fri Oct  6 07:43:34 2023: Process terminated. [pid: 40545, tid:22637640730496]
Fri Oct  6 07:43:34 2023: Process terminated. [pid: 108073, tid:23396656375680]
Fri Oct  6 07:43:34 2023: Process terminated. [pid: 72677, tid:22873088362368]
Fri Oct  6 07:43:34 2023: Process terminated. [pid: 46550, tid:22580874946432]
Fri Oct  6 07:43:34 2023: Process terminated. [pid: 57645, tid:23052155504512]
Fri Oct  6 07:43:34 2023: Process terminated. [pid: 259588, tid:23012499621760]
Fri Oct  6 07:43:34 2023: Process terminated. [pid: 208669, tid:22769102325632]
Fri Oct  6 07:43:34 2023: Process terminated. [pid: 116367, tid:23340636899200]
Fri Oct  6 07:43:34 2023: Process terminated. [pid: 156167, tid:22868185458560]
Fri Oct  6 07:43:34 2023: Process terminated. [pid: 142815, tid:23054490949504]
Fri Oct  6 07:43:34 2023: Process terminated. [pid: 272067, tid:23033296430976]
Fri Oct  6 07:43:34 2023: Process terminated. [pid: 268138, tid:23325038581632]
Fri Oct  6 07:43:34 2023: Process terminated. [pid: 108984, tid:22506187200384]
Fri Oct  6 07:43:34 2023: Process terminated. [pid: 146944, tid:22637404706688]
Fri Oct  6 07:43:34 2023: Process terminated. [pid: 256074, tid:22426328508288]
Fri Oct  6 07:43:34 2023: Process terminated. [pid: 168404, tid:23412754470784]
Fri Oct  6 07:43:34 2023: Process terminated. [pid: 15146, tid:23210158364544]
Fri Oct  6 07:43:34 2023: Process terminated. [pid: 220971, tid:22901509871488]
Fri Oct  6 07:43:34 2023: Process terminated. [pid: 84803, tid:22918218954624]
Fri Oct  6 07:43:34 2023: Process terminated. [pid: 227212, tid:23150357534592]
Fri Oct  6 07:43:34 2023: Process terminated. [pid: 29498, tid:22842941572992]
Fri Oct  6 07:43:34 2023: Process terminated. [pid: 169832, tid:23145547691904]
Fri Oct  6 07:43:34 2023: Process terminated. [pid: 259423, tid:23041953752960]
Fri Oct  6 07:43:34 2023: Process terminated. [pid: 22910, tid:23155336001408]
Fri Oct  6 07:43:34 2023: Process terminated. [pid: 213173, tid:22776671586176]
Fri Oct  6 07:43:34 2023: Process terminated. [pid: 91838, tid:22689694627712]
Fri Oct  6 07:43:34 2023: Process terminated. [pid: 203824, tid:23426168006528]
Fri Oct  6 07:43:34 2023: Process terminated. [pid: 191734, tid:23338969319296]
Fri Oct  6 07:43:34 2023: Process terminated. [pid: 121861, tid:22879215998848]
Fri Oct  6 07:43:34 2023: Process terminated. [pid: 135533, tid:23081893103488]
Fri Oct  6 07:43:34 2023: Process terminated. [pid: 227256, tid:22881253095296]
Fri Oct  6 07:43:34 2023: Process terminated. [pid: 139865, tid:23350667310976]
Fri Oct  6 07:43:34 2023: Process terminated. [pid: 112481, tid:23192817768320]
Fri Oct  6 07:43:34 2023: Process terminated. [pid: 66086, tid:23137082636160]
Fri Oct  6 07:43:34 2023: Process terminated. [pid: 97821, tid:22776744449920]
Fri Oct  6 07:43:34 2023: Process terminated. [pid: 262592, tid:22447288366976]
Fri Oct  6 07:43:34 2023: Process terminated. [pid: 181592, tid:23315186481024]
Fri Oct  6 07:43:34 2023: Process terminated. [pid: 96094, tid:23061198006144]
Fri Oct  6 07:43:34 2023: Process terminated. [pid: 155224, tid:22749868873600]
Fri Oct  6 07:43:34 2023: Process terminated. [pid: 12208, tid:23140756223872]
Fri Oct  6 07:43:34 2023: Process terminated. [pid: 148225, tid:22510324025216]
Fri Oct  6 07:43:34 2023: Process terminated. [pid: 267784, tid:23187309680512]
Fri Oct  6 07:43:34 2023: Process terminated. [pid: 98455, tid:23228207056768]
Fri Oct  6 07:43:34 2023: Process terminated. [pid: 142148, tid:22904480647040]
Fri Oct  6 07:43:34 2023: Process terminated. [pid: 116339, tid:22466788923264]
Fri Oct  6 07:43:34 2023: Process terminated. [pid: 212404, tid:22731483740032]
Fri Oct  6 07:43:34 2023: Process terminated. [pid: 126614, tid:22679804671872]
Fri Oct  6 07:43:34 2023: Process terminated. [pid: 141034, tid:22968648411008]
Fri Oct  6 07:43:34 2023: Process terminated. [pid: 100752, tid:23123128469376]
Fri Oct  6 07:43:34 2023: Process terminated. [pid: 48297, tid:23298728146816]
Fri Oct  6 07:43:34 2023: Process terminated. [pid: 226063, tid:23017506563968]
Fri Oct  6 07:43:34 2023: Process terminated. [pid: 108977, tid:23364981712768]
Fri Oct  6 07:43:34 2023: Process terminated. [pid: 122554, tid:22972428609408]
Fri Oct  6 07:43:34 2023: Process terminated. [pid: 251807, tid:22708634265472]
Fri Oct  6 07:43:34 2023: Process terminated. [pid: 111612, tid:22783314208640]
Fri Oct  6 07:43:34 2023: Process terminated. [pid: 135544, tid:22942701610880]
Fri Oct  6 07:43:34 2023: Process terminated. [pid: 117436, tid:23417000052608]
Fri Oct  6 07:43:34 2023: Process terminated. [pid: 57217, tid:22967053092736]
Fri Oct  6 07:43:34 2023: Process terminated. [pid: 99258, tid:22377235175296]
Fri Oct  6 07:43:34 2023: Process terminated. [pid: 259964, tid:23090386593664]
Fri Oct  6 07:43:34 2023: Process terminated. [pid: 1833, tid:23321756514176]
Fri Oct  6 07:43:34 2023: Process terminated. [pid: 97791, tid:22829563651968]
Fri Oct  6 07:43:34 2023: Process terminated. [pid: 210191, tid:23297298028416]
Fri Oct  6 07:43:34 2023: Process terminated. [pid: 166129, tid:23207286982528]
Fri Oct  6 07:43:34 2023: Process terminated. [pid: 107999, tid:23212281968512]
Fri Oct  6 07:43:34 2023: Process terminated. [pid: 255861, tid:22474934060928]
Fri Oct  6 07:43:34 2023: Process terminated. [pid: 48884, tid:23182715332480]
Fri Oct  6 07:43:34 2023: Process terminated. [pid: 263526, tid:23217909688192]
Fri Oct  6 07:43:34 2023: Process terminated. [pid: 62931, tid:22739136059264]
Fri Oct  6 07:43:34 2023: Process terminated. [pid: 48901, tid:23284521031552]
Fri Oct  6 07:43:34 2023: Process terminated. [pid: 172453, tid:23332554860416]
