( This log file was generated by 'pmGenerator 1.2' (master branch), compiled by 'Intel(R) oneAPI DPC++/C++ Compiler 2022.1.0 (2022.1.0.20220316)'.
  The run was executed on a CLAIX-2018-OPTANE MPI node
  — 2-socket Intel Xeon Gold 6338, 32 cores each (64 cores total per node), 2.0 GHz, 3.20 GHz turbo mode, 512 GiB DDR4-3200 caching for 2 TiB non-volatile memory (NVM) (Intel Optane DC Persistent Memory DIMMs) —
  running Linux, Rocky 8.8.
  Wall-clock time:   8.8197222… h
  CPU utilization: 564.46222… core-h )
Wed Nov  1 01:39:50 2023: Process started. [pid: 270081, tid:22402051254144]
Tasks:
1. resetRepresentativesFor("CC0CCN0.1.2C3CCN4C2.4C0.4", false, 0, true)
2. generateDProofRepresentativeFiles(149, false, true)

[Main] Calling resetRepresentativesFor("CC0CCN0.1.2C3CCN4C2.4C0.4", false, 0, true).
Loaded 1 custom axioms. [SHA-512/224 hash: 02974777ff5f71e12ef58ccebedeef133584aad66e06a2a13b2b4b2c]
(1) CC0CCN0.1.2C3CCN4C2.4C0.4    -    CCpCCNpqrCsCCNtCrtCpt    -    (0\imply((\not0\imply1)\imply2))\imply(3\imply((\not4\imply(2\imply4))\imply(0\imply4)))
[Main] Calling generateDProofRepresentativeFiles(149, false, true).
Wed Nov  1 01:39:50 2023: Limited D-proof representative generator started. [parallel ; 64 hardware thread contexts, limit: 149, unfiltered]
0.01 ms taken to load initial representatives.
0.76 ms taken to read 0 condensed detachment proofs and conclusions from data/02974777ff5f71e12ef58ccebedeef133584aad66e06a2a13b2b4b2c/dProofs-withConclusions/dProofs11.txt. [tid:22401982600960]
7.07 ms taken to read 1 condensed detachment proof and conclusion from data/02974777ff5f71e12ef58ccebedeef133584aad66e06a2a13b2b4b2c/dProofs-withConclusions/dProofs3.txt. [tid:22401991005952]
0.33 ms taken to read 2 condensed detachment proofs and conclusions from data/02974777ff5f71e12ef58ccebedeef133584aad66e06a2a13b2b4b2c/dProofs-withConclusions/dProofs5.txt. [tid:22401988904704]
0.35 ms taken to read 6 condensed detachment proofs and conclusions from data/02974777ff5f71e12ef58ccebedeef133584aad66e06a2a13b2b4b2c/dProofs-withConclusions/dProofs27.txt. [tid:22401967892224]
1.34 ms taken to read 7 condensed detachment proofs and conclusions from data/02974777ff5f71e12ef58ccebedeef133584aad66e06a2a13b2b4b2c/dProofs-withConclusions/dProofs29.txt. [tid:22401965790976]
12060.06 ms (12 s 60.06 ms) taken to read 2509883 condensed detachment proofs and conclusions from data/02974777ff5f71e12ef58ccebedeef133584aad66e06a2a13b2b4b2c/dProofs-withConclusions/dProofs133.txt. [tid:22401991005952]
12266.78 ms (12 s 266.78 ms) taken to read 3196594 condensed detachment proofs and conclusions from data/02974777ff5f71e12ef58ccebedeef133584aad66e06a2a13b2b4b2c/dProofs-withConclusions/dProofs135.txt. [tid:22401988904704]
3.26 ms taken to read 2 condensed detachment proofs and conclusions from data/02974777ff5f71e12ef58ccebedeef133584aad66e06a2a13b2b4b2c/dProofs-withConclusions/dProofs7.txt. [tid:22401986803456]
1.96 ms taken to read 1 condensed detachment proof and conclusion from data/02974777ff5f71e12ef58ccebedeef133584aad66e06a2a13b2b4b2c/dProofs-withConclusions/dProofs9.txt. [tid:22401984702208]
11410.67 ms (11 s 410.67 ms) taken to read 1965596 condensed detachment proofs and conclusions from data/02974777ff5f71e12ef58ccebedeef133584aad66e06a2a13b2b4b2c/dProofs-withConclusions/dProofs131.txt. [tid:22401982600960]
7.40 ms taken to read 1 condensed detachment proof and conclusion from data/02974777ff5f71e12ef58ccebedeef133584aad66e06a2a13b2b4b2c/dProofs-withConclusions/dProofs13.txt. [tid:22401846281984]
0.04 ms taken to read 2 condensed detachment proofs and conclusions from data/02974777ff5f71e12ef58ccebedeef133584aad66e06a2a13b2b4b2c/dProofs-withConclusions/dProofs15.txt. [tid:22401980499712]
8.82 ms taken to read 3 condensed detachment proofs and conclusions from data/02974777ff5f71e12ef58ccebedeef133584aad66e06a2a13b2b4b2c/dProofs-withConclusions/dProofs17.txt. [tid:22401978398464]
7.97 ms taken to read 4 condensed detachment proofs and conclusions from data/02974777ff5f71e12ef58ccebedeef133584aad66e06a2a13b2b4b2c/dProofs-withConclusions/dProofs19.txt. [tid:22401976297216]
11.04 ms taken to read 5 condensed detachment proofs and conclusions from data/02974777ff5f71e12ef58ccebedeef133584aad66e06a2a13b2b4b2c/dProofs-withConclusions/dProofs21.txt. [tid:22401974195968]
12.54 ms taken to read 5 condensed detachment proofs and conclusions from data/02974777ff5f71e12ef58ccebedeef133584aad66e06a2a13b2b4b2c/dProofs-withConclusions/dProofs23.txt. [tid:22401972094720]
0.53 ms taken to read 5 condensed detachment proofs and conclusions from data/02974777ff5f71e12ef58ccebedeef133584aad66e06a2a13b2b4b2c/dProofs-withConclusions/dProofs25.txt. [tid:22401969993472]
12723.21 ms (12 s 723.21 ms) taken to read 4066027 condensed detachment proofs and conclusions from data/02974777ff5f71e12ef58ccebedeef133584aad66e06a2a13b2b4b2c/dProofs-withConclusions/dProofs137.txt. [tid:22401967892224]
13204.90 ms (13 s 204.90 ms) taken to read 5180139 condensed detachment proofs and conclusions from data/02974777ff5f71e12ef58ccebedeef133584aad66e06a2a13b2b4b2c/dProofs-withConclusions/dProofs139.txt. [tid:22401965790976]
1.13 ms taken to read 15 condensed detachment proofs and conclusions from data/02974777ff5f71e12ef58ccebedeef133584aad66e06a2a13b2b4b2c/dProofs-withConclusions/dProofs31.txt. [tid:22401963689728]
2.80 ms taken to read 20 condensed detachment proofs and conclusions from data/02974777ff5f71e12ef58ccebedeef133584aad66e06a2a13b2b4b2c/dProofs-withConclusions/dProofs33.txt. [tid:22401961588480]
4.79 ms taken to read 25 condensed detachment proofs and conclusions from data/02974777ff5f71e12ef58ccebedeef133584aad66e06a2a13b2b4b2c/dProofs-withConclusions/dProofs35.txt. [tid:22401959487232]
3.54 ms taken to read 30 condensed detachment proofs and conclusions from data/02974777ff5f71e12ef58ccebedeef133584aad66e06a2a13b2b4b2c/dProofs-withConclusions/dProofs37.txt. [tid:22401957385984]
4.52 ms taken to read 37 condensed detachment proofs and conclusions from data/02974777ff5f71e12ef58ccebedeef133584aad66e06a2a13b2b4b2c/dProofs-withConclusions/dProofs39.txt. [tid:22401955284736]
12.67 ms taken to read 42 condensed detachment proofs and conclusions from data/02974777ff5f71e12ef58ccebedeef133584aad66e06a2a13b2b4b2c/dProofs-withConclusions/dProofs41.txt. [tid:22401953183488]
4.07 ms taken to read 51 condensed detachment proofs and conclusions from data/02974777ff5f71e12ef58ccebedeef133584aad66e06a2a13b2b4b2c/dProofs-withConclusions/dProofs43.txt. [tid:22401951082240]
7.79 ms taken to read 63 condensed detachment proofs and conclusions from data/02974777ff5f71e12ef58ccebedeef133584aad66e06a2a13b2b4b2c/dProofs-withConclusions/dProofs45.txt. [tid:22401948980992]
0.78 ms taken to read 85 condensed detachment proofs and conclusions from data/02974777ff5f71e12ef58ccebedeef133584aad66e06a2a13b2b4b2c/dProofs-withConclusions/dProofs47.txt. [tid:22401878324992]
7.87 ms taken to read 122 condensed detachment proofs and conclusions from data/02974777ff5f71e12ef58ccebedeef133584aad66e06a2a13b2b4b2c/dProofs-withConclusions/dProofs49.txt. [tid:22401876223744]
19.91 ms taken to read 162 condensed detachment proofs and conclusions from data/02974777ff5f71e12ef58ccebedeef133584aad66e06a2a13b2b4b2c/dProofs-withConclusions/dProofs51.txt. [tid:22401874122496]
9.82 ms taken to read 206 condensed detachment proofs and conclusions from data/02974777ff5f71e12ef58ccebedeef133584aad66e06a2a13b2b4b2c/dProofs-withConclusions/dProofs53.txt. [tid:22401872021248]
22.53 ms taken to read 251 condensed detachment proofs and conclusions from data/02974777ff5f71e12ef58ccebedeef133584aad66e06a2a13b2b4b2c/dProofs-withConclusions/dProofs55.txt. [tid:22401869920000]
20.89 ms taken to read 292 condensed detachment proofs and conclusions from data/02974777ff5f71e12ef58ccebedeef133584aad66e06a2a13b2b4b2c/dProofs-withConclusions/dProofs57.txt. [tid:22401867818752]
13.69 ms taken to read 339 condensed detachment proofs and conclusions from data/02974777ff5f71e12ef58ccebedeef133584aad66e06a2a13b2b4b2c/dProofs-withConclusions/dProofs59.txt. [tid:22401865717504]
21.80 ms taken to read 444 condensed detachment proofs and conclusions from data/02974777ff5f71e12ef58ccebedeef133584aad66e06a2a13b2b4b2c/dProofs-withConclusions/dProofs61.txt. [tid:22401863616256]
12.85 ms taken to read 598 condensed detachment proofs and conclusions from data/02974777ff5f71e12ef58ccebedeef133584aad66e06a2a13b2b4b2c/dProofs-withConclusions/dProofs63.txt. [tid:22401861515008]
23.53 ms taken to read 781 condensed detachment proofs and conclusions from data/02974777ff5f71e12ef58ccebedeef133584aad66e06a2a13b2b4b2c/dProofs-withConclusions/dProofs65.txt. [tid:22401859413760]
34.48 ms taken to read 1016 condensed detachment proofs and conclusions from data/02974777ff5f71e12ef58ccebedeef133584aad66e06a2a13b2b4b2c/dProofs-withConclusions/dProofs67.txt. [tid:22401857312512]
30.42 ms taken to read 1303 condensed detachment proofs and conclusions from data/02974777ff5f71e12ef58ccebedeef133584aad66e06a2a13b2b4b2c/dProofs-withConclusions/dProofs69.txt. [tid:22401855211264]
34.87 ms taken to read 1593 condensed detachment proofs and conclusions from data/02974777ff5f71e12ef58ccebedeef133584aad66e06a2a13b2b4b2c/dProofs-withConclusions/dProofs71.txt. [tid:22401853110016]
8.98 ms taken to read 1922 condensed detachment proofs and conclusions from data/02974777ff5f71e12ef58ccebedeef133584aad66e06a2a13b2b4b2c/dProofs-withConclusions/dProofs73.txt. [tid:22401851008768]
33.76 ms taken to read 2359 condensed detachment proofs and conclusions from data/02974777ff5f71e12ef58ccebedeef133584aad66e06a2a13b2b4b2c/dProofs-withConclusions/dProofs75.txt. [tid:22401848907520]
44.15 ms taken to read 2986 condensed detachment proofs and conclusions from data/02974777ff5f71e12ef58ccebedeef133584aad66e06a2a13b2b4b2c/dProofs-withConclusions/dProofs77.txt. [tid:22401844180736]
41.48 ms taken to read 3875 condensed detachment proofs and conclusions from data/02974777ff5f71e12ef58ccebedeef133584aad66e06a2a13b2b4b2c/dProofs-withConclusions/dProofs79.txt. [tid:22401842079488]
267.40 ms taken to read 5006 condensed detachment proofs and conclusions from data/02974777ff5f71e12ef58ccebedeef133584aad66e06a2a13b2b4b2c/dProofs-withConclusions/dProofs81.txt. [tid:22401839978240]
125.53 ms taken to read 6466 condensed detachment proofs and conclusions from data/02974777ff5f71e12ef58ccebedeef133584aad66e06a2a13b2b4b2c/dProofs-withConclusions/dProofs83.txt. [tid:22401837876992]
69.51 ms taken to read 8184 condensed detachment proofs and conclusions from data/02974777ff5f71e12ef58ccebedeef133584aad66e06a2a13b2b4b2c/dProofs-withConclusions/dProofs85.txt. [tid:22401835775744]
553.79 ms taken to read 10182 condensed detachment proofs and conclusions from data/02974777ff5f71e12ef58ccebedeef133584aad66e06a2a13b2b4b2c/dProofs-withConclusions/dProofs87.txt. [tid:22401833674496]
44.00 ms taken to read 12488 condensed detachment proofs and conclusions from data/02974777ff5f71e12ef58ccebedeef133584aad66e06a2a13b2b4b2c/dProofs-withConclusions/dProofs89.txt. [tid:22401831573248]
617.79 ms taken to read 15534 condensed detachment proofs and conclusions from data/02974777ff5f71e12ef58ccebedeef133584aad66e06a2a13b2b4b2c/dProofs-withConclusions/dProofs91.txt. [tid:22401829472000]
96.35 ms taken to read 19614 condensed detachment proofs and conclusions from data/02974777ff5f71e12ef58ccebedeef133584aad66e06a2a13b2b4b2c/dProofs-withConclusions/dProofs93.txt. [tid:22401827370752]
664.05 ms taken to read 25087 condensed detachment proofs and conclusions from data/02974777ff5f71e12ef58ccebedeef133584aad66e06a2a13b2b4b2c/dProofs-withConclusions/dProofs95.txt. [tid:22401825269504]
274.61 ms taken to read 32452 condensed detachment proofs and conclusions from data/02974777ff5f71e12ef58ccebedeef133584aad66e06a2a13b2b4b2c/dProofs-withConclusions/dProofs97.txt. [tid:22401823168256]
424.47 ms taken to read 41840 condensed detachment proofs and conclusions from data/02974777ff5f71e12ef58ccebedeef133584aad66e06a2a13b2b4b2c/dProofs-withConclusions/dProofs99.txt. [tid:22401821067008]
3883.50 ms (3 s 883.50 ms) taken to read 53343 condensed detachment proofs and conclusions from data/02974777ff5f71e12ef58ccebedeef133584aad66e06a2a13b2b4b2c/dProofs-withConclusions/dProofs101.txt. [tid:22401818965760]
1050.10 ms (1 s 50.10 ms) taken to read 67105 condensed detachment proofs and conclusions from data/02974777ff5f71e12ef58ccebedeef133584aad66e06a2a13b2b4b2c/dProofs-withConclusions/dProofs103.txt. [tid:22401816864512]
1145.24 ms (1 s 145.24 ms) taken to read 84222 condensed detachment proofs and conclusions from data/02974777ff5f71e12ef58ccebedeef133584aad66e06a2a13b2b4b2c/dProofs-withConclusions/dProofs105.txt. [tid:22401814763264]
1235.00 ms (1 s 235.00 ms) taken to read 105925 condensed detachment proofs and conclusions from data/02974777ff5f71e12ef58ccebedeef133584aad66e06a2a13b2b4b2c/dProofs-withConclusions/dProofs107.txt. [tid:22399999276800]
1257.91 ms (1 s 257.91 ms) taken to read 134564 condensed detachment proofs and conclusions from data/02974777ff5f71e12ef58ccebedeef133584aad66e06a2a13b2b4b2c/dProofs-withConclusions/dProofs109.txt. [tid:22399997175552]
8686.65 ms (8 s 686.65 ms) taken to read 172053 condensed detachment proofs and conclusions from data/02974777ff5f71e12ef58ccebedeef133584aad66e06a2a13b2b4b2c/dProofs-withConclusions/dProofs111.txt. [tid:22399995074304]
9640.84 ms (9 s 640.84 ms) taken to read 221055 condensed detachment proofs and conclusions from data/02974777ff5f71e12ef58ccebedeef133584aad66e06a2a13b2b4b2c/dProofs-withConclusions/dProofs113.txt. [tid:22399992973056]
2520.95 ms (2 s 520.95 ms) taken to read 283569 condensed detachment proofs and conclusions from data/02974777ff5f71e12ef58ccebedeef133584aad66e06a2a13b2b4b2c/dProofs-withConclusions/dProofs115.txt. [tid:22399990871808]
3872.93 ms (3 s 872.93 ms) taken to read 361751 condensed detachment proofs and conclusions from data/02974777ff5f71e12ef58ccebedeef133584aad66e06a2a13b2b4b2c/dProofs-withConclusions/dProofs117.txt. [tid:22399988770560]
4134.30 ms (4 s 134.30 ms) taken to read 458509 condensed detachment proofs and conclusions from data/02974777ff5f71e12ef58ccebedeef133584aad66e06a2a13b2b4b2c/dProofs-withConclusions/dProofs119.txt. [tid:22399986669312]
6445.24 ms (6 s 445.24 ms) taken to read 579502 condensed detachment proofs and conclusions from data/02974777ff5f71e12ef58ccebedeef133584aad66e06a2a13b2b4b2c/dProofs-withConclusions/dProofs121.txt. [tid:22399984568064]
6303.16 ms (6 s 303.16 ms) taken to read 734352 condensed detachment proofs and conclusions from data/02974777ff5f71e12ef58ccebedeef133584aad66e06a2a13b2b4b2c/dProofs-withConclusions/dProofs123.txt. [tid:22399982466816]
7933.74 ms (7 s 933.74 ms) taken to read 935212 condensed detachment proofs and conclusions from data/02974777ff5f71e12ef58ccebedeef133584aad66e06a2a13b2b4b2c/dProofs-withConclusions/dProofs125.txt. [tid:22399980365568]
8852.05 ms (8 s 852.05 ms) taken to read 1197027 condensed detachment proofs and conclusions from data/02974777ff5f71e12ef58ccebedeef133584aad66e06a2a13b2b4b2c/dProofs-withConclusions/dProofs127.txt. [tid:22399978264320]
10239.83 ms (10 s 239.83 ms) taken to read 1534565 condensed detachment proofs and conclusions from data/02974777ff5f71e12ef58ccebedeef133584aad66e06a2a13b2b4b2c/dProofs-withConclusions/dProofs129.txt. [tid:22399976163072]
13350.19 ms (13 s 350.19 ms) total read duration.
Loaded 70 representative collections of sizes:
1 : 1
3 : 1
5 : 2
7 : 2
9 : 1
11 : 0
13 : 1
15 : 2
17 : 3
19 : 4
21 : 5
23 : 5
25 : 5
27 : 6
29 : 7
31 : 15
33 : 20
35 : 25
37 : 30
39 : 37
41 : 42
43 : 51
45 : 63
47 : 85
49 : 122
51 : 162
53 : 206
55 : 251
57 : 292
59 : 339
61 : 444
63 : 598
65 : 781
67 : 1016
69 : 1303
71 : 1593
73 : 1922
75 : 2359
77 : 2986
79 : 3875
81 : 5006
83 : 6466
85 : 8184
87 : 10182
89 : 12488
91 : 15534
93 : 19614
95 : 25087
97 : 32452
99 : 41840
101 : 53343
103 : 67105
105 : 84222
107 : 105925
109 : 134564
111 : 172053
113 : 221055
115 : 283569
117 : 361751
119 : 458509
121 : 579502
123 : 734352
125 : 935212
127 : 1197027
129 : 1534565
131 : 1965596
133 : 2509883
135 : 3196594
137 : 4066027
139 : 5180139
24036508 representatives in total.
18870.33 ms (18 s 870.33 ms) taken to read 16952082 condensed detachment proofs and conclusions from data/02974777ff5f71e12ef58ccebedeef133584aad66e06a2a13b2b4b2c/dProofs-withConclusions/dProofs141-unfiltered141+.txt. [tid:22399976163072]
27301.01 ms (27 s 301.01 ms) taken to read 26431403 condensed detachment proofs and conclusions from data/02974777ff5f71e12ef58ccebedeef133584aad66e06a2a13b2b4b2c/dProofs-withConclusions/dProofs143-unfiltered141+.txt. [tid:22399978264320]
35180.70 ms (35 s 180.70 ms) taken to read 36855440 condensed detachment proofs and conclusions from data/02974777ff5f71e12ef58ccebedeef133584aad66e06a2a13b2b4b2c/dProofs-withConclusions/dProofs145-unfiltered141+.txt. [tid:22399980365568]
43314.73 ms (43 s 314.73 ms) taken to read 47814846 condensed detachment proofs and conclusions from data/02974777ff5f71e12ef58ccebedeef133584aad66e06a2a13b2b4b2c/dProofs-withConclusions/dProofs147-unfiltered141+.txt. [tid:22399982466816]
43325.52 ms (43 s 325.52 ms) additional read duration.
Loaded 4 more representative collections of sizes:
141 : 16952082
143 : 26431403
145 : 36855440
147 : 47814846
152090279 representatives in total.
Wed Nov  1 01:40:57 2023: Inserted ≈ 5% of D-proof conclusions. [  7604513 of 152090279] (ETC: Wed Nov  1 01:44:22 2023 ; 3 min 24 s 431.84 ms remaining ; 3 min 35 s 191.41 ms total)
Wed Nov  1 01:41:08 2023: Inserted ≈10% of D-proof conclusions. [ 15209027 of 152090279] (ETC: Wed Nov  1 01:44:20 2023 ; 3 min 12 s 142.27 ms remaining ; 3 min 33 s 491.41 ms total)
Wed Nov  1 01:41:20 2023: Inserted ≈15% of D-proof conclusions. [ 22813541 of 152090279] (ETC: Wed Nov  1 01:44:26 2023 ; 3 min  6 s 689.41 ms remaining ; 3 min 39 s 634.60 ms total)
Wed Nov  1 01:41:28 2023: Inserted ≈20% of D-proof conclusions. [ 30418055 of 152090279] (ETC: Wed Nov  1 01:44:13 2023 ; 2 min 45 s 144.28 ms remaining ; 3 min 26 s 430.36 ms total)
Wed Nov  1 01:41:36 2023: Inserted ≈25% of D-proof conclusions. [ 38022569 of 152090279] (ETC: Wed Nov  1 01:44:04 2023 ; 2 min 28 s 146.17 ms remaining ; 3 min 17 s 528.23 ms total)
Wed Nov  1 01:41:44 2023: Inserted ≈30% of D-proof conclusions. [ 45627083 of 152090279] (ETC: Wed Nov  1 01:43:58 2023 ; 2 min 13 s 814.34 ms remaining ; 3 min 11 s 163.35 ms total)
Wed Nov  1 01:41:52 2023: Inserted ≈35% of D-proof conclusions. [ 53231597 of 152090279] (ETC: Wed Nov  1 01:43:54 2023 ; 2 min  1 s 829.96 ms remaining ; 3 min  7 s 430.70 ms total)
Wed Nov  1 01:42:01 2023: Inserted ≈40% of D-proof conclusions. [ 60836111 of 152090279] (ETC: Wed Nov  1 01:43:52 2023 ; 1 min 50 s 889.15 ms remaining ; 3 min  4 s 815.24 ms total)
Wed Nov  1 01:42:10 2023: Inserted ≈45% of D-proof conclusions. [ 68440625 of 152090279] (ETC: Wed Nov  1 01:43:51 2023 ; 1 min 41 s 336.46 ms remaining ; 3 min  4 s 248.10 ms total)
Wed Nov  1 01:42:18 2023: Inserted ≈50% of D-proof conclusions. [ 76045139 of 152090279] (ETC: Wed Nov  1 01:43:49 2023 ; 1 min 31 s 101.86 ms remaining ; 3 min  2 s 203.71 ms total)
Wed Nov  1 01:42:26 2023: Inserted ≈55% of D-proof conclusions. [ 83649653 of 152090279] (ETC: Wed Nov  1 01:43:47 2023 ; 1 min 21 s 318.46 ms remaining ; 3 min      707.69 ms total)
Wed Nov  1 01:42:35 2023: Inserted ≈60% of D-proof conclusions. [ 91254167 of 152090279] (ETC: Wed Nov  1 01:43:47 2023 ; 1 min 12 s  31.40 ms remaining ; 3 min       78.49 ms total)
Wed Nov  1 01:42:43 2023: Inserted ≈65% of D-proof conclusions. [ 98858681 of 152090279] (ETC: Wed Nov  1 01:43:46 2023 ; 1 min  2 s 694.18 ms remaining ; 2 min 59 s 126.22 ms total)
Wed Nov  1 01:42:52 2023: Inserted ≈70% of D-proof conclusions. [106463195 of 152090279] (ETC: Wed Nov  1 01:43:46 2023 ; 53 s 839.31 ms remaining ; 2 min 59 s 464.37 ms total)
Wed Nov  1 01:43:02 2023: Inserted ≈75% of D-proof conclusions. [114067709 of 152090279] (ETC: Wed Nov  1 01:43:47 2023 ; 45 s 194.38 ms remaining ; 3 min      777.52 ms total)
Wed Nov  1 01:43:13 2023: Inserted ≈80% of D-proof conclusions. [121672223 of 152090279] (ETC: Wed Nov  1 01:43:49 2023 ; 36 s 479.21 ms remaining ; 3 min  2 s 396.05 ms total)
Wed Nov  1 01:43:23 2023: Inserted ≈85% of D-proof conclusions. [129276737 of 152090279] (ETC: Wed Nov  1 01:43:50 2023 ; 27 s 569.51 ms remaining ; 3 min  3 s 796.77 ms total)
Wed Nov  1 01:43:34 2023: Inserted ≈90% of D-proof conclusions. [136881251 of 152090279] (ETC: Wed Nov  1 01:43:53 2023 ; 18 s 602.60 ms remaining ; 3 min  6 s  26.05 ms total)
Wed Nov  1 01:43:44 2023: Inserted ≈95% of D-proof conclusions. [144485765 of 152090279] (ETC: Wed Nov  1 01:43:53 2023 ; 9 s 323.69 ms remaining ; 3 min  6 s 473.79 ms total)
Wed Nov  1 01:43:53 2023: Inserted 100% of D-proof conclusions. [152090279 of 152090279] (ETC: Wed Nov  1 01:43:53 2023 ; 0.00 ms remaining ; 3 min  5 s 822.61 ms total)
185823.04 ms (3 min 5 s 823.04 ms) total insertion duration.
Known iteration count loaded from 149:650543112.
Wed Nov  1 01:43:53 2023: Starting to generate D-proof representatives of length 149.
Wed Nov  1 01:55:12 2023: Iterated ≈ 2% of D-proof candidates. [ 13010862 of 650543112] (ETC: Wed Nov  1 11:10:16 2023 ; 9 h 15 min  3 s 410.45 ms remaining ; 9 h 26 min 23 s  71.88 ms total)
Wed Nov  1 02:05:55 2023: Iterated ≈ 4% of D-proof candidates. [ 26021724 of 650543112] (ETC: Wed Nov  1 10:54:44 2023 ; 8 h 48 min 49 s 409.79 ms remaining ; 9 h 10 min 51 s 468.51 ms total)
Wed Nov  1 02:15:53 2023: Iterated ≈ 6% of D-proof candidates. [ 39032586 of 650543112] (ETC: Wed Nov  1 10:37:15 2023 ; 8 h 21 min 22 s 209.70 ms remaining ; 8 h 53 min 22 s 350.71 ms total)
Wed Nov  1 02:26:56 2023: Iterated ≈ 8% of D-proof candidates. [ 52043448 of 650543112] (ETC: Wed Nov  1 10:42:05 2023 ; 8 h 15 min  9 s 314.23 ms remaining ; 8 h 58 min 12 s 732.81 ms total)
Wed Nov  1 02:38:58 2023: Iterated ≈10% of D-proof candidates. [ 65054311 of 650543112] (ETC: Wed Nov  1 10:54:46 2023 ; 8 h 15 min 48 s 511.38 ms remaining ; 9 h 10 min 53 s 901.52 ms total)
Wed Nov  1 02:49:42 2023: Iterated ≈12% of D-proof candidates. [ 78065173 of 650543112] (ETC: Wed Nov  1 10:52:24 2023 ; 8 h  2 min 41 s 741.75 ms remaining ; 9 h  8 min 31 s  70.14 ms total)
Wed Nov  1 02:59:17 2023: Iterated ≈14% of D-proof candidates. [ 91076035 of 650543112] (ETC: Wed Nov  1 10:42:31 2023 ; 7 h 43 min 14 s 100.94 ms remaining ; 8 h 58 min 38 s 721.98 ms total)
Wed Nov  1 03:11:06 2023: Iterated ≈16% of D-proof candidates. [104086897 of 650543112] (ETC: Wed Nov  1 10:49:03 2023 ; 7 h 37 min 56 s 889.27 ms remaining ; 9 h  5 min 10 s 582.41 ms total)
Wed Nov  1 03:23:00 2023: Iterated ≈18% of D-proof candidates. [117097760 of 650543112] (ETC: Wed Nov  1 10:54:32 2023 ; 7 h 31 min 32 s 696.77 ms remaining ; 9 h 10 min 39 s 874.10 ms total)
Wed Nov  1 03:32:58 2023: Iterated ≈20% of D-proof candidates. [130108622 of 650543112] (ETC: Wed Nov  1 10:49:21 2023 ; 7 h 16 min 22 s 635.09 ms remaining ; 9 h  5 min 28 s 293.83 ms total)
Wed Nov  1 03:45:04 2023: Iterated ≈22% of D-proof candidates. [143119484 of 650543112] (ETC: Wed Nov  1 10:54:45 2023 ; 7 h  9 min 40 s 632.56 ms remaining ; 9 h 10 min 52 s  92.98 ms total)
Wed Nov  1 03:56:06 2023: Iterated ≈24% of D-proof candidates. [156130346 of 650543112] (ETC: Wed Nov  1 10:54:47 2023 ; 6 h 58 min 41 s 266.34 ms remaining ; 9 h 10 min 54 s 297.76 ms total)
Wed Nov  1 04:05:44 2023: Iterated ≈26% of D-proof candidates. [169141209 of 650543112] (ETC: Wed Nov  1 10:49:29 2023 ; 6 h 43 min 44 s 661.27 ms remaining ; 9 h  5 min 36 s  28.74 ms total)
Wed Nov  1 04:17:53 2023: Iterated ≈28% of D-proof candidates. [182152071 of 650543112] (ETC: Wed Nov  1 10:53:56 2023 ; 6 h 36 min  2 s 489.85 ms remaining ; 9 h 10 min  3 s 458.09 ms total)
Wed Nov  1 04:28:03 2023: Iterated ≈30% of D-proof candidates. [195162933 of 650543112] (ETC: Wed Nov  1 10:51:06 2023 ; 6 h 23 min  3 s 521.15 ms remaining ; 9 h  7 min 13 s 601.61 ms total)
Wed Nov  1 04:39:45 2023: Iterated ≈32% of D-proof candidates. [208173795 of 650543112] (ETC: Wed Nov  1 10:53:29 2023 ; 6 h 13 min 43 s 975.28 ms remaining ; 9 h  9 min 36 s 434.17 ms total)
Wed Nov  1 04:49:49 2023: Iterated ≈34% of D-proof candidates. [221184658 of 650543112] (ETC: Wed Nov  1 10:50:45 2023 ; 6 h        56 s 238.88 ms remaining ; 9 h  6 min 52 s 483.14 ms total)
Wed Nov  1 05:01:59 2023: Iterated ≈36% of D-proof candidates. [234195520 of 650543112] (ETC: Wed Nov  1 10:54:11 2023 ; 5 h 52 min 11 s 810.07 ms remaining ; 9 h 10 min 18 s 453.21 ms total)
Wed Nov  1 05:13:34 2023: Iterated ≈38% of D-proof candidates. [247206382 of 650543112] (ETC: Wed Nov  1 10:55:43 2023 ; 5 h 42 min  8 s 217.94 ms remaining ; 9 h 11 min 50 s  28.89 ms total)
Wed Nov  1 05:23:43 2023: Iterated ≈40% of D-proof candidates. [260217244 of 650543112] (ETC: Wed Nov  1 10:53:30 2023 ; 5 h 29 min 46 s 240.22 ms remaining ; 9 h  9 min 37 s  66.96 ms total)
Wed Nov  1 05:33:24 2023: Iterated ≈42% of D-proof candidates. [273228107 of 650543112] (ETC: Wed Nov  1 10:50:22 2023 ; 5 h 16 min 58 s 133.81 ms remaining ; 9 h  6 min 29 s 885.88 ms total)
Wed Nov  1 05:44:18 2023: Iterated ≈44% of D-proof candidates. [286238969 of 650543112] (ETC: Wed Nov  1 10:50:17 2023 ; 5 h  5 min 59 s 305.23 ms remaining ; 9 h  6 min 24 s 473.60 ms total)
Wed Nov  1 05:55:00 2023: Iterated ≈46% of D-proof candidates. [299249831 of 650543112] (ETC: Wed Nov  1 10:49:48 2023 ; 4 h 54 min 48 s 128.76 ms remaining ; 9 h  5 min 55 s 793.95 ms total)
Wed Nov  1 06:05:32 2023: Iterated ≈48% of D-proof candidates. [312260693 of 650543112] (ETC: Wed Nov  1 10:49:00 2023 ; 4 h 43 min 27 s 719.88 ms remaining ; 9 h  5 min  7 s 153.55 ms total)
Wed Nov  1 06:16:31 2023: Iterated ≈50% of D-proof candidates. [325271556 of 650543112] (ETC: Wed Nov  1 10:49:10 2023 ; 4 h 32 min 38 s 897.50 ms remaining ; 9 h  5 min 17 s 795.00 ms total)
Wed Nov  1 06:26:00 2023: Iterated ≈52% of D-proof candidates. [338282418 of 650543112] (ETC: Wed Nov  1 10:46:25 2023 ; 4 h 20 min 25 s 127.71 ms remaining ; 9 h  2 min 32 s 349.38 ms total)
Wed Nov  1 06:36:17 2023: Iterated ≈54% of D-proof candidates. [351293280 of 650543112] (ETC: Wed Nov  1 10:45:21 2023 ; 4 h  9 min  4 s 874.72 ms remaining ; 9 h  1 min 28 s 858.04 ms total)
Wed Nov  1 06:46:37 2023: Iterated ≈56% of D-proof candidates. [364304142 of 650543112] (ETC: Wed Nov  1 10:44:29 2023 ; 3 h 57 min 51 s 875.04 ms remaining ; 9 h        36 s  79.56 ms total)
Wed Nov  1 06:57:01 2023: Iterated ≈58% of D-proof candidates. [377315004 of 650543112] (ETC: Wed Nov  1 10:43:46 2023 ; 3 h 46 min 45 s 209.91 ms remaining ; 8 h 59 min 53 s 356.82 ms total)
Wed Nov  1 07:07:15 2023: Iterated ≈60% of D-proof candidates. [390325867 of 650543112] (ETC: Wed Nov  1 10:42:49 2023 ; 3 h 35 min 34 s 671.97 ms remaining ; 8 h 58 min 56 s 679.90 ms total)
Wed Nov  1 07:17:13 2023: Iterated ≈62% of D-proof candidates. [403336729 of 650543112] (ETC: Wed Nov  1 10:41:31 2023 ; 3 h 24 min 18 s 403.56 ms remaining ; 8 h 57 min 38 s 956.68 ms total)
Wed Nov  1 07:26:58 2023: Iterated ≈64% of D-proof candidates. [416347591 of 650543112] (ETC: Wed Nov  1 10:39:57 2023 ; 3 h 12 min 59 s 208.00 ms remaining ; 8 h 56 min  4 s 466.59 ms total)
Wed Nov  1 07:36:49 2023: Iterated ≈66% of D-proof candidates. [429358453 of 650543112] (ETC: Wed Nov  1 10:38:38 2023 ; 3 h  1 min 49 s  98.45 ms remaining ; 8 h 54 min 45 s 583.54 ms total)
Wed Nov  1 07:46:34 2023: Iterated ≈68% of D-proof candidates. [442369316 of 650543112] (ETC: Wed Nov  1 10:37:15 2023 ; 2 h 50 min 40 s 660.45 ms remaining ; 8 h 53 min 22 s  63.87 ms total)
Wed Nov  1 07:56:01 2023: Iterated ≈70% of D-proof candidates. [455380178 of 650543112] (ETC: Wed Nov  1 10:35:30 2023 ; 2 h 39 min 29 s 374.05 ms remaining ; 8 h 51 min 37 s 913.44 ms total)
Wed Nov  1 08:05:25 2023: Iterated ≈72% of D-proof candidates. [468391040 of 650543112] (ETC: Wed Nov  1 10:33:48 2023 ; 2 h 28 min 22 s 729.30 ms remaining ; 8 h 49 min 55 s 461.66 ms total)
Wed Nov  1 08:14:51 2023: Iterated ≈74% of D-proof candidates. [481401902 of 650543112] (ETC: Wed Nov  1 10:32:13 2023 ; 2 h 17 min 22 s 179.66 ms remaining ; 8 h 48 min 20 s 690.84 ms total)
Wed Nov  1 08:24:21 2023: Iterated ≈76% of D-proof candidates. [494412765 of 650543112] (ETC: Wed Nov  1 10:30:48 2023 ; 2 h  6 min 27 s 816.51 ms remaining ; 8 h 46 min 55 s 902.11 ms total)
Wed Nov  1 08:33:43 2023: Iterated ≈78% of D-proof candidates. [507423627 of 650543112] (ETC: Wed Nov  1 10:29:19 2023 ; 1 h 55 min 35 s 874.75 ms remaining ; 8 h 45 min 26 s 703.32 ms total)
Wed Nov  1 08:42:59 2023: Iterated ≈80% of D-proof candidates. [520434489 of 650543112] (ETC: Wed Nov  1 10:27:46 2023 ; 1 h 44 min 46 s 717.67 ms remaining ; 8 h 43 min 53 s 588.20 ms total)
Wed Nov  1 08:52:00 2023: Iterated ≈82% of D-proof candidates. [533445351 of 650543112] (ETC: Wed Nov  1 10:25:59 2023 ; 1 h 33 min 58 s 701.71 ms remaining ; 8 h 42 min  6 s 120.38 ms total)
Wed Nov  1 09:00:58 2023: Iterated ≈84% of D-proof candidates. [546456214 of 650543112] (ETC: Wed Nov  1 10:24:14 2023 ; 1 h 23 min 15 s 373.30 ms remaining ; 8 h 40 min 21 s  83.10 ms total)
Wed Nov  1 09:10:01 2023: Iterated ≈86% of D-proof candidates. [559467076 of 650543112] (ETC: Wed Nov  1 10:22:39 2023 ; 1 h 12 min 37 s 645.49 ms remaining ; 8 h 38 min 46 s  39.13 ms total)
Wed Nov  1 09:19:08 2023: Iterated ≈88% of D-proof candidates. [572477938 of 650543112] (ETC: Wed Nov  1 10:21:12 2023 ; 1 h  2 min  4 s 786.10 ms remaining ; 8 h 37 min 19 s 883.94 ms total)
Wed Nov  1 09:28:11 2023: Iterated ≈90% of D-proof candidates. [585488800 of 650543112] (ETC: Wed Nov  1 10:19:46 2023 ; 51 min 35 s 393.86 ms remaining ; 8 h 35 min 53 s 938.22 ms total)
Wed Nov  1 09:37:09 2023: Iterated ≈92% of D-proof candidates. [598499663 of 650543112] (ETC: Wed Nov  1 10:18:18 2023 ; 41 min  9 s 254.55 ms remaining ; 8 h 34 min 25 s 681.87 ms total)
Wed Nov  1 09:46:00 2023: Iterated ≈94% of D-proof candidates. [611510525 of 650543112] (ETC: Wed Nov  1 10:16:47 2023 ; 30 min 46 s 440.80 ms remaining ; 8 h 32 min 54 s  13.16 ms total)
Wed Nov  1 09:54:50 2023: Iterated ≈96% of D-proof candidates. [624521387 of 650543112] (ETC: Wed Nov  1 10:15:17 2023 ; 20 min 27 s 390.50 ms remaining ; 8 h 31 min 24 s 761.85 ms total)
Wed Nov  1 10:03:46 2023: Iterated ≈98% of D-proof candidates. [637532249 of 650543112] (ETC: Wed Nov  1 10:13:58 2023 ; 10 min 12 s 114.64 ms remaining ; 8 h 30 min  5 s 730.16 ms total)
Wed Nov  1 10:12:52 2023: Iterated 100% of D-proof candidates. [650543112 of 650543112] (ETC: Wed Nov  1 10:12:52 2023 ; 0.00 ms remaining ; 8 h 28 min 59 s 245.57 ms total)
30540061.28 ms (8 h 29 min 61.27 ms) taken to collect 62366737 D-proofs of length 149. [iterated 650543112 condensed detachment proof strings]
[Copy] Custom iteration counts: { { 1, 1 }, { 3, 1 }, { 5, 2 }, { 7, 5 }, { 9, 8 }, { 11, 10 }, { 13, 10 }, { 15, 10 }, { 17, 10 }, { 19, 15 }, { 21, 26 }, { 23, 40 }, { 25, 52 }, { 27, 63 }, { 29, 74 }, { 31, 86 }, { 33, 118 }, { 35, 167 }, { 37, 244 }, { 39, 340 }, { 41, 446 }, { 43, 551 }, { 45, 688 }, { 47, 869 }, { 49, 1128 }, { 51, 1509 }, { 53, 2046 }, { 55, 2758 }, { 57, 3636 }, { 59, 4659 }, { 61, 5848 }, { 63, 7415 }, { 65, 9546 }, { 67, 12520 }, { 69, 16626 }, { 71, 21997 }, { 73, 28576 }, { 75, 36634 }, { 77, 46614 }, { 79, 59337 }, { 81, 76266 }, { 83, 99080 }, { 85, 129482 }, { 87, 168717 }, { 89, 218196 }, { 91, 279663 }, { 93, 357074 }, { 95, 456119 }, { 97, 585294 }, { 99, 755798 }, { 101, 979916 }, { 103, 1269838 }, { 105, 1639296 }, { 107, 2106748 }, { 109, 2698758 }, { 111, 3457865 }, { 113, 4441498 }, { 115, 5724404 }, { 117, 7393098 }, { 119, 9547567 }, { 121, 12303220 }, { 123, 15814238 }, { 125, 20294070 }, { 127, 26041382 }, { 129, 33464926 }, { 131, 43088171 }, { 133, 55549258 }, { 135, 71608010 }, { 137, 92211954 }, { 139, 118581507 }, { 141, 152368710 }, { 143, 216457445 }, { 145, 308369644 }, { 147, 453382622 }, { 149, 650543112 } }
427466.62 ms (7 min 7 s 466.62 ms) taken to filter and order new representative proofs.
Found 62366737 representative, 262790231 redundant, and 325386144 invalid condensed detachment proof strings.
lengths up to 149 ; amounts per length: {(1,1), (3,1), (5,2), (7,2), (9,1), (13,1), (15,2), (17,3), (19,4), (21,5), (23,5), (25,5), (27,6), (29,7), (31,15), (33,20), (35,25), (37,30), (39,37), (41,42), (43,51), (45,63), (47,85), (49,122), (51,162), (53,206), (55,251), (57,292), (59,339), (61,444), (63,598), (65,781), (67,1016), (69,1303), (71,1593), (73,1922), (75,2359), (77,2986), (79,3875), (81,5006), (83,6466), (85,8184), (87,10182), (89,12488), (91,15534), (93,19614), (95,25087), (97,32452), (99,41840), (101,53343), (103,67105), (105,84222), (107,105925), (109,134564), (111,172053), (113,221055), (115,283569), (117,361751), (119,458509), (121,579502), (123,734352), (125,935212), (127,1197027), (129,1534565), (131,1965596), (133,2509883), (135,3196594), (137,4066027), (139,5180139), (141,16952082), (143,26431403), (145,36855440), (147,47814846), (149,62366737)} ; 62366737 new representative proofs (262790231 redundant, 325386144 invalid)
Wed Nov  1 10:24:42 2023: Starting to write 62366737 entries to data/02974777ff5f71e12ef58ccebedeef133584aad66e06a2a13b2b4b2c/dProofs-withConclusions/dProofs149-unfiltered141+.txt.
76147.03 ms (1 min 16 s 147.03 ms) taken to print and save 21575998815 bytes of representative condensed detachment proof strings to data/02974777ff5f71e12ef58ccebedeef133584aad66e06a2a13b2b4b2c/dProofs-withConclusions/dProofs149-unfiltered141+.txt.
Wed Nov  1 10:27:01 2023: Limited D-proof representative generator complete. [parallel ; 64 hardware thread contexts, limit: 149, unfiltered]
Wed Nov  1 10:29:01 2023: Process terminated. [pid: 270081, tid:22402051254144]
