( This log file was generated by 'pmGenerator 1.2' (master branch), compiled by 'Intel(R) oneAPI DPC++/C++ Compiler 2022.1.0 (2022.1.0.20220316)'.
  The run was executed on a CLAIX-2018-OPTANE MPI node
  — 2-socket Intel Xeon Gold 6338, 32 cores each (64 cores total per node), 2.0 GHz, 3.20 GHz turbo mode, 512 GiB DDR4-3200 caching for 2 TiB non-volatile memory (NVM) (Intel Optane DC Persistent Memory DIMMs) —
  running Linux, Rocky 8.8.
  Wall-clock time:   18.2686111… h
  CPU utilization: 1169.19111… core-h )
Thu Nov  2 09:42:04 2023: Process started. [pid: 256392, tid:23005839140736]
Tasks:
1. resetRepresentativesFor("CCpCCNpqrCsCCNtCrtCpt", true, 0, true)
2. generateDProofRepresentativeFiles(153, false, true)

[Main] Calling resetRepresentativesFor("CCpCCNpqrCsCCNtCrtCpt", true, 0, true).
Loaded 1 custom axioms. [SHA-512/224 hash: 02974777ff5f71e12ef58ccebedeef133584aad66e06a2a13b2b4b2c]
(1) CC0CCN0.1.2C3CCN4C2.4C0.4    -    CCpCCNpqrCsCCNtCrtCpt    -    (0\imply((\not0\imply1)\imply2))\imply(3\imply((\not4\imply(2\imply4))\imply(0\imply4)))
[Main] Calling generateDProofRepresentativeFiles(153, false, true).
Thu Nov  2 09:42:04 2023: Limited D-proof representative generator started. [parallel ; 64 hardware thread contexts, limit: 153, unfiltered]
0.01 ms taken to load initial representatives.
0.42 ms taken to read 0 condensed detachment proofs and conclusions from data/02974777ff5f71e12ef58ccebedeef133584aad66e06a2a13b2b4b2c/dProofs-withConclusions/dProofs11.txt. [tid:23005770487552]
6.13 ms taken to read 30 condensed detachment proofs and conclusions from data/02974777ff5f71e12ef58ccebedeef133584aad66e06a2a13b2b4b2c/dProofs-withConclusions/dProofs37.txt. [tid:23005743171328]
6.91 ms taken to read 1 condensed detachment proof and conclusion from data/02974777ff5f71e12ef58ccebedeef133584aad66e06a2a13b2b4b2c/dProofs-withConclusions/dProofs3.txt. [tid:23005778892544]
0.46 ms taken to read 20 condensed detachment proofs and conclusions from data/02974777ff5f71e12ef58ccebedeef133584aad66e06a2a13b2b4b2c/dProofs-withConclusions/dProofs33.txt. [tid:23005747373824]
0.04 ms taken to read 1 condensed detachment proof and conclusion from data/02974777ff5f71e12ef58ccebedeef133584aad66e06a2a13b2b4b2c/dProofs-withConclusions/dProofs9.txt. [tid:23005772588800]
10359.43 ms (10 s 359.43 ms) taken to read 3196594 condensed detachment proofs and conclusions from data/02974777ff5f71e12ef58ccebedeef133584aad66e06a2a13b2b4b2c/dProofs-withConclusions/dProofs135.txt. [tid:23005778892544]
1.81 ms taken to read 2 condensed detachment proofs and conclusions from data/02974777ff5f71e12ef58ccebedeef133584aad66e06a2a13b2b4b2c/dProofs-withConclusions/dProofs5.txt. [tid:23005776791296]
6.82 ms taken to read 2 condensed detachment proofs and conclusions from data/02974777ff5f71e12ef58ccebedeef133584aad66e06a2a13b2b4b2c/dProofs-withConclusions/dProofs7.txt. [tid:23005774690048]
11221.13 ms (11 s 221.13 ms) taken to read 5180139 condensed detachment proofs and conclusions from data/02974777ff5f71e12ef58ccebedeef133584aad66e06a2a13b2b4b2c/dProofs-withConclusions/dProofs139.txt. [tid:23005772588800]
8395.52 ms (8 s 395.51 ms) taken to read 1965596 condensed detachment proofs and conclusions from data/02974777ff5f71e12ef58ccebedeef133584aad66e06a2a13b2b4b2c/dProofs-withConclusions/dProofs131.txt. [tid:23005770487552]
0.27 ms taken to read 1 condensed detachment proof and conclusion from data/02974777ff5f71e12ef58ccebedeef133584aad66e06a2a13b2b4b2c/dProofs-withConclusions/dProofs13.txt. [tid:23005768386304]
0.86 ms taken to read 2 condensed detachment proofs and conclusions from data/02974777ff5f71e12ef58ccebedeef133584aad66e06a2a13b2b4b2c/dProofs-withConclusions/dProofs15.txt. [tid:23005766285056]
10.55 ms taken to read 3 condensed detachment proofs and conclusions from data/02974777ff5f71e12ef58ccebedeef133584aad66e06a2a13b2b4b2c/dProofs-withConclusions/dProofs17.txt. [tid:23005764183808]
0.04 ms taken to read 4 condensed detachment proofs and conclusions from data/02974777ff5f71e12ef58ccebedeef133584aad66e06a2a13b2b4b2c/dProofs-withConclusions/dProofs19.txt. [tid:23005762082560]
1.33 ms taken to read 5 condensed detachment proofs and conclusions from data/02974777ff5f71e12ef58ccebedeef133584aad66e06a2a13b2b4b2c/dProofs-withConclusions/dProofs21.txt. [tid:23005759981312]
13.73 ms taken to read 5 condensed detachment proofs and conclusions from data/02974777ff5f71e12ef58ccebedeef133584aad66e06a2a13b2b4b2c/dProofs-withConclusions/dProofs23.txt. [tid:23005757880064]
6.84 ms taken to read 5 condensed detachment proofs and conclusions from data/02974777ff5f71e12ef58ccebedeef133584aad66e06a2a13b2b4b2c/dProofs-withConclusions/dProofs25.txt. [tid:23005755778816]
3.45 ms taken to read 6 condensed detachment proofs and conclusions from data/02974777ff5f71e12ef58ccebedeef133584aad66e06a2a13b2b4b2c/dProofs-withConclusions/dProofs27.txt. [tid:23005753677568]
2.06 ms taken to read 7 condensed detachment proofs and conclusions from data/02974777ff5f71e12ef58ccebedeef133584aad66e06a2a13b2b4b2c/dProofs-withConclusions/dProofs29.txt. [tid:23005751576320]
8.05 ms taken to read 15 condensed detachment proofs and conclusions from data/02974777ff5f71e12ef58ccebedeef133584aad66e06a2a13b2b4b2c/dProofs-withConclusions/dProofs31.txt. [tid:23005749475072]
10885.78 ms (10 s 885.78 ms) taken to read 4066027 condensed detachment proofs and conclusions from data/02974777ff5f71e12ef58ccebedeef133584aad66e06a2a13b2b4b2c/dProofs-withConclusions/dProofs137.txt. [tid:23005747373824]
4.38 ms taken to read 25 condensed detachment proofs and conclusions from data/02974777ff5f71e12ef58ccebedeef133584aad66e06a2a13b2b4b2c/dProofs-withConclusions/dProofs35.txt. [tid:23005745272576]
10066.04 ms (10 s 66.04 ms) taken to read 2509883 condensed detachment proofs and conclusions from data/02974777ff5f71e12ef58ccebedeef133584aad66e06a2a13b2b4b2c/dProofs-withConclusions/dProofs133.txt. [tid:23005743171328]
4.80 ms taken to read 37 condensed detachment proofs and conclusions from data/02974777ff5f71e12ef58ccebedeef133584aad66e06a2a13b2b4b2c/dProofs-withConclusions/dProofs39.txt. [tid:23005741070080]
13.91 ms taken to read 42 condensed detachment proofs and conclusions from data/02974777ff5f71e12ef58ccebedeef133584aad66e06a2a13b2b4b2c/dProofs-withConclusions/dProofs41.txt. [tid:23005738968832]
5.21 ms taken to read 51 condensed detachment proofs and conclusions from data/02974777ff5f71e12ef58ccebedeef133584aad66e06a2a13b2b4b2c/dProofs-withConclusions/dProofs43.txt. [tid:23005736867584]
6.07 ms taken to read 63 condensed detachment proofs and conclusions from data/02974777ff5f71e12ef58ccebedeef133584aad66e06a2a13b2b4b2c/dProofs-withConclusions/dProofs45.txt. [tid:23005734766336]
13.32 ms taken to read 85 condensed detachment proofs and conclusions from data/02974777ff5f71e12ef58ccebedeef133584aad66e06a2a13b2b4b2c/dProofs-withConclusions/dProofs47.txt. [tid:23005732665088]
2.14 ms taken to read 122 condensed detachment proofs and conclusions from data/02974777ff5f71e12ef58ccebedeef133584aad66e06a2a13b2b4b2c/dProofs-withConclusions/dProofs49.txt. [tid:23005730563840]
20.74 ms taken to read 162 condensed detachment proofs and conclusions from data/02974777ff5f71e12ef58ccebedeef133584aad66e06a2a13b2b4b2c/dProofs-withConclusions/dProofs51.txt. [tid:23005728462592]
1.74 ms taken to read 206 condensed detachment proofs and conclusions from data/02974777ff5f71e12ef58ccebedeef133584aad66e06a2a13b2b4b2c/dProofs-withConclusions/dProofs53.txt. [tid:23005726361344]
12.08 ms taken to read 251 condensed detachment proofs and conclusions from data/02974777ff5f71e12ef58ccebedeef133584aad66e06a2a13b2b4b2c/dProofs-withConclusions/dProofs55.txt. [tid:23004247488256]
24.48 ms taken to read 292 condensed detachment proofs and conclusions from data/02974777ff5f71e12ef58ccebedeef133584aad66e06a2a13b2b4b2c/dProofs-withConclusions/dProofs57.txt. [tid:23004245387008]
9.65 ms taken to read 339 condensed detachment proofs and conclusions from data/02974777ff5f71e12ef58ccebedeef133584aad66e06a2a13b2b4b2c/dProofs-withConclusions/dProofs59.txt. [tid:23004243285760]
39.21 ms taken to read 444 condensed detachment proofs and conclusions from data/02974777ff5f71e12ef58ccebedeef133584aad66e06a2a13b2b4b2c/dProofs-withConclusions/dProofs61.txt. [tid:23004241184512]
38.69 ms taken to read 598 condensed detachment proofs and conclusions from data/02974777ff5f71e12ef58ccebedeef133584aad66e06a2a13b2b4b2c/dProofs-withConclusions/dProofs63.txt. [tid:23004239083264]
24.79 ms taken to read 781 condensed detachment proofs and conclusions from data/02974777ff5f71e12ef58ccebedeef133584aad66e06a2a13b2b4b2c/dProofs-withConclusions/dProofs65.txt. [tid:23004236982016]
25.53 ms taken to read 1016 condensed detachment proofs and conclusions from data/02974777ff5f71e12ef58ccebedeef133584aad66e06a2a13b2b4b2c/dProofs-withConclusions/dProofs67.txt. [tid:23004234880768]
30.30 ms taken to read 1303 condensed detachment proofs and conclusions from data/02974777ff5f71e12ef58ccebedeef133584aad66e06a2a13b2b4b2c/dProofs-withConclusions/dProofs69.txt. [tid:23004232779520]
27.55 ms taken to read 1593 condensed detachment proofs and conclusions from data/02974777ff5f71e12ef58ccebedeef133584aad66e06a2a13b2b4b2c/dProofs-withConclusions/dProofs71.txt. [tid:23004230678272]
33.10 ms taken to read 1922 condensed detachment proofs and conclusions from data/02974777ff5f71e12ef58ccebedeef133584aad66e06a2a13b2b4b2c/dProofs-withConclusions/dProofs73.txt. [tid:23004228577024]
46.80 ms taken to read 2359 condensed detachment proofs and conclusions from data/02974777ff5f71e12ef58ccebedeef133584aad66e06a2a13b2b4b2c/dProofs-withConclusions/dProofs75.txt. [tid:23004226475776]
43.71 ms taken to read 2986 condensed detachment proofs and conclusions from data/02974777ff5f71e12ef58ccebedeef133584aad66e06a2a13b2b4b2c/dProofs-withConclusions/dProofs77.txt. [tid:23004224374528]
223.82 ms taken to read 3875 condensed detachment proofs and conclusions from data/02974777ff5f71e12ef58ccebedeef133584aad66e06a2a13b2b4b2c/dProofs-withConclusions/dProofs79.txt. [tid:23004222273280]
58.43 ms taken to read 5006 condensed detachment proofs and conclusions from data/02974777ff5f71e12ef58ccebedeef133584aad66e06a2a13b2b4b2c/dProofs-withConclusions/dProofs81.txt. [tid:23004220172032]
42.18 ms taken to read 6466 condensed detachment proofs and conclusions from data/02974777ff5f71e12ef58ccebedeef133584aad66e06a2a13b2b4b2c/dProofs-withConclusions/dProofs83.txt. [tid:23004218070784]
48.87 ms taken to read 8184 condensed detachment proofs and conclusions from data/02974777ff5f71e12ef58ccebedeef133584aad66e06a2a13b2b4b2c/dProofs-withConclusions/dProofs85.txt. [tid:23004215969536]
880.41 ms taken to read 10182 condensed detachment proofs and conclusions from data/02974777ff5f71e12ef58ccebedeef133584aad66e06a2a13b2b4b2c/dProofs-withConclusions/dProofs87.txt. [tid:23004213868288]
120.64 ms taken to read 12488 condensed detachment proofs and conclusions from data/02974777ff5f71e12ef58ccebedeef133584aad66e06a2a13b2b4b2c/dProofs-withConclusions/dProofs89.txt. [tid:23004211767040]
131.31 ms taken to read 15534 condensed detachment proofs and conclusions from data/02974777ff5f71e12ef58ccebedeef133584aad66e06a2a13b2b4b2c/dProofs-withConclusions/dProofs91.txt. [tid:23004209665792]
1046.99 ms (1 s 46.99 ms) taken to read 19614 condensed detachment proofs and conclusions from data/02974777ff5f71e12ef58ccebedeef133584aad66e06a2a13b2b4b2c/dProofs-withConclusions/dProofs93.txt. [tid:23004207564544]
347.57 ms taken to read 25087 condensed detachment proofs and conclusions from data/02974777ff5f71e12ef58ccebedeef133584aad66e06a2a13b2b4b2c/dProofs-withConclusions/dProofs95.txt. [tid:23004205463296]
1658.77 ms (1 s 658.77 ms) taken to read 32452 condensed detachment proofs and conclusions from data/02974777ff5f71e12ef58ccebedeef133584aad66e06a2a13b2b4b2c/dProofs-withConclusions/dProofs97.txt. [tid:23004203362048]
1873.65 ms (1 s 873.65 ms) taken to read 41840 condensed detachment proofs and conclusions from data/02974777ff5f71e12ef58ccebedeef133584aad66e06a2a13b2b4b2c/dProofs-withConclusions/dProofs99.txt. [tid:23004201260800]
810.64 ms taken to read 53343 condensed detachment proofs and conclusions from data/02974777ff5f71e12ef58ccebedeef133584aad66e06a2a13b2b4b2c/dProofs-withConclusions/dProofs101.txt. [tid:23004199159552]
914.13 ms taken to read 67105 condensed detachment proofs and conclusions from data/02974777ff5f71e12ef58ccebedeef133584aad66e06a2a13b2b4b2c/dProofs-withConclusions/dProofs103.txt. [tid:23004197058304]
1508.60 ms (1 s 508.60 ms) taken to read 84222 condensed detachment proofs and conclusions from data/02974777ff5f71e12ef58ccebedeef133584aad66e06a2a13b2b4b2c/dProofs-withConclusions/dProofs105.txt. [tid:23004194957056]
1283.19 ms (1 s 283.19 ms) taken to read 105925 condensed detachment proofs and conclusions from data/02974777ff5f71e12ef58ccebedeef133584aad66e06a2a13b2b4b2c/dProofs-withConclusions/dProofs107.txt. [tid:23004192855808]
4946.59 ms (4 s 946.59 ms) taken to read 134564 condensed detachment proofs and conclusions from data/02974777ff5f71e12ef58ccebedeef133584aad66e06a2a13b2b4b2c/dProofs-withConclusions/dProofs109.txt. [tid:23004190754560]
6191.55 ms (6 s 191.55 ms) taken to read 172053 condensed detachment proofs and conclusions from data/02974777ff5f71e12ef58ccebedeef133584aad66e06a2a13b2b4b2c/dProofs-withConclusions/dProofs111.txt. [tid:23004188653312]
9545.49 ms (9 s 545.49 ms) taken to read 221055 condensed detachment proofs and conclusions from data/02974777ff5f71e12ef58ccebedeef133584aad66e06a2a13b2b4b2c/dProofs-withConclusions/dProofs113.txt. [tid:23004186552064]
2367.74 ms (2 s 367.74 ms) taken to read 283569 condensed detachment proofs and conclusions from data/02974777ff5f71e12ef58ccebedeef133584aad66e06a2a13b2b4b2c/dProofs-withConclusions/dProofs115.txt. [tid:23004184450816]
4439.44 ms (4 s 439.44 ms) taken to read 361751 condensed detachment proofs and conclusions from data/02974777ff5f71e12ef58ccebedeef133584aad66e06a2a13b2b4b2c/dProofs-withConclusions/dProofs117.txt. [tid:23003509290752]
2459.40 ms (2 s 459.40 ms) taken to read 458509 condensed detachment proofs and conclusions from data/02974777ff5f71e12ef58ccebedeef133584aad66e06a2a13b2b4b2c/dProofs-withConclusions/dProofs119.txt. [tid:23003507189504]
4956.97 ms (4 s 956.97 ms) taken to read 579502 condensed detachment proofs and conclusions from data/02974777ff5f71e12ef58ccebedeef133584aad66e06a2a13b2b4b2c/dProofs-withConclusions/dProofs121.txt. [tid:23003505088256]
2680.09 ms (2 s 680.09 ms) taken to read 734352 condensed detachment proofs and conclusions from data/02974777ff5f71e12ef58ccebedeef133584aad66e06a2a13b2b4b2c/dProofs-withConclusions/dProofs123.txt. [tid:23003502987008]
6465.66 ms (6 s 465.66 ms) taken to read 935212 condensed detachment proofs and conclusions from data/02974777ff5f71e12ef58ccebedeef133584aad66e06a2a13b2b4b2c/dProofs-withConclusions/dProofs125.txt. [tid:23003500885760]
7411.83 ms (7 s 411.83 ms) taken to read 1197027 condensed detachment proofs and conclusions from data/02974777ff5f71e12ef58ccebedeef133584aad66e06a2a13b2b4b2c/dProofs-withConclusions/dProofs127.txt. [tid:23003498784512]
9377.36 ms (9 s 377.36 ms) taken to read 1534565 condensed detachment proofs and conclusions from data/02974777ff5f71e12ef58ccebedeef133584aad66e06a2a13b2b4b2c/dProofs-withConclusions/dProofs129.txt. [tid:23003496683264]
11364.88 ms (11 s 364.88 ms) total read duration.
Loaded 70 representative collections of sizes:
1 : 1
3 : 1
5 : 2
7 : 2
9 : 1
11 : 0
13 : 1
15 : 2
17 : 3
19 : 4
21 : 5
23 : 5
25 : 5
27 : 6
29 : 7
31 : 15
33 : 20
35 : 25
37 : 30
39 : 37
41 : 42
43 : 51
45 : 63
47 : 85
49 : 122
51 : 162
53 : 206
55 : 251
57 : 292
59 : 339
61 : 444
63 : 598
65 : 781
67 : 1016
69 : 1303
71 : 1593
73 : 1922
75 : 2359
77 : 2986
79 : 3875
81 : 5006
83 : 6466
85 : 8184
87 : 10182
89 : 12488
91 : 15534
93 : 19614
95 : 25087
97 : 32452
99 : 41840
101 : 53343
103 : 67105
105 : 84222
107 : 105925
109 : 134564
111 : 172053
113 : 221055
115 : 283569
117 : 361751
119 : 458509
121 : 579502
123 : 734352
125 : 935212
127 : 1197027
129 : 1534565
131 : 1965596
133 : 2509883
135 : 3196594
137 : 4066027
139 : 5180139
24036508 representatives in total.
61067.36 ms (1 min 1 s 67.36 ms) taken to read 16952082 condensed detachment proofs and conclusions from data/02974777ff5f71e12ef58ccebedeef133584aad66e06a2a13b2b4b2c/dProofs-withConclusions/dProofs141-unfiltered141+.txt. [tid:23003496683264]
90501.30 ms (1 min 30 s 501.30 ms) taken to read 26431403 condensed detachment proofs and conclusions from data/02974777ff5f71e12ef58ccebedeef133584aad66e06a2a13b2b4b2c/dProofs-withConclusions/dProofs143-unfiltered141+.txt. [tid:23003498784512]
112024.51 ms (1 min 52 s 24.52 ms) taken to read 36855440 condensed detachment proofs and conclusions from data/02974777ff5f71e12ef58ccebedeef133584aad66e06a2a13b2b4b2c/dProofs-withConclusions/dProofs145-unfiltered141+.txt. [tid:23003500885760]
111466.92 ms (1 min 51 s 466.92 ms) taken to read 47814846 condensed detachment proofs and conclusions from data/02974777ff5f71e12ef58ccebedeef133584aad66e06a2a13b2b4b2c/dProofs-withConclusions/dProofs147-unfiltered141+.txt. [tid:23003502987008]
121384.88 ms (2 min 1 s 384.88 ms) taken to read 62366737 condensed detachment proofs and conclusions from data/02974777ff5f71e12ef58ccebedeef133584aad66e06a2a13b2b4b2c/dProofs-withConclusions/dProofs149-unfiltered141+.txt. [tid:23003505088256]
133003.88 ms (2 min 13 s 3.88 ms) taken to read 82234537 condensed detachment proofs and conclusions from data/02974777ff5f71e12ef58ccebedeef133584aad66e06a2a13b2b4b2c/dProofs-withConclusions/dProofs151-unfiltered141+.txt. [tid:23003507189504]
133016.59 ms (2 min 13 s 16.59 ms) additional read duration.
Loaded 6 more representative collections of sizes:
141 : 16952082
143 : 26431403
145 : 36855440
147 : 47814846
149 : 62366737
151 : 82234537
296691553 representatives in total.
Thu Nov  2 09:44:56 2023: Inserted ≈ 5% of D-proof conclusions. [ 14834577 of 296691553] (ETC: Thu Nov  2 09:53:50 2023 ; 8 min 53 s 814.20 ms remaining ; 9 min 21 s 909.68 ms total)
Thu Nov  2 09:45:22 2023: Inserted ≈10% of D-proof conclusions. [ 29669155 of 296691553] (ETC: Thu Nov  2 09:53:27 2023 ; 8 min  4 s 705.67 ms remaining ; 8 min 58 s 561.86 ms total)
Thu Nov  2 09:45:46 2023: Inserted ≈15% of D-proof conclusions. [ 44503732 of 296691553] (ETC: Thu Nov  2 09:53:05 2023 ; 7 min 19 s 743.20 ms remaining ; 8 min 37 s 344.94 ms total)
Thu Nov  2 09:46:07 2023: Inserted ≈20% of D-proof conclusions. [ 59338310 of 296691553] (ETC: Thu Nov  2 09:52:44 2023 ; 6 min 36 s 821.12 ms remaining ; 8 min 16 s  26.39 ms total)
Thu Nov  2 09:46:33 2023: Inserted ≈25% of D-proof conclusions. [ 74172888 of 296691553] (ETC: Thu Nov  2 09:52:46 2023 ; 6 min 13 s 714.00 ms remaining ; 8 min 18 s 285.33 ms total)
Thu Nov  2 09:46:56 2023: Inserted ≈30% of D-proof conclusions. [ 89007465 of 296691553] (ETC: Thu Nov  2 09:52:42 2023 ; 5 min 45 s 989.82 ms remaining ; 8 min 14 s 271.17 ms total)
Thu Nov  2 09:47:20 2023: Inserted ≈35% of D-proof conclusions. [103842043 of 296691553] (ETC: Thu Nov  2 09:52:41 2023 ; 5 min 20 s 232.02 ms remaining ; 8 min 12 s 664.64 ms total)
Thu Nov  2 09:47:42 2023: Inserted ≈40% of D-proof conclusions. [118676621 of 296691553] (ETC: Thu Nov  2 09:52:34 2023 ; 4 min 51 s 619.06 ms remaining ; 8 min  6 s  31.77 ms total)
Thu Nov  2 09:48:08 2023: Inserted ≈45% of D-proof conclusions. [133511198 of 296691553] (ETC: Thu Nov  2 09:52:36 2023 ; 4 min 28 s 430.49 ms remaining ; 8 min  8 s  55.43 ms total)
Thu Nov  2 09:48:34 2023: Inserted ≈50% of D-proof conclusions. [148345776 of 296691553] (ETC: Thu Nov  2 09:52:41 2023 ; 4 min  6 s 389.52 ms remaining ; 8 min 12 s 779.04 ms total)
Thu Nov  2 09:48:57 2023: Inserted ≈55% of D-proof conclusions. [163180354 of 296691553] (ETC: Thu Nov  2 09:52:38 2023 ; 3 min 40 s 479.32 ms remaining ; 8 min  9 s 954.05 ms total)
Thu Nov  2 09:49:23 2023: Inserted ≈60% of D-proof conclusions. [178014931 of 296691553] (ETC: Thu Nov  2 09:52:40 2023 ; 3 min 16 s 794.01 ms remaining ; 8 min 11 s 985.03 ms total)
Thu Nov  2 09:49:46 2023: Inserted ≈65% of D-proof conclusions. [192849509 of 296691553] (ETC: Thu Nov  2 09:52:38 2023 ; 2 min 51 s 487.61 ms remaining ; 8 min  9 s 964.61 ms total)
Thu Nov  2 09:50:08 2023: Inserted ≈70% of D-proof conclusions. [207684087 of 296691553] (ETC: Thu Nov  2 09:52:34 2023 ; 2 min 25 s 849.07 ms remaining ; 8 min  6 s 163.57 ms total)
Thu Nov  2 09:50:32 2023: Inserted ≈75% of D-proof conclusions. [222518664 of 296691553] (ETC: Thu Nov  2 09:52:33 2023 ; 2 min  1 s 254.87 ms remaining ; 8 min  5 s  19.48 ms total)
Thu Nov  2 09:50:53 2023: Inserted ≈80% of D-proof conclusions. [237353242 of 296691553] (ETC: Thu Nov  2 09:52:29 2023 ; 1 min 36 s 307.66 ms remaining ; 8 min  1 s 538.28 ms total)
Thu Nov  2 09:51:17 2023: Inserted ≈85% of D-proof conclusions. [252187820 of 296691553] (ETC: Thu Nov  2 09:52:29 2023 ; 1 min 12 s 107.41 ms remaining ; 8 min      716.07 ms total)
Thu Nov  2 09:51:39 2023: Inserted ≈90% of D-proof conclusions. [267022397 of 296691553] (ETC: Thu Nov  2 09:52:27 2023 ; 47 s 929.10 ms remaining ; 7 min 59 s 290.96 ms total)
Thu Nov  2 09:52:03 2023: Inserted ≈95% of D-proof conclusions. [281856975 of 296691553] (ETC: Thu Nov  2 09:52:27 2023 ; 23 s 954.39 ms remaining ; 7 min 59 s  87.75 ms total)
Thu Nov  2 09:52:26 2023: Inserted 100% of D-proof conclusions. [296691553 of 296691553] (ETC: Thu Nov  2 09:52:26 2023 ; 0.00 ms remaining ; 7 min 58 s 301.12 ms total)
478301.34 ms (7 min 58 s 301.35 ms) total insertion duration.
Known iteration count loaded from 153:1176314122.
Thu Nov  2 09:52:26 2023: Starting to generate D-proof representatives of length 153.
Thu Nov  2 10:14:17 2023: Iterated ≈ 2% of D-proof candidates. [  23526282 of 1176314122] (ETC: Fri Nov  3 04:04:36 2023 ; 17 h 50 min 18 s 731.54 ms remaining ; 18 h 12 min  9 s 317.88 ms total)
Thu Nov  2 10:35:28 2023: Iterated ≈ 4% of D-proof candidates. [  47052564 of 1176314122] (ETC: Fri Nov  3 03:48:16 2023 ; 17 h 12 min 47 s 528.72 ms remaining ; 17 h 55 min 49 s 509.03 ms total)
Thu Nov  2 10:54:59 2023: Iterated ≈ 6% of D-proof candidates. [  70578847 of 1176314122] (ETC: Fri Nov  3 03:14:54 2023 ; 16 h 19 min 54 s 937.41 ms remaining ; 17 h 22 min 27 s 805.73 ms total)
Thu Nov  2 11:17:07 2023: Iterated ≈ 8% of D-proof candidates. [  94105129 of 1176314122] (ETC: Fri Nov  3 03:30:58 2023 ; 16 h 13 min 51 s  16.01 ms remaining ; 17 h 38 min 31 s 973.88 ms total)
Thu Nov  2 11:41:14 2023: Iterated ≈10% of D-proof candidates. [ 117631412 of 1176314122] (ETC: Fri Nov  3 04:00:25 2023 ; 16 h 19 min 11 s 214.30 ms remaining ; 18 h  7 min 59 s 126.99 ms total)
Thu Nov  2 12:02:14 2023: Iterated ≈12% of D-proof candidates. [ 141157694 of 1176314122] (ETC: Fri Nov  3 03:54:04 2023 ; 15 h 51 min 50 s 412.29 ms remaining ; 18 h  1 min 38 s 195.74 ms total)
Thu Nov  2 12:22:31 2023: Iterated ≈14% of D-proof candidates. [ 164683977 of 1176314122] (ETC: Fri Nov  3 03:44:25 2023 ; 15 h 21 min 54 s 468.13 ms remaining ; 17 h 51 min 59 s 148.98 ms total)
Thu Nov  2 12:48:29 2023: Iterated ≈16% of D-proof candidates. [ 188210259 of 1176314122] (ETC: Fri Nov  3 04:12:43 2023 ; 15 h 24 min 14 s 146.83 ms remaining ; 18 h 20 min 16 s 841.43 ms total)
Thu Nov  2 13:10:01 2023: Iterated ≈18% of D-proof candidates. [ 211736541 of 1176314122] (ETC: Fri Nov  3 04:10:05 2023 ; 15 h         4 s 232.52 ms remaining ; 18 h 17 min 38 s 820.08 ms total)
Thu Nov  2 13:32:18 2023: Iterated ≈20% of D-proof candidates. [ 235262824 of 1176314122] (ETC: Fri Nov  3 04:11:47 2023 ; 14 h 39 min 28 s 727.08 ms remaining ; 18 h 19 min 20 s 908.83 ms total)
Thu Nov  2 13:56:04 2023: Iterated ≈22% of D-proof candidates. [ 258789106 of 1176314122] (ETC: Fri Nov  3 04:19:49 2023 ; 14 h 23 min 45 s 435.38 ms remaining ; 18 h 27 min 22 s 865.81 ms total)
Thu Nov  2 14:16:09 2023: Iterated ≈24% of D-proof candidates. [ 282315389 of 1176314122] (ETC: Fri Nov  3 04:11:13 2023 ; 13 h 55 min  4 s  38.02 ms remaining ; 18 h 18 min 46 s 365.79 ms total)
Thu Nov  2 14:40:13 2023: Iterated ≈26% of D-proof candidates. [ 305841671 of 1176314122] (ETC: Fri Nov  3 04:19:16 2023 ; 13 h 39 min  3 s 556.44 ms remaining ; 18 h 26 min 50 s 211.35 ms total)
Thu Nov  2 15:01:36 2023: Iterated ≈28% of D-proof candidates. [ 329367954 of 1176314122] (ETC: Fri Nov  3 04:16:35 2023 ; 13 h 14 min 59 s 192.73 ms remaining ; 18 h 24 min  8 s 878.78 ms total)
Thu Nov  2 15:25:05 2023: Iterated ≈30% of D-proof candidates. [ 352894236 of 1176314122] (ETC: Fri Nov  3 04:21:15 2023 ; 12 h 56 min 10 s 279.23 ms remaining ; 18 h 28 min 48 s 970.28 ms total)
Thu Nov  2 15:46:29 2023: Iterated ≈32% of D-proof candidates. [ 376420519 of 1176314122] (ETC: Fri Nov  3 04:18:51 2023 ; 12 h 32 min 21 s 776.32 ms remaining ; 18 h 26 min 24 s 965.17 ms total)
Thu Nov  2 16:10:04 2023: Iterated ≈34% of D-proof candidates. [ 399946801 of 1176314122] (ETC: Fri Nov  3 04:23:08 2023 ; 12 h 13 min  3 s 387.86 ms remaining ; 18 h 30 min 41 s 496.72 ms total)
Thu Nov  2 16:34:26 2023: Iterated ≈36% of D-proof candidates. [ 423473083 of 1176314122] (ETC: Fri Nov  3 04:29:06 2023 ; 11 h 54 min 39 s 998.46 ms remaining ; 18 h 36 min 39 s 997.51 ms total)
Thu Nov  2 16:55:44 2023: Iterated ≈38% of D-proof candidates. [ 446999366 of 1176314122] (ETC: Fri Nov  3 04:26:23 2023 ; 11 h 30 min 39 s  39.36 ms remaining ; 18 h 33 min 57 s 160.22 ms total)
Thu Nov  2 17:15:33 2023: Iterated ≈40% of D-proof candidates. [ 470525648 of 1176314122] (ETC: Fri Nov  3 04:20:13 2023 ; 11 h  4 min 39 s 800.89 ms remaining ; 18 h 27 min 46 s 334.74 ms total)
Thu Nov  2 17:38:12 2023: Iterated ≈42% of D-proof candidates. [ 494051931 of 1176314122] (ETC: Fri Nov  3 04:21:25 2023 ; 10 h 43 min 12 s 245.46 ms remaining ; 18 h 28 min 58 s 354.22 ms total)
Thu Nov  2 17:59:55 2023: Iterated ≈44% of D-proof candidates. [ 517578213 of 1176314122] (ETC: Fri Nov  3 04:20:21 2023 ; 10 h 20 min 25 s 797.64 ms remaining ; 18 h 27 min 54 s 638.58 ms total)
Thu Nov  2 18:22:25 2023: Iterated ≈46% of D-proof candidates. [ 541104496 of 1176314122] (ETC: Fri Nov  3 04:21:04 2023 ; 9 h 58 min 39 s 724.91 ms remaining ; 18 h 28 min 38 s   9.08 ms total)
Thu Nov  2 18:44:58 2023: Iterated ≈48% of D-proof candidates. [ 564630778 of 1176314122] (ETC: Fri Nov  3 04:21:53 2023 ; 9 h 36 min 54 s 684.06 ms remaining ; 18 h 29 min 26 s 700.05 ms total)
Thu Nov  2 19:08:26 2023: Iterated ≈50% of D-proof candidates. [ 588157061 of 1176314122] (ETC: Fri Nov  3 04:24:25 2023 ; 9 h 15 min 59 s 471.25 ms remaining ; 18 h 31 min 58 s 942.50 ms total)
Thu Nov  2 19:28:59 2023: Iterated ≈52% of D-proof candidates. [ 611683343 of 1176314122] (ETC: Fri Nov  3 04:21:12 2023 ; 8 h 52 min 12 s 141.09 ms remaining ; 18 h 28 min 45 s 293.88 ms total)
Thu Nov  2 19:49:35 2023: Iterated ≈54% of D-proof candidates. [ 635209625 of 1176314122] (ETC: Fri Nov  3 04:18:17 2023 ; 8 h 28 min 41 s 168.77 ms remaining ; 18 h 25 min 50 s 366.78 ms total)
Thu Nov  2 20:10:55 2023: Iterated ≈56% of D-proof candidates. [ 658735908 of 1176314122] (ETC: Fri Nov  3 04:16:52 2023 ; 8 h  5 min 57 s 144.34 ms remaining ; 18 h 24 min 26 s 237.09 ms total)
Thu Nov  2 20:31:33 2023: Iterated ≈58% of D-proof candidates. [ 682262190 of 1176314122] (ETC: Fri Nov  3 04:14:21 2023 ; 7 h 42 min 48 s  13.07 ms remaining ; 18 h 21 min 54 s 316.73 ms total)
Thu Nov  2 20:52:17 2023: Iterated ≈60% of D-proof candidates. [ 705788473 of 1176314122] (ETC: Fri Nov  3 04:12:10 2023 ; 7 h 19 min 53 s 608.63 ms remaining ; 18 h 19 min 44 s  21.54 ms total)
Thu Nov  2 21:13:21 2023: Iterated ≈62% of D-proof candidates. [ 729314755 of 1176314122] (ETC: Fri Nov  3 04:10:40 2023 ; 6 h 57 min 19 s 727.42 ms remaining ; 18 h 18 min 14 s  19.42 ms total)
Thu Nov  2 21:34:00 2023: Iterated ≈64% of D-proof candidates. [ 752841038 of 1176314122] (ETC: Fri Nov  3 04:08:38 2023 ; 6 h 34 min 37 s 873.05 ms remaining ; 18 h 16 min 11 s 869.56 ms total)
Thu Nov  2 21:54:22 2023: Iterated ≈66% of D-proof candidates. [ 776367320 of 1176314122] (ETC: Fri Nov  3 04:06:16 2023 ; 6 h 11 min 54 s 190.70 ms remaining ; 18 h 13 min 49 s 972.55 ms total)
Thu Nov  2 22:14:39 2023: Iterated ≈68% of D-proof candidates. [ 799893602 of 1176314122] (ETC: Fri Nov  3 04:03:56 2023 ; 5 h 49 min 16 s 771.40 ms remaining ; 18 h 11 min 29 s 910.45 ms total)
Thu Nov  2 22:34:52 2023: Iterated ≈70% of D-proof candidates. [ 823419885 of 1176314122] (ETC: Fri Nov  3 04:01:37 2023 ; 5 h 26 min 45 s 365.01 ms remaining ; 18 h  9 min 11 s 216.64 ms total)
Thu Nov  2 22:55:03 2023: Iterated ≈72% of D-proof candidates. [ 846946167 of 1176314122] (ETC: Fri Nov  3 03:59:24 2023 ; 5 h  4 min 20 s 910.52 ms remaining ; 18 h  6 min 57 s 537.40 ms total)
Thu Nov  2 23:15:04 2023: Iterated ≈74% of D-proof candidates. [ 870472450 of 1176314122] (ETC: Fri Nov  3 03:57:05 2023 ; 4 h 42 min      421.26 ms remaining ; 18 h  4 min 38 s 543.27 ms total)
Thu Nov  2 23:35:21 2023: Iterated ≈76% of D-proof candidates. [ 893998732 of 1176314122] (ETC: Fri Nov  3 03:55:12 2023 ; 4 h 19 min 51 s 894.31 ms remaining ; 18 h  2 min 46 s 226.13 ms total)
Thu Nov  2 23:55:33 2023: Iterated ≈78% of D-proof candidates. [ 917525015 of 1176314122] (ETC: Fri Nov  3 03:53:21 2023 ; 3 h 57 min 47 s 990.85 ms remaining ; 18 h        54 s 503.84 ms total)
Fri Nov  3 00:15:40 2023: Iterated ≈80% of D-proof candidates. [ 941051297 of 1176314122] (ETC: Fri Nov  3 03:51:28 2023 ; 3 h 35 min 48 s 350.20 ms remaining ; 17 h 59 min  1 s 750.84 ms total)
Fri Nov  3 00:35:23 2023: Iterated ≈82% of D-proof candidates. [ 964577580 of 1176314122] (ETC: Fri Nov  3 03:49:12 2023 ; 3 h 13 min 48 s 967.27 ms remaining ; 17 h 56 min 45 s 373.73 ms total)
Fri Nov  3 00:54:53 2023: Iterated ≈84% of D-proof candidates. [ 988103862 of 1176314122] (ETC: Fri Nov  3 03:46:46 2023 ; 2 h 51 min 53 s 635.84 ms remaining ; 17 h 54 min 20 s 223.83 ms total)
Fri Nov  3 01:14:15 2023: Iterated ≈86% of D-proof candidates. [1011630144 of 1176314122] (ETC: Fri Nov  3 03:44:19 2023 ; 2 h 30 min  3 s 725.31 ms remaining ; 17 h 51 min 52 s 323.25 ms total)
Fri Nov  3 01:33:40 2023: Iterated ≈88% of D-proof candidates. [1035156427 of 1176314122] (ETC: Fri Nov  3 03:42:01 2023 ; 2 h  8 min 21 s   1.15 ms remaining ; 17 h 49 min 35 s   9.42 ms total)
Fri Nov  3 01:53:11 2023: Iterated ≈90% of D-proof candidates. [1058682709 of 1176314122] (ETC: Fri Nov  3 03:39:55 2023 ; 1 h 46 min 44 s 920.43 ms remaining ; 17 h 47 min 29 s 203.90 ms total)
Fri Nov  3 02:12:30 2023: Iterated ≈92% of D-proof candidates. [1082208992 of 1176314122] (ETC: Fri Nov  3 03:37:43 2023 ; 1 h 25 min 13 s 367.81 ms remaining ; 17 h 45 min 17 s  97.45 ms total)
Fri Nov  3 02:31:38 2023: Iterated ≈94% of D-proof candidates. [1105735274 of 1176314122] (ETC: Fri Nov  3 03:35:25 2023 ; 1 h  3 min 46 s 738.36 ms remaining ; 17 h 42 min 58 s 972.12 ms total)
Fri Nov  3 02:50:43 2023: Iterated ≈96% of D-proof candidates. [1129261557 of 1176314122] (ETC: Fri Nov  3 03:33:08 2023 ; 42 min 25 s 689.31 ms remaining ; 17 h 40 min 42 s 232.65 ms total)
Fri Nov  3 03:09:58 2023: Iterated ≈98% of D-proof candidates. [1152787839 of 1176314122] (ETC: Fri Nov  3 03:31:09 2023 ; 21 min 10 s 452.84 ms remaining ; 17 h 38 min 42 s 640.65 ms total)
Fri Nov  3 03:29:14 2023: Iterated 100% of D-proof candidates. [1176314122 of 1176314122] (ETC: Fri Nov  3 03:29:14 2023 ; 0.00 ms remaining ; 17 h 36 min 47 s 539.78 ms total)
63408158.79 ms (17 h 36 min 48 s 158.79 ms) taken to collect 109705510 D-proofs of length 153. [iterated 1176314122 condensed detachment proof strings]
[Copy] Custom iteration counts: { { 1, 1 }, { 3, 1 }, { 5, 2 }, { 7, 5 }, { 9, 8 }, { 11, 10 }, { 13, 10 }, { 15, 10 }, { 17, 10 }, { 19, 15 }, { 21, 26 }, { 23, 40 }, { 25, 52 }, { 27, 63 }, { 29, 74 }, { 31, 86 }, { 33, 118 }, { 35, 167 }, { 37, 244 }, { 39, 340 }, { 41, 446 }, { 43, 551 }, { 45, 688 }, { 47, 869 }, { 49, 1128 }, { 51, 1509 }, { 53, 2046 }, { 55, 2758 }, { 57, 3636 }, { 59, 4659 }, { 61, 5848 }, { 63, 7415 }, { 65, 9546 }, { 67, 12520 }, { 69, 16626 }, { 71, 21997 }, { 73, 28576 }, { 75, 36634 }, { 77, 46614 }, { 79, 59337 }, { 81, 76266 }, { 83, 99080 }, { 85, 129482 }, { 87, 168717 }, { 89, 218196 }, { 91, 279663 }, { 93, 357074 }, { 95, 456119 }, { 97, 585294 }, { 99, 755798 }, { 101, 979916 }, { 103, 1269838 }, { 105, 1639296 }, { 107, 2106748 }, { 109, 2698758 }, { 111, 3457865 }, { 113, 4441498 }, { 115, 5724404 }, { 117, 7393098 }, { 119, 9547567 }, { 121, 12303220 }, { 123, 15814238 }, { 125, 20294070 }, { 127, 26041382 }, { 129, 33464926 }, { 131, 43088171 }, { 133, 55549258 }, { 135, 71608010 }, { 137, 92211954 }, { 139, 118581507 }, { 141, 152368710 }, { 143, 216457445 }, { 145, 308369644 }, { 147, 453382622 }, { 149, 650543112 }, { 151, 891383185 }, { 153, 1176314122 } }
732419.24 ms (12 min 12 s 419.24 ms) taken to filter and order new representative proofs.
Found 109705510 representative, 464543278 redundant, and 602065334 invalid condensed detachment proof strings.
lengths up to 153 ; amounts per length: {(1,1), (3,1), (5,2), (7,2), (9,1), (13,1), (15,2), (17,3), (19,4), (21,5), (23,5), (25,5), (27,6), (29,7), (31,15), (33,20), (35,25), (37,30), (39,37), (41,42), (43,51), (45,63), (47,85), (49,122), (51,162), (53,206), (55,251), (57,292), (59,339), (61,444), (63,598), (65,781), (67,1016), (69,1303), (71,1593), (73,1922), (75,2359), (77,2986), (79,3875), (81,5006), (83,6466), (85,8184), (87,10182), (89,12488), (91,15534), (93,19614), (95,25087), (97,32452), (99,41840), (101,53343), (103,67105), (105,84222), (107,105925), (109,134564), (111,172053), (113,221055), (115,283569), (117,361751), (119,458509), (121,579502), (123,734352), (125,935212), (127,1197027), (129,1534565), (131,1965596), (133,2509883), (135,3196594), (137,4066027), (139,5180139), (141,16952082), (143,26431403), (145,36855440), (147,47814846), (149,62366737), (151,82234537), (153,109705510)} ; 109705510 new representative proofs (464543278 redundant, 602065334 invalid)
Fri Nov  3 03:50:43 2023: Starting to write 109705510 entries to data/02974777ff5f71e12ef58ccebedeef133584aad66e06a2a13b2b4b2c/dProofs-withConclusions/dProofs153-unfiltered141+.txt.
128034.89 ms (2 min 8 s 34.89 ms) taken to print and save 39867127446 bytes of representative condensed detachment proof strings to data/02974777ff5f71e12ef58ccebedeef133584aad66e06a2a13b2b4b2c/dProofs-withConclusions/dProofs153-unfiltered141+.txt.
Fri Nov  3 03:54:48 2023: Limited D-proof representative generator complete. [parallel ; 64 hardware thread contexts, limit: 153, unfiltered]
Fri Nov  3 03:58:11 2023: Process terminated. [pid: 256392, tid:23005839140736]
