( This log file was generated by 'pmGenerator 1.2' (master branch), compiled by 'Intel(R) oneAPI DPC++/C++ Compiler 2022.1.0 (2022.1.0.20220316)'.
  The run was executed on a CLAIX-2018 MPI node
  — 2-socket Intel Xeon Platinum 8160 (Skylake), 24 cores each (48 cores total per node), 2.1 GHz, 3.7 GHz turbo mode, 192 GiB main memory —
  running Linux, Rocky 8.8.
  Wall-clock time:   5.869444… h
  CPU utilization: 281.7333… core-h )
Fri Oct  6 20:32:28 2023: Process started. [pid: 186222, tid:22525346006912]
Tasks:
1. resetRepresentativesFor("CC0CCN0.1.2C3CCN4C2.4C0.4", false, 0, true)
2. generateDProofRepresentativeFiles(145, false, true)

[Main] Calling resetRepresentativesFor("CC0CCN0.1.2C3CCN4C2.4C0.4", false, 0, true).
Loaded 1 custom axioms. [SHA-512/224 hash: 02974777ff5f71e12ef58ccebedeef133584aad66e06a2a13b2b4b2c]
(1) CC0CCN0.1.2C3CCN4C2.4C0.4    -    CCpCCNpqrCsCCNtCrtCpt    -    (0\imply((\not0\imply1)\imply2))\imply(3\imply((\not4\imply(2\imply4))\imply(0\imply4)))
[Main] Calling generateDProofRepresentativeFiles(145, false, true).
Fri Oct  6 20:32:28 2023: Limited D-proof representative generator started. [parallel ; 48 hardware thread contexts, limit: 145, unfiltered]
0.01 ms taken to load initial representatives.
0.02 ms taken to read 0 condensed detachment proofs and conclusions from data/02974777ff5f71e12ef58ccebedeef133584aad66e06a2a13b2b4b2c/dProofs-withConclusions/dProofs11.txt. [tid:22525277353728]
0.05 ms taken to read 85 condensed detachment proofs and conclusions from data/02974777ff5f71e12ef58ccebedeef133584aad66e06a2a13b2b4b2c/dProofs-withConclusions/dProofs47.txt. [tid:22525239531264]
0.02 ms taken to read 122 condensed detachment proofs and conclusions from data/02974777ff5f71e12ef58ccebedeef133584aad66e06a2a13b2b4b2c/dProofs-withConclusions/dProofs49.txt. [tid:22525237430016]
2.76 ms taken to read 4 condensed detachment proofs and conclusions from data/02974777ff5f71e12ef58ccebedeef133584aad66e06a2a13b2b4b2c/dProofs-withConclusions/dProofs19.txt. [tid:22525268948736]
0.69 ms taken to read 206 condensed detachment proofs and conclusions from data/02974777ff5f71e12ef58ccebedeef133584aad66e06a2a13b2b4b2c/dProofs-withConclusions/dProofs53.txt. [tid:22525233227520]
2.10 ms taken to read 30 condensed detachment proofs and conclusions from data/02974777ff5f71e12ef58ccebedeef133584aad66e06a2a13b2b4b2c/dProofs-withConclusions/dProofs37.txt. [tid:22525250037504]
2.40 ms taken to read 15 condensed detachment proofs and conclusions from data/02974777ff5f71e12ef58ccebedeef133584aad66e06a2a13b2b4b2c/dProofs-withConclusions/dProofs31.txt. [tid:22525256341248]
2.26 ms taken to read 1 condensed detachment proof and conclusion from data/02974777ff5f71e12ef58ccebedeef133584aad66e06a2a13b2b4b2c/dProofs-withConclusions/dProofs9.txt. [tid:22525279454976]
2.54 ms taken to read 2 condensed detachment proofs and conclusions from data/02974777ff5f71e12ef58ccebedeef133584aad66e06a2a13b2b4b2c/dProofs-withConclusions/dProofs5.txt. [tid:22525283657472]
0.34 ms taken to read 20 condensed detachment proofs and conclusions from data/02974777ff5f71e12ef58ccebedeef133584aad66e06a2a13b2b4b2c/dProofs-withConclusions/dProofs33.txt. [tid:22525254240000]
0.13 ms taken to read 25 condensed detachment proofs and conclusions from data/02974777ff5f71e12ef58ccebedeef133584aad66e06a2a13b2b4b2c/dProofs-withConclusions/dProofs35.txt. [tid:22525252138752]
0.22 ms taken to read 5 condensed detachment proofs and conclusions from data/02974777ff5f71e12ef58ccebedeef133584aad66e06a2a13b2b4b2c/dProofs-withConclusions/dProofs25.txt. [tid:22525262644992]
0.63 ms taken to read 51 condensed detachment proofs and conclusions from data/02974777ff5f71e12ef58ccebedeef133584aad66e06a2a13b2b4b2c/dProofs-withConclusions/dProofs43.txt. [tid:22525243733760]
0.75 ms taken to read 1 condensed detachment proof and conclusion from data/02974777ff5f71e12ef58ccebedeef133584aad66e06a2a13b2b4b2c/dProofs-withConclusions/dProofs13.txt. [tid:22525275252480]
0.07 ms taken to read 2 condensed detachment proofs and conclusions from data/02974777ff5f71e12ef58ccebedeef133584aad66e06a2a13b2b4b2c/dProofs-withConclusions/dProofs15.txt. [tid:22525273151232]
0.21 ms taken to read 37 condensed detachment proofs and conclusions from data/02974777ff5f71e12ef58ccebedeef133584aad66e06a2a13b2b4b2c/dProofs-withConclusions/dProofs39.txt. [tid:22525247936256]
2.11 ms taken to read 3 condensed detachment proofs and conclusions from data/02974777ff5f71e12ef58ccebedeef133584aad66e06a2a13b2b4b2c/dProofs-withConclusions/dProofs17.txt. [tid:22525271049984]
1.46 ms taken to read 42 condensed detachment proofs and conclusions from data/02974777ff5f71e12ef58ccebedeef133584aad66e06a2a13b2b4b2c/dProofs-withConclusions/dProofs41.txt. [tid:22525245835008]
1.54 ms taken to read 5 condensed detachment proofs and conclusions from data/02974777ff5f71e12ef58ccebedeef133584aad66e06a2a13b2b4b2c/dProofs-withConclusions/dProofs23.txt. [tid:22525264746240]
0.70 ms taken to read 2 condensed detachment proofs and conclusions from data/02974777ff5f71e12ef58ccebedeef133584aad66e06a2a13b2b4b2c/dProofs-withConclusions/dProofs7.txt. [tid:22525281556224]
0.02 ms taken to read 6 condensed detachment proofs and conclusions from data/02974777ff5f71e12ef58ccebedeef133584aad66e06a2a13b2b4b2c/dProofs-withConclusions/dProofs27.txt. [tid:22525260543744]
5.16 ms taken to read 1 condensed detachment proof and conclusion from data/02974777ff5f71e12ef58ccebedeef133584aad66e06a2a13b2b4b2c/dProofs-withConclusions/dProofs3.txt. [tid:22525285758720]
1009.27 ms (1 s 9.27 ms) taken to read 283569 condensed detachment proofs and conclusions from data/02974777ff5f71e12ef58ccebedeef133584aad66e06a2a13b2b4b2c/dProofs-withConclusions/dProofs115.txt. [tid:22525283657472]
6338.61 ms (6 s 338.61 ms) taken to read 4066027 condensed detachment proofs and conclusions from data/02974777ff5f71e12ef58ccebedeef133584aad66e06a2a13b2b4b2c/dProofs-withConclusions/dProofs137.txt. [tid:22525281556224]
8597.60 ms (8 s 597.60 ms) taken to read 221055 condensed detachment proofs and conclusions from data/02974777ff5f71e12ef58ccebedeef133584aad66e06a2a13b2b4b2c/dProofs-withConclusions/dProofs113.txt. [tid:22525279454976]
414.91 ms taken to read 41840 condensed detachment proofs and conclusions from data/02974777ff5f71e12ef58ccebedeef133584aad66e06a2a13b2b4b2c/dProofs-withConclusions/dProofs99.txt. [tid:22525277353728]
2786.33 ms (2 s 786.33 ms) taken to read 935212 condensed detachment proofs and conclusions from data/02974777ff5f71e12ef58ccebedeef133584aad66e06a2a13b2b4b2c/dProofs-withConclusions/dProofs125.txt. [tid:22525275252480]
3355.24 ms (3 s 355.24 ms) taken to read 1197027 condensed detachment proofs and conclusions from data/02974777ff5f71e12ef58ccebedeef133584aad66e06a2a13b2b4b2c/dProofs-withConclusions/dProofs127.txt. [tid:22525273151232]
4464.32 ms (4 s 464.32 ms) taken to read 1965596 condensed detachment proofs and conclusions from data/02974777ff5f71e12ef58ccebedeef133584aad66e06a2a13b2b4b2c/dProofs-withConclusions/dProofs131.txt. [tid:22525271049984]
1462.00 ms (1 s 462.00 ms) taken to read 84222 condensed detachment proofs and conclusions from data/02974777ff5f71e12ef58ccebedeef133584aad66e06a2a13b2b4b2c/dProofs-withConclusions/dProofs105.txt. [tid:22525268948736]
1.49 ms taken to read 5 condensed detachment proofs and conclusions from data/02974777ff5f71e12ef58ccebedeef133584aad66e06a2a13b2b4b2c/dProofs-withConclusions/dProofs21.txt. [tid:22525266847488]
5697.95 ms (5 s 697.95 ms) taken to read 3196594 condensed detachment proofs and conclusions from data/02974777ff5f71e12ef58ccebedeef133584aad66e06a2a13b2b4b2c/dProofs-withConclusions/dProofs135.txt. [tid:22525264746240]
1940.78 ms (1 s 940.78 ms) taken to read 579502 condensed detachment proofs and conclusions from data/02974777ff5f71e12ef58ccebedeef133584aad66e06a2a13b2b4b2c/dProofs-withConclusions/dProofs121.txt. [tid:22525262644992]
7035.55 ms (7 s 35.55 ms) taken to read 5180139 condensed detachment proofs and conclusions from data/02974777ff5f71e12ef58ccebedeef133584aad66e06a2a13b2b4b2c/dProofs-withConclusions/dProofs139.txt. [tid:22525260543744]
0.74 ms taken to read 7 condensed detachment proofs and conclusions from data/02974777ff5f71e12ef58ccebedeef133584aad66e06a2a13b2b4b2c/dProofs-withConclusions/dProofs29.txt. [tid:22525258442496]
5734.35 ms (5 s 734.35 ms) taken to read 172053 condensed detachment proofs and conclusions from data/02974777ff5f71e12ef58ccebedeef133584aad66e06a2a13b2b4b2c/dProofs-withConclusions/dProofs111.txt. [tid:22525256341248]
1328.47 ms (1 s 328.47 ms) taken to read 361751 condensed detachment proofs and conclusions from data/02974777ff5f71e12ef58ccebedeef133584aad66e06a2a13b2b4b2c/dProofs-withConclusions/dProofs117.txt. [tid:22525254240000]
1559.14 ms (1 s 559.14 ms) taken to read 458509 condensed detachment proofs and conclusions from data/02974777ff5f71e12ef58ccebedeef133584aad66e06a2a13b2b4b2c/dProofs-withConclusions/dProofs119.txt. [tid:22525252138752]
3541.21 ms (3 s 541.21 ms) taken to read 134564 condensed detachment proofs and conclusions from data/02974777ff5f71e12ef58ccebedeef133584aad66e06a2a13b2b4b2c/dProofs-withConclusions/dProofs109.txt. [tid:22525250037504]
4061.48 ms (4 s 61.48 ms) taken to read 1534565 condensed detachment proofs and conclusions from data/02974777ff5f71e12ef58ccebedeef133584aad66e06a2a13b2b4b2c/dProofs-withConclusions/dProofs129.txt. [tid:22525247936256]
5142.32 ms (5 s 142.32 ms) taken to read 2509883 condensed detachment proofs and conclusions from data/02974777ff5f71e12ef58ccebedeef133584aad66e06a2a13b2b4b2c/dProofs-withConclusions/dProofs133.txt. [tid:22525245835008]
2354.90 ms (2 s 354.90 ms) taken to read 734352 condensed detachment proofs and conclusions from data/02974777ff5f71e12ef58ccebedeef133584aad66e06a2a13b2b4b2c/dProofs-withConclusions/dProofs123.txt. [tid:22525243733760]
5.90 ms taken to read 63 condensed detachment proofs and conclusions from data/02974777ff5f71e12ef58ccebedeef133584aad66e06a2a13b2b4b2c/dProofs-withConclusions/dProofs45.txt. [tid:22525241632512]
650.69 ms taken to read 53343 condensed detachment proofs and conclusions from data/02974777ff5f71e12ef58ccebedeef133584aad66e06a2a13b2b4b2c/dProofs-withConclusions/dProofs101.txt. [tid:22525239531264]
960.61 ms taken to read 67105 condensed detachment proofs and conclusions from data/02974777ff5f71e12ef58ccebedeef133584aad66e06a2a13b2b4b2c/dProofs-withConclusions/dProofs103.txt. [tid:22525237430016]
4.35 ms taken to read 162 condensed detachment proofs and conclusions from data/02974777ff5f71e12ef58ccebedeef133584aad66e06a2a13b2b4b2c/dProofs-withConclusions/dProofs51.txt. [tid:22525235328768]
2323.34 ms (2 s 323.34 ms) taken to read 105925 condensed detachment proofs and conclusions from data/02974777ff5f71e12ef58ccebedeef133584aad66e06a2a13b2b4b2c/dProofs-withConclusions/dProofs107.txt. [tid:22525233227520]
4.57 ms taken to read 251 condensed detachment proofs and conclusions from data/02974777ff5f71e12ef58ccebedeef133584aad66e06a2a13b2b4b2c/dProofs-withConclusions/dProofs55.txt. [tid:22525231126272]
12.52 ms taken to read 292 condensed detachment proofs and conclusions from data/02974777ff5f71e12ef58ccebedeef133584aad66e06a2a13b2b4b2c/dProofs-withConclusions/dProofs57.txt. [tid:22525229025024]
16.21 ms taken to read 339 condensed detachment proofs and conclusions from data/02974777ff5f71e12ef58ccebedeef133584aad66e06a2a13b2b4b2c/dProofs-withConclusions/dProofs59.txt. [tid:22525226923776]
23.33 ms taken to read 444 condensed detachment proofs and conclusions from data/02974777ff5f71e12ef58ccebedeef133584aad66e06a2a13b2b4b2c/dProofs-withConclusions/dProofs61.txt. [tid:22523278259968]
49.91 ms taken to read 598 condensed detachment proofs and conclusions from data/02974777ff5f71e12ef58ccebedeef133584aad66e06a2a13b2b4b2c/dProofs-withConclusions/dProofs63.txt. [tid:22523276158720]
5.29 ms taken to read 781 condensed detachment proofs and conclusions from data/02974777ff5f71e12ef58ccebedeef133584aad66e06a2a13b2b4b2c/dProofs-withConclusions/dProofs65.txt. [tid:22523274057472]
32.73 ms taken to read 1016 condensed detachment proofs and conclusions from data/02974777ff5f71e12ef58ccebedeef133584aad66e06a2a13b2b4b2c/dProofs-withConclusions/dProofs67.txt. [tid:22523271956224]
16.74 ms taken to read 1303 condensed detachment proofs and conclusions from data/02974777ff5f71e12ef58ccebedeef133584aad66e06a2a13b2b4b2c/dProofs-withConclusions/dProofs69.txt. [tid:22523269854976]
6.51 ms taken to read 1593 condensed detachment proofs and conclusions from data/02974777ff5f71e12ef58ccebedeef133584aad66e06a2a13b2b4b2c/dProofs-withConclusions/dProofs71.txt. [tid:22523267753728]
17.49 ms taken to read 1922 condensed detachment proofs and conclusions from data/02974777ff5f71e12ef58ccebedeef133584aad66e06a2a13b2b4b2c/dProofs-withConclusions/dProofs73.txt. [tid:22523265652480]
17.28 ms taken to read 2359 condensed detachment proofs and conclusions from data/02974777ff5f71e12ef58ccebedeef133584aad66e06a2a13b2b4b2c/dProofs-withConclusions/dProofs75.txt. [tid:22523263551232]
22.11 ms taken to read 2986 condensed detachment proofs and conclusions from data/02974777ff5f71e12ef58ccebedeef133584aad66e06a2a13b2b4b2c/dProofs-withConclusions/dProofs77.txt. [tid:22523261449984]
25.05 ms taken to read 3875 condensed detachment proofs and conclusions from data/02974777ff5f71e12ef58ccebedeef133584aad66e06a2a13b2b4b2c/dProofs-withConclusions/dProofs79.txt. [tid:22523259348736]
25.43 ms taken to read 5006 condensed detachment proofs and conclusions from data/02974777ff5f71e12ef58ccebedeef133584aad66e06a2a13b2b4b2c/dProofs-withConclusions/dProofs81.txt. [tid:22523257247488]
30.99 ms taken to read 6466 condensed detachment proofs and conclusions from data/02974777ff5f71e12ef58ccebedeef133584aad66e06a2a13b2b4b2c/dProofs-withConclusions/dProofs83.txt. [tid:22523255146240]
74.34 ms taken to read 8184 condensed detachment proofs and conclusions from data/02974777ff5f71e12ef58ccebedeef133584aad66e06a2a13b2b4b2c/dProofs-withConclusions/dProofs85.txt. [tid:22523253044992]
44.89 ms taken to read 10182 condensed detachment proofs and conclusions from data/02974777ff5f71e12ef58ccebedeef133584aad66e06a2a13b2b4b2c/dProofs-withConclusions/dProofs87.txt. [tid:22523250943744]
69.43 ms taken to read 12488 condensed detachment proofs and conclusions from data/02974777ff5f71e12ef58ccebedeef133584aad66e06a2a13b2b4b2c/dProofs-withConclusions/dProofs89.txt. [tid:22523248842496]
97.77 ms taken to read 15534 condensed detachment proofs and conclusions from data/02974777ff5f71e12ef58ccebedeef133584aad66e06a2a13b2b4b2c/dProofs-withConclusions/dProofs91.txt. [tid:22523246741248]
134.67 ms taken to read 19614 condensed detachment proofs and conclusions from data/02974777ff5f71e12ef58ccebedeef133584aad66e06a2a13b2b4b2c/dProofs-withConclusions/dProofs93.txt. [tid:22523244640000]
139.34 ms taken to read 25087 condensed detachment proofs and conclusions from data/02974777ff5f71e12ef58ccebedeef133584aad66e06a2a13b2b4b2c/dProofs-withConclusions/dProofs95.txt. [tid:22523242538752]
333.85 ms taken to read 32452 condensed detachment proofs and conclusions from data/02974777ff5f71e12ef58ccebedeef133584aad66e06a2a13b2b4b2c/dProofs-withConclusions/dProofs97.txt. [tid:22523240437504]
8652.56 ms (8 s 652.56 ms) total read duration.
Loaded 70 representative collections of sizes:
1 : 1
3 : 1
5 : 2
7 : 2
9 : 1
11 : 0
13 : 1
15 : 2
17 : 3
19 : 4
21 : 5
23 : 5
25 : 5
27 : 6
29 : 7
31 : 15
33 : 20
35 : 25
37 : 30
39 : 37
41 : 42
43 : 51
45 : 63
47 : 85
49 : 122
51 : 162
53 : 206
55 : 251
57 : 292
59 : 339
61 : 444
63 : 598
65 : 781
67 : 1016
69 : 1303
71 : 1593
73 : 1922
75 : 2359
77 : 2986
79 : 3875
81 : 5006
83 : 6466
85 : 8184
87 : 10182
89 : 12488
91 : 15534
93 : 19614
95 : 25087
97 : 32452
99 : 41840
101 : 53343
103 : 67105
105 : 84222
107 : 105925
109 : 134564
111 : 172053
113 : 221055
115 : 283569
117 : 361751
119 : 458509
121 : 579502
123 : 734352
125 : 935212
127 : 1197027
129 : 1534565
131 : 1965596
133 : 2509883
135 : 3196594
137 : 4066027
139 : 5180139
24036508 representatives in total.
12095.52 ms (12 s 95.52 ms) taken to read 16952082 condensed detachment proofs and conclusions from data/02974777ff5f71e12ef58ccebedeef133584aad66e06a2a13b2b4b2c/dProofs-withConclusions/dProofs141-unfiltered141+.txt. [tid:22523240437504]
17761.19 ms (17 s 761.19 ms) taken to read 26431403 condensed detachment proofs and conclusions from data/02974777ff5f71e12ef58ccebedeef133584aad66e06a2a13b2b4b2c/dProofs-withConclusions/dProofs143-unfiltered141+.txt. [tid:22523242538752]
17763.34 ms (17 s 763.34 ms) additional read duration.
Loaded 2 more representative collections of sizes:
141 : 16952082
143 : 26431403
67419993 representatives in total.
Fri Oct  6 20:32:57 2023: Inserted ≈ 5% of D-proof conclusions. [ 3370999 of 67419993] (ETC: Fri Oct  6 20:33:44 2023 ; 47 s 664.09 ms remaining ; 50 s 172.73 ms total)
Fri Oct  6 20:32:59 2023: Inserted ≈10% of D-proof conclusions. [ 6741999 of 67419993] (ETC: Fri Oct  6 20:33:46 2023 ; 46 s 797.90 ms remaining ; 51 s 997.67 ms total)
Fri Oct  6 20:33:02 2023: Inserted ≈15% of D-proof conclusions. [10112998 of 67419993] (ETC: Fri Oct  6 20:33:47 2023 ; 45 s 196.31 ms remaining ; 53 s 172.12 ms total)
Fri Oct  6 20:33:05 2023: Inserted ≈20% of D-proof conclusions. [13483998 of 67419993] (ETC: Fri Oct  6 20:33:47 2023 ; 42 s 343.59 ms remaining ; 52 s 929.49 ms total)
Fri Oct  6 20:33:07 2023: Inserted ≈25% of D-proof conclusions. [16854998 of 67419993] (ETC: Fri Oct  6 20:33:48 2023 ; 40 s 298.42 ms remaining ; 53 s 731.22 ms total)
Fri Oct  6 20:33:10 2023: Inserted ≈30% of D-proof conclusions. [20225997 of 67419993] (ETC: Fri Oct  6 20:33:49 2023 ; 38 s 379.70 ms remaining ; 54 s 828.15 ms total)
Fri Oct  6 20:33:13 2023: Inserted ≈35% of D-proof conclusions. [23596997 of 67419993] (ETC: Fri Oct  6 20:33:50 2023 ; 36 s 105.46 ms remaining ; 55 s 546.86 ms total)
Fri Oct  6 20:33:15 2023: Inserted ≈40% of D-proof conclusions. [26967997 of 67419993] (ETC: Fri Oct  6 20:33:47 2023 ; 31 s 904.15 ms remaining ; 53 s 173.59 ms total)
Fri Oct  6 20:33:17 2023: Inserted ≈45% of D-proof conclusions. [30338996 of 67419993] (ETC: Fri Oct  6 20:33:45 2023 ; 28 s 224.35 ms remaining ; 51 s 316.99 ms total)
Fri Oct  6 20:33:19 2023: Inserted ≈50% of D-proof conclusions. [33709996 of 67419993] (ETC: Fri Oct  6 20:33:44 2023 ; 24 s 866.28 ms remaining ; 49 s 732.57 ms total)
Fri Oct  6 20:33:21 2023: Inserted ≈55% of D-proof conclusions. [37080996 of 67419993] (ETC: Fri Oct  6 20:33:43 2023 ; 21 s 993.32 ms remaining ; 48 s 874.05 ms total)
Fri Oct  6 20:33:23 2023: Inserted ≈60% of D-proof conclusions. [40451995 of 67419993] (ETC: Fri Oct  6 20:33:42 2023 ; 19 s 337.88 ms remaining ; 48 s 344.70 ms total)
Fri Oct  6 20:33:25 2023: Inserted ≈65% of D-proof conclusions. [43822995 of 67419993] (ETC: Fri Oct  6 20:33:41 2023 ; 16 s 561.63 ms remaining ; 47 s 318.95 ms total)
Fri Oct  6 20:33:26 2023: Inserted ≈70% of D-proof conclusions. [47193995 of 67419993] (ETC: Fri Oct  6 20:33:40 2023 ; 13 s 908.98 ms remaining ; 46 s 363.25 ms total)
Fri Oct  6 20:33:28 2023: Inserted ≈75% of D-proof conclusions. [50564994 of 67419993] (ETC: Fri Oct  6 20:33:40 2023 ; 11 s 476.37 ms remaining ; 45 s 905.48 ms total)
Fri Oct  6 20:33:31 2023: Inserted ≈80% of D-proof conclusions. [53935994 of 67419993] (ETC: Fri Oct  6 20:33:40 2023 ; 9 s 115.30 ms remaining ; 45 s 576.50 ms total)
Fri Oct  6 20:33:32 2023: Inserted ≈85% of D-proof conclusions. [57306994 of 67419993] (ETC: Fri Oct  6 20:33:39 2023 ; 6 s 752.49 ms remaining ; 45 s  16.62 ms total)
Fri Oct  6 20:33:34 2023: Inserted ≈90% of D-proof conclusions. [60677993 of 67419993] (ETC: Fri Oct  6 20:33:39 2023 ; 4 s 447.17 ms remaining ; 44 s 471.65 ms total)
Fri Oct  6 20:33:36 2023: Inserted ≈95% of D-proof conclusions. [64048993 of 67419993] (ETC: Fri Oct  6 20:33:38 2023 ; 2 s 213.78 ms remaining ; 44 s 275.58 ms total)
Fri Oct  6 20:33:38 2023: Inserted 100% of D-proof conclusions. [67419993 of 67419993] (ETC: Fri Oct  6 20:33:38 2023 ; 0.00 ms remaining ; 44 s   8.96 ms total)
44009.11 ms (44 s 9.11 ms) total insertion duration.
Estimated iteration count set to 307502934, based on entry 143:216457445 and last known pair (141:152368710, 143:216457445) with 216457445/152368710 ≈ 1.42062 and 216457445 * (216457445/152368710)^1 ≈ 307502934.79.
Fri Oct  6 20:33:38 2023: Starting to generate D-proof representatives of length 145.
Fri Oct  6 20:42:12 2023: Iterated ≈  2% of D-proof candidates. [  6150058 of approximately 307502934] (ETC: Sat Oct  7 03:42:00 2023 ; 6 h 59 min 48 s  77.40 ms remaining ; 7 h  8 min 22 s 119.74 ms total)
Fri Oct  6 20:50:47 2023: Iterated ≈  4% of D-proof candidates. [ 12300117 of approximately 307502934] (ETC: Sat Oct  7 03:42:16 2023 ; 6 h 51 min 29 s 319.01 ms remaining ; 7 h  8 min 38 s  40.60 ms total)
Fri Oct  6 20:57:57 2023: Iterated ≈  6% of D-proof candidates. [ 18450176 of approximately 307502934] (ETC: Sat Oct  7 03:18:47 2023 ; 6 h 20 min 50 s 521.73 ms remaining ; 6 h 45 min  9 s  65.67 ms total)
Fri Oct  6 21:04:56 2023: Iterated ≈  8% of D-proof candidates. [ 24600234 of approximately 307502934] (ETC: Sat Oct  7 03:04:55 2023 ; 5 h 59 min 58 s 958.93 ms remaining ; 6 h 31 min 17 s 129.21 ms total)
Fri Oct  6 21:12:50 2023: Iterated ≈ 10% of D-proof candidates. [ 30750293 of approximately 307502934] (ETC: Sat Oct  7 03:05:42 2023 ; 5 h 52 min 51 s 474.16 ms remaining ; 6 h 32 min  3 s 860.14 ms total)
Fri Oct  6 21:20:51 2023: Iterated ≈ 12% of D-proof candidates. [ 36900352 of approximately 307502934] (ETC: Sat Oct  7 03:07:04 2023 ; 5 h 46 min 13 s 166.58 ms remaining ; 6 h 33 min 25 s 871.11 ms total)
Fri Oct  6 21:28:00 2023: Iterated ≈ 14% of D-proof candidates. [ 43050410 of approximately 307502934] (ETC: Sat Oct  7 03:01:58 2023 ; 5 h 33 min 58 s   0.08 ms remaining ; 6 h 28 min 20 s   0.03 ms total)
Fri Oct  6 21:34:32 2023: Iterated ≈ 16% of D-proof candidates. [ 49200469 of approximately 307502934] (ETC: Sat Oct  7 02:54:12 2023 ; 5 h 19 min 40 s 577.33 ms remaining ; 6 h 20 min 34 s  20.59 ms total)
Fri Oct  6 21:41:51 2023: Iterated ≈ 18% of D-proof candidates. [ 55350528 of approximately 307502934] (ETC: Sat Oct  7 02:52:37 2023 ; 5 h 10 min 45 s 588.21 ms remaining ; 6 h 18 min 58 s 522.20 ms total)
Fri Oct  6 21:49:26 2023: Iterated ≈ 20% of D-proof candidates. [ 61500586 of approximately 307502934] (ETC: Sat Oct  7 02:52:39 2023 ; 5 h  3 min 12 s 935.60 ms remaining ; 6 h 19 min  1 s 169.42 ms total)
Fri Oct  6 21:56:05 2023: Iterated ≈ 22% of D-proof candidates. [ 67650645 of approximately 307502934] (ETC: Sat Oct  7 02:48:22 2023 ; 4 h 52 min 17 s 543.20 ms remaining ; 6 h 14 min 44 s  29.70 ms total)
Fri Oct  6 22:03:39 2023: Iterated ≈ 24% of D-proof candidates. [ 73800704 of approximately 307502934] (ETC: Sat Oct  7 02:48:43 2023 ; 4 h 45 min  3 s 675.99 ms remaining ; 6 h 15 min  4 s 836.81 ms total)
Fri Oct  6 22:10:39 2023: Iterated ≈ 26% of D-proof candidates. [ 79950762 of approximately 307502934] (ETC: Sat Oct  7 02:46:45 2023 ; 4 h 36 min  6 s 689.05 ms remaining ; 6 h 13 min  7 s 417.56 ms total)
Fri Oct  6 22:17:10 2023: Iterated ≈ 28% of D-proof candidates. [ 86100821 of approximately 307502934] (ETC: Sat Oct  7 02:43:24 2023 ; 4 h 26 min 13 s 746.96 ms remaining ; 6 h  9 min 45 s 759.62 ms total)
Fri Oct  6 22:24:30 2023: Iterated ≈ 30% of D-proof candidates. [ 92250880 of approximately 307502934] (ETC: Sat Oct  7 02:43:13 2023 ; 4 h 18 min 42 s 171.49 ms remaining ; 6 h  9 min 34 s 530.68 ms total)
Fri Oct  6 22:31:54 2023: Iterated ≈ 32% of D-proof candidates. [ 98400938 of approximately 307502934] (ETC: Sat Oct  7 02:43:13 2023 ; 4 h 11 min 18 s 664.13 ms remaining ; 6 h  9 min 34 s 505.98 ms total)
Fri Oct  6 22:39:18 2023: Iterated ≈ 34% of D-proof candidates. [104550997 of approximately 307502934] (ETC: Sat Oct  7 02:43:15 2023 ; 4 h  3 min 56 s 983.07 ms remaining ; 6 h  9 min 37 s 247.01 ms total)
Fri Oct  6 22:46:29 2023: Iterated ≈ 36% of D-proof candidates. [110701056 of approximately 307502934] (ETC: Sat Oct  7 02:42:39 2023 ; 3 h 56 min 10 s  55.56 ms remaining ; 6 h  9 min      711.78 ms total)
Fri Oct  6 22:53:54 2023: Iterated ≈ 38% of D-proof candidates. [116851114 of approximately 307502934] (ETC: Sat Oct  7 02:42:45 2023 ; 3 h 48 min 51 s 301.91 ms remaining ; 6 h  9 min  7 s 261.03 ms total)
Fri Oct  6 23:01:08 2023: Iterated ≈ 40% of D-proof candidates. [123001173 of approximately 307502934] (ETC: Sat Oct  7 02:42:23 2023 ; 3 h 41 min 15 s  11.25 ms remaining ; 6 h  8 min 45 s  18.68 ms total)
Fri Oct  6 23:07:55 2023: Iterated ≈ 42% of D-proof candidates. [129151232 of approximately 307502934] (ETC: Sat Oct  7 02:40:59 2023 ; 3 h 33 min  3 s 743.77 ms remaining ; 6 h  7 min 20 s 937.49 ms total)
Fri Oct  6 23:14:48 2023: Iterated ≈ 44% of D-proof candidates. [135301290 of approximately 307502934] (ETC: Sat Oct  7 02:39:55 2023 ; 3 h 25 min  7 s   3.67 ms remaining ; 6 h  6 min 16 s 792.14 ms total)
Fri Oct  6 23:21:38 2023: Iterated ≈ 46% of D-proof candidates. [141451349 of approximately 307502934] (ETC: Sat Oct  7 02:38:51 2023 ; 3 h 17 min 12 s 861.72 ms remaining ; 6 h  5 min 12 s 706.81 ms total)
Fri Oct  6 23:28:24 2023: Iterated ≈ 48% of D-proof candidates. [147601408 of approximately 307502934] (ETC: Sat Oct  7 02:37:45 2023 ; 3 h  9 min 20 s 257.55 ms remaining ; 6 h  4 min  6 s 649.10 ms total)
Fri Oct  6 23:35:09 2023: Iterated ≈ 50% of D-proof candidates. [153751467 of approximately 307502934] (ETC: Sat Oct  7 02:36:41 2023 ; 3 h  1 min 31 s 260.02 ms remaining ; 6 h  3 min  2 s 520.04 ms total)
Fri Oct  6 23:41:50 2023: Iterated ≈ 52% of D-proof candidates. [159901525 of approximately 307502934] (ETC: Sat Oct  7 02:35:33 2023 ; 2 h 53 min 43 s  22.40 ms remaining ; 6 h  1 min 54 s 629.91 ms total)
Fri Oct  6 23:48:23 2023: Iterated ≈ 54% of D-proof candidates. [166051584 of approximately 307502934] (ETC: Sat Oct  7 02:34:17 2023 ; 2 h 45 min 53 s 913.26 ms remaining ; 6 h        38 s 941.82 ms total)
Fri Oct  6 23:54:57 2023: Iterated ≈ 56% of D-proof candidates. [172201643 of approximately 307502934] (ETC: Sat Oct  7 02:33:08 2023 ; 2 h 38 min 10 s 801.99 ms remaining ; 5 h 59 min 30 s   4.51 ms total)
Sat Oct  7 00:01:27 2023: Iterated ≈ 58% of D-proof candidates. [178351701 of approximately 307502934] (ETC: Sat Oct  7 02:31:56 2023 ; 2 h 30 min 29 s 200.53 ms remaining ; 5 h 58 min 18 s  96.39 ms total)
Sat Oct  7 00:07:57 2023: Iterated ≈ 60% of D-proof candidates. [184501760 of approximately 307502934] (ETC: Sat Oct  7 02:30:50 2023 ; 2 h 22 min 52 s 696.38 ms remaining ; 5 h 57 min 11 s 740.89 ms total)
Sat Oct  7 00:14:26 2023: Iterated ≈ 62% of D-proof candidates. [190651819 of approximately 307502934] (ETC: Sat Oct  7 02:29:45 2023 ; 2 h 15 min 19 s 579.09 ms remaining ; 5 h 56 min  7 s 313.38 ms total)
Sat Oct  7 00:20:55 2023: Iterated ≈ 64% of D-proof candidates. [196801877 of approximately 307502934] (ETC: Sat Oct  7 02:28:46 2023 ; 2 h  7 min 50 s 699.47 ms remaining ; 5 h 55 min  7 s 498.37 ms total)
Sat Oct  7 00:27:23 2023: Iterated ≈ 66% of D-proof candidates. [202951936 of approximately 307502934] (ETC: Sat Oct  7 02:27:47 2023 ; 2 h        24 s 774.68 ms remaining ; 5 h 54 min  9 s 337.19 ms total)
Sat Oct  7 00:33:51 2023: Iterated ≈ 68% of D-proof candidates. [209101995 of approximately 307502934] (ETC: Sat Oct  7 02:26:54 2023 ; 1 h 53 min  2 s 643.79 ms remaining ; 5 h 53 min 15 s 761.83 ms total)
Sat Oct  7 00:40:19 2023: Iterated ≈ 70% of D-proof candidates. [215252053 of approximately 307502934] (ETC: Sat Oct  7 02:26:02 2023 ; 1 h 45 min 43 s 322.54 ms remaining ; 5 h 52 min 24 s 408.27 ms total)
Sat Oct  7 00:46:47 2023: Iterated ≈ 72% of D-proof candidates. [221402112 of approximately 307502934] (ETC: Sat Oct  7 02:25:13 2023 ; 1 h 38 min 26 s 634.48 ms remaining ; 5 h 51 min 35 s 123.02 ms total)
Sat Oct  7 00:53:12 2023: Iterated ≈ 74% of D-proof candidates. [227552171 of approximately 307502934] (ETC: Sat Oct  7 02:24:24 2023 ; 1 h 31 min 11 s 970.08 ms remaining ; 5 h 50 min 46 s  38.71 ms total)
Sat Oct  7 00:59:33 2023: Iterated ≈ 76% of D-proof candidates. [233702229 of approximately 307502934] (ETC: Sat Oct  7 02:23:31 2023 ; 1 h 23 min 58 s 407.22 ms remaining ; 5 h 49 min 53 s 363.19 ms total)
Sat Oct  7 01:05:50 2023: Iterated ≈ 78% of D-proof candidates. [239852288 of approximately 307502934] (ETC: Sat Oct  7 02:22:36 2023 ; 1 h 16 min 46 s 415.20 ms remaining ; 5 h 48 min 58 s 250.77 ms total)
Sat Oct  7 01:12:04 2023: Iterated ≈ 80% of D-proof candidates. [246002347 of approximately 307502934] (ETC: Sat Oct  7 02:21:41 2023 ; 1 h  9 min 36 s 541.91 ms remaining ; 5 h 48 min  2 s 709.47 ms total)
Sat Oct  7 01:18:19 2023: Iterated ≈ 82% of D-proof candidates. [252152405 of approximately 307502934] (ETC: Sat Oct  7 02:20:49 2023 ; 1 h  2 min 29 s 482.25 ms remaining ; 5 h 47 min 10 s 456.62 ms total)
Sat Oct  7 01:24:33 2023: Iterated ≈ 84% of D-proof candidates. [258302464 of approximately 307502934] (ETC: Sat Oct  7 02:19:57 2023 ; 55 min 24 s 674.58 ms remaining ; 5 h 46 min 19 s 215.91 ms total)
Sat Oct  7 01:30:44 2023: Iterated ≈ 86% of D-proof candidates. [264452523 of approximately 307502934] (ETC: Sat Oct  7 02:19:06 2023 ; 48 min 21 s 974.57 ms remaining ; 5 h 45 min 28 s 389.65 ms total)
Sat Oct  7 01:36:55 2023: Iterated ≈ 88% of D-proof candidates. [270602581 of approximately 307502934] (ETC: Sat Oct  7 02:18:17 2023 ; 41 min 21 s 430.49 ms remaining ; 5 h 44 min 38 s 586.86 ms total)
Sat Oct  7 01:43:03 2023: Iterated ≈ 90% of D-proof candidates. [276752640 of approximately 307502934] (ETC: Sat Oct  7 02:17:26 2023 ; 34 min 22 s 774.71 ms remaining ; 5 h 43 min 47 s 746.74 ms total)
Sat Oct  7 01:49:10 2023: Iterated ≈ 92% of D-proof candidates. [282902699 of approximately 307502934] (ETC: Sat Oct  7 02:16:36 2023 ; 27 min 26 s 271.02 ms remaining ; 5 h 42 min 58 s 387.48 ms total)
Sat Oct  7 01:55:17 2023: Iterated ≈ 94% of D-proof candidates. [289052757 of approximately 307502934] (ETC: Sat Oct  7 02:15:48 2023 ; 20 min 31 s 824.69 ms remaining ; 5 h 42 min 10 s 410.45 ms total)
Sat Oct  7 02:01:23 2023: Iterated ≈ 96% of D-proof candidates. [295202816 of approximately 307502934] (ETC: Sat Oct  7 02:15:03 2023 ; 13 min 39 s 379.43 ms remaining ; 5 h 41 min 24 s 484.71 ms total)
Sat Oct  7 02:07:33 2023: Iterated ≈ 98% of D-proof candidates. [301352875 of approximately 307502934] (ETC: Sat Oct  7 02:14:22 2023 ; 6 min 48 s 878.43 ms remaining ; 5 h 40 min 43 s 920.52 ms total)
Sat Oct  7 02:13:41 2023: Iterated ≈100% of D-proof candidates. [307502934 of approximately 307502934] (ETC: Sat Oct  7 02:13:41 2023 ; 0.00 ms remaining ; 5 h 40 min  3 s 210.11 ms total)
20454986.41 ms (5 h 40 min 54 s 986.41 ms) taken to collect 36855440 D-proofs of length 145. [iterated 308369644 condensed detachment proof strings]
[Copy] Custom iteration counts: { { 1, 1 }, { 3, 1 }, { 5, 2 }, { 7, 5 }, { 9, 8 }, { 11, 10 }, { 13, 10 }, { 15, 10 }, { 17, 10 }, { 19, 15 }, { 21, 26 }, { 23, 40 }, { 25, 52 }, { 27, 63 }, { 29, 74 }, { 31, 86 }, { 33, 118 }, { 35, 167 }, { 37, 244 }, { 39, 340 }, { 41, 446 }, { 43, 551 }, { 45, 688 }, { 47, 869 }, { 49, 1128 }, { 51, 1509 }, { 53, 2046 }, { 55, 2758 }, { 57, 3636 }, { 59, 4659 }, { 61, 5848 }, { 63, 7415 }, { 65, 9546 }, { 67, 12520 }, { 69, 16626 }, { 71, 21997 }, { 73, 28576 }, { 75, 36634 }, { 77, 46614 }, { 79, 59337 }, { 81, 76266 }, { 83, 99080 }, { 85, 129482 }, { 87, 168717 }, { 89, 218196 }, { 91, 279663 }, { 93, 357074 }, { 95, 456119 }, { 97, 585294 }, { 99, 755798 }, { 101, 979916 }, { 103, 1269838 }, { 105, 1639296 }, { 107, 2106748 }, { 109, 2698758 }, { 111, 3457865 }, { 113, 4441498 }, { 115, 5724404 }, { 117, 7393098 }, { 119, 9547567 }, { 121, 12303220 }, { 123, 15814238 }, { 125, 20294070 }, { 127, 26041382 }, { 129, 33464926 }, { 131, 43088171 }, { 133, 55549258 }, { 135, 71608010 }, { 137, 92211954 }, { 139, 118581507 }, { 141, 152368710 }, { 143, 216457445 }, { 145, 308369644 } }
270513.86 ms (4 min 30 s 513.86 ms) taken to filter and order new representative proofs.
Found 36855440 representative, 120996297 redundant, and 150517907 invalid condensed detachment proof strings.
lengths up to 145 ; amounts per length: {(1,1), (3,1), (5,2), (7,2), (9,1), (13,1), (15,2), (17,3), (19,4), (21,5), (23,5), (25,5), (27,6), (29,7), (31,15), (33,20), (35,25), (37,30), (39,37), (41,42), (43,51), (45,63), (47,85), (49,122), (51,162), (53,206), (55,251), (57,292), (59,339), (61,444), (63,598), (65,781), (67,1016), (69,1303), (71,1593), (73,1922), (75,2359), (77,2986), (79,3875), (81,5006), (83,6466), (85,8184), (87,10182), (89,12488), (91,15534), (93,19614), (95,25087), (97,32452), (99,41840), (101,53343), (103,67105), (105,84222), (107,105925), (109,134564), (111,172053), (113,221055), (115,283569), (117,361751), (119,458509), (121,579502), (123,734352), (125,935212), (127,1197027), (129,1534565), (131,1965596), (133,2509883), (135,3196594), (137,4066027), (139,5180139), (141,16952082), (143,26431403), (145,36855440)} ; 36855440 new representative proofs (120996297 redundant, 150517907 invalid)
Sat Oct  7 02:19:30 2023: Starting to write 36855440 entries to data/02974777ff5f71e12ef58ccebedeef133584aad66e06a2a13b2b4b2c/dProofs-withConclusions/dProofs145-unfiltered141+.txt.
55233.76 ms (55 s 233.77 ms) taken to print and save 12166973212 bytes of representative condensed detachment proof strings to data/02974777ff5f71e12ef58ccebedeef133584aad66e06a2a13b2b4b2c/dProofs-withConclusions/dProofs145-unfiltered141+.txt.
Sat Oct  7 02:21:17 2023: Limited D-proof representative generator complete. [parallel ; 48 hardware thread contexts, limit: 145, unfiltered]
Sat Oct  7 02:24:38 2023: Process terminated. [pid: 186222, tid:22525346006912]
