( This log file was generated by executing 'pmGenerator -c -n -s CCpCCNpqrCsCCNtCrtCpt --iterate -u' (pmGenerator 1.2, master branch), compiled by 'Intel(R) oneAPI DPC++/C++ Compiler 2022.1.0 (2022.1.0.20220316)'.
  The run was executed on a CLAIX-2018 MPI node
  — 2-socket Intel Xeon Platinum 8160 (Skylake), 24 cores each (48 cores total per node), 2.1 GHz, 3.7 GHz turbo mode, 192 GiB main memory —
  running Linux, Rocky 8.8.
  The job led to the following output:
   $ sacct --format="JobID,Partition,AllocCPUS,State,ExitCode,Elapsed,MaxRSS"
   JobID         Partition  AllocCPUS      State ExitCode    Elapsed     MaxRSS 
   ------------ ---------- ---------- ---------- -------- ---------- ---------- 
   39756318           c18m         48  COMPLETED      0:0   00:11:22            
   39756318.ba+                    48  COMPLETED      0:0   00:11:22  18937812K 
   39756318.ex+                    48  COMPLETED      0:0   00:11:22        84K 
  By 18937812 KiB = (18937812 / 1024^2) GiB = 18.060504913330078125 GiB, it used approximately 18.06 gibibytes of memory. )
Fri Oct  6 08:10:23 2023: Process started. [pid: 52831, tid:23370649937792]
Tasks:
1. resetRepresentativesFor("CCpCCNpqrCsCCNtCrtCpt", true, 0, true)
2. countNextIterationAmount(false, true)

[Main] Calling resetRepresentativesFor("CCpCCNpqrCsCCNtCrtCpt", true, 0, true).
Loaded 1 custom axioms. [SHA-512/224 hash: 02974777ff5f71e12ef58ccebedeef133584aad66e06a2a13b2b4b2c]
(1) CC0CCN0.1.2C3CCN4C2.4C0.4    -    CCpCCNpqrCsCCNtCrtCpt    -    (0\imply((\not0\imply1)\imply2))\imply(3\imply((\not4\imply(2\imply4))\imply(0\imply4)))
[Main] Calling countNextIterationAmount(false, true).
Fri Oct  6 08:10:23 2023: Next iteration amount counter started. [parallel ; 48 hardware thread contexts, unfiltered]
0.02 ms taken to load initial representatives.
0.01 ms taken to read 0 condensed detachment proofs and conclusions from data/02974777ff5f71e12ef58ccebedeef133584aad66e06a2a13b2b4b2c/dProofs-withConclusions/dProofs11.txt. [tid:23370583385856]
5.89 ms taken to read 2 condensed detachment proofs and conclusions from data/02974777ff5f71e12ef58ccebedeef133584aad66e06a2a13b2b4b2c/dProofs-withConclusions/dProofs15.txt. [tid:23370579183360]
1.98 ms taken to read 37 condensed detachment proofs and conclusions from data/02974777ff5f71e12ef58ccebedeef133584aad66e06a2a13b2b4b2c/dProofs-withConclusions/dProofs39.txt. [tid:23370553968384]
0.99 ms taken to read 2 condensed detachment proofs and conclusions from data/02974777ff5f71e12ef58ccebedeef133584aad66e06a2a13b2b4b2c/dProofs-withConclusions/dProofs5.txt. [tid:23370587588352]
0.68 ms taken to read 51 condensed detachment proofs and conclusions from data/02974777ff5f71e12ef58ccebedeef133584aad66e06a2a13b2b4b2c/dProofs-withConclusions/dProofs43.txt. [tid:23370549765888]
0.40 ms taken to read 251 condensed detachment proofs and conclusions from data/02974777ff5f71e12ef58ccebedeef133584aad66e06a2a13b2b4b2c/dProofs-withConclusions/dProofs55.txt. [tid:23370537158400]
1.49 ms taken to read 5 condensed detachment proofs and conclusions from data/02974777ff5f71e12ef58ccebedeef133584aad66e06a2a13b2b4b2c/dProofs-withConclusions/dProofs25.txt. [tid:23370568677120]
0.32 ms taken to read 1 condensed detachment proof and conclusion from data/02974777ff5f71e12ef58ccebedeef133584aad66e06a2a13b2b4b2c/dProofs-withConclusions/dProofs9.txt. [tid:23370585487104]
1.43 ms taken to read 2 condensed detachment proofs and conclusions from data/02974777ff5f71e12ef58ccebedeef133584aad66e06a2a13b2b4b2c/dProofs-withConclusions/dProofs7.txt. [tid:23370460559104]
1.59 ms taken to read 63 condensed detachment proofs and conclusions from data/02974777ff5f71e12ef58ccebedeef133584aad66e06a2a13b2b4b2c/dProofs-withConclusions/dProofs45.txt. [tid:23370547664640]
0.19 ms taken to read 1 condensed detachment proof and conclusion from data/02974777ff5f71e12ef58ccebedeef133584aad66e06a2a13b2b4b2c/dProofs-withConclusions/dProofs3.txt. [tid:23370589689600]
0.84 ms taken to read 5 condensed detachment proofs and conclusions from data/02974777ff5f71e12ef58ccebedeef133584aad66e06a2a13b2b4b2c/dProofs-withConclusions/dProofs21.txt. [tid:23370572879616]
0.43 ms taken to read 781 condensed detachment proofs and conclusions from data/02974777ff5f71e12ef58ccebedeef133584aad66e06a2a13b2b4b2c/dProofs-withConclusions/dProofs65.txt. [tid:23370456356608]
1.26 ms taken to read 6 condensed detachment proofs and conclusions from data/02974777ff5f71e12ef58ccebedeef133584aad66e06a2a13b2b4b2c/dProofs-withConclusions/dProofs27.txt. [tid:23370566575872]
0.43 ms taken to read 7 condensed detachment proofs and conclusions from data/02974777ff5f71e12ef58ccebedeef133584aad66e06a2a13b2b4b2c/dProofs-withConclusions/dProofs29.txt. [tid:23370564474624]
0.45 ms taken to read 122 condensed detachment proofs and conclusions from data/02974777ff5f71e12ef58ccebedeef133584aad66e06a2a13b2b4b2c/dProofs-withConclusions/dProofs49.txt. [tid:23370543462144]
0.29 ms taken to read 5 condensed detachment proofs and conclusions from data/02974777ff5f71e12ef58ccebedeef133584aad66e06a2a13b2b4b2c/dProofs-withConclusions/dProofs23.txt. [tid:23370570778368]
0.33 ms taken to read 1 condensed detachment proof and conclusion from data/02974777ff5f71e12ef58ccebedeef133584aad66e06a2a13b2b4b2c/dProofs-withConclusions/dProofs13.txt. [tid:23370581284608]
0.01 ms taken to read 42 condensed detachment proofs and conclusions from data/02974777ff5f71e12ef58ccebedeef133584aad66e06a2a13b2b4b2c/dProofs-withConclusions/dProofs41.txt. [tid:23370551867136]
0.72 ms taken to read 25 condensed detachment proofs and conclusions from data/02974777ff5f71e12ef58ccebedeef133584aad66e06a2a13b2b4b2c/dProofs-withConclusions/dProofs35.txt. [tid:23370558170880]
0.09 ms taken to read 30 condensed detachment proofs and conclusions from data/02974777ff5f71e12ef58ccebedeef133584aad66e06a2a13b2b4b2c/dProofs-withConclusions/dProofs37.txt. [tid:23370556069632]
1572.12 ms (1 s 572.13 ms) taken to read 458509 condensed detachment proofs and conclusions from data/02974777ff5f71e12ef58ccebedeef133584aad66e06a2a13b2b4b2c/dProofs-withConclusions/dProofs119.txt. [tid:23370589689600]
1498.44 ms (1 s 498.44 ms) taken to read 84222 condensed detachment proofs and conclusions from data/02974777ff5f71e12ef58ccebedeef133584aad66e06a2a13b2b4b2c/dProofs-withConclusions/dProofs105.txt. [tid:23370587588352]
1005.17 ms (1 s 5.17 ms) taken to read 283569 condensed detachment proofs and conclusions from data/02974777ff5f71e12ef58ccebedeef133584aad66e06a2a13b2b4b2c/dProofs-withConclusions/dProofs115.txt. [tid:23370460559104]
8334.89 ms (8 s 334.89 ms) taken to read 221055 condensed detachment proofs and conclusions from data/02974777ff5f71e12ef58ccebedeef133584aad66e06a2a13b2b4b2c/dProofs-withConclusions/dProofs113.txt. [tid:23370585487104]
452.53 ms taken to read 41840 condensed detachment proofs and conclusions from data/02974777ff5f71e12ef58ccebedeef133584aad66e06a2a13b2b4b2c/dProofs-withConclusions/dProofs99.txt. [tid:23370583385856]
5356.26 ms (5 s 356.26 ms) taken to read 2509883 condensed detachment proofs and conclusions from data/02974777ff5f71e12ef58ccebedeef133584aad66e06a2a13b2b4b2c/dProofs-withConclusions/dProofs133.txt. [tid:23370581284608]
641.57 ms taken to read 53343 condensed detachment proofs and conclusions from data/02974777ff5f71e12ef58ccebedeef133584aad66e06a2a13b2b4b2c/dProofs-withConclusions/dProofs101.txt. [tid:23370579183360]
1.82 ms taken to read 3 condensed detachment proofs and conclusions from data/02974777ff5f71e12ef58ccebedeef133584aad66e06a2a13b2b4b2c/dProofs-withConclusions/dProofs17.txt. [tid:23370577082112]
6.73 ms taken to read 4 condensed detachment proofs and conclusions from data/02974777ff5f71e12ef58ccebedeef133584aad66e06a2a13b2b4b2c/dProofs-withConclusions/dProofs19.txt. [tid:23370574980864]
2067.93 ms (2 s 67.93 ms) taken to read 579502 condensed detachment proofs and conclusions from data/02974777ff5f71e12ef58ccebedeef133584aad66e06a2a13b2b4b2c/dProofs-withConclusions/dProofs121.txt. [tid:23370572879616]
4722.39 ms (4 s 722.39 ms) taken to read 1965596 condensed detachment proofs and conclusions from data/02974777ff5f71e12ef58ccebedeef133584aad66e06a2a13b2b4b2c/dProofs-withConclusions/dProofs131.txt. [tid:23370570778368]
5483.51 ms (5 s 483.51 ms) taken to read 172053 condensed detachment proofs and conclusions from data/02974777ff5f71e12ef58ccebedeef133584aad66e06a2a13b2b4b2c/dProofs-withConclusions/dProofs111.txt. [tid:23370568677120]
2971.95 ms (2 s 971.95 ms) taken to read 935212 condensed detachment proofs and conclusions from data/02974777ff5f71e12ef58ccebedeef133584aad66e06a2a13b2b4b2c/dProofs-withConclusions/dProofs125.txt. [tid:23370566575872]
3572.91 ms (3 s 572.91 ms) taken to read 1197027 condensed detachment proofs and conclusions from data/02974777ff5f71e12ef58ccebedeef133584aad66e06a2a13b2b4b2c/dProofs-withConclusions/dProofs127.txt. [tid:23370564474624]
0.10 ms taken to read 15 condensed detachment proofs and conclusions from data/02974777ff5f71e12ef58ccebedeef133584aad66e06a2a13b2b4b2c/dProofs-withConclusions/dProofs31.txt. [tid:23370562373376]
2.30 ms taken to read 20 condensed detachment proofs and conclusions from data/02974777ff5f71e12ef58ccebedeef133584aad66e06a2a13b2b4b2c/dProofs-withConclusions/dProofs33.txt. [tid:23370560272128]
6492.89 ms (6 s 492.89 ms) taken to read 4066027 condensed detachment proofs and conclusions from data/02974777ff5f71e12ef58ccebedeef133584aad66e06a2a13b2b4b2c/dProofs-withConclusions/dProofs137.txt. [tid:23370558170880]
7198.89 ms (7 s 198.89 ms) taken to read 5180139 condensed detachment proofs and conclusions from data/02974777ff5f71e12ef58ccebedeef133584aad66e06a2a13b2b4b2c/dProofs-withConclusions/dProofs139.txt. [tid:23370556069632]
1003.07 ms (1 s 3.07 ms) taken to read 67105 condensed detachment proofs and conclusions from data/02974777ff5f71e12ef58ccebedeef133584aad66e06a2a13b2b4b2c/dProofs-withConclusions/dProofs103.txt. [tid:23370553968384]
6032.28 ms (6 s 32.28 ms) taken to read 3196594 condensed detachment proofs and conclusions from data/02974777ff5f71e12ef58ccebedeef133584aad66e06a2a13b2b4b2c/dProofs-withConclusions/dProofs135.txt. [tid:23370551867136]
2264.46 ms (2 s 264.46 ms) taken to read 105925 condensed detachment proofs and conclusions from data/02974777ff5f71e12ef58ccebedeef133584aad66e06a2a13b2b4b2c/dProofs-withConclusions/dProofs107.txt. [tid:23370549765888]
1336.90 ms (1 s 336.90 ms) taken to read 361751 condensed detachment proofs and conclusions from data/02974777ff5f71e12ef58ccebedeef133584aad66e06a2a13b2b4b2c/dProofs-withConclusions/dProofs117.txt. [tid:23370547664640]
4.49 ms taken to read 85 condensed detachment proofs and conclusions from data/02974777ff5f71e12ef58ccebedeef133584aad66e06a2a13b2b4b2c/dProofs-withConclusions/dProofs47.txt. [tid:23370545563392]
4087.92 ms (4 s 87.92 ms) taken to read 1534565 condensed detachment proofs and conclusions from data/02974777ff5f71e12ef58ccebedeef133584aad66e06a2a13b2b4b2c/dProofs-withConclusions/dProofs129.txt. [tid:23370543462144]
0.74 ms taken to read 162 condensed detachment proofs and conclusions from data/02974777ff5f71e12ef58ccebedeef133584aad66e06a2a13b2b4b2c/dProofs-withConclusions/dProofs51.txt. [tid:23370541360896]
7.35 ms taken to read 206 condensed detachment proofs and conclusions from data/02974777ff5f71e12ef58ccebedeef133584aad66e06a2a13b2b4b2c/dProofs-withConclusions/dProofs53.txt. [tid:23370539259648]
3584.35 ms (3 s 584.35 ms) taken to read 134564 condensed detachment proofs and conclusions from data/02974777ff5f71e12ef58ccebedeef133584aad66e06a2a13b2b4b2c/dProofs-withConclusions/dProofs109.txt. [tid:23370537158400]
13.66 ms taken to read 292 condensed detachment proofs and conclusions from data/02974777ff5f71e12ef58ccebedeef133584aad66e06a2a13b2b4b2c/dProofs-withConclusions/dProofs57.txt. [tid:23370535057152]
9.71 ms taken to read 339 condensed detachment proofs and conclusions from data/02974777ff5f71e12ef58ccebedeef133584aad66e06a2a13b2b4b2c/dProofs-withConclusions/dProofs59.txt. [tid:23370532955904]
28.07 ms taken to read 444 condensed detachment proofs and conclusions from data/02974777ff5f71e12ef58ccebedeef133584aad66e06a2a13b2b4b2c/dProofs-withConclusions/dProofs61.txt. [tid:23370530854656]
5.51 ms taken to read 598 condensed detachment proofs and conclusions from data/02974777ff5f71e12ef58ccebedeef133584aad66e06a2a13b2b4b2c/dProofs-withConclusions/dProofs63.txt. [tid:23370458457856]
2470.98 ms (2 s 470.98 ms) taken to read 734352 condensed detachment proofs and conclusions from data/02974777ff5f71e12ef58ccebedeef133584aad66e06a2a13b2b4b2c/dProofs-withConclusions/dProofs123.txt. [tid:23370456356608]
22.75 ms taken to read 1016 condensed detachment proofs and conclusions from data/02974777ff5f71e12ef58ccebedeef133584aad66e06a2a13b2b4b2c/dProofs-withConclusions/dProofs67.txt. [tid:23370454255360]
15.71 ms taken to read 1303 condensed detachment proofs and conclusions from data/02974777ff5f71e12ef58ccebedeef133584aad66e06a2a13b2b4b2c/dProofs-withConclusions/dProofs69.txt. [tid:23370452154112]
28.65 ms taken to read 1593 condensed detachment proofs and conclusions from data/02974777ff5f71e12ef58ccebedeef133584aad66e06a2a13b2b4b2c/dProofs-withConclusions/dProofs71.txt. [tid:23370450052864]
28.04 ms taken to read 1922 condensed detachment proofs and conclusions from data/02974777ff5f71e12ef58ccebedeef133584aad66e06a2a13b2b4b2c/dProofs-withConclusions/dProofs73.txt. [tid:23370447951616]
23.53 ms taken to read 2359 condensed detachment proofs and conclusions from data/02974777ff5f71e12ef58ccebedeef133584aad66e06a2a13b2b4b2c/dProofs-withConclusions/dProofs75.txt. [tid:23370445850368]
31.82 ms taken to read 2986 condensed detachment proofs and conclusions from data/02974777ff5f71e12ef58ccebedeef133584aad66e06a2a13b2b4b2c/dProofs-withConclusions/dProofs77.txt. [tid:23370443749120]
36.01 ms taken to read 3875 condensed detachment proofs and conclusions from data/02974777ff5f71e12ef58ccebedeef133584aad66e06a2a13b2b4b2c/dProofs-withConclusions/dProofs79.txt. [tid:23370441647872]
40.61 ms taken to read 5006 condensed detachment proofs and conclusions from data/02974777ff5f71e12ef58ccebedeef133584aad66e06a2a13b2b4b2c/dProofs-withConclusions/dProofs81.txt. [tid:23370439546624]
20.49 ms taken to read 6466 condensed detachment proofs and conclusions from data/02974777ff5f71e12ef58ccebedeef133584aad66e06a2a13b2b4b2c/dProofs-withConclusions/dProofs83.txt. [tid:23370437445376]
33.42 ms taken to read 8184 condensed detachment proofs and conclusions from data/02974777ff5f71e12ef58ccebedeef133584aad66e06a2a13b2b4b2c/dProofs-withConclusions/dProofs85.txt. [tid:23370435344128]
63.59 ms taken to read 10182 condensed detachment proofs and conclusions from data/02974777ff5f71e12ef58ccebedeef133584aad66e06a2a13b2b4b2c/dProofs-withConclusions/dProofs87.txt. [tid:23370433242880]
70.04 ms taken to read 12488 condensed detachment proofs and conclusions from data/02974777ff5f71e12ef58ccebedeef133584aad66e06a2a13b2b4b2c/dProofs-withConclusions/dProofs89.txt. [tid:23370431141632]
95.99 ms taken to read 15534 condensed detachment proofs and conclusions from data/02974777ff5f71e12ef58ccebedeef133584aad66e06a2a13b2b4b2c/dProofs-withConclusions/dProofs91.txt. [tid:23370429040384]
106.10 ms taken to read 19614 condensed detachment proofs and conclusions from data/02974777ff5f71e12ef58ccebedeef133584aad66e06a2a13b2b4b2c/dProofs-withConclusions/dProofs93.txt. [tid:23370426939136]
166.52 ms taken to read 25087 condensed detachment proofs and conclusions from data/02974777ff5f71e12ef58ccebedeef133584aad66e06a2a13b2b4b2c/dProofs-withConclusions/dProofs95.txt. [tid:23370424837888]
291.16 ms taken to read 32452 condensed detachment proofs and conclusions from data/02974777ff5f71e12ef58ccebedeef133584aad66e06a2a13b2b4b2c/dProofs-withConclusions/dProofs97.txt. [tid:23370422736640]
8388.27 ms (8 s 388.27 ms) total read duration.
Loaded 70 representative collections of sizes:
1 : 1
3 : 1
5 : 2
7 : 2
9 : 1
11 : 0
13 : 1
15 : 2
17 : 3
19 : 4
21 : 5
23 : 5
25 : 5
27 : 6
29 : 7
31 : 15
33 : 20
35 : 25
37 : 30
39 : 37
41 : 42
43 : 51
45 : 63
47 : 85
49 : 122
51 : 162
53 : 206
55 : 251
57 : 292
59 : 339
61 : 444
63 : 598
65 : 781
67 : 1016
69 : 1303
71 : 1593
73 : 1922
75 : 2359
77 : 2986
79 : 3875
81 : 5006
83 : 6466
85 : 8184
87 : 10182
89 : 12488
91 : 15534
93 : 19614
95 : 25087
97 : 32452
99 : 41840
101 : 53343
103 : 67105
105 : 84222
107 : 105925
109 : 134564
111 : 172053
113 : 221055
115 : 283569
117 : 361751
119 : 458509
121 : 579502
123 : 734352
125 : 935212
127 : 1197027
129 : 1534565
131 : 1965596
133 : 2509883
135 : 3196594
137 : 4066027
139 : 5180139
24036508 representatives in total.
Fri Oct  6 08:10:32 2023: Inserted ≈ 5% of D-proof conclusions. [ 1201825 of 24036508] (ETC: Fri Oct  6 08:10:49 2023 ; 16 s 921.27 ms remaining ; 17 s 811.87 ms total)
Fri Oct  6 08:10:33 2023: Inserted ≈10% of D-proof conclusions. [ 2403650 of 24036508] (ETC: Fri Oct  6 08:10:49 2023 ; 16 s 190.99 ms remaining ; 17 s 989.99 ms total)
Fri Oct  6 08:10:34 2023: Inserted ≈15% of D-proof conclusions. [ 3605476 of 24036508] (ETC: Fri Oct  6 08:10:48 2023 ; 14 s 516.60 ms remaining ; 17 s  78.35 ms total)
Fri Oct  6 08:10:35 2023: Inserted ≈20% of D-proof conclusions. [ 4807301 of 24036508] (ETC: Fri Oct  6 08:10:48 2023 ; 13 s 590.89 ms remaining ; 16 s 988.62 ms total)
Fri Oct  6 08:10:35 2023: Inserted ≈25% of D-proof conclusions. [ 6009127 of 24036508] (ETC: Fri Oct  6 08:10:48 2023 ; 12 s 727.44 ms remaining ; 16 s 969.92 ms total)
Fri Oct  6 08:10:36 2023: Inserted ≈30% of D-proof conclusions. [ 7210952 of 24036508] (ETC: Fri Oct  6 08:10:48 2023 ; 11 s 950.67 ms remaining ; 17 s  72.38 ms total)
Fri Oct  6 08:10:37 2023: Inserted ≈35% of D-proof conclusions. [ 8412777 of 24036508] (ETC: Fri Oct  6 08:10:49 2023 ; 11 s 332.81 ms remaining ; 17 s 435.09 ms total)
Fri Oct  6 08:10:38 2023: Inserted ≈40% of D-proof conclusions. [ 9614603 of 24036508] (ETC: Fri Oct  6 08:10:49 2023 ; 10 s 625.07 ms remaining ; 17 s 708.46 ms total)
Fri Oct  6 08:10:39 2023: Inserted ≈45% of D-proof conclusions. [10816428 of 24036508] (ETC: Fri Oct  6 08:10:49 2023 ; 9 s 849.65 ms remaining ; 17 s 908.45 ms total)
Fri Oct  6 08:10:40 2023: Inserted ≈50% of D-proof conclusions. [12018254 of 24036508] (ETC: Fri Oct  6 08:10:49 2023 ; 9 s  21.74 ms remaining ; 18 s  43.49 ms total)
Fri Oct  6 08:10:41 2023: Inserted ≈55% of D-proof conclusions. [13220079 of 24036508] (ETC: Fri Oct  6 08:10:49 2023 ; 8 s  75.11 ms remaining ; 17 s 944.68 ms total)
Fri Oct  6 08:10:42 2023: Inserted ≈60% of D-proof conclusions. [14421904 of 24036508] (ETC: Fri Oct  6 08:10:49 2023 ; 7 s 279.60 ms remaining ; 18 s 199.00 ms total)
Fri Oct  6 08:10:43 2023: Inserted ≈65% of D-proof conclusions. [15623730 of 24036508] (ETC: Fri Oct  6 08:10:49 2023 ; 6 s 331.33 ms remaining ; 18 s  89.52 ms total)
Fri Oct  6 08:10:44 2023: Inserted ≈70% of D-proof conclusions. [16825555 of 24036508] (ETC: Fri Oct  6 08:10:49 2023 ; 5 s 392.31 ms remaining ; 17 s 974.35 ms total)
Fri Oct  6 08:10:45 2023: Inserted ≈75% of D-proof conclusions. [18027381 of 24036508] (ETC: Fri Oct  6 08:10:49 2023 ; 4 s 485.99 ms remaining ; 17 s 943.95 ms total)
Fri Oct  6 08:10:46 2023: Inserted ≈80% of D-proof conclusions. [19229206 of 24036508] (ETC: Fri Oct  6 08:10:49 2023 ; 3 s 625.55 ms remaining ; 18 s 127.75 ms total)
Fri Oct  6 08:10:46 2023: Inserted ≈85% of D-proof conclusions. [20431031 of 24036508] (ETC: Fri Oct  6 08:10:49 2023 ; 2 s 653.68 ms remaining ; 17 s 691.18 ms total)
Fri Oct  6 08:10:47 2023: Inserted ≈90% of D-proof conclusions. [21632857 of 24036508] (ETC: Fri Oct  6 08:10:49 2023 ; 1 s 741.57 ms remaining ; 17 s 415.69 ms total)
Fri Oct  6 08:10:48 2023: Inserted ≈95% of D-proof conclusions. [22834682 of 24036508] (ETC: Fri Oct  6 08:10:49 2023 ; 882.56 ms remaining ; 17 s 651.18 ms total)
Fri Oct  6 08:10:49 2023: Inserted 100% of D-proof conclusions. [24036508 of 24036508] (ETC: Fri Oct  6 08:10:49 2023 ; 0.00 ms remaining ; 17 s 970.49 ms total)
17970.80 ms (17 s 970.80 ms) total insertion duration.
Fri Oct  6 08:10:49 2023: Starting to iterate D-proof candidates of length 141.
618282.44 ms (10 min 18 s 282.44 ms) taken to iterate 152368710 condensed detachment proof strings of length 141.
[Copy] Next iteration count (filtered): { 141, 152368710 }
Fri Oct  6 08:21:07 2023: Next iteration amount counter complete. [parallel ; 48 hardware thread contexts, unfiltered]
Fri Oct  6 08:21:40 2023: Process terminated. [pid: 52831, tid:23370649937792]
