( This log file was generated by executing 'pmGenerator -c -n -s CCpCCNpqrCsCCNtCrtCpt --iterate -u' (pmGenerator 1.2, master branch), compiled by 'Intel(R) oneAPI DPC++/C++ Compiler 2022.1.0 (2022.1.0.20220316)'.
  The run was executed on a CLAIX-2018 MPI node
  — 2-socket Intel Xeon Platinum 8160 (Skylake), 24 cores each (48 cores total per node), 2.1 GHz, 3.7 GHz turbo mode, 192 GiB main memory —
  running Linux, Rocky 8.8.
  The job led to the following output:
   $ sacct --format="JobID,Partition,AllocCPUS,State,ExitCode,Elapsed,MaxRSS"
   JobID         Partition  AllocCPUS      State ExitCode    Elapsed     MaxRSS 
   ------------ ---------- ---------- ---------- -------- ---------- ---------- 
   40400314       c18m_low         48  COMPLETED      0:0   00:33:10            
   40400314.ba+                    48  COMPLETED      0:0   00:33:10 127397448K 
   40400314.ex+                    48  COMPLETED      0:0   00:33:10        76K 
  By 127397448 KiB = (127397448 / 1024^2) GiB = 121.49567413330078125 GiB, it used approximately 121.50 gibibytes of memory. )
Fri Oct 27 01:24:40 2023: Process started. [pid: 28659, tid:23057711011712]
Tasks:
1. resetRepresentativesFor("CCpCCNpqrCsCCNtCrtCpt", true, 0, true)
2. countNextIterationAmount(false, true)

[Main] Calling resetRepresentativesFor("CCpCCNpqrCsCCNtCrtCpt", true, 0, true).
Loaded 1 custom axioms. [SHA-512/224 hash: 02974777ff5f71e12ef58ccebedeef133584aad66e06a2a13b2b4b2c]
(1) CC0CCN0.1.2C3CCN4C2.4C0.4    -    CCpCCNpqrCsCCNtCrtCpt    -    (0\imply((\not0\imply1)\imply2))\imply(3\imply((\not4\imply(2\imply4))\imply(0\imply4)))
[Main] Calling countNextIterationAmount(false, true).
Fri Oct 27 01:24:40 2023: Next iteration amount counter started. [parallel ; 48 hardware thread contexts, unfiltered]
0.01 ms taken to load initial representatives.
0.01 ms taken to read 0 condensed detachment proofs and conclusions from data/02974777ff5f71e12ef58ccebedeef133584aad66e06a2a13b2b4b2c/dProofs-withConclusions/dProofs11.txt. [tid:23057642383104]
12.55 ms taken to read 5 condensed detachment proofs and conclusions from data/02974777ff5f71e12ef58ccebedeef133584aad66e06a2a13b2b4b2c/dProofs-withConclusions/dProofs21.txt. [tid:23057631876864]
1.82 ms taken to read 25 condensed detachment proofs and conclusions from data/02974777ff5f71e12ef58ccebedeef133584aad66e06a2a13b2b4b2c/dProofs-withConclusions/dProofs35.txt. [tid:23057617168128]
0.07 ms taken to read 15 condensed detachment proofs and conclusions from data/02974777ff5f71e12ef58ccebedeef133584aad66e06a2a13b2b4b2c/dProofs-withConclusions/dProofs31.txt. [tid:23057621370624]
0.31 ms taken to read 7 condensed detachment proofs and conclusions from data/02974777ff5f71e12ef58ccebedeef133584aad66e06a2a13b2b4b2c/dProofs-withConclusions/dProofs29.txt. [tid:23057623471872]
0.21 ms taken to read 5 condensed detachment proofs and conclusions from data/02974777ff5f71e12ef58ccebedeef133584aad66e06a2a13b2b4b2c/dProofs-withConclusions/dProofs25.txt. [tid:23057627674368]
1.00 ms taken to read 2 condensed detachment proofs and conclusions from data/02974777ff5f71e12ef58ccebedeef133584aad66e06a2a13b2b4b2c/dProofs-withConclusions/dProofs5.txt. [tid:23057648686848]
0.14 ms taken to read 4 condensed detachment proofs and conclusions from data/02974777ff5f71e12ef58ccebedeef133584aad66e06a2a13b2b4b2c/dProofs-withConclusions/dProofs19.txt. [tid:23057633978112]
0.24 ms taken to read 5 condensed detachment proofs and conclusions from data/02974777ff5f71e12ef58ccebedeef133584aad66e06a2a13b2b4b2c/dProofs-withConclusions/dProofs23.txt. [tid:23057629775616]
0.38 ms taken to read 42 condensed detachment proofs and conclusions from data/02974777ff5f71e12ef58ccebedeef133584aad66e06a2a13b2b4b2c/dProofs-withConclusions/dProofs41.txt. [tid:23057610864384]
0.04 ms taken to read 1 condensed detachment proof and conclusion from data/02974777ff5f71e12ef58ccebedeef133584aad66e06a2a13b2b4b2c/dProofs-withConclusions/dProofs13.txt. [tid:23057640281856]
0.09 ms taken to read 206 condensed detachment proofs and conclusions from data/02974777ff5f71e12ef58ccebedeef133584aad66e06a2a13b2b4b2c/dProofs-withConclusions/dProofs53.txt. [tid:23055921313536]
0.62 ms taken to read 63 condensed detachment proofs and conclusions from data/02974777ff5f71e12ef58ccebedeef133584aad66e06a2a13b2b4b2c/dProofs-withConclusions/dProofs45.txt. [tid:23057606661888]
0.03 ms taken to read 1 condensed detachment proof and conclusion from data/02974777ff5f71e12ef58ccebedeef133584aad66e06a2a13b2b4b2c/dProofs-withConclusions/dProofs3.txt. [tid:23057650788096]
0.08 ms taken to read 2 condensed detachment proofs and conclusions from data/02974777ff5f71e12ef58ccebedeef133584aad66e06a2a13b2b4b2c/dProofs-withConclusions/dProofs15.txt. [tid:23057638180608]
0.84 ms taken to read 1 condensed detachment proof and conclusion from data/02974777ff5f71e12ef58ccebedeef133584aad66e06a2a13b2b4b2c/dProofs-withConclusions/dProofs9.txt. [tid:23057644484352]
0.22 ms taken to read 122 condensed detachment proofs and conclusions from data/02974777ff5f71e12ef58ccebedeef133584aad66e06a2a13b2b4b2c/dProofs-withConclusions/dProofs49.txt. [tid:23057602459392]
0.37 ms taken to read 3 condensed detachment proofs and conclusions from data/02974777ff5f71e12ef58ccebedeef133584aad66e06a2a13b2b4b2c/dProofs-withConclusions/dProofs17.txt. [tid:23057636079360]
0.35 ms taken to read 444 condensed detachment proofs and conclusions from data/02974777ff5f71e12ef58ccebedeef133584aad66e06a2a13b2b4b2c/dProofs-withConclusions/dProofs61.txt. [tid:23056047126272]
0.52 ms taken to read 20 condensed detachment proofs and conclusions from data/02974777ff5f71e12ef58ccebedeef133584aad66e06a2a13b2b4b2c/dProofs-withConclusions/dProofs33.txt. [tid:23057619269376]
0.39 ms taken to read 30 condensed detachment proofs and conclusions from data/02974777ff5f71e12ef58ccebedeef133584aad66e06a2a13b2b4b2c/dProofs-withConclusions/dProofs37.txt. [tid:23057615066880]
2827.07 ms (2 s 827.07 ms) taken to read 935212 condensed detachment proofs and conclusions from data/02974777ff5f71e12ef58ccebedeef133584aad66e06a2a13b2b4b2c/dProofs-withConclusions/dProofs125.txt. [tid:23057650788096]
5492.91 ms (5 s 492.91 ms) taken to read 172053 condensed detachment proofs and conclusions from data/02974777ff5f71e12ef58ccebedeef133584aad66e06a2a13b2b4b2c/dProofs-withConclusions/dProofs111.txt. [tid:23057648686848]
1.77 ms taken to read 2 condensed detachment proofs and conclusions from data/02974777ff5f71e12ef58ccebedeef133584aad66e06a2a13b2b4b2c/dProofs-withConclusions/dProofs7.txt. [tid:23057646585600]
4117.32 ms (4 s 117.32 ms) taken to read 1534565 condensed detachment proofs and conclusions from data/02974777ff5f71e12ef58ccebedeef133584aad66e06a2a13b2b4b2c/dProofs-withConclusions/dProofs129.txt. [tid:23057644484352]
655.40 ms taken to read 41840 condensed detachment proofs and conclusions from data/02974777ff5f71e12ef58ccebedeef133584aad66e06a2a13b2b4b2c/dProofs-withConclusions/dProofs99.txt. [tid:23057642383104]
1564.40 ms (1 s 564.40 ms) taken to read 458509 condensed detachment proofs and conclusions from data/02974777ff5f71e12ef58ccebedeef133584aad66e06a2a13b2b4b2c/dProofs-withConclusions/dProofs119.txt. [tid:23057640281856]
3449.34 ms (3 s 449.35 ms) taken to read 1197027 condensed detachment proofs and conclusions from data/02974777ff5f71e12ef58ccebedeef133584aad66e06a2a13b2b4b2c/dProofs-withConclusions/dProofs127.txt. [tid:23057638180608]
5126.85 ms (5 s 126.85 ms) taken to read 2509883 condensed detachment proofs and conclusions from data/02974777ff5f71e12ef58ccebedeef133584aad66e06a2a13b2b4b2c/dProofs-withConclusions/dProofs133.txt. [tid:23057636079360]
8693.28 ms (8 s 693.28 ms) taken to read 221055 condensed detachment proofs and conclusions from data/02974777ff5f71e12ef58ccebedeef133584aad66e06a2a13b2b4b2c/dProofs-withConclusions/dProofs113.txt. [tid:23057633978112]
670.29 ms taken to read 53343 condensed detachment proofs and conclusions from data/02974777ff5f71e12ef58ccebedeef133584aad66e06a2a13b2b4b2c/dProofs-withConclusions/dProofs101.txt. [tid:23057631876864]
1066.58 ms (1 s 66.58 ms) taken to read 283569 condensed detachment proofs and conclusions from data/02974777ff5f71e12ef58ccebedeef133584aad66e06a2a13b2b4b2c/dProofs-withConclusions/dProofs115.txt. [tid:23057629775616]
3505.94 ms (3 s 505.94 ms) taken to read 134564 condensed detachment proofs and conclusions from data/02974777ff5f71e12ef58ccebedeef133584aad66e06a2a13b2b4b2c/dProofs-withConclusions/dProofs109.txt. [tid:23057627674368]
6.12 ms taken to read 6 condensed detachment proofs and conclusions from data/02974777ff5f71e12ef58ccebedeef133584aad66e06a2a13b2b4b2c/dProofs-withConclusions/dProofs27.txt. [tid:23057625573120]
2327.56 ms (2 s 327.56 ms) taken to read 105925 condensed detachment proofs and conclusions from data/02974777ff5f71e12ef58ccebedeef133584aad66e06a2a13b2b4b2c/dProofs-withConclusions/dProofs107.txt. [tid:23057623471872]
1461.24 ms (1 s 461.24 ms) taken to read 84222 condensed detachment proofs and conclusions from data/02974777ff5f71e12ef58ccebedeef133584aad66e06a2a13b2b4b2c/dProofs-withConclusions/dProofs105.txt. [tid:23057621370624]
6318.53 ms (6 s 318.53 ms) taken to read 4066027 condensed detachment proofs and conclusions from data/02974777ff5f71e12ef58ccebedeef133584aad66e06a2a13b2b4b2c/dProofs-withConclusions/dProofs137.txt. [tid:23057619269376]
1006.77 ms (1 s 6.77 ms) taken to read 67105 condensed detachment proofs and conclusions from data/02974777ff5f71e12ef58ccebedeef133584aad66e06a2a13b2b4b2c/dProofs-withConclusions/dProofs103.txt. [tid:23057617168128]
7192.74 ms (7 s 192.75 ms) taken to read 5180139 condensed detachment proofs and conclusions from data/02974777ff5f71e12ef58ccebedeef133584aad66e06a2a13b2b4b2c/dProofs-withConclusions/dProofs139.txt. [tid:23057615066880]
0.45 ms taken to read 37 condensed detachment proofs and conclusions from data/02974777ff5f71e12ef58ccebedeef133584aad66e06a2a13b2b4b2c/dProofs-withConclusions/dProofs39.txt. [tid:23057612965632]
1266.58 ms (1 s 266.58 ms) taken to read 361751 condensed detachment proofs and conclusions from data/02974777ff5f71e12ef58ccebedeef133584aad66e06a2a13b2b4b2c/dProofs-withConclusions/dProofs117.txt. [tid:23057610864384]
1.57 ms taken to read 51 condensed detachment proofs and conclusions from data/02974777ff5f71e12ef58ccebedeef133584aad66e06a2a13b2b4b2c/dProofs-withConclusions/dProofs43.txt. [tid:23057608763136]
2419.86 ms (2 s 419.86 ms) taken to read 734352 condensed detachment proofs and conclusions from data/02974777ff5f71e12ef58ccebedeef133584aad66e06a2a13b2b4b2c/dProofs-withConclusions/dProofs123.txt. [tid:23057606661888]
1.47 ms taken to read 85 condensed detachment proofs and conclusions from data/02974777ff5f71e12ef58ccebedeef133584aad66e06a2a13b2b4b2c/dProofs-withConclusions/dProofs47.txt. [tid:23057604560640]
4507.37 ms (4 s 507.37 ms) taken to read 1965596 condensed detachment proofs and conclusions from data/02974777ff5f71e12ef58ccebedeef133584aad66e06a2a13b2b4b2c/dProofs-withConclusions/dProofs131.txt. [tid:23057602459392]
1.57 ms taken to read 162 condensed detachment proofs and conclusions from data/02974777ff5f71e12ef58ccebedeef133584aad66e06a2a13b2b4b2c/dProofs-withConclusions/dProofs51.txt. [tid:23056055531264]
2015.11 ms (2 s 15.11 ms) taken to read 579502 condensed detachment proofs and conclusions from data/02974777ff5f71e12ef58ccebedeef133584aad66e06a2a13b2b4b2c/dProofs-withConclusions/dProofs121.txt. [tid:23055921313536]
5.66 ms taken to read 251 condensed detachment proofs and conclusions from data/02974777ff5f71e12ef58ccebedeef133584aad66e06a2a13b2b4b2c/dProofs-withConclusions/dProofs55.txt. [tid:23056053430016]
10.66 ms taken to read 292 condensed detachment proofs and conclusions from data/02974777ff5f71e12ef58ccebedeef133584aad66e06a2a13b2b4b2c/dProofs-withConclusions/dProofs57.txt. [tid:23056051328768]
15.21 ms taken to read 339 condensed detachment proofs and conclusions from data/02974777ff5f71e12ef58ccebedeef133584aad66e06a2a13b2b4b2c/dProofs-withConclusions/dProofs59.txt. [tid:23056049227520]
5645.63 ms (5 s 645.63 ms) taken to read 3196594 condensed detachment proofs and conclusions from data/02974777ff5f71e12ef58ccebedeef133584aad66e06a2a13b2b4b2c/dProofs-withConclusions/dProofs135.txt. [tid:23056047126272]
2.66 ms taken to read 598 condensed detachment proofs and conclusions from data/02974777ff5f71e12ef58ccebedeef133584aad66e06a2a13b2b4b2c/dProofs-withConclusions/dProofs63.txt. [tid:23056045025024]
4.91 ms taken to read 781 condensed detachment proofs and conclusions from data/02974777ff5f71e12ef58ccebedeef133584aad66e06a2a13b2b4b2c/dProofs-withConclusions/dProofs65.txt. [tid:23056042923776]
16.69 ms taken to read 1016 condensed detachment proofs and conclusions from data/02974777ff5f71e12ef58ccebedeef133584aad66e06a2a13b2b4b2c/dProofs-withConclusions/dProofs67.txt. [tid:23056040822528]
9.66 ms taken to read 1303 condensed detachment proofs and conclusions from data/02974777ff5f71e12ef58ccebedeef133584aad66e06a2a13b2b4b2c/dProofs-withConclusions/dProofs69.txt. [tid:23056038721280]
19.70 ms taken to read 1593 condensed detachment proofs and conclusions from data/02974777ff5f71e12ef58ccebedeef133584aad66e06a2a13b2b4b2c/dProofs-withConclusions/dProofs71.txt. [tid:23056036620032]
12.00 ms taken to read 1922 condensed detachment proofs and conclusions from data/02974777ff5f71e12ef58ccebedeef133584aad66e06a2a13b2b4b2c/dProofs-withConclusions/dProofs73.txt. [tid:23056034518784]
19.19 ms taken to read 2359 condensed detachment proofs and conclusions from data/02974777ff5f71e12ef58ccebedeef133584aad66e06a2a13b2b4b2c/dProofs-withConclusions/dProofs75.txt. [tid:23056032417536]
22.59 ms taken to read 2986 condensed detachment proofs and conclusions from data/02974777ff5f71e12ef58ccebedeef133584aad66e06a2a13b2b4b2c/dProofs-withConclusions/dProofs77.txt. [tid:23056030316288]
41.28 ms taken to read 3875 condensed detachment proofs and conclusions from data/02974777ff5f71e12ef58ccebedeef133584aad66e06a2a13b2b4b2c/dProofs-withConclusions/dProofs79.txt. [tid:23056028215040]
26.11 ms taken to read 5006 condensed detachment proofs and conclusions from data/02974777ff5f71e12ef58ccebedeef133584aad66e06a2a13b2b4b2c/dProofs-withConclusions/dProofs81.txt. [tid:23056026113792]
31.51 ms taken to read 6466 condensed detachment proofs and conclusions from data/02974777ff5f71e12ef58ccebedeef133584aad66e06a2a13b2b4b2c/dProofs-withConclusions/dProofs83.txt. [tid:23056024012544]
38.32 ms taken to read 8184 condensed detachment proofs and conclusions from data/02974777ff5f71e12ef58ccebedeef133584aad66e06a2a13b2b4b2c/dProofs-withConclusions/dProofs85.txt. [tid:23056021911296]
49.75 ms taken to read 10182 condensed detachment proofs and conclusions from data/02974777ff5f71e12ef58ccebedeef133584aad66e06a2a13b2b4b2c/dProofs-withConclusions/dProofs87.txt. [tid:23056019810048]
52.83 ms taken to read 12488 condensed detachment proofs and conclusions from data/02974777ff5f71e12ef58ccebedeef133584aad66e06a2a13b2b4b2c/dProofs-withConclusions/dProofs89.txt. [tid:23056017708800]
61.68 ms taken to read 15534 condensed detachment proofs and conclusions from data/02974777ff5f71e12ef58ccebedeef133584aad66e06a2a13b2b4b2c/dProofs-withConclusions/dProofs91.txt. [tid:23056015607552]
103.79 ms taken to read 19614 condensed detachment proofs and conclusions from data/02974777ff5f71e12ef58ccebedeef133584aad66e06a2a13b2b4b2c/dProofs-withConclusions/dProofs93.txt. [tid:23056013506304]
178.99 ms taken to read 25087 condensed detachment proofs and conclusions from data/02974777ff5f71e12ef58ccebedeef133584aad66e06a2a13b2b4b2c/dProofs-withConclusions/dProofs95.txt. [tid:23056011405056]
312.47 ms taken to read 32452 condensed detachment proofs and conclusions from data/02974777ff5f71e12ef58ccebedeef133584aad66e06a2a13b2b4b2c/dProofs-withConclusions/dProofs97.txt. [tid:23056009303808]
8753.64 ms (8 s 753.64 ms) total read duration.
Loaded 70 representative collections of sizes:
1 : 1
3 : 1
5 : 2
7 : 2
9 : 1
11 : 0
13 : 1
15 : 2
17 : 3
19 : 4
21 : 5
23 : 5
25 : 5
27 : 6
29 : 7
31 : 15
33 : 20
35 : 25
37 : 30
39 : 37
41 : 42
43 : 51
45 : 63
47 : 85
49 : 122
51 : 162
53 : 206
55 : 251
57 : 292
59 : 339
61 : 444
63 : 598
65 : 781
67 : 1016
69 : 1303
71 : 1593
73 : 1922
75 : 2359
77 : 2986
79 : 3875
81 : 5006
83 : 6466
85 : 8184
87 : 10182
89 : 12488
91 : 15534
93 : 19614
95 : 25087
97 : 32452
99 : 41840
101 : 53343
103 : 67105
105 : 84222
107 : 105925
109 : 134564
111 : 172053
113 : 221055
115 : 283569
117 : 361751
119 : 458509
121 : 579502
123 : 734352
125 : 935212
127 : 1197027
129 : 1534565
131 : 1965596
133 : 2509883
135 : 3196594
137 : 4066027
139 : 5180139
24036508 representatives in total.
17270.45 ms (17 s 270.45 ms) taken to read 16952082 condensed detachment proofs and conclusions from data/02974777ff5f71e12ef58ccebedeef133584aad66e06a2a13b2b4b2c/dProofs-withConclusions/dProofs141-unfiltered141+.txt. [tid:23056009303808]
24618.82 ms (24 s 618.82 ms) taken to read 26431403 condensed detachment proofs and conclusions from data/02974777ff5f71e12ef58ccebedeef133584aad66e06a2a13b2b4b2c/dProofs-withConclusions/dProofs143-unfiltered141+.txt. [tid:23056011405056]
31843.53 ms (31 s 843.53 ms) taken to read 36855440 condensed detachment proofs and conclusions from data/02974777ff5f71e12ef58ccebedeef133584aad66e06a2a13b2b4b2c/dProofs-withConclusions/dProofs145-unfiltered141+.txt. [tid:23056013506304]
37881.72 ms (37 s 881.72 ms) taken to read 47814846 condensed detachment proofs and conclusions from data/02974777ff5f71e12ef58ccebedeef133584aad66e06a2a13b2b4b2c/dProofs-withConclusions/dProofs147-unfiltered141+.txt. [tid:23056015607552]
37884.56 ms (37 s 884.56 ms) additional read duration.
Loaded 4 more representative collections of sizes:
141 : 16952082
143 : 26431403
145 : 36855440
147 : 47814846
152090279 representatives in total.
Fri Oct 27 01:25:32 2023: Inserted ≈ 5% of D-proof conclusions. [  7604513 of 152090279] (ETC: Fri Oct 27 01:27:22 2023 ; 1 min 50 s 123.88 ms remaining ; 1 min 55 s 919.87 ms total)
Fri Oct 27 01:25:38 2023: Inserted ≈10% of D-proof conclusions. [ 15209027 of 152090279] (ETC: Fri Oct 27 01:27:27 2023 ; 1 min 48 s 667.11 ms remaining ; 2 min      741.24 ms total)
Fri Oct 27 01:25:45 2023: Inserted ≈15% of D-proof conclusions. [ 22813541 of 152090279] (ETC: Fri Oct 27 01:27:31 2023 ; 1 min 45 s 878.07 ms remaining ; 2 min  4 s 562.43 ms total)
Fri Oct 27 01:25:52 2023: Inserted ≈20% of D-proof conclusions. [ 30418055 of 152090279] (ETC: Fri Oct 27 01:27:33 2023 ; 1 min 41 s 493.34 ms remaining ; 2 min  6 s 866.67 ms total)
Fri Oct 27 01:25:59 2023: Inserted ≈25% of D-proof conclusions. [ 38022569 of 152090279] (ETC: Fri Oct 27 01:27:35 2023 ; 1 min 36 s 472.10 ms remaining ; 2 min  8 s 629.47 ms total)
Fri Oct 27 01:26:05 2023: Inserted ≈30% of D-proof conclusions. [ 45627083 of 152090279] (ETC: Fri Oct 27 01:27:35 2023 ; 1 min 30 s 260.11 ms remaining ; 2 min  8 s 943.02 ms total)
Fri Oct 27 01:26:12 2023: Inserted ≈35% of D-proof conclusions. [ 53231597 of 152090279] (ETC: Fri Oct 27 01:27:37 2023 ; 1 min 25 s  27.63 ms remaining ; 2 min 10 s 811.74 ms total)
Fri Oct 27 01:26:19 2023: Inserted ≈40% of D-proof conclusions. [ 60836111 of 152090279] (ETC: Fri Oct 27 01:27:38 2023 ; 1 min 19 s  64.25 ms remaining ; 2 min 11 s 773.74 ms total)
Fri Oct 27 01:26:26 2023: Inserted ≈45% of D-proof conclusions. [ 68440625 of 152090279] (ETC: Fri Oct 27 01:27:38 2023 ; 1 min 12 s 210.66 ms remaining ; 2 min 11 s 292.11 ms total)
Fri Oct 27 01:26:30 2023: Inserted ≈50% of D-proof conclusions. [ 76045139 of 152090279] (ETC: Fri Oct 27 01:27:34 2023 ; 1 min  3 s 734.28 ms remaining ; 2 min  7 s 468.56 ms total)
Fri Oct 27 01:26:35 2023: Inserted ≈55% of D-proof conclusions. [ 83649653 of 152090279] (ETC: Fri Oct 27 01:27:32 2023 ; 56 s 485.60 ms remaining ; 2 min  5 s 523.55 ms total)
Fri Oct 27 01:26:41 2023: Inserted ≈60% of D-proof conclusions. [ 91254167 of 152090279] (ETC: Fri Oct 27 01:27:31 2023 ; 49 s 941.46 ms remaining ; 2 min  4 s 853.64 ms total)
Fri Oct 27 01:26:49 2023: Inserted ≈65% of D-proof conclusions. [ 98858681 of 152090279] (ETC: Fri Oct 27 01:27:33 2023 ; 44 s 472.36 ms remaining ; 2 min  7 s  63.90 ms total)
Fri Oct 27 01:26:55 2023: Inserted ≈70% of D-proof conclusions. [106463195 of 152090279] (ETC: Fri Oct 27 01:27:33 2023 ; 38 s 105.14 ms remaining ; 2 min  7 s  17.12 ms total)
Fri Oct 27 01:27:01 2023: Inserted ≈75% of D-proof conclusions. [114067709 of 152090279] (ETC: Fri Oct 27 01:27:33 2023 ; 31 s 654.74 ms remaining ; 2 min  6 s 618.98 ms total)
Fri Oct 27 01:27:07 2023: Inserted ≈80% of D-proof conclusions. [121672223 of 152090279] (ETC: Fri Oct 27 01:27:32 2023 ; 25 s 195.81 ms remaining ; 2 min  5 s 979.06 ms total)
Fri Oct 27 01:27:12 2023: Inserted ≈85% of D-proof conclusions. [129276737 of 152090279] (ETC: Fri Oct 27 01:27:31 2023 ; 18 s 710.20 ms remaining ; 2 min  4 s 734.64 ms total)
Fri Oct 27 01:27:18 2023: Inserted ≈90% of D-proof conclusions. [136881251 of 152090279] (ETC: Fri Oct 27 01:27:30 2023 ; 12 s 358.57 ms remaining ; 2 min  3 s 585.72 ms total)
Fri Oct 27 01:27:22 2023: Inserted ≈95% of D-proof conclusions. [144485765 of 152090279] (ETC: Fri Oct 27 01:27:28 2023 ; 6 s  89.47 ms remaining ; 2 min  1 s 789.46 ms total)
Fri Oct 27 01:27:27 2023: Inserted 100% of D-proof conclusions. [152090279 of 152090279] (ETC: Fri Oct 27 01:27:27 2023 ; 0.00 ms remaining ; 2 min      343.02 ms total)
120343.93 ms (2 min 343.93 ms) total insertion duration.
Fri Oct 27 01:27:27 2023: Starting to iterate D-proof candidates of length 149.
1474354.81 ms (24 min 34 s 354.81 ms) taken to iterate 650543112 condensed detachment proof strings of length 149.
[Copy] Next iteration count (unfiltered141+): { 149, 650543112 }
Fri Oct 27 01:52:01 2023: Next iteration amount counter complete. [parallel ; 48 hardware thread contexts, unfiltered]
Fri Oct 27 01:57:35 2023: Process terminated. [pid: 28659, tid:23057711011712]
