( This log file was generated by executing 'pmGenerator -c -n -s CCpCCNpqrCsCCNtCrtCpt --iterate -u' (pmGenerator 1.2, master branch), compiled by 'Intel(R) oneAPI DPC++/C++ Compiler 2022.1.0 (2022.1.0.20220316)'.
  The run was executed on a CLAIX-2018-OPTANE MPI node
  — 2-socket Intel Xeon Gold 6338, 32 cores each (64 cores total per node), 2.0 GHz, 3.20 GHz turbo mode, 512 GiB DDR4-3200 caching for 2 TiB non-volatile memory (NVM) (Intel Optane DC Persistent Memory DIMMs) —
  running Linux, Rocky 8.8.
  The job led to the following output:
   $ sacct --format="JobID,Partition,AllocCPUS,State,ExitCode,Elapsed,MaxRSS"
   JobID         Partition  AllocCPUS      State ExitCode    Elapsed     MaxRSS 
   ------------ ---------- ---------- ---------- -------- ---------- ---------- 
   40515253     optane_low         64  COMPLETED      0:0   01:04:14            
   40515253.ba+                    64  COMPLETED      0:0   01:04:14 356937236K 
   40515253.ex+                    64  COMPLETED      0:0   01:04:14          0 
  By 356937236 KiB = (356937236 / 1024^2) GiB = 340.401874542236328125 GiB, it used approximately 340.40 gibibytes of memory. )
Fri Nov  3 03:58:37 2023: Process started. [pid: 240353, tid:22453073471360]
Tasks:
1. resetRepresentativesFor("CCpCCNpqrCsCCNtCrtCpt", true, 0, true)
2. countNextIterationAmount(false, true)

[Main] Calling resetRepresentativesFor("CCpCCNpqrCsCCNtCrtCpt", true, 0, true).
Loaded 1 custom axioms. [SHA-512/224 hash: 02974777ff5f71e12ef58ccebedeef133584aad66e06a2a13b2b4b2c]
(1) CC0CCN0.1.2C3CCN4C2.4C0.4    -    CCpCCNpqrCsCCNtCrtCpt    -    (0\imply((\not0\imply1)\imply2))\imply(3\imply((\not4\imply(2\imply4))\imply(0\imply4)))
[Main] Calling countNextIterationAmount(false, true).
Fri Nov  3 03:58:37 2023: Next iteration amount counter started. [parallel ; 64 hardware thread contexts, unfiltered]
0.01 ms taken to load initial representatives.
0.33 ms taken to read 1 condensed detachment proof and conclusion from data/02974777ff5f71e12ef58ccebedeef133584aad66e06a2a13b2b4b2c/dProofs-withConclusions/dProofs3.txt. [tid:22453013223168]
0.31 ms taken to read 0 condensed detachment proofs and conclusions from data/02974777ff5f71e12ef58ccebedeef133584aad66e06a2a13b2b4b2c/dProofs-withConclusions/dProofs11.txt. [tid:22453004818176]
0.03 ms taken to read 20 condensed detachment proofs and conclusions from data/02974777ff5f71e12ef58ccebedeef133584aad66e06a2a13b2b4b2c/dProofs-withConclusions/dProofs33.txt. [tid:22452988008192]
1.37 ms taken to read 15 condensed detachment proofs and conclusions from data/02974777ff5f71e12ef58ccebedeef133584aad66e06a2a13b2b4b2c/dProofs-withConclusions/dProofs31.txt. [tid:22452990109440]
1.54 ms taken to read 2 condensed detachment proofs and conclusions from data/02974777ff5f71e12ef58ccebedeef133584aad66e06a2a13b2b4b2c/dProofs-withConclusions/dProofs5.txt. [tid:22453011121920]
11450.50 ms (11 s 450.50 ms) taken to read 1965596 condensed detachment proofs and conclusions from data/02974777ff5f71e12ef58ccebedeef133584aad66e06a2a13b2b4b2c/dProofs-withConclusions/dProofs131.txt. [tid:22453013223168]
12777.09 ms (12 s 777.09 ms) taken to read 5180139 condensed detachment proofs and conclusions from data/02974777ff5f71e12ef58ccebedeef133584aad66e06a2a13b2b4b2c/dProofs-withConclusions/dProofs139.txt. [tid:22453011121920]
7.10 ms taken to read 2 condensed detachment proofs and conclusions from data/02974777ff5f71e12ef58ccebedeef133584aad66e06a2a13b2b4b2c/dProofs-withConclusions/dProofs7.txt. [tid:22453009020672]
2.10 ms taken to read 1 condensed detachment proof and conclusion from data/02974777ff5f71e12ef58ccebedeef133584aad66e06a2a13b2b4b2c/dProofs-withConclusions/dProofs9.txt. [tid:22453006919424]
11441.01 ms (11 s 441.01 ms) taken to read 2509883 condensed detachment proofs and conclusions from data/02974777ff5f71e12ef58ccebedeef133584aad66e06a2a13b2b4b2c/dProofs-withConclusions/dProofs133.txt. [tid:22453004818176]
7.93 ms taken to read 1 condensed detachment proof and conclusion from data/02974777ff5f71e12ef58ccebedeef133584aad66e06a2a13b2b4b2c/dProofs-withConclusions/dProofs13.txt. [tid:22452881061632]
5.54 ms taken to read 2 condensed detachment proofs and conclusions from data/02974777ff5f71e12ef58ccebedeef133584aad66e06a2a13b2b4b2c/dProofs-withConclusions/dProofs15.txt. [tid:22452744742656]
3.65 ms taken to read 3 condensed detachment proofs and conclusions from data/02974777ff5f71e12ef58ccebedeef133584aad66e06a2a13b2b4b2c/dProofs-withConclusions/dProofs17.txt. [tid:22452742641408]
7.36 ms taken to read 4 condensed detachment proofs and conclusions from data/02974777ff5f71e12ef58ccebedeef133584aad66e06a2a13b2b4b2c/dProofs-withConclusions/dProofs19.txt. [tid:22453002716928]
6.54 ms taken to read 5 condensed detachment proofs and conclusions from data/02974777ff5f71e12ef58ccebedeef133584aad66e06a2a13b2b4b2c/dProofs-withConclusions/dProofs21.txt. [tid:22453000615680]
4.32 ms taken to read 5 condensed detachment proofs and conclusions from data/02974777ff5f71e12ef58ccebedeef133584aad66e06a2a13b2b4b2c/dProofs-withConclusions/dProofs23.txt. [tid:22452998514432]
2.20 ms taken to read 5 condensed detachment proofs and conclusions from data/02974777ff5f71e12ef58ccebedeef133584aad66e06a2a13b2b4b2c/dProofs-withConclusions/dProofs25.txt. [tid:22452996413184]
2.92 ms taken to read 6 condensed detachment proofs and conclusions from data/02974777ff5f71e12ef58ccebedeef133584aad66e06a2a13b2b4b2c/dProofs-withConclusions/dProofs27.txt. [tid:22452994311936]
1.77 ms taken to read 7 condensed detachment proofs and conclusions from data/02974777ff5f71e12ef58ccebedeef133584aad66e06a2a13b2b4b2c/dProofs-withConclusions/dProofs29.txt. [tid:22452992210688]
12387.31 ms (12 s 387.31 ms) taken to read 4066027 condensed detachment proofs and conclusions from data/02974777ff5f71e12ef58ccebedeef133584aad66e06a2a13b2b4b2c/dProofs-withConclusions/dProofs137.txt. [tid:22452990109440]
11876.97 ms (11 s 876.97 ms) taken to read 3196594 condensed detachment proofs and conclusions from data/02974777ff5f71e12ef58ccebedeef133584aad66e06a2a13b2b4b2c/dProofs-withConclusions/dProofs135.txt. [tid:22452988008192]
16.19 ms taken to read 25 condensed detachment proofs and conclusions from data/02974777ff5f71e12ef58ccebedeef133584aad66e06a2a13b2b4b2c/dProofs-withConclusions/dProofs35.txt. [tid:22452985906944]
16.86 ms taken to read 30 condensed detachment proofs and conclusions from data/02974777ff5f71e12ef58ccebedeef133584aad66e06a2a13b2b4b2c/dProofs-withConclusions/dProofs37.txt. [tid:22452983805696]
5.65 ms taken to read 37 condensed detachment proofs and conclusions from data/02974777ff5f71e12ef58ccebedeef133584aad66e06a2a13b2b4b2c/dProofs-withConclusions/dProofs39.txt. [tid:22452981704448]
4.41 ms taken to read 42 condensed detachment proofs and conclusions from data/02974777ff5f71e12ef58ccebedeef133584aad66e06a2a13b2b4b2c/dProofs-withConclusions/dProofs41.txt. [tid:22452979603200]
4.98 ms taken to read 51 condensed detachment proofs and conclusions from data/02974777ff5f71e12ef58ccebedeef133584aad66e06a2a13b2b4b2c/dProofs-withConclusions/dProofs43.txt. [tid:22452977501952]
9.52 ms taken to read 63 condensed detachment proofs and conclusions from data/02974777ff5f71e12ef58ccebedeef133584aad66e06a2a13b2b4b2c/dProofs-withConclusions/dProofs45.txt. [tid:22452975400704]
0.01 ms taken to read 85 condensed detachment proofs and conclusions from data/02974777ff5f71e12ef58ccebedeef133584aad66e06a2a13b2b4b2c/dProofs-withConclusions/dProofs47.txt. [tid:22452973299456]
22.60 ms taken to read 122 condensed detachment proofs and conclusions from data/02974777ff5f71e12ef58ccebedeef133584aad66e06a2a13b2b4b2c/dProofs-withConclusions/dProofs49.txt. [tid:22452971198208]
4.16 ms taken to read 162 condensed detachment proofs and conclusions from data/02974777ff5f71e12ef58ccebedeef133584aad66e06a2a13b2b4b2c/dProofs-withConclusions/dProofs51.txt. [tid:22452969096960]
9.55 ms taken to read 206 condensed detachment proofs and conclusions from data/02974777ff5f71e12ef58ccebedeef133584aad66e06a2a13b2b4b2c/dProofs-withConclusions/dProofs53.txt. [tid:22452966995712]
4.36 ms taken to read 251 condensed detachment proofs and conclusions from data/02974777ff5f71e12ef58ccebedeef133584aad66e06a2a13b2b4b2c/dProofs-withConclusions/dProofs55.txt. [tid:22452964894464]
0.69 ms taken to read 292 condensed detachment proofs and conclusions from data/02974777ff5f71e12ef58ccebedeef133584aad66e06a2a13b2b4b2c/dProofs-withConclusions/dProofs57.txt. [tid:22452962793216]
9.83 ms taken to read 339 condensed detachment proofs and conclusions from data/02974777ff5f71e12ef58ccebedeef133584aad66e06a2a13b2b4b2c/dProofs-withConclusions/dProofs59.txt. [tid:22452960691968]
19.17 ms taken to read 444 condensed detachment proofs and conclusions from data/02974777ff5f71e12ef58ccebedeef133584aad66e06a2a13b2b4b2c/dProofs-withConclusions/dProofs61.txt. [tid:22452958590720]
22.98 ms taken to read 598 condensed detachment proofs and conclusions from data/02974777ff5f71e12ef58ccebedeef133584aad66e06a2a13b2b4b2c/dProofs-withConclusions/dProofs63.txt. [tid:22452956489472]
19.21 ms taken to read 781 condensed detachment proofs and conclusions from data/02974777ff5f71e12ef58ccebedeef133584aad66e06a2a13b2b4b2c/dProofs-withConclusions/dProofs65.txt. [tid:22452954388224]
24.81 ms taken to read 1016 condensed detachment proofs and conclusions from data/02974777ff5f71e12ef58ccebedeef133584aad66e06a2a13b2b4b2c/dProofs-withConclusions/dProofs67.txt. [tid:22452952286976]
10.99 ms taken to read 1303 condensed detachment proofs and conclusions from data/02974777ff5f71e12ef58ccebedeef133584aad66e06a2a13b2b4b2c/dProofs-withConclusions/dProofs69.txt. [tid:22452878960384]
22.29 ms taken to read 1593 condensed detachment proofs and conclusions from data/02974777ff5f71e12ef58ccebedeef133584aad66e06a2a13b2b4b2c/dProofs-withConclusions/dProofs71.txt. [tid:22452876859136]
24.76 ms taken to read 1922 condensed detachment proofs and conclusions from data/02974777ff5f71e12ef58ccebedeef133584aad66e06a2a13b2b4b2c/dProofs-withConclusions/dProofs73.txt. [tid:22452874757888]
28.61 ms taken to read 2359 condensed detachment proofs and conclusions from data/02974777ff5f71e12ef58ccebedeef133584aad66e06a2a13b2b4b2c/dProofs-withConclusions/dProofs75.txt. [tid:22452872656640]
26.17 ms taken to read 2986 condensed detachment proofs and conclusions from data/02974777ff5f71e12ef58ccebedeef133584aad66e06a2a13b2b4b2c/dProofs-withConclusions/dProofs77.txt. [tid:22452870555392]
43.70 ms taken to read 3875 condensed detachment proofs and conclusions from data/02974777ff5f71e12ef58ccebedeef133584aad66e06a2a13b2b4b2c/dProofs-withConclusions/dProofs79.txt. [tid:22452868454144]
41.69 ms taken to read 5006 condensed detachment proofs and conclusions from data/02974777ff5f71e12ef58ccebedeef133584aad66e06a2a13b2b4b2c/dProofs-withConclusions/dProofs81.txt. [tid:22452866352896]
377.18 ms taken to read 6466 condensed detachment proofs and conclusions from data/02974777ff5f71e12ef58ccebedeef133584aad66e06a2a13b2b4b2c/dProofs-withConclusions/dProofs83.txt. [tid:22452864251648]
200.85 ms taken to read 8184 condensed detachment proofs and conclusions from data/02974777ff5f71e12ef58ccebedeef133584aad66e06a2a13b2b4b2c/dProofs-withConclusions/dProofs85.txt. [tid:22452862150400]
473.60 ms taken to read 10182 condensed detachment proofs and conclusions from data/02974777ff5f71e12ef58ccebedeef133584aad66e06a2a13b2b4b2c/dProofs-withConclusions/dProofs87.txt. [tid:22452860049152]
233.41 ms taken to read 12488 condensed detachment proofs and conclusions from data/02974777ff5f71e12ef58ccebedeef133584aad66e06a2a13b2b4b2c/dProofs-withConclusions/dProofs89.txt. [tid:22452857947904]
62.98 ms taken to read 15534 condensed detachment proofs and conclusions from data/02974777ff5f71e12ef58ccebedeef133584aad66e06a2a13b2b4b2c/dProofs-withConclusions/dProofs91.txt. [tid:22452855846656]
1091.91 ms (1 s 91.91 ms) taken to read 19614 condensed detachment proofs and conclusions from data/02974777ff5f71e12ef58ccebedeef133584aad66e06a2a13b2b4b2c/dProofs-withConclusions/dProofs93.txt. [tid:22452853745408]
653.49 ms taken to read 25087 condensed detachment proofs and conclusions from data/02974777ff5f71e12ef58ccebedeef133584aad66e06a2a13b2b4b2c/dProofs-withConclusions/dProofs95.txt. [tid:22452851644160]
942.59 ms taken to read 32452 condensed detachment proofs and conclusions from data/02974777ff5f71e12ef58ccebedeef133584aad66e06a2a13b2b4b2c/dProofs-withConclusions/dProofs97.txt. [tid:22452849542912]
1350.21 ms (1 s 350.21 ms) taken to read 41840 condensed detachment proofs and conclusions from data/02974777ff5f71e12ef58ccebedeef133584aad66e06a2a13b2b4b2c/dProofs-withConclusions/dProofs99.txt. [tid:22452847441664]
1235.80 ms (1 s 235.80 ms) taken to read 53343 condensed detachment proofs and conclusions from data/02974777ff5f71e12ef58ccebedeef133584aad66e06a2a13b2b4b2c/dProofs-withConclusions/dProofs101.txt. [tid:22452845340416]
1396.11 ms (1 s 396.11 ms) taken to read 67105 condensed detachment proofs and conclusions from data/02974777ff5f71e12ef58ccebedeef133584aad66e06a2a13b2b4b2c/dProofs-withConclusions/dProofs103.txt. [tid:22452843239168]
2207.67 ms (2 s 207.67 ms) taken to read 84222 condensed detachment proofs and conclusions from data/02974777ff5f71e12ef58ccebedeef133584aad66e06a2a13b2b4b2c/dProofs-withConclusions/dProofs105.txt. [tid:22452841137920]
2289.20 ms (2 s 289.20 ms) taken to read 105925 condensed detachment proofs and conclusions from data/02974777ff5f71e12ef58ccebedeef133584aad66e06a2a13b2b4b2c/dProofs-withConclusions/dProofs107.txt. [tid:22452839036672]
4156.40 ms (4 s 156.41 ms) taken to read 134564 condensed detachment proofs and conclusions from data/02974777ff5f71e12ef58ccebedeef133584aad66e06a2a13b2b4b2c/dProofs-withConclusions/dProofs109.txt. [tid:22452836935424]
6171.68 ms (6 s 171.68 ms) taken to read 172053 condensed detachment proofs and conclusions from data/02974777ff5f71e12ef58ccebedeef133584aad66e06a2a13b2b4b2c/dProofs-withConclusions/dProofs111.txt. [tid:22452834834176]
9064.47 ms (9 s 64.47 ms) taken to read 221055 condensed detachment proofs and conclusions from data/02974777ff5f71e12ef58ccebedeef133584aad66e06a2a13b2b4b2c/dProofs-withConclusions/dProofs113.txt. [tid:22452832732928]
3146.81 ms (3 s 146.81 ms) taken to read 283569 condensed detachment proofs and conclusions from data/02974777ff5f71e12ef58ccebedeef133584aad66e06a2a13b2b4b2c/dProofs-withConclusions/dProofs115.txt. [tid:22452830631680]
4404.07 ms (4 s 404.07 ms) taken to read 361751 condensed detachment proofs and conclusions from data/02974777ff5f71e12ef58ccebedeef133584aad66e06a2a13b2b4b2c/dProofs-withConclusions/dProofs117.txt. [tid:22452828530432]
5123.01 ms (5 s 123.01 ms) taken to read 458509 condensed detachment proofs and conclusions from data/02974777ff5f71e12ef58ccebedeef133584aad66e06a2a13b2b4b2c/dProofs-withConclusions/dProofs119.txt. [tid:22452826429184]
5225.82 ms (5 s 225.82 ms) taken to read 579502 condensed detachment proofs and conclusions from data/02974777ff5f71e12ef58ccebedeef133584aad66e06a2a13b2b4b2c/dProofs-withConclusions/dProofs121.txt. [tid:22452824327936]
5593.85 ms (5 s 593.85 ms) taken to read 734352 condensed detachment proofs and conclusions from data/02974777ff5f71e12ef58ccebedeef133584aad66e06a2a13b2b4b2c/dProofs-withConclusions/dProofs123.txt. [tid:22452822226688]
5289.87 ms (5 s 289.87 ms) taken to read 935212 condensed detachment proofs and conclusions from data/02974777ff5f71e12ef58ccebedeef133584aad66e06a2a13b2b4b2c/dProofs-withConclusions/dProofs125.txt. [tid:22452820125440]
7614.50 ms (7 s 614.50 ms) taken to read 1197027 condensed detachment proofs and conclusions from data/02974777ff5f71e12ef58ccebedeef133584aad66e06a2a13b2b4b2c/dProofs-withConclusions/dProofs127.txt. [tid:22452818024192]
8980.53 ms (8 s 980.53 ms) taken to read 1534565 condensed detachment proofs and conclusions from data/02974777ff5f71e12ef58ccebedeef133584aad66e06a2a13b2b4b2c/dProofs-withConclusions/dProofs129.txt. [tid:22452746843904]
12932.25 ms (12 s 932.25 ms) total read duration.
Loaded 70 representative collections of sizes:
1 : 1
3 : 1
5 : 2
7 : 2
9 : 1
11 : 0
13 : 1
15 : 2
17 : 3
19 : 4
21 : 5
23 : 5
25 : 5
27 : 6
29 : 7
31 : 15
33 : 20
35 : 25
37 : 30
39 : 37
41 : 42
43 : 51
45 : 63
47 : 85
49 : 122
51 : 162
53 : 206
55 : 251
57 : 292
59 : 339
61 : 444
63 : 598
65 : 781
67 : 1016
69 : 1303
71 : 1593
73 : 1922
75 : 2359
77 : 2986
79 : 3875
81 : 5006
83 : 6466
85 : 8184
87 : 10182
89 : 12488
91 : 15534
93 : 19614
95 : 25087
97 : 32452
99 : 41840
101 : 53343
103 : 67105
105 : 84222
107 : 105925
109 : 134564
111 : 172053
113 : 221055
115 : 283569
117 : 361751
119 : 458509
121 : 579502
123 : 734352
125 : 935212
127 : 1197027
129 : 1534565
131 : 1965596
133 : 2509883
135 : 3196594
137 : 4066027
139 : 5180139
24036508 representatives in total.
76529.61 ms (1 min 16 s 529.61 ms) taken to read 16952082 condensed detachment proofs and conclusions from data/02974777ff5f71e12ef58ccebedeef133584aad66e06a2a13b2b4b2c/dProofs-withConclusions/dProofs141-unfiltered141+.txt. [tid:22452746843904]
103465.65 ms (1 min 43 s 465.66 ms) taken to read 26431403 condensed detachment proofs and conclusions from data/02974777ff5f71e12ef58ccebedeef133584aad66e06a2a13b2b4b2c/dProofs-withConclusions/dProofs143-unfiltered141+.txt. [tid:22452818024192]
134076.68 ms (2 min 14 s 76.68 ms) taken to read 36855440 condensed detachment proofs and conclusions from data/02974777ff5f71e12ef58ccebedeef133584aad66e06a2a13b2b4b2c/dProofs-withConclusions/dProofs145-unfiltered141+.txt. [tid:22452820125440]
144620.82 ms (2 min 24 s 620.82 ms) taken to read 47814846 condensed detachment proofs and conclusions from data/02974777ff5f71e12ef58ccebedeef133584aad66e06a2a13b2b4b2c/dProofs-withConclusions/dProofs147-unfiltered141+.txt. [tid:22452822226688]
157921.43 ms (2 min 37 s 921.43 ms) taken to read 62366737 condensed detachment proofs and conclusions from data/02974777ff5f71e12ef58ccebedeef133584aad66e06a2a13b2b4b2c/dProofs-withConclusions/dProofs149-unfiltered141+.txt. [tid:22452824327936]
173454.34 ms (2 min 53 s 454.34 ms) taken to read 82234537 condensed detachment proofs and conclusions from data/02974777ff5f71e12ef58ccebedeef133584aad66e06a2a13b2b4b2c/dProofs-withConclusions/dProofs151-unfiltered141+.txt. [tid:22452826429184]
186804.57 ms (3 min 6 s 804.57 ms) taken to read 109705510 condensed detachment proofs and conclusions from data/02974777ff5f71e12ef58ccebedeef133584aad66e06a2a13b2b4b2c/dProofs-withConclusions/dProofs153-unfiltered141+.txt. [tid:22452828530432]
186817.14 ms (3 min 6 s 817.14 ms) additional read duration.
Loaded 7 more representative collections of sizes:
141 : 16952082
143 : 26431403
145 : 36855440
147 : 47814846
149 : 62366737
151 : 82234537
153 : 109705510
406397063 representatives in total.
Fri Nov  3 04:02:26 2023: Inserted ≈ 5% of D-proof conclusions. [ 20319853 of 406397063] (ETC: Fri Nov  3 04:11:45 2023 ; 9 min 19 s 462.45 ms remaining ; 9 min 48 s 907.84 ms total)
Fri Nov  3 04:02:50 2023: Inserted ≈10% of D-proof conclusions. [ 40639706 of 406397063] (ETC: Fri Nov  3 04:10:52 2023 ; 8 min  2 s 388.57 ms remaining ; 8 min 55 s 987.30 ms total)
Fri Nov  3 04:03:23 2023: Inserted ≈15% of D-proof conclusions. [ 60959559 of 406397063] (ETC: Fri Nov  3 04:11:31 2023 ; 8 min  8 s  65.39 ms remaining ; 9 min 34 s 194.57 ms total)
Fri Nov  3 04:03:54 2023: Inserted ≈20% of D-proof conclusions. [ 81279412 of 406397063] (ETC: Fri Nov  3 04:11:46 2023 ; 7 min 51 s 712.32 ms remaining ; 9 min 49 s 640.40 ms total)
Fri Nov  3 04:04:33 2023: Inserted ≈25% of D-proof conclusions. [101599265 of 406397063] (ETC: Fri Nov  3 04:12:22 2023 ; 7 min 49 s 413.04 ms remaining ; 10 min 25 s 884.05 ms total)
Fri Nov  3 04:05:06 2023: Inserted ≈30% of D-proof conclusions. [121919118 of 406397063] (ETC: Fri Nov  3 04:12:27 2023 ; 7 min 21 s 290.23 ms remaining ; 10 min 30 s 414.62 ms total)
Fri Nov  3 04:05:41 2023: Inserted ≈35% of D-proof conclusions. [142238972 of 406397063] (ETC: Fri Nov  3 04:12:39 2023 ; 6 min 57 s 795.86 ms remaining ; 10 min 42 s 762.86 ms total)
Fri Nov  3 04:06:15 2023: Inserted ≈40% of D-proof conclusions. [162558825 of 406397063] (ETC: Fri Nov  3 04:12:42 2023 ; 6 min 27 s 268.99 ms remaining ; 10 min 45 s 448.32 ms total)
Fri Nov  3 04:06:45 2023: Inserted ≈45% of D-proof conclusions. [182878678 of 406397063] (ETC: Fri Nov  3 04:12:39 2023 ; 5 min 53 s 137.76 ms remaining ; 10 min 42 s  68.66 ms total)
Fri Nov  3 04:07:20 2023: Inserted ≈50% of D-proof conclusions. [203198531 of 406397063] (ETC: Fri Nov  3 04:12:44 2023 ; 5 min 23 s 704.81 ms remaining ; 10 min 47 s 409.61 ms total)
Fri Nov  3 04:07:51 2023: Inserted ≈55% of D-proof conclusions. [223518384 of 406397063] (ETC: Fri Nov  3 04:12:42 2023 ; 4 min 50 s 362.93 ms remaining ; 10 min 45 s 250.95 ms total)
Fri Nov  3 04:08:21 2023: Inserted ≈60% of D-proof conclusions. [243838237 of 406397063] (ETC: Fri Nov  3 04:12:38 2023 ; 4 min 16 s 459.68 ms remaining ; 10 min 41 s 149.19 ms total)
Fri Nov  3 04:08:53 2023: Inserted ≈65% of D-proof conclusions. [264158090 of 406397063] (ETC: Fri Nov  3 04:12:37 2023 ; 3 min 44 s 315.34 ms remaining ; 10 min 40 s 900.97 ms total)
Fri Nov  3 04:09:28 2023: Inserted ≈70% of D-proof conclusions. [284477944 of 406397063] (ETC: Fri Nov  3 04:12:42 2023 ; 3 min 13 s 517.72 ms remaining ; 10 min 45 s  59.05 ms total)
Fri Nov  3 04:10:01 2023: Inserted ≈75% of D-proof conclusions. [304797797 of 406397063] (ETC: Fri Nov  3 04:12:43 2023 ; 2 min 41 s 569.78 ms remaining ; 10 min 46 s 279.14 ms total)
Fri Nov  3 04:10:30 2023: Inserted ≈80% of D-proof conclusions. [325117650 of 406397063] (ETC: Fri Nov  3 04:12:38 2023 ; 2 min  8 s 282.92 ms remaining ; 10 min 41 s 414.58 ms total)
Fri Nov  3 04:11:00 2023: Inserted ≈85% of D-proof conclusions. [345437503 of 406397063] (ETC: Fri Nov  3 04:12:36 2023 ; 1 min 35 s 874.32 ms remaining ; 10 min 39 s 162.10 ms total)
Fri Nov  3 04:11:34 2023: Inserted ≈90% of D-proof conclusions. [365757356 of 406397063] (ETC: Fri Nov  3 04:12:39 2023 ; 1 min  4 s 218.23 ms remaining ; 10 min 42 s 182.26 ms total)
Fri Nov  3 04:12:10 2023: Inserted ≈95% of D-proof conclusions. [386077209 of 406397063] (ETC: Fri Nov  3 04:12:42 2023 ; 32 s 284.53 ms remaining ; 10 min 45 s 690.51 ms total)
Fri Nov  3 04:12:45 2023: Inserted 100% of D-proof conclusions. [406397063 of 406397063] (ETC: Fri Nov  3 04:12:45 2023 ; 0.00 ms remaining ; 10 min 48 s 451.00 ms total)
648451.19 ms (10 min 48 s 451.19 ms) total insertion duration.
Fri Nov  3 04:12:45 2023: Starting to iterate D-proof candidates of length 155.
2208450.76 ms (36 min 48 s 450.76 ms) taken to iterate 1558170072 condensed detachment proof strings of length 155.
[Copy] Next iteration count (unfiltered141+): { 155, 1558170072 }
Fri Nov  3 04:49:44 2023: Next iteration amount counter complete. [parallel ; 64 hardware thread contexts, unfiltered]
Fri Nov  3 05:02:32 2023: Process terminated. [pid: 240353, tid:22453073471360]
