( This log file was generated by executing 'pmGenerator -c -n -s CCpCCNpqrCsCCNtCrtCpt --iterate -u' (pmGenerator 1.2, master branch), compiled by 'Intel(R) oneAPI DPC++/C++ Compiler 2022.1.0 (2022.1.0.20220316)'.
  The run was executed on a CLAIX-2018-OPTANE MPI node
  — 2-socket Intel Xeon Gold 6338, 32 cores each (64 cores total per node), 2.0 GHz, 3.20 GHz turbo mode, 512 GiB DDR4-3200 caching for 2 TiB non-volatile memory (NVM) (Intel Optane DC Persistent Memory DIMMs) —
  running Linux, Rocky 8.8.
  The job led to the following output:
   $ sacct --format="JobID,Partition,AllocCPUS,State,ExitCode,Elapsed,MaxRSS"
   JobID         Partition  AllocCPUS      State ExitCode    Elapsed     MaxRSS 
   ------------ ---------- ---------- ---------- -------- ---------- ---------- 
   40532098     optane_low         64  COMPLETED      0:0   01:26:04            
   40532098.ba+                    64  COMPLETED      0:0   01:26:04 493943548K 
   40532098.ex+                    64  COMPLETED      0:0   01:26:04          0 
  By 493943548 KiB = (493943548 / 1024^2) GiB = 471.061275482177734375 GiB, it used approximately 471.06 gibibytes of memory. )
Sat Nov  4 07:13:56 2023: Process started. [pid: 165292, tid:23333859239808]
Tasks:
1. resetRepresentativesFor("CCpCCNpqrCsCCNtCrtCpt", true, 0, true)
2. countNextIterationAmount(false, true)

[Main] Calling resetRepresentativesFor("CCpCCNpqrCsCCNtCrtCpt", true, 0, true).
Loaded 1 custom axioms. [SHA-512/224 hash: 02974777ff5f71e12ef58ccebedeef133584aad66e06a2a13b2b4b2c]
(1) CC0CCN0.1.2C3CCN4C2.4C0.4    -    CCpCCNpqrCsCCNtCrtCpt    -    (0\imply((\not0\imply1)\imply2))\imply(3\imply((\not4\imply(2\imply4))\imply(0\imply4)))
[Main] Calling countNextIterationAmount(false, true).
Sat Nov  4 07:13:56 2023: Next iteration amount counter started. [parallel ; 64 hardware thread contexts, unfiltered]
0.01 ms taken to load initial representatives.
0.02 ms taken to read 0 condensed detachment proofs and conclusions from data/02974777ff5f71e12ef58ccebedeef133584aad66e06a2a13b2b4b2c/dProofs-withConclusions/dProofs11.txt. [tid:23333790586624]
2.65 ms taken to read 5 condensed detachment proofs and conclusions from data/02974777ff5f71e12ef58ccebedeef133584aad66e06a2a13b2b4b2c/dProofs-withConclusions/dProofs21.txt. [tid:23333780080384]
3.92 ms taken to read 51 condensed detachment proofs and conclusions from data/02974777ff5f71e12ef58ccebedeef133584aad66e06a2a13b2b4b2c/dProofs-withConclusions/dProofs43.txt. [tid:23333756966656]
4.01 ms taken to read 15 condensed detachment proofs and conclusions from data/02974777ff5f71e12ef58ccebedeef133584aad66e06a2a13b2b4b2c/dProofs-withConclusions/dProofs31.txt. [tid:23333769574144]
1.11 ms taken to read 5 condensed detachment proofs and conclusions from data/02974777ff5f71e12ef58ccebedeef133584aad66e06a2a13b2b4b2c/dProofs-withConclusions/dProofs25.txt. [tid:23333775877888]
2.05 ms taken to read 1 condensed detachment proof and conclusion from data/02974777ff5f71e12ef58ccebedeef133584aad66e06a2a13b2b4b2c/dProofs-withConclusions/dProofs3.txt. [tid:23333798991616]
6.62 ms taken to read 2 condensed detachment proofs and conclusions from data/02974777ff5f71e12ef58ccebedeef133584aad66e06a2a13b2b4b2c/dProofs-withConclusions/dProofs5.txt. [tid:23333796890368]
1.72 ms taken to read 2 condensed detachment proofs and conclusions from data/02974777ff5f71e12ef58ccebedeef133584aad66e06a2a13b2b4b2c/dProofs-withConclusions/dProofs7.txt. [tid:23333794789120]
1.65 ms taken to read 1 condensed detachment proof and conclusion from data/02974777ff5f71e12ef58ccebedeef133584aad66e06a2a13b2b4b2c/dProofs-withConclusions/dProofs9.txt. [tid:23333792687872]
10669.56 ms (10 s 669.57 ms) taken to read 1965596 condensed detachment proofs and conclusions from data/02974777ff5f71e12ef58ccebedeef133584aad66e06a2a13b2b4b2c/dProofs-withConclusions/dProofs131.txt. [tid:23333790586624]
3.36 ms taken to read 1 condensed detachment proof and conclusion from data/02974777ff5f71e12ef58ccebedeef133584aad66e06a2a13b2b4b2c/dProofs-withConclusions/dProofs13.txt. [tid:23333788485376]
8.90 ms taken to read 2 condensed detachment proofs and conclusions from data/02974777ff5f71e12ef58ccebedeef133584aad66e06a2a13b2b4b2c/dProofs-withConclusions/dProofs15.txt. [tid:23333786384128]
0.02 ms taken to read 3 condensed detachment proofs and conclusions from data/02974777ff5f71e12ef58ccebedeef133584aad66e06a2a13b2b4b2c/dProofs-withConclusions/dProofs17.txt. [tid:23333784282880]
14.87 ms taken to read 4 condensed detachment proofs and conclusions from data/02974777ff5f71e12ef58ccebedeef133584aad66e06a2a13b2b4b2c/dProofs-withConclusions/dProofs19.txt. [tid:23333782181632]
11216.43 ms (11 s 216.43 ms) taken to read 2509883 condensed detachment proofs and conclusions from data/02974777ff5f71e12ef58ccebedeef133584aad66e06a2a13b2b4b2c/dProofs-withConclusions/dProofs133.txt. [tid:23333780080384]
4.47 ms taken to read 5 condensed detachment proofs and conclusions from data/02974777ff5f71e12ef58ccebedeef133584aad66e06a2a13b2b4b2c/dProofs-withConclusions/dProofs23.txt. [tid:23333777979136]
12865.62 ms (12 s 865.62 ms) taken to read 5180139 condensed detachment proofs and conclusions from data/02974777ff5f71e12ef58ccebedeef133584aad66e06a2a13b2b4b2c/dProofs-withConclusions/dProofs139.txt. [tid:23333775877888]
7.87 ms taken to read 6 condensed detachment proofs and conclusions from data/02974777ff5f71e12ef58ccebedeef133584aad66e06a2a13b2b4b2c/dProofs-withConclusions/dProofs27.txt. [tid:23333773776640]
2.15 ms taken to read 7 condensed detachment proofs and conclusions from data/02974777ff5f71e12ef58ccebedeef133584aad66e06a2a13b2b4b2c/dProofs-withConclusions/dProofs29.txt. [tid:23333771675392]
12289.13 ms (12 s 289.13 ms) taken to read 4066027 condensed detachment proofs and conclusions from data/02974777ff5f71e12ef58ccebedeef133584aad66e06a2a13b2b4b2c/dProofs-withConclusions/dProofs137.txt. [tid:23333769574144]
34.21 ms taken to read 20 condensed detachment proofs and conclusions from data/02974777ff5f71e12ef58ccebedeef133584aad66e06a2a13b2b4b2c/dProofs-withConclusions/dProofs33.txt. [tid:23333767472896]
0.40 ms taken to read 25 condensed detachment proofs and conclusions from data/02974777ff5f71e12ef58ccebedeef133584aad66e06a2a13b2b4b2c/dProofs-withConclusions/dProofs35.txt. [tid:23333765371648]
1.52 ms taken to read 30 condensed detachment proofs and conclusions from data/02974777ff5f71e12ef58ccebedeef133584aad66e06a2a13b2b4b2c/dProofs-withConclusions/dProofs37.txt. [tid:23333763270400]
8.51 ms taken to read 37 condensed detachment proofs and conclusions from data/02974777ff5f71e12ef58ccebedeef133584aad66e06a2a13b2b4b2c/dProofs-withConclusions/dProofs39.txt. [tid:23333761169152]
4.40 ms taken to read 42 condensed detachment proofs and conclusions from data/02974777ff5f71e12ef58ccebedeef133584aad66e06a2a13b2b4b2c/dProofs-withConclusions/dProofs41.txt. [tid:23333759067904]
11743.66 ms (11 s 743.66 ms) taken to read 3196594 condensed detachment proofs and conclusions from data/02974777ff5f71e12ef58ccebedeef133584aad66e06a2a13b2b4b2c/dProofs-withConclusions/dProofs135.txt. [tid:23333756966656]
8.75 ms taken to read 63 condensed detachment proofs and conclusions from data/02974777ff5f71e12ef58ccebedeef133584aad66e06a2a13b2b4b2c/dProofs-withConclusions/dProofs45.txt. [tid:23333754865408]
2.89 ms taken to read 85 condensed detachment proofs and conclusions from data/02974777ff5f71e12ef58ccebedeef133584aad66e06a2a13b2b4b2c/dProofs-withConclusions/dProofs47.txt. [tid:23332342724352]
16.24 ms taken to read 122 condensed detachment proofs and conclusions from data/02974777ff5f71e12ef58ccebedeef133584aad66e06a2a13b2b4b2c/dProofs-withConclusions/dProofs49.txt. [tid:23332340623104]
16.34 ms taken to read 162 condensed detachment proofs and conclusions from data/02974777ff5f71e12ef58ccebedeef133584aad66e06a2a13b2b4b2c/dProofs-withConclusions/dProofs51.txt. [tid:23332338521856]
15.72 ms taken to read 206 condensed detachment proofs and conclusions from data/02974777ff5f71e12ef58ccebedeef133584aad66e06a2a13b2b4b2c/dProofs-withConclusions/dProofs53.txt. [tid:23332336420608]
22.80 ms taken to read 251 condensed detachment proofs and conclusions from data/02974777ff5f71e12ef58ccebedeef133584aad66e06a2a13b2b4b2c/dProofs-withConclusions/dProofs55.txt. [tid:23332334319360]
22.28 ms taken to read 292 condensed detachment proofs and conclusions from data/02974777ff5f71e12ef58ccebedeef133584aad66e06a2a13b2b4b2c/dProofs-withConclusions/dProofs57.txt. [tid:23332332218112]
2.45 ms taken to read 339 condensed detachment proofs and conclusions from data/02974777ff5f71e12ef58ccebedeef133584aad66e06a2a13b2b4b2c/dProofs-withConclusions/dProofs59.txt. [tid:23332330116864]
37.27 ms taken to read 444 condensed detachment proofs and conclusions from data/02974777ff5f71e12ef58ccebedeef133584aad66e06a2a13b2b4b2c/dProofs-withConclusions/dProofs61.txt. [tid:23332328015616]
16.54 ms taken to read 598 condensed detachment proofs and conclusions from data/02974777ff5f71e12ef58ccebedeef133584aad66e06a2a13b2b4b2c/dProofs-withConclusions/dProofs63.txt. [tid:23332325914368]
15.10 ms taken to read 781 condensed detachment proofs and conclusions from data/02974777ff5f71e12ef58ccebedeef133584aad66e06a2a13b2b4b2c/dProofs-withConclusions/dProofs65.txt. [tid:23332323813120]
8.79 ms taken to read 1016 condensed detachment proofs and conclusions from data/02974777ff5f71e12ef58ccebedeef133584aad66e06a2a13b2b4b2c/dProofs-withConclusions/dProofs67.txt. [tid:23332321711872]
48.83 ms taken to read 1303 condensed detachment proofs and conclusions from data/02974777ff5f71e12ef58ccebedeef133584aad66e06a2a13b2b4b2c/dProofs-withConclusions/dProofs69.txt. [tid:23332319610624]
23.65 ms taken to read 1593 condensed detachment proofs and conclusions from data/02974777ff5f71e12ef58ccebedeef133584aad66e06a2a13b2b4b2c/dProofs-withConclusions/dProofs71.txt. [tid:23332317509376]
370.05 ms taken to read 1922 condensed detachment proofs and conclusions from data/02974777ff5f71e12ef58ccebedeef133584aad66e06a2a13b2b4b2c/dProofs-withConclusions/dProofs73.txt. [tid:23332315408128]
349.61 ms taken to read 2359 condensed detachment proofs and conclusions from data/02974777ff5f71e12ef58ccebedeef133584aad66e06a2a13b2b4b2c/dProofs-withConclusions/dProofs75.txt. [tid:23332313306880]
55.87 ms taken to read 2986 condensed detachment proofs and conclusions from data/02974777ff5f71e12ef58ccebedeef133584aad66e06a2a13b2b4b2c/dProofs-withConclusions/dProofs77.txt. [tid:23332311205632]
98.66 ms taken to read 3875 condensed detachment proofs and conclusions from data/02974777ff5f71e12ef58ccebedeef133584aad66e06a2a13b2b4b2c/dProofs-withConclusions/dProofs79.txt. [tid:23332309104384]
31.77 ms taken to read 5006 condensed detachment proofs and conclusions from data/02974777ff5f71e12ef58ccebedeef133584aad66e06a2a13b2b4b2c/dProofs-withConclusions/dProofs81.txt. [tid:23332307003136]
57.32 ms taken to read 6466 condensed detachment proofs and conclusions from data/02974777ff5f71e12ef58ccebedeef133584aad66e06a2a13b2b4b2c/dProofs-withConclusions/dProofs83.txt. [tid:23332304901888]
38.85 ms taken to read 8184 condensed detachment proofs and conclusions from data/02974777ff5f71e12ef58ccebedeef133584aad66e06a2a13b2b4b2c/dProofs-withConclusions/dProofs85.txt. [tid:23332302800640]
60.05 ms taken to read 10182 condensed detachment proofs and conclusions from data/02974777ff5f71e12ef58ccebedeef133584aad66e06a2a13b2b4b2c/dProofs-withConclusions/dProofs87.txt. [tid:23332300699392]
340.01 ms taken to read 12488 condensed detachment proofs and conclusions from data/02974777ff5f71e12ef58ccebedeef133584aad66e06a2a13b2b4b2c/dProofs-withConclusions/dProofs89.txt. [tid:23332298598144]
64.62 ms taken to read 15534 condensed detachment proofs and conclusions from data/02974777ff5f71e12ef58ccebedeef133584aad66e06a2a13b2b4b2c/dProofs-withConclusions/dProofs91.txt. [tid:23332296496896]
80.59 ms taken to read 19614 condensed detachment proofs and conclusions from data/02974777ff5f71e12ef58ccebedeef133584aad66e06a2a13b2b4b2c/dProofs-withConclusions/dProofs93.txt. [tid:23332294395648]
198.82 ms taken to read 25087 condensed detachment proofs and conclusions from data/02974777ff5f71e12ef58ccebedeef133584aad66e06a2a13b2b4b2c/dProofs-withConclusions/dProofs95.txt. [tid:23332292294400]
154.22 ms taken to read 32452 condensed detachment proofs and conclusions from data/02974777ff5f71e12ef58ccebedeef133584aad66e06a2a13b2b4b2c/dProofs-withConclusions/dProofs97.txt. [tid:23332290193152]
1468.15 ms (1 s 468.15 ms) taken to read 41840 condensed detachment proofs and conclusions from data/02974777ff5f71e12ef58ccebedeef133584aad66e06a2a13b2b4b2c/dProofs-withConclusions/dProofs99.txt. [tid:23332288091904]
1367.48 ms (1 s 367.48 ms) taken to read 53343 condensed detachment proofs and conclusions from data/02974777ff5f71e12ef58ccebedeef133584aad66e06a2a13b2b4b2c/dProofs-withConclusions/dProofs101.txt. [tid:23332285990656]
1683.35 ms (1 s 683.35 ms) taken to read 67105 condensed detachment proofs and conclusions from data/02974777ff5f71e12ef58ccebedeef133584aad66e06a2a13b2b4b2c/dProofs-withConclusions/dProofs103.txt. [tid:23332283889408]
2499.99 ms (2 s 499.99 ms) taken to read 84222 condensed detachment proofs and conclusions from data/02974777ff5f71e12ef58ccebedeef133584aad66e06a2a13b2b4b2c/dProofs-withConclusions/dProofs105.txt. [tid:23332281788160]
2241.08 ms (2 s 241.08 ms) taken to read 105925 condensed detachment proofs and conclusions from data/02974777ff5f71e12ef58ccebedeef133584aad66e06a2a13b2b4b2c/dProofs-withConclusions/dProofs107.txt. [tid:23332279686912]
4856.62 ms (4 s 856.62 ms) taken to read 134564 condensed detachment proofs and conclusions from data/02974777ff5f71e12ef58ccebedeef133584aad66e06a2a13b2b4b2c/dProofs-withConclusions/dProofs109.txt. [tid:23330396567296]
5510.67 ms (5 s 510.67 ms) taken to read 172053 condensed detachment proofs and conclusions from data/02974777ff5f71e12ef58ccebedeef133584aad66e06a2a13b2b4b2c/dProofs-withConclusions/dProofs111.txt. [tid:23330394466048]
8406.44 ms (8 s 406.44 ms) taken to read 221055 condensed detachment proofs and conclusions from data/02974777ff5f71e12ef58ccebedeef133584aad66e06a2a13b2b4b2c/dProofs-withConclusions/dProofs113.txt. [tid:23330392364800]
3776.49 ms (3 s 776.49 ms) taken to read 283569 condensed detachment proofs and conclusions from data/02974777ff5f71e12ef58ccebedeef133584aad66e06a2a13b2b4b2c/dProofs-withConclusions/dProofs115.txt. [tid:23330390263552]
3703.78 ms (3 s 703.78 ms) taken to read 361751 condensed detachment proofs and conclusions from data/02974777ff5f71e12ef58ccebedeef133584aad66e06a2a13b2b4b2c/dProofs-withConclusions/dProofs117.txt. [tid:23330388162304]
4281.49 ms (4 s 281.49 ms) taken to read 458509 condensed detachment proofs and conclusions from data/02974777ff5f71e12ef58ccebedeef133584aad66e06a2a13b2b4b2c/dProofs-withConclusions/dProofs119.txt. [tid:23330386061056]
5718.78 ms (5 s 718.78 ms) taken to read 579502 condensed detachment proofs and conclusions from data/02974777ff5f71e12ef58ccebedeef133584aad66e06a2a13b2b4b2c/dProofs-withConclusions/dProofs121.txt. [tid:23330383959808]
6337.32 ms (6 s 337.32 ms) taken to read 734352 condensed detachment proofs and conclusions from data/02974777ff5f71e12ef58ccebedeef133584aad66e06a2a13b2b4b2c/dProofs-withConclusions/dProofs123.txt. [tid:23330381858560]
6938.81 ms (6 s 938.81 ms) taken to read 935212 condensed detachment proofs and conclusions from data/02974777ff5f71e12ef58ccebedeef133584aad66e06a2a13b2b4b2c/dProofs-withConclusions/dProofs125.txt. [tid:23330379757312]
8600.06 ms (8 s 600.06 ms) taken to read 1197027 condensed detachment proofs and conclusions from data/02974777ff5f71e12ef58ccebedeef133584aad66e06a2a13b2b4b2c/dProofs-withConclusions/dProofs127.txt. [tid:23330377656064]
9552.81 ms (9 s 552.81 ms) taken to read 1534565 condensed detachment proofs and conclusions from data/02974777ff5f71e12ef58ccebedeef133584aad66e06a2a13b2b4b2c/dProofs-withConclusions/dProofs129.txt. [tid:23330375554816]
14854.18 ms (14 s 854.18 ms) total read duration.
Loaded 70 representative collections of sizes:
1 : 1
3 : 1
5 : 2
7 : 2
9 : 1
11 : 0
13 : 1
15 : 2
17 : 3
19 : 4
21 : 5
23 : 5
25 : 5
27 : 6
29 : 7
31 : 15
33 : 20
35 : 25
37 : 30
39 : 37
41 : 42
43 : 51
45 : 63
47 : 85
49 : 122
51 : 162
53 : 206
55 : 251
57 : 292
59 : 339
61 : 444
63 : 598
65 : 781
67 : 1016
69 : 1303
71 : 1593
73 : 1922
75 : 2359
77 : 2986
79 : 3875
81 : 5006
83 : 6466
85 : 8184
87 : 10182
89 : 12488
91 : 15534
93 : 19614
95 : 25087
97 : 32452
99 : 41840
101 : 53343
103 : 67105
105 : 84222
107 : 105925
109 : 134564
111 : 172053
113 : 221055
115 : 283569
117 : 361751
119 : 458509
121 : 579502
123 : 734352
125 : 935212
127 : 1197027
129 : 1534565
131 : 1965596
133 : 2509883
135 : 3196594
137 : 4066027
139 : 5180139
24036508 representatives in total.
78331.78 ms (1 min 18 s 331.78 ms) taken to read 16952082 condensed detachment proofs and conclusions from data/02974777ff5f71e12ef58ccebedeef133584aad66e06a2a13b2b4b2c/dProofs-withConclusions/dProofs141-unfiltered141+.txt. [tid:23330375554816]
116497.19 ms (1 min 56 s 497.19 ms) taken to read 26431403 condensed detachment proofs and conclusions from data/02974777ff5f71e12ef58ccebedeef133584aad66e06a2a13b2b4b2c/dProofs-withConclusions/dProofs143-unfiltered141+.txt. [tid:23330377656064]
179527.45 ms (2 min 59 s 527.45 ms) taken to read 36855440 condensed detachment proofs and conclusions from data/02974777ff5f71e12ef58ccebedeef133584aad66e06a2a13b2b4b2c/dProofs-withConclusions/dProofs145-unfiltered141+.txt. [tid:23330379757312]
190855.69 ms (3 min 10 s 855.69 ms) taken to read 47814846 condensed detachment proofs and conclusions from data/02974777ff5f71e12ef58ccebedeef133584aad66e06a2a13b2b4b2c/dProofs-withConclusions/dProofs147-unfiltered141+.txt. [tid:23330381858560]
211184.19 ms (3 min 31 s 184.19 ms) taken to read 62366737 condensed detachment proofs and conclusions from data/02974777ff5f71e12ef58ccebedeef133584aad66e06a2a13b2b4b2c/dProofs-withConclusions/dProofs149-unfiltered141+.txt. [tid:23330383959808]
233320.88 ms (3 min 53 s 320.88 ms) taken to read 82234537 condensed detachment proofs and conclusions from data/02974777ff5f71e12ef58ccebedeef133584aad66e06a2a13b2b4b2c/dProofs-withConclusions/dProofs151-unfiltered141+.txt. [tid:23330386061056]
253989.70 ms (4 min 13 s 989.70 ms) taken to read 109705510 condensed detachment proofs and conclusions from data/02974777ff5f71e12ef58ccebedeef133584aad66e06a2a13b2b4b2c/dProofs-withConclusions/dProofs153-unfiltered141+.txt. [tid:23330388162304]
274149.40 ms (4 min 34 s 149.40 ms) taken to read 144348401 condensed detachment proofs and conclusions from data/02974777ff5f71e12ef58ccebedeef133584aad66e06a2a13b2b4b2c/dProofs-withConclusions/dProofs155-unfiltered141+.txt. [tid:23330390263552]
274621.42 ms (4 min 34 s 621.42 ms) additional read duration.
Loaded 8 more representative collections of sizes:
141 : 16952082
143 : 26431403
145 : 36855440
147 : 47814846
149 : 62366737
151 : 82234537
153 : 109705510
155 : 144348401
550745464 representatives in total.
Sat Nov  4 07:19:29 2023: Inserted ≈ 5% of D-proof conclusions. [ 27537273 of 550745464] (ETC: Sat Nov  4 07:33:15 2023 ; 13 min 45 s 871.43 ms remaining ; 14 min 29 s 338.35 ms total)
Sat Nov  4 07:20:06 2023: Inserted ≈10% of D-proof conclusions. [ 55074546 of 550745464] (ETC: Sat Nov  4 07:32:12 2023 ; 12 min  5 s 446.60 ms remaining ; 13 min 26 s  51.77 ms total)
Sat Nov  4 07:20:55 2023: Inserted ≈15% of D-proof conclusions. [ 82611819 of 550745464] (ETC: Sat Nov  4 07:33:07 2023 ; 12 min 12 s 506.42 ms remaining ; 14 min 21 s 772.26 ms total)
Sat Nov  4 07:21:53 2023: Inserted ≈20% of D-proof conclusions. [110149092 of 550745464] (ETC: Sat Nov  4 07:34:21 2023 ; 12 min 28 s 537.65 ms remaining ; 15 min 35 s 672.06 ms total)
Sat Nov  4 07:22:50 2023: Inserted ≈25% of D-proof conclusions. [137686366 of 550745464] (ETC: Sat Nov  4 07:35:04 2023 ; 12 min 14 s  78.93 ms remaining ; 16 min 18 s 771.90 ms total)
Sat Nov  4 07:23:43 2023: Inserted ≈30% of D-proof conclusions. [165223639 of 550745464] (ETC: Sat Nov  4 07:35:17 2023 ; 11 min 33 s 603.01 ms remaining ; 16 min 30 s 861.44 ms total)
Sat Nov  4 07:24:37 2023: Inserted ≈35% of D-proof conclusions. [192760912 of 550745464] (ETC: Sat Nov  4 07:35:28 2023 ; 10 min 51 s 711.16 ms remaining ; 16 min 42 s 632.55 ms total)
Sat Nov  4 07:25:30 2023: Inserted ≈40% of D-proof conclusions. [220298185 of 550745464] (ETC: Sat Nov  4 07:35:37 2023 ; 10 min  6 s 852.18 ms remaining ; 16 min 51 s 420.30 ms total)
Sat Nov  4 07:26:22 2023: Inserted ≈45% of D-proof conclusions. [247835458 of 550745464] (ETC: Sat Nov  4 07:35:39 2023 ; 9 min 17 s 186.27 ms remaining ; 16 min 53 s  65.94 ms total)
Sat Nov  4 07:27:12 2023: Inserted ≈50% of D-proof conclusions. [275372732 of 550745464] (ETC: Sat Nov  4 07:35:38 2023 ; 8 min 26 s  26.05 ms remaining ; 16 min 52 s  52.10 ms total)
Sat Nov  4 07:28:07 2023: Inserted ≈55% of D-proof conclusions. [302910005 of 550745464] (ETC: Sat Nov  4 07:35:46 2023 ; 7 min 39 s 219.84 ms remaining ; 17 min      488.54 ms total)
Sat Nov  4 07:29:01 2023: Inserted ≈60% of D-proof conclusions. [330447278 of 550745464] (ETC: Sat Nov  4 07:35:51 2023 ; 6 min 49 s 976.58 ms remaining ; 17 min  4 s 941.44 ms total)
Sat Nov  4 07:29:55 2023: Inserted ≈65% of D-proof conclusions. [357984551 of 550745464] (ETC: Sat Nov  4 07:35:55 2023 ; 6 min      213.65 ms remaining ; 17 min  9 s 181.85 ms total)
Sat Nov  4 07:30:40 2023: Inserted ≈70% of D-proof conclusions. [385521824 of 550745464] (ETC: Sat Nov  4 07:35:46 2023 ; 5 min  6 s 212.17 ms remaining ; 17 min      707.22 ms total)
Sat Nov  4 07:31:26 2023: Inserted ≈75% of D-proof conclusions. [413059098 of 550745464] (ETC: Sat Nov  4 07:35:40 2023 ; 4 min 13 s 562.97 ms remaining ; 16 min 54 s 251.89 ms total)
Sat Nov  4 07:32:14 2023: Inserted ≈80% of D-proof conclusions. [440596371 of 550745464] (ETC: Sat Nov  4 07:35:36 2023 ; 3 min 21 s 996.03 ms remaining ; 16 min 49 s 980.16 ms total)
Sat Nov  4 07:33:01 2023: Inserted ≈85% of D-proof conclusions. [468133644 of 550745464] (ETC: Sat Nov  4 07:35:32 2023 ; 2 min 30 s 973.20 ms remaining ; 16 min 46 s 487.97 ms total)
Sat Nov  4 07:33:47 2023: Inserted ≈90% of D-proof conclusions. [495670917 of 550745464] (ETC: Sat Nov  4 07:35:27 2023 ; 1 min 40 s 166.66 ms remaining ; 16 min 41 s 666.57 ms total)
Sat Nov  4 07:34:41 2023: Inserted ≈95% of D-proof conclusions. [523208190 of 550745464] (ETC: Sat Nov  4 07:35:31 2023 ; 50 s 259.28 ms remaining ; 16 min 45 s 185.65 ms total)
Sat Nov  4 07:35:34 2023: Inserted 100% of D-proof conclusions. [550745464 of 550745464] (ETC: Sat Nov  4 07:35:34 2023 ; 0.00 ms remaining ; 16 min 48 s   8.29 ms total)
1008009.72 ms (16 min 48 s 9.72 ms) total insertion duration.
Sat Nov  4 07:35:34 2023: Starting to iterate D-proof candidates of length 157.
2544356.65 ms (42 min 24 s 356.65 ms) taken to iterate 2083519342 condensed detachment proof strings of length 157.
[Copy] Next iteration count (unfiltered141+): { 157, 2083519342 }
Sat Nov  4 08:18:20 2023: Next iteration amount counter complete. [parallel ; 64 hardware thread contexts, unfiltered]
Sat Nov  4 08:39:27 2023: Process terminated. [pid: 165292, tid:23333859239808]
