( This log file was generated by executing 'pmGenerator -c -n -s CpCCNqCCNrsCtqCCrtCrq --iterate -u' (pmGenerator 1.2, master branch), compiled by 'Intel(R) oneAPI DPC++/C++ Compiler 2022.1.0 (2022.1.0.20220316)'.
  The run was executed on a CLAIX-2018 MPI node
  — 2-socket Intel Xeon Platinum 8160 (Skylake), 24 cores each (48 cores total per node), 2.1 GHz, 3.7 GHz turbo mode, 192 GiB main memory —
  running Linux, Rocky 8.8.
  The job led to the following output:
   $ sacct --format="JobID,Partition,AllocCPUS,State,ExitCode,Elapsed,MaxRSS"
   JobID         Partition  AllocCPUS      State ExitCode    Elapsed     MaxRSS 
   ------------ ---------- ---------- ---------- -------- ---------- ---------- 
   40281906       c18m_low         48  COMPLETED      0:0   00:09:34            
   40281906.ba+                    48  COMPLETED      0:0   00:09:34  27710328K 
   40281906.ex+                    48  COMPLETED      0:0   00:09:34          0 
  By 27710328 KiB = (27710328 / 1024^2) GiB = 26.42662811279296875 GiB, it used approximately 26.43 gibibytes of memory. )
Sun Oct 22 07:20:23 2023: Process started. [pid: 36015, tid:23243374135168]
Tasks:
1. resetRepresentativesFor("CpCCNqCCNrsCtqCCrtCrq", true, 0, true)
2. countNextIterationAmount(false, true)

[Main] Calling resetRepresentativesFor("CpCCNqCCNrsCtqCCrtCrq", true, 0, true).
Loaded 1 custom axioms. [SHA-512/224 hash: fe7117b8aad7634fae344172b9fee05f77e5e23b035276b17d8c6ec9]
(1) C0CCN1CCN2.3C4.1CC2.4C2.1    -    CpCCNqCCNrsCtqCCrtCrq    -    0\imply((\not1\imply((\not2\imply3)\imply(4\imply1)))\imply((2\imply4)\imply(2\imply1)))
[Main] Calling countNextIterationAmount(false, true).
Sun Oct 22 07:20:23 2023: Next iteration amount counter started. [parallel ; 48 hardware thread contexts, unfiltered]
0.01 ms taken to load initial representatives.
0.13 ms taken to read 1 condensed detachment proof and conclusion from data/fe7117b8aad7634fae344172b9fee05f77e5e23b035276b17d8c6ec9/dProofs-withConclusions/dProofs3.txt. [tid:23243313886976]
0.51 ms taken to read 1 condensed detachment proof and conclusion from data/fe7117b8aad7634fae344172b9fee05f77e5e23b035276b17d8c6ec9/dProofs-withConclusions/dProofs5.txt. [tid:23243311785728]
0.02 ms taken to read 1 condensed detachment proof and conclusion from data/fe7117b8aad7634fae344172b9fee05f77e5e23b035276b17d8c6ec9/dProofs-withConclusions/dProofs7.txt. [tid:23243309684480]
0.11 ms taken to read 2 condensed detachment proofs and conclusions from data/fe7117b8aad7634fae344172b9fee05f77e5e23b035276b17d8c6ec9/dProofs-withConclusions/dProofs9.txt. [tid:23243307583232]
0.53 ms taken to read 2 condensed detachment proofs and conclusions from data/fe7117b8aad7634fae344172b9fee05f77e5e23b035276b17d8c6ec9/dProofs-withConclusions/dProofs11.txt. [tid:23243305481984]
0.06 ms taken to read 2 condensed detachment proofs and conclusions from data/fe7117b8aad7634fae344172b9fee05f77e5e23b035276b17d8c6ec9/dProofs-withConclusions/dProofs13.txt. [tid:23243303380736]
0.04 ms taken to read 2 condensed detachment proofs and conclusions from data/fe7117b8aad7634fae344172b9fee05f77e5e23b035276b17d8c6ec9/dProofs-withConclusions/dProofs15.txt. [tid:23243301279488]
0.44 ms taken to read 5 condensed detachment proofs and conclusions from data/fe7117b8aad7634fae344172b9fee05f77e5e23b035276b17d8c6ec9/dProofs-withConclusions/dProofs17.txt. [tid:23243299178240]
0.06 ms taken to read 5 condensed detachment proofs and conclusions from data/fe7117b8aad7634fae344172b9fee05f77e5e23b035276b17d8c6ec9/dProofs-withConclusions/dProofs19.txt. [tid:23243297076992]
0.01 ms taken to read 3 condensed detachment proofs and conclusions from data/fe7117b8aad7634fae344172b9fee05f77e5e23b035276b17d8c6ec9/dProofs-withConclusions/dProofs21.txt. [tid:23243294975744]
0.03 ms taken to read 6 condensed detachment proofs and conclusions from data/fe7117b8aad7634fae344172b9fee05f77e5e23b035276b17d8c6ec9/dProofs-withConclusions/dProofs23.txt. [tid:23243292874496]
0.04 ms taken to read 10 condensed detachment proofs and conclusions from data/fe7117b8aad7634fae344172b9fee05f77e5e23b035276b17d8c6ec9/dProofs-withConclusions/dProofs25.txt. [tid:23242416846592]
0.02 ms taken to read 7 condensed detachment proofs and conclusions from data/fe7117b8aad7634fae344172b9fee05f77e5e23b035276b17d8c6ec9/dProofs-withConclusions/dProofs27.txt. [tid:23242685282048]
0.01 ms taken to read 12 condensed detachment proofs and conclusions from data/fe7117b8aad7634fae344172b9fee05f77e5e23b035276b17d8c6ec9/dProofs-withConclusions/dProofs29.txt. [tid:23242683180800]
0.12 ms taken to read 14 condensed detachment proofs and conclusions from data/fe7117b8aad7634fae344172b9fee05f77e5e23b035276b17d8c6ec9/dProofs-withConclusions/dProofs31.txt. [tid:23242681079552]
0.06 ms taken to read 17 condensed detachment proofs and conclusions from data/fe7117b8aad7634fae344172b9fee05f77e5e23b035276b17d8c6ec9/dProofs-withConclusions/dProofs33.txt. [tid:23242678978304]
0.04 ms taken to read 21 condensed detachment proofs and conclusions from data/fe7117b8aad7634fae344172b9fee05f77e5e23b035276b17d8c6ec9/dProofs-withConclusions/dProofs35.txt. [tid:23242676877056]
0.05 ms taken to read 30 condensed detachment proofs and conclusions from data/fe7117b8aad7634fae344172b9fee05f77e5e23b035276b17d8c6ec9/dProofs-withConclusions/dProofs37.txt. [tid:23242674775808]
0.03 ms taken to read 28 condensed detachment proofs and conclusions from data/fe7117b8aad7634fae344172b9fee05f77e5e23b035276b17d8c6ec9/dProofs-withConclusions/dProofs39.txt. [tid:23242672674560]
0.05 ms taken to read 44 condensed detachment proofs and conclusions from data/fe7117b8aad7634fae344172b9fee05f77e5e23b035276b17d8c6ec9/dProofs-withConclusions/dProofs41.txt. [tid:23242670573312]
0.01 ms taken to read 56 condensed detachment proofs and conclusions from data/fe7117b8aad7634fae344172b9fee05f77e5e23b035276b17d8c6ec9/dProofs-withConclusions/dProofs43.txt. [tid:23242668472064]
0.12 ms taken to read 80 condensed detachment proofs and conclusions from data/fe7117b8aad7634fae344172b9fee05f77e5e23b035276b17d8c6ec9/dProofs-withConclusions/dProofs47.txt. [tid:23242664269568]
0.11 ms taken to read 108 condensed detachment proofs and conclusions from data/fe7117b8aad7634fae344172b9fee05f77e5e23b035276b17d8c6ec9/dProofs-withConclusions/dProofs49.txt. [tid:23242662168320]
0.01 ms taken to read 123 condensed detachment proofs and conclusions from data/fe7117b8aad7634fae344172b9fee05f77e5e23b035276b17d8c6ec9/dProofs-withConclusions/dProofs51.txt. [tid:23242660067072]
0.00 ms taken to read 168 condensed detachment proofs and conclusions from data/fe7117b8aad7634fae344172b9fee05f77e5e23b035276b17d8c6ec9/dProofs-withConclusions/dProofs53.txt. [tid:23242657965824]
0.04 ms taken to read 197 condensed detachment proofs and conclusions from data/fe7117b8aad7634fae344172b9fee05f77e5e23b035276b17d8c6ec9/dProofs-withConclusions/dProofs55.txt. [tid:23242655864576]
0.00 ms taken to read 303 condensed detachment proofs and conclusions from data/fe7117b8aad7634fae344172b9fee05f77e5e23b035276b17d8c6ec9/dProofs-withConclusions/dProofs59.txt. [tid:23242651662080]
137.12 ms taken to read 19833 condensed detachment proofs and conclusions from data/fe7117b8aad7634fae344172b9fee05f77e5e23b035276b17d8c6ec9/dProofs-withConclusions/dProofs99.txt. [tid:23243313886976]
283.89 ms taken to read 24567 condensed detachment proofs and conclusions from data/fe7117b8aad7634fae344172b9fee05f77e5e23b035276b17d8c6ec9/dProofs-withConclusions/dProofs101.txt. [tid:23243311785728]
414.70 ms taken to read 30296 condensed detachment proofs and conclusions from data/fe7117b8aad7634fae344172b9fee05f77e5e23b035276b17d8c6ec9/dProofs-withConclusions/dProofs103.txt. [tid:23243309684480]
614.91 ms taken to read 37377 condensed detachment proofs and conclusions from data/fe7117b8aad7634fae344172b9fee05f77e5e23b035276b17d8c6ec9/dProofs-withConclusions/dProofs105.txt. [tid:23243307583232]
933.58 ms taken to read 45724 condensed detachment proofs and conclusions from data/fe7117b8aad7634fae344172b9fee05f77e5e23b035276b17d8c6ec9/dProofs-withConclusions/dProofs107.txt. [tid:23243305481984]
1285.58 ms (1 s 285.58 ms) taken to read 56922 condensed detachment proofs and conclusions from data/fe7117b8aad7634fae344172b9fee05f77e5e23b035276b17d8c6ec9/dProofs-withConclusions/dProofs109.txt. [tid:23243303380736]
1925.61 ms (1 s 925.61 ms) taken to read 69661 condensed detachment proofs and conclusions from data/fe7117b8aad7634fae344172b9fee05f77e5e23b035276b17d8c6ec9/dProofs-withConclusions/dProofs111.txt. [tid:23243301279488]
2774.82 ms (2 s 774.82 ms) taken to read 85894 condensed detachment proofs and conclusions from data/fe7117b8aad7634fae344172b9fee05f77e5e23b035276b17d8c6ec9/dProofs-withConclusions/dProofs113.txt. [tid:23243299178240]
4238.64 ms (4 s 238.64 ms) taken to read 105871 condensed detachment proofs and conclusions from data/fe7117b8aad7634fae344172b9fee05f77e5e23b035276b17d8c6ec9/dProofs-withConclusions/dProofs115.txt. [tid:23243297076992]
6493.10 ms (6 s 493.10 ms) taken to read 130737 condensed detachment proofs and conclusions from data/fe7117b8aad7634fae344172b9fee05f77e5e23b035276b17d8c6ec9/dProofs-withConclusions/dProofs117.txt. [tid:23243294975744]
8658.46 ms (8 s 658.46 ms) taken to read 160270 condensed detachment proofs and conclusions from data/fe7117b8aad7634fae344172b9fee05f77e5e23b035276b17d8c6ec9/dProofs-withConclusions/dProofs119.txt. [tid:23243292874496]
1127.18 ms (1 s 127.19 ms) taken to read 198446 condensed detachment proofs and conclusions from data/fe7117b8aad7634fae344172b9fee05f77e5e23b035276b17d8c6ec9/dProofs-withConclusions/dProofs121.txt. [tid:23242416846592]
1579.46 ms (1 s 579.46 ms) taken to read 243740 condensed detachment proofs and conclusions from data/fe7117b8aad7634fae344172b9fee05f77e5e23b035276b17d8c6ec9/dProofs-withConclusions/dProofs123.txt. [tid:23242685282048]
1989.87 ms (1 s 989.87 ms) taken to read 300530 condensed detachment proofs and conclusions from data/fe7117b8aad7634fae344172b9fee05f77e5e23b035276b17d8c6ec9/dProofs-withConclusions/dProofs125.txt. [tid:23242683180800]
2297.51 ms (2 s 297.51 ms) taken to read 370216 condensed detachment proofs and conclusions from data/fe7117b8aad7634fae344172b9fee05f77e5e23b035276b17d8c6ec9/dProofs-withConclusions/dProofs127.txt. [tid:23242681079552]
2718.49 ms (2 s 718.49 ms) taken to read 456911 condensed detachment proofs and conclusions from data/fe7117b8aad7634fae344172b9fee05f77e5e23b035276b17d8c6ec9/dProofs-withConclusions/dProofs129.txt. [tid:23242678978304]
3367.86 ms (3 s 367.86 ms) taken to read 560926 condensed detachment proofs and conclusions from data/fe7117b8aad7634fae344172b9fee05f77e5e23b035276b17d8c6ec9/dProofs-withConclusions/dProofs131.txt. [tid:23242676877056]
3960.47 ms (3 s 960.47 ms) taken to read 693346 condensed detachment proofs and conclusions from data/fe7117b8aad7634fae344172b9fee05f77e5e23b035276b17d8c6ec9/dProofs-withConclusions/dProofs133.txt. [tid:23242674775808]
4556.82 ms (4 s 556.82 ms) taken to read 853090 condensed detachment proofs and conclusions from data/fe7117b8aad7634fae344172b9fee05f77e5e23b035276b17d8c6ec9/dProofs-withConclusions/dProofs135.txt. [tid:23242672674560]
5242.46 ms (5 s 242.46 ms) taken to read 1051251 condensed detachment proofs and conclusions from data/fe7117b8aad7634fae344172b9fee05f77e5e23b035276b17d8c6ec9/dProofs-withConclusions/dProofs137.txt. [tid:23242670573312]
6047.48 ms (6 s 47.48 ms) taken to read 1294413 condensed detachment proofs and conclusions from data/fe7117b8aad7634fae344172b9fee05f77e5e23b035276b17d8c6ec9/dProofs-withConclusions/dProofs139.txt. [tid:23242668472064]
0.05 ms taken to read 66 condensed detachment proofs and conclusions from data/fe7117b8aad7634fae344172b9fee05f77e5e23b035276b17d8c6ec9/dProofs-withConclusions/dProofs45.txt. [tid:23242666370816]
6917.90 ms (6 s 917.90 ms) taken to read 1597383 condensed detachment proofs and conclusions from data/fe7117b8aad7634fae344172b9fee05f77e5e23b035276b17d8c6ec9/dProofs-withConclusions/dProofs141.txt. [tid:23242664269568]
7914.39 ms (7 s 914.39 ms) taken to read 1963944 condensed detachment proofs and conclusions from data/fe7117b8aad7634fae344172b9fee05f77e5e23b035276b17d8c6ec9/dProofs-withConclusions/dProofs143.txt. [tid:23242662168320]
8606.54 ms (8 s 606.54 ms) taken to read 2423655 condensed detachment proofs and conclusions from data/fe7117b8aad7634fae344172b9fee05f77e5e23b035276b17d8c6ec9/dProofs-withConclusions/dProofs145.txt. [tid:23242660067072]
9664.90 ms (9 s 664.90 ms) taken to read 2983754 condensed detachment proofs and conclusions from data/fe7117b8aad7634fae344172b9fee05f77e5e23b035276b17d8c6ec9/dProofs-withConclusions/dProofs147.txt. [tid:23242657965824]
10160.66 ms (10 s 160.66 ms) taken to read 3676539 condensed detachment proofs and conclusions from data/fe7117b8aad7634fae344172b9fee05f77e5e23b035276b17d8c6ec9/dProofs-withConclusions/dProofs149.txt. [tid:23242655864576]
1.24 ms taken to read 241 condensed detachment proofs and conclusions from data/fe7117b8aad7634fae344172b9fee05f77e5e23b035276b17d8c6ec9/dProofs-withConclusions/dProofs57.txt. [tid:23242653763328]
11037.79 ms (11 s 37.79 ms) taken to read 4527348 condensed detachment proofs and conclusions from data/fe7117b8aad7634fae344172b9fee05f77e5e23b035276b17d8c6ec9/dProofs-withConclusions/dProofs151.txt. [tid:23242651662080]
0.04 ms taken to read 390 condensed detachment proofs and conclusions from data/fe7117b8aad7634fae344172b9fee05f77e5e23b035276b17d8c6ec9/dProofs-withConclusions/dProofs61.txt. [tid:23242649560832]
0.05 ms taken to read 444 condensed detachment proofs and conclusions from data/fe7117b8aad7634fae344172b9fee05f77e5e23b035276b17d8c6ec9/dProofs-withConclusions/dProofs63.txt. [tid:23242647459584]
0.05 ms taken to read 570 condensed detachment proofs and conclusions from data/fe7117b8aad7634fae344172b9fee05f77e5e23b035276b17d8c6ec9/dProofs-withConclusions/dProofs65.txt. [tid:23242645358336]
0.08 ms taken to read 707 condensed detachment proofs and conclusions from data/fe7117b8aad7634fae344172b9fee05f77e5e23b035276b17d8c6ec9/dProofs-withConclusions/dProofs67.txt. [tid:23242643257088]
0.07 ms taken to read 863 condensed detachment proofs and conclusions from data/fe7117b8aad7634fae344172b9fee05f77e5e23b035276b17d8c6ec9/dProofs-withConclusions/dProofs69.txt. [tid:23242641155840]
0.64 ms taken to read 1052 condensed detachment proofs and conclusions from data/fe7117b8aad7634fae344172b9fee05f77e5e23b035276b17d8c6ec9/dProofs-withConclusions/dProofs71.txt. [tid:23242639054592]
2.92 ms taken to read 1340 condensed detachment proofs and conclusions from data/fe7117b8aad7634fae344172b9fee05f77e5e23b035276b17d8c6ec9/dProofs-withConclusions/dProofs73.txt. [tid:23242636953344]
5.55 ms taken to read 1586 condensed detachment proofs and conclusions from data/fe7117b8aad7634fae344172b9fee05f77e5e23b035276b17d8c6ec9/dProofs-withConclusions/dProofs75.txt. [tid:23242634852096]
1.61 ms taken to read 1990 condensed detachment proofs and conclusions from data/fe7117b8aad7634fae344172b9fee05f77e5e23b035276b17d8c6ec9/dProofs-withConclusions/dProofs77.txt. [tid:23242632750848]
5.44 ms taken to read 2467 condensed detachment proofs and conclusions from data/fe7117b8aad7634fae344172b9fee05f77e5e23b035276b17d8c6ec9/dProofs-withConclusions/dProofs79.txt. [tid:23242630649600]
4.61 ms taken to read 3018 condensed detachment proofs and conclusions from data/fe7117b8aad7634fae344172b9fee05f77e5e23b035276b17d8c6ec9/dProofs-withConclusions/dProofs81.txt. [tid:23242628548352]
8.97 ms taken to read 3679 condensed detachment proofs and conclusions from data/fe7117b8aad7634fae344172b9fee05f77e5e23b035276b17d8c6ec9/dProofs-withConclusions/dProofs83.txt. [tid:23242626447104]
11.44 ms taken to read 4661 condensed detachment proofs and conclusions from data/fe7117b8aad7634fae344172b9fee05f77e5e23b035276b17d8c6ec9/dProofs-withConclusions/dProofs85.txt. [tid:23242624345856]
15.72 ms taken to read 5632 condensed detachment proofs and conclusions from data/fe7117b8aad7634fae344172b9fee05f77e5e23b035276b17d8c6ec9/dProofs-withConclusions/dProofs87.txt. [tid:23242622244608]
22.74 ms taken to read 6994 condensed detachment proofs and conclusions from data/fe7117b8aad7634fae344172b9fee05f77e5e23b035276b17d8c6ec9/dProofs-withConclusions/dProofs89.txt. [tid:23242414745344]
34.10 ms taken to read 8637 condensed detachment proofs and conclusions from data/fe7117b8aad7634fae344172b9fee05f77e5e23b035276b17d8c6ec9/dProofs-withConclusions/dProofs91.txt. [tid:23242412644096]
42.86 ms taken to read 10677 condensed detachment proofs and conclusions from data/fe7117b8aad7634fae344172b9fee05f77e5e23b035276b17d8c6ec9/dProofs-withConclusions/dProofs93.txt. [tid:23242410542848]
64.69 ms taken to read 13008 condensed detachment proofs and conclusions from data/fe7117b8aad7634fae344172b9fee05f77e5e23b035276b17d8c6ec9/dProofs-withConclusions/dProofs95.txt. [tid:23242408441600]
94.61 ms taken to read 16295 condensed detachment proofs and conclusions from data/fe7117b8aad7634fae344172b9fee05f77e5e23b035276b17d8c6ec9/dProofs-withConclusions/dProofs97.txt. [tid:23242406340352]
11068.75 ms (11 s 68.75 ms) total read duration.
Loaded 76 representative collections of sizes:
1 : 1
3 : 1
5 : 1
7 : 1
9 : 2
11 : 2
13 : 2
15 : 2
17 : 5
19 : 5
21 : 3
23 : 6
25 : 10
27 : 7
29 : 12
31 : 14
33 : 17
35 : 21
37 : 30
39 : 28
41 : 44
43 : 56
45 : 66
47 : 80
49 : 108
51 : 123
53 : 168
55 : 197
57 : 241
59 : 303
61 : 390
63 : 444
65 : 570
67 : 707
69 : 863
71 : 1052
73 : 1340
75 : 1586
77 : 1990
79 : 2467
81 : 3018
83 : 3679
85 : 4661
87 : 5632
89 : 6994
91 : 8637
93 : 10677
95 : 13008
97 : 16295
99 : 19833
101 : 24567
103 : 30296
105 : 37377
107 : 45724
109 : 56922
111 : 69661
113 : 85894
115 : 105871
117 : 130737
119 : 160270
121 : 198446
123 : 243740
125 : 300530
127 : 370216
129 : 456911
131 : 560926
133 : 693346
135 : 853090
137 : 1051251
139 : 1294413
141 : 1597383
143 : 1963944
145 : 2423655
147 : 2983754
149 : 3676539
151 : 4527348
24048210 representatives in total.
Sun Oct 22 07:20:35 2023: Inserted ≈ 5% of D-proof conclusions. [ 1202410 of 24048210] (ETC: Sun Oct 22 07:21:01 2023 ; 26 s 124.65 ms remaining ; 27 s 499.63 ms total)
Sun Oct 22 07:20:37 2023: Inserted ≈10% of D-proof conclusions. [ 2404821 of 24048210] (ETC: Sun Oct 22 07:21:03 2023 ; 25 s 971.04 ms remaining ; 28 s 856.71 ms total)
Sun Oct 22 07:20:38 2023: Inserted ≈15% of D-proof conclusions. [ 3607231 of 24048210] (ETC: Sun Oct 22 07:21:00 2023 ; 22 s 511.19 ms remaining ; 26 s 483.76 ms total)
Sun Oct 22 07:20:39 2023: Inserted ≈20% of D-proof conclusions. [ 4809642 of 24048210] (ETC: Sun Oct 22 07:20:59 2023 ; 20 s 474.47 ms remaining ; 25 s 593.09 ms total)
Sun Oct 22 07:20:40 2023: Inserted ≈25% of D-proof conclusions. [ 6012052 of 24048210] (ETC: Sun Oct 22 07:20:58 2023 ; 18 s 326.77 ms remaining ; 24 s 435.69 ms total)
Sun Oct 22 07:20:41 2023: Inserted ≈30% of D-proof conclusions. [ 7214463 of 24048210] (ETC: Sun Oct 22 07:20:57 2023 ; 16 s 455.29 ms remaining ; 23 s 507.56 ms total)
Sun Oct 22 07:20:42 2023: Inserted ≈35% of D-proof conclusions. [ 8416873 of 24048210] (ETC: Sun Oct 22 07:20:57 2023 ; 14 s 957.85 ms remaining ; 23 s  12.07 ms total)
Sun Oct 22 07:20:43 2023: Inserted ≈40% of D-proof conclusions. [ 9619284 of 24048210] (ETC: Sun Oct 22 07:20:57 2023 ; 13 s 715.33 ms remaining ; 22 s 858.88 ms total)
Sun Oct 22 07:20:44 2023: Inserted ≈45% of D-proof conclusions. [10821694 of 24048210] (ETC: Sun Oct 22 07:20:57 2023 ; 12 s 632.77 ms remaining ; 22 s 968.67 ms total)
Sun Oct 22 07:20:45 2023: Inserted ≈50% of D-proof conclusions. [12024105 of 24048210] (ETC: Sun Oct 22 07:20:56 2023 ; 11 s 159.79 ms remaining ; 22 s 319.58 ms total)
Sun Oct 22 07:20:46 2023: Inserted ≈55% of D-proof conclusions. [13226515 of 24048210] (ETC: Sun Oct 22 07:20:57 2023 ; 10 s 257.28 ms remaining ; 22 s 793.95 ms total)
Sun Oct 22 07:20:47 2023: Inserted ≈60% of D-proof conclusions. [14428926 of 24048210] (ETC: Sun Oct 22 07:20:56 2023 ; 9 s  27.72 ms remaining ; 22 s 569.30 ms total)
Sun Oct 22 07:20:49 2023: Inserted ≈65% of D-proof conclusions. [15631336 of 24048210] (ETC: Sun Oct 22 07:20:57 2023 ; 8 s   6.90 ms remaining ; 22 s 876.87 ms total)
Sun Oct 22 07:20:50 2023: Inserted ≈70% of D-proof conclusions. [16833747 of 24048210] (ETC: Sun Oct 22 07:20:57 2023 ; 6 s 918.06 ms remaining ; 23 s  60.18 ms total)
Sun Oct 22 07:20:51 2023: Inserted ≈75% of D-proof conclusions. [18036157 of 24048210] (ETC: Sun Oct 22 07:20:57 2023 ; 5 s 752.30 ms remaining ; 23 s   9.20 ms total)
Sun Oct 22 07:20:52 2023: Inserted ≈80% of D-proof conclusions. [19238568 of 24048210] (ETC: Sun Oct 22 07:20:57 2023 ; 4 s 594.50 ms remaining ; 22 s 972.52 ms total)
Sun Oct 22 07:20:53 2023: Inserted ≈85% of D-proof conclusions. [20440978 of 24048210] (ETC: Sun Oct 22 07:20:57 2023 ; 3 s 416.79 ms remaining ; 22 s 778.58 ms total)
Sun Oct 22 07:20:54 2023: Inserted ≈90% of D-proof conclusions. [21643389 of 24048210] (ETC: Sun Oct 22 07:20:56 2023 ; 2 s 253.19 ms remaining ; 22 s 531.90 ms total)
Sun Oct 22 07:20:55 2023: Inserted ≈95% of D-proof conclusions. [22845799 of 24048210] (ETC: Sun Oct 22 07:20:57 2023 ; 1 s 132.69 ms remaining ; 22 s 653.77 ms total)
Sun Oct 22 07:20:57 2023: Inserted 100% of D-proof conclusions. [24048210 of 24048210] (ETC: Sun Oct 22 07:20:57 2023 ; 0.00 ms remaining ; 22 s 793.86 ms total)
22794.06 ms (22 s 794.06 ms) total insertion duration.
Sun Oct 22 07:20:57 2023: Starting to iterate D-proof candidates of length 153.
496265.40 ms (8 min 16 s 265.40 ms) taken to iterate 234799156 condensed detachment proof strings of length 153.
[Copy] Next iteration count (filtered): { 153, 234799156 }
Sun Oct 22 07:29:13 2023: Next iteration amount counter complete. [parallel ; 48 hardware thread contexts, unfiltered]
Sun Oct 22 07:29:51 2023: Process terminated. [pid: 36015, tid:23243374135168]
