( This log file was generated by executing 'pmGenerator -c -n -s CpCCNqCCNrsCtqCCrtCrq --iterate -u' (pmGenerator 1.2, master branch), compiled by 'Intel(R) oneAPI DPC++/C++ Compiler 2022.1.0 (2022.1.0.20220316)'.
  The run was executed on a CLAIX-2018 MPI node
  — 2-socket Intel Xeon Platinum 8160 (Skylake), 24 cores each (48 cores total per node), 2.1 GHz, 3.7 GHz turbo mode, 192 GiB main memory —
  running Linux, Rocky 8.8.
  The job led to the following output:
   $ sacct --format="JobID,Partition,AllocCPUS,State,ExitCode,Elapsed,MaxRSS"
   JobID         Partition  AllocCPUS      State ExitCode    Elapsed     MaxRSS 
   ------------ ---------- ---------- ---------- -------- ---------- ---------- 
   40281921       c18m_low         48  COMPLETED      0:0   00:16:46            
   40281921.ba+                    48  COMPLETED      0:0   00:16:46  58303140K 
   40281921.ex+                    48  COMPLETED      0:0   00:16:46          0 
  By 58303140 KiB = (58303140 / 1024^2) GiB = 55.602207183837890625 GiB, it used approximately 55.60 gibibytes of memory. )
Sun Oct 22 09:39:40 2023: Process started. [pid: 163955, tid:22955788162944]
Tasks:
1. resetRepresentativesFor("CpCCNqCCNrsCtqCCrtCrq", true, 0, true)
2. countNextIterationAmount(false, true)

[Main] Calling resetRepresentativesFor("CpCCNqCCNrsCtqCCrtCrq", true, 0, true).
Loaded 1 custom axioms. [SHA-512/224 hash: fe7117b8aad7634fae344172b9fee05f77e5e23b035276b17d8c6ec9]
(1) C0CCN1CCN2.3C4.1CC2.4C2.1    -    CpCCNqCCNrsCtqCCrtCrq    -    0\imply((\not1\imply((\not2\imply3)\imply(4\imply1)))\imply((2\imply4)\imply(2\imply1)))
[Main] Calling countNextIterationAmount(false, true).
Sun Oct 22 09:39:40 2023: Next iteration amount counter started. [parallel ; 48 hardware thread contexts, unfiltered]
0.01 ms taken to load initial representatives.
0.04 ms taken to read 1 condensed detachment proof and conclusion from data/fe7117b8aad7634fae344172b9fee05f77e5e23b035276b17d8c6ec9/dProofs-withConclusions/dProofs3.txt. [tid:22955727914752]
0.11 ms taken to read 1 condensed detachment proof and conclusion from data/fe7117b8aad7634fae344172b9fee05f77e5e23b035276b17d8c6ec9/dProofs-withConclusions/dProofs5.txt. [tid:22955725813504]
0.00 ms taken to read 1 condensed detachment proof and conclusion from data/fe7117b8aad7634fae344172b9fee05f77e5e23b035276b17d8c6ec9/dProofs-withConclusions/dProofs7.txt. [tid:22955593561856]
0.04 ms taken to read 2 condensed detachment proofs and conclusions from data/fe7117b8aad7634fae344172b9fee05f77e5e23b035276b17d8c6ec9/dProofs-withConclusions/dProofs9.txt. [tid:22955723712256]
0.02 ms taken to read 2 condensed detachment proofs and conclusions from data/fe7117b8aad7634fae344172b9fee05f77e5e23b035276b17d8c6ec9/dProofs-withConclusions/dProofs11.txt. [tid:22955721611008]
0.05 ms taken to read 2 condensed detachment proofs and conclusions from data/fe7117b8aad7634fae344172b9fee05f77e5e23b035276b17d8c6ec9/dProofs-withConclusions/dProofs13.txt. [tid:22955719509760]
0.01 ms taken to read 2 condensed detachment proofs and conclusions from data/fe7117b8aad7634fae344172b9fee05f77e5e23b035276b17d8c6ec9/dProofs-withConclusions/dProofs15.txt. [tid:22955717408512]
0.01 ms taken to read 5 condensed detachment proofs and conclusions from data/fe7117b8aad7634fae344172b9fee05f77e5e23b035276b17d8c6ec9/dProofs-withConclusions/dProofs17.txt. [tid:22955715307264]
0.06 ms taken to read 5 condensed detachment proofs and conclusions from data/fe7117b8aad7634fae344172b9fee05f77e5e23b035276b17d8c6ec9/dProofs-withConclusions/dProofs19.txt. [tid:22955713206016]
0.04 ms taken to read 3 condensed detachment proofs and conclusions from data/fe7117b8aad7634fae344172b9fee05f77e5e23b035276b17d8c6ec9/dProofs-withConclusions/dProofs21.txt. [tid:22955711104768]
0.00 ms taken to read 6 condensed detachment proofs and conclusions from data/fe7117b8aad7634fae344172b9fee05f77e5e23b035276b17d8c6ec9/dProofs-withConclusions/dProofs23.txt. [tid:22955709003520]
0.04 ms taken to read 10 condensed detachment proofs and conclusions from data/fe7117b8aad7634fae344172b9fee05f77e5e23b035276b17d8c6ec9/dProofs-withConclusions/dProofs25.txt. [tid:22955706902272]
0.01 ms taken to read 7 condensed detachment proofs and conclusions from data/fe7117b8aad7634fae344172b9fee05f77e5e23b035276b17d8c6ec9/dProofs-withConclusions/dProofs27.txt. [tid:22955704801024]
0.02 ms taken to read 12 condensed detachment proofs and conclusions from data/fe7117b8aad7634fae344172b9fee05f77e5e23b035276b17d8c6ec9/dProofs-withConclusions/dProofs29.txt. [tid:22955702699776]
0.04 ms taken to read 14 condensed detachment proofs and conclusions from data/fe7117b8aad7634fae344172b9fee05f77e5e23b035276b17d8c6ec9/dProofs-withConclusions/dProofs31.txt. [tid:22955700598528]
0.05 ms taken to read 17 condensed detachment proofs and conclusions from data/fe7117b8aad7634fae344172b9fee05f77e5e23b035276b17d8c6ec9/dProofs-withConclusions/dProofs33.txt. [tid:22955698497280]
0.00 ms taken to read 21 condensed detachment proofs and conclusions from data/fe7117b8aad7634fae344172b9fee05f77e5e23b035276b17d8c6ec9/dProofs-withConclusions/dProofs35.txt. [tid:22955696396032]
0.01 ms taken to read 30 condensed detachment proofs and conclusions from data/fe7117b8aad7634fae344172b9fee05f77e5e23b035276b17d8c6ec9/dProofs-withConclusions/dProofs37.txt. [tid:22955694294784]
0.01 ms taken to read 28 condensed detachment proofs and conclusions from data/fe7117b8aad7634fae344172b9fee05f77e5e23b035276b17d8c6ec9/dProofs-withConclusions/dProofs39.txt. [tid:22955692193536]
0.03 ms taken to read 44 condensed detachment proofs and conclusions from data/fe7117b8aad7634fae344172b9fee05f77e5e23b035276b17d8c6ec9/dProofs-withConclusions/dProofs41.txt. [tid:22955690092288]
0.07 ms taken to read 56 condensed detachment proofs and conclusions from data/fe7117b8aad7634fae344172b9fee05f77e5e23b035276b17d8c6ec9/dProofs-withConclusions/dProofs43.txt. [tid:22955687991040]
0.05 ms taken to read 66 condensed detachment proofs and conclusions from data/fe7117b8aad7634fae344172b9fee05f77e5e23b035276b17d8c6ec9/dProofs-withConclusions/dProofs45.txt. [tid:22955685889792]
0.06 ms taken to read 80 condensed detachment proofs and conclusions from data/fe7117b8aad7634fae344172b9fee05f77e5e23b035276b17d8c6ec9/dProofs-withConclusions/dProofs47.txt. [tid:22955683788544]
0.02 ms taken to read 108 condensed detachment proofs and conclusions from data/fe7117b8aad7634fae344172b9fee05f77e5e23b035276b17d8c6ec9/dProofs-withConclusions/dProofs49.txt. [tid:22955681687296]
0.08 ms taken to read 123 condensed detachment proofs and conclusions from data/fe7117b8aad7634fae344172b9fee05f77e5e23b035276b17d8c6ec9/dProofs-withConclusions/dProofs51.txt. [tid:22955679586048]
0.09 ms taken to read 168 condensed detachment proofs and conclusions from data/fe7117b8aad7634fae344172b9fee05f77e5e23b035276b17d8c6ec9/dProofs-withConclusions/dProofs53.txt. [tid:22955677484800]
0.03 ms taken to read 197 condensed detachment proofs and conclusions from data/fe7117b8aad7634fae344172b9fee05f77e5e23b035276b17d8c6ec9/dProofs-withConclusions/dProofs55.txt. [tid:22955675383552]
142.32 ms taken to read 19833 condensed detachment proofs and conclusions from data/fe7117b8aad7634fae344172b9fee05f77e5e23b035276b17d8c6ec9/dProofs-withConclusions/dProofs99.txt. [tid:22955727914752]
287.37 ms taken to read 24567 condensed detachment proofs and conclusions from data/fe7117b8aad7634fae344172b9fee05f77e5e23b035276b17d8c6ec9/dProofs-withConclusions/dProofs101.txt. [tid:22955725813504]
394.99 ms taken to read 30296 condensed detachment proofs and conclusions from data/fe7117b8aad7634fae344172b9fee05f77e5e23b035276b17d8c6ec9/dProofs-withConclusions/dProofs103.txt. [tid:22955593561856]
535.22 ms taken to read 37377 condensed detachment proofs and conclusions from data/fe7117b8aad7634fae344172b9fee05f77e5e23b035276b17d8c6ec9/dProofs-withConclusions/dProofs105.txt. [tid:22955723712256]
741.57 ms taken to read 45724 condensed detachment proofs and conclusions from data/fe7117b8aad7634fae344172b9fee05f77e5e23b035276b17d8c6ec9/dProofs-withConclusions/dProofs107.txt. [tid:22955721611008]
1098.29 ms (1 s 98.30 ms) taken to read 56922 condensed detachment proofs and conclusions from data/fe7117b8aad7634fae344172b9fee05f77e5e23b035276b17d8c6ec9/dProofs-withConclusions/dProofs109.txt. [tid:22955719509760]
1609.19 ms (1 s 609.19 ms) taken to read 69661 condensed detachment proofs and conclusions from data/fe7117b8aad7634fae344172b9fee05f77e5e23b035276b17d8c6ec9/dProofs-withConclusions/dProofs111.txt. [tid:22955717408512]
2100.15 ms (2 s 100.15 ms) taken to read 85894 condensed detachment proofs and conclusions from data/fe7117b8aad7634fae344172b9fee05f77e5e23b035276b17d8c6ec9/dProofs-withConclusions/dProofs113.txt. [tid:22955715307264]
3587.66 ms (3 s 587.66 ms) taken to read 105871 condensed detachment proofs and conclusions from data/fe7117b8aad7634fae344172b9fee05f77e5e23b035276b17d8c6ec9/dProofs-withConclusions/dProofs115.txt. [tid:22955713206016]
6872.08 ms (6 s 872.08 ms) taken to read 130737 condensed detachment proofs and conclusions from data/fe7117b8aad7634fae344172b9fee05f77e5e23b035276b17d8c6ec9/dProofs-withConclusions/dProofs117.txt. [tid:22955711104768]
8762.40 ms (8 s 762.40 ms) taken to read 160270 condensed detachment proofs and conclusions from data/fe7117b8aad7634fae344172b9fee05f77e5e23b035276b17d8c6ec9/dProofs-withConclusions/dProofs119.txt. [tid:22955709003520]
1437.88 ms (1 s 437.88 ms) taken to read 198446 condensed detachment proofs and conclusions from data/fe7117b8aad7634fae344172b9fee05f77e5e23b035276b17d8c6ec9/dProofs-withConclusions/dProofs121.txt. [tid:22955706902272]
1652.90 ms (1 s 652.90 ms) taken to read 243740 condensed detachment proofs and conclusions from data/fe7117b8aad7634fae344172b9fee05f77e5e23b035276b17d8c6ec9/dProofs-withConclusions/dProofs123.txt. [tid:22955704801024]
2085.21 ms (2 s 85.21 ms) taken to read 300530 condensed detachment proofs and conclusions from data/fe7117b8aad7634fae344172b9fee05f77e5e23b035276b17d8c6ec9/dProofs-withConclusions/dProofs125.txt. [tid:22955702699776]
2379.97 ms (2 s 379.97 ms) taken to read 370216 condensed detachment proofs and conclusions from data/fe7117b8aad7634fae344172b9fee05f77e5e23b035276b17d8c6ec9/dProofs-withConclusions/dProofs127.txt. [tid:22955700598528]
2889.49 ms (2 s 889.49 ms) taken to read 456911 condensed detachment proofs and conclusions from data/fe7117b8aad7634fae344172b9fee05f77e5e23b035276b17d8c6ec9/dProofs-withConclusions/dProofs129.txt. [tid:22955698497280]
3485.00 ms (3 s 485.00 ms) taken to read 560926 condensed detachment proofs and conclusions from data/fe7117b8aad7634fae344172b9fee05f77e5e23b035276b17d8c6ec9/dProofs-withConclusions/dProofs131.txt. [tid:22955696396032]
3947.80 ms (3 s 947.80 ms) taken to read 693346 condensed detachment proofs and conclusions from data/fe7117b8aad7634fae344172b9fee05f77e5e23b035276b17d8c6ec9/dProofs-withConclusions/dProofs133.txt. [tid:22955694294784]
4599.51 ms (4 s 599.51 ms) taken to read 853090 condensed detachment proofs and conclusions from data/fe7117b8aad7634fae344172b9fee05f77e5e23b035276b17d8c6ec9/dProofs-withConclusions/dProofs135.txt. [tid:22955692193536]
5339.18 ms (5 s 339.18 ms) taken to read 1051251 condensed detachment proofs and conclusions from data/fe7117b8aad7634fae344172b9fee05f77e5e23b035276b17d8c6ec9/dProofs-withConclusions/dProofs137.txt. [tid:22955690092288]
6270.11 ms (6 s 270.11 ms) taken to read 1294413 condensed detachment proofs and conclusions from data/fe7117b8aad7634fae344172b9fee05f77e5e23b035276b17d8c6ec9/dProofs-withConclusions/dProofs139.txt. [tid:22955687991040]
7200.41 ms (7 s 200.41 ms) taken to read 1597383 condensed detachment proofs and conclusions from data/fe7117b8aad7634fae344172b9fee05f77e5e23b035276b17d8c6ec9/dProofs-withConclusions/dProofs141.txt. [tid:22955685889792]
8072.75 ms (8 s 72.75 ms) taken to read 1963944 condensed detachment proofs and conclusions from data/fe7117b8aad7634fae344172b9fee05f77e5e23b035276b17d8c6ec9/dProofs-withConclusions/dProofs143.txt. [tid:22955683788544]
8676.63 ms (8 s 676.63 ms) taken to read 2423655 condensed detachment proofs and conclusions from data/fe7117b8aad7634fae344172b9fee05f77e5e23b035276b17d8c6ec9/dProofs-withConclusions/dProofs145.txt. [tid:22955681687296]
9389.36 ms (9 s 389.36 ms) taken to read 2983754 condensed detachment proofs and conclusions from data/fe7117b8aad7634fae344172b9fee05f77e5e23b035276b17d8c6ec9/dProofs-withConclusions/dProofs147.txt. [tid:22955679586048]
10443.08 ms (10 s 443.08 ms) taken to read 3676539 condensed detachment proofs and conclusions from data/fe7117b8aad7634fae344172b9fee05f77e5e23b035276b17d8c6ec9/dProofs-withConclusions/dProofs149.txt. [tid:22955677484800]
10983.04 ms (10 s 983.04 ms) taken to read 4527348 condensed detachment proofs and conclusions from data/fe7117b8aad7634fae344172b9fee05f77e5e23b035276b17d8c6ec9/dProofs-withConclusions/dProofs151.txt. [tid:22955675383552]
0.02 ms taken to read 241 condensed detachment proofs and conclusions from data/fe7117b8aad7634fae344172b9fee05f77e5e23b035276b17d8c6ec9/dProofs-withConclusions/dProofs57.txt. [tid:22955673282304]
0.04 ms taken to read 303 condensed detachment proofs and conclusions from data/fe7117b8aad7634fae344172b9fee05f77e5e23b035276b17d8c6ec9/dProofs-withConclusions/dProofs59.txt. [tid:22955671181056]
0.05 ms taken to read 390 condensed detachment proofs and conclusions from data/fe7117b8aad7634fae344172b9fee05f77e5e23b035276b17d8c6ec9/dProofs-withConclusions/dProofs61.txt. [tid:22955669079808]
0.07 ms taken to read 444 condensed detachment proofs and conclusions from data/fe7117b8aad7634fae344172b9fee05f77e5e23b035276b17d8c6ec9/dProofs-withConclusions/dProofs63.txt. [tid:22955666978560]
0.01 ms taken to read 570 condensed detachment proofs and conclusions from data/fe7117b8aad7634fae344172b9fee05f77e5e23b035276b17d8c6ec9/dProofs-withConclusions/dProofs65.txt. [tid:22955664877312]
0.07 ms taken to read 707 condensed detachment proofs and conclusions from data/fe7117b8aad7634fae344172b9fee05f77e5e23b035276b17d8c6ec9/dProofs-withConclusions/dProofs67.txt. [tid:22955662776064]
0.08 ms taken to read 863 condensed detachment proofs and conclusions from data/fe7117b8aad7634fae344172b9fee05f77e5e23b035276b17d8c6ec9/dProofs-withConclusions/dProofs69.txt. [tid:22955591460608]
0.74 ms taken to read 1052 condensed detachment proofs and conclusions from data/fe7117b8aad7634fae344172b9fee05f77e5e23b035276b17d8c6ec9/dProofs-withConclusions/dProofs71.txt. [tid:22955589359360]
2.22 ms taken to read 1340 condensed detachment proofs and conclusions from data/fe7117b8aad7634fae344172b9fee05f77e5e23b035276b17d8c6ec9/dProofs-withConclusions/dProofs73.txt. [tid:22955587258112]
0.68 ms taken to read 1586 condensed detachment proofs and conclusions from data/fe7117b8aad7634fae344172b9fee05f77e5e23b035276b17d8c6ec9/dProofs-withConclusions/dProofs75.txt. [tid:22955585156864]
2.01 ms taken to read 1990 condensed detachment proofs and conclusions from data/fe7117b8aad7634fae344172b9fee05f77e5e23b035276b17d8c6ec9/dProofs-withConclusions/dProofs77.txt. [tid:22955583055616]
4.98 ms taken to read 2467 condensed detachment proofs and conclusions from data/fe7117b8aad7634fae344172b9fee05f77e5e23b035276b17d8c6ec9/dProofs-withConclusions/dProofs79.txt. [tid:22955580954368]
4.74 ms taken to read 3018 condensed detachment proofs and conclusions from data/fe7117b8aad7634fae344172b9fee05f77e5e23b035276b17d8c6ec9/dProofs-withConclusions/dProofs81.txt. [tid:22955578853120]
6.45 ms taken to read 3679 condensed detachment proofs and conclusions from data/fe7117b8aad7634fae344172b9fee05f77e5e23b035276b17d8c6ec9/dProofs-withConclusions/dProofs83.txt. [tid:22955576751872]
12.13 ms taken to read 4661 condensed detachment proofs and conclusions from data/fe7117b8aad7634fae344172b9fee05f77e5e23b035276b17d8c6ec9/dProofs-withConclusions/dProofs85.txt. [tid:22955574650624]
13.54 ms taken to read 5632 condensed detachment proofs and conclusions from data/fe7117b8aad7634fae344172b9fee05f77e5e23b035276b17d8c6ec9/dProofs-withConclusions/dProofs87.txt. [tid:22955572549376]
20.61 ms taken to read 6994 condensed detachment proofs and conclusions from data/fe7117b8aad7634fae344172b9fee05f77e5e23b035276b17d8c6ec9/dProofs-withConclusions/dProofs89.txt. [tid:22955570448128]
32.03 ms taken to read 8637 condensed detachment proofs and conclusions from data/fe7117b8aad7634fae344172b9fee05f77e5e23b035276b17d8c6ec9/dProofs-withConclusions/dProofs91.txt. [tid:22955568346880]
38.21 ms taken to read 10677 condensed detachment proofs and conclusions from data/fe7117b8aad7634fae344172b9fee05f77e5e23b035276b17d8c6ec9/dProofs-withConclusions/dProofs93.txt. [tid:22955566245632]
63.57 ms taken to read 13008 condensed detachment proofs and conclusions from data/fe7117b8aad7634fae344172b9fee05f77e5e23b035276b17d8c6ec9/dProofs-withConclusions/dProofs95.txt. [tid:22955564144384]
100.89 ms taken to read 16295 condensed detachment proofs and conclusions from data/fe7117b8aad7634fae344172b9fee05f77e5e23b035276b17d8c6ec9/dProofs-withConclusions/dProofs97.txt. [tid:22955562043136]
11028.36 ms (11 s 28.36 ms) total read duration.
Loaded 76 representative collections of sizes:
1 : 1
3 : 1
5 : 1
7 : 1
9 : 2
11 : 2
13 : 2
15 : 2
17 : 5
19 : 5
21 : 3
23 : 6
25 : 10
27 : 7
29 : 12
31 : 14
33 : 17
35 : 21
37 : 30
39 : 28
41 : 44
43 : 56
45 : 66
47 : 80
49 : 108
51 : 123
53 : 168
55 : 197
57 : 241
59 : 303
61 : 390
63 : 444
65 : 570
67 : 707
69 : 863
71 : 1052
73 : 1340
75 : 1586
77 : 1990
79 : 2467
81 : 3018
83 : 3679
85 : 4661
87 : 5632
89 : 6994
91 : 8637
93 : 10677
95 : 13008
97 : 16295
99 : 19833
101 : 24567
103 : 30296
105 : 37377
107 : 45724
109 : 56922
111 : 69661
113 : 85894
115 : 105871
117 : 130737
119 : 160270
121 : 198446
123 : 243740
125 : 300530
127 : 370216
129 : 456911
131 : 560926
133 : 693346
135 : 853090
137 : 1051251
139 : 1294413
141 : 1597383
143 : 1963944
145 : 2423655
147 : 2983754
149 : 3676539
151 : 4527348
24048210 representatives in total.
20017.99 ms (20 s 17.99 ms) taken to read 21395853 condensed detachment proofs and conclusions from data/fe7117b8aad7634fae344172b9fee05f77e5e23b035276b17d8c6ec9/dProofs-withConclusions/dProofs153-unfiltered153+.txt. [tid:22955562043136]
20019.85 ms (20 s 19.85 ms) additional read duration.
Loaded 1 more representative collection of size:
153 : 21395853
45444063 representatives in total.
Sun Oct 22 09:40:13 2023: Inserted ≈ 5% of D-proof conclusions. [ 2272203 of 45444063] (ETC: Sun Oct 22 09:41:06 2023 ; 52 s 967.25 ms remaining ; 55 s 755.00 ms total)
Sun Oct 22 09:40:17 2023: Inserted ≈10% of D-proof conclusions. [ 4544406 of 45444063] (ETC: Sun Oct 22 09:41:09 2023 ; 52 s 661.33 ms remaining ; 58 s 512.58 ms total)
Sun Oct 22 09:40:19 2023: Inserted ≈15% of D-proof conclusions. [ 6816609 of 45444063] (ETC: Sun Oct 22 09:41:07 2023 ; 47 s 769.12 ms remaining ; 56 s 198.96 ms total)
Sun Oct 22 09:40:21 2023: Inserted ≈20% of D-proof conclusions. [ 9088812 of 45444063] (ETC: Sun Oct 22 09:41:05 2023 ; 43 s 211.88 ms remaining ; 54 s  14.85 ms total)
Sun Oct 22 09:40:24 2023: Inserted ≈25% of D-proof conclusions. [11361015 of 45444063] (ETC: Sun Oct 22 09:41:02 2023 ; 38 s 720.12 ms remaining ; 51 s 626.83 ms total)
Sun Oct 22 09:40:26 2023: Inserted ≈30% of D-proof conclusions. [13633218 of 45444063] (ETC: Sun Oct 22 09:41:02 2023 ; 35 s 720.82 ms remaining ; 51 s  29.74 ms total)
Sun Oct 22 09:40:29 2023: Inserted ≈35% of D-proof conclusions. [15905422 of 45444063] (ETC: Sun Oct 22 09:41:03 2023 ; 34 s  22.60 ms remaining ; 52 s 342.47 ms total)
Sun Oct 22 09:40:32 2023: Inserted ≈40% of D-proof conclusions. [18177625 of 45444063] (ETC: Sun Oct 22 09:41:04 2023 ; 32 s 139.70 ms remaining ; 53 s 566.17 ms total)
Sun Oct 22 09:40:35 2023: Inserted ≈45% of D-proof conclusions. [20449828 of 45444063] (ETC: Sun Oct 22 09:41:04 2023 ; 29 s 602.47 ms remaining ; 53 s 822.66 ms total)
Sun Oct 22 09:40:38 2023: Inserted ≈50% of D-proof conclusions. [22722031 of 45444063] (ETC: Sun Oct 22 09:41:05 2023 ; 27 s 357.81 ms remaining ; 54 s 715.62 ms total)
Sun Oct 22 09:40:41 2023: Inserted ≈55% of D-proof conclusions. [24994234 of 45444063] (ETC: Sun Oct 22 09:41:06 2023 ; 24 s 767.49 ms remaining ; 55 s  38.87 ms total)
Sun Oct 22 09:40:43 2023: Inserted ≈60% of D-proof conclusions. [27266437 of 45444063] (ETC: Sun Oct 22 09:41:05 2023 ; 21 s 698.34 ms remaining ; 54 s 245.84 ms total)
Sun Oct 22 09:40:46 2023: Inserted ≈65% of D-proof conclusions. [29538640 of 45444063] (ETC: Sun Oct 22 09:41:05 2023 ; 18 s 855.60 ms remaining ; 53 s 873.15 ms total)
Sun Oct 22 09:40:48 2023: Inserted ≈70% of D-proof conclusions. [31810844 of 45444063] (ETC: Sun Oct 22 09:41:04 2023 ; 16 s 140.15 ms remaining ; 53 s 800.49 ms total)
Sun Oct 22 09:40:51 2023: Inserted ≈75% of D-proof conclusions. [34083047 of 45444063] (ETC: Sun Oct 22 09:41:05 2023 ; 13 s 491.52 ms remaining ; 53 s 966.08 ms total)
Sun Oct 22 09:40:54 2023: Inserted ≈80% of D-proof conclusions. [36355250 of 45444063] (ETC: Sun Oct 22 09:41:05 2023 ; 10 s 858.17 ms remaining ; 54 s 290.85 ms total)
Sun Oct 22 09:40:57 2023: Inserted ≈85% of D-proof conclusions. [38627453 of 45444063] (ETC: Sun Oct 22 09:41:06 2023 ; 8 s 237.29 ms remaining ; 54 s 915.27 ms total)
Sun Oct 22 09:41:01 2023: Inserted ≈90% of D-proof conclusions. [40899656 of 45444063] (ETC: Sun Oct 22 09:41:06 2023 ; 5 s 580.45 ms remaining ; 55 s 804.47 ms total)
Sun Oct 22 09:41:05 2023: Inserted ≈95% of D-proof conclusions. [43171859 of 45444063] (ETC: Sun Oct 22 09:41:07 2023 ; 2 s 841.50 ms remaining ; 56 s 829.98 ms total)
Sun Oct 22 09:41:09 2023: Inserted 100% of D-proof conclusions. [45444063 of 45444063] (ETC: Sun Oct 22 09:41:09 2023 ; 0.00 ms remaining ; 57 s 893.99 ms total)
57894.20 ms (57 s 894.20 ms) total insertion duration.
Sun Oct 22 09:41:09 2023: Starting to iterate D-proof candidates of length 155.
790251.91 ms (13 min 10 s 251.91 ms) taken to iterate 324945288 condensed detachment proof strings of length 155.
[Copy] Next iteration count (unfiltered153+): { 155, 324945288 }
Sun Oct 22 09:54:19 2023: Next iteration amount counter complete. [parallel ; 48 hardware thread contexts, unfiltered]
Sun Oct 22 09:56:17 2023: Process terminated. [pid: 163955, tid:22955788162944]
