( This log file was generated by executing 'pmGenerator -c -n -s CpCCNqCCNrsCtqCCrtCrq --iterate -u' (pmGenerator 1.2, master branch), compiled by 'Intel(R) oneAPI DPC++/C++ Compiler 2022.1.0 (2022.1.0.20220316)'.
  The run was executed on a CLAIX-2018-OPTANE MPI node
  — 2-socket Intel Xeon Gold 6338, 32 cores each (64 cores total per node), 2.0 GHz, 3.20 GHz turbo mode, 512 GiB DDR4-3200 caching for 2 TiB non-volatile memory (NVM) (Intel Optane DC Persistent Memory DIMMs) —
  running Linux, Rocky 8.8.
  The job led to the following output:
   $ sacct --format="JobID,Partition,AllocCPUS,State,ExitCode,Elapsed,MaxRSS"
   JobID         Partition  AllocCPUS      State ExitCode    Elapsed     MaxRSS 
   ------------ ---------- ---------- ---------- -------- ---------- ---------- 
   40717597     optane_low         64  COMPLETED      0:0   00:53:34            
   40717597.ba+                    64  COMPLETED      0:0   00:53:34 361762496K 
   40717597.ex+                    64  COMPLETED      0:0   00:53:34        76K 
  By 361762496 KiB = (361762496 / 1024^2) GiB = 345.00360107421875 GiB, it used approximately 345.00 gibibytes of memory. )
Thu Nov  9 13:56:35 2023: Process started. [pid: 206154, tid:22811997779840]
Tasks:
1. resetRepresentativesFor("CpCCNqCCNrsCtqCCrtCrq", true, 0, true)
2. countNextIterationAmount(false, true)

[Main] Calling resetRepresentativesFor("CpCCNqCCNrsCtqCCrtCrq", true, 0, true).
Loaded 1 custom axioms. [SHA-512/224 hash: fe7117b8aad7634fae344172b9fee05f77e5e23b035276b17d8c6ec9]
(1) C0CCN1CCN2.3C4.1CC2.4C2.1    -    CpCCNqCCNrsCtqCCrtCrq    -    0\imply((\not1\imply((\not2\imply3)\imply(4\imply1)))\imply((2\imply4)\imply(2\imply1)))
[Main] Calling countNextIterationAmount(false, true).
Thu Nov  9 13:56:35 2023: Next iteration amount counter started. [parallel ; 64 hardware thread contexts, unfiltered]
0.04 ms taken to load initial representatives.
2.27 ms taken to read 1 condensed detachment proof and conclusion from data/fe7117b8aad7634fae344172b9fee05f77e5e23b035276b17d8c6ec9/dProofs-withConclusions/dProofs3.txt. [tid:22811937531648]
2.50 ms taken to read 14 condensed detachment proofs and conclusions from data/fe7117b8aad7634fae344172b9fee05f77e5e23b035276b17d8c6ec9/dProofs-withConclusions/dProofs31.txt. [tid:22811303200512]
0.85 ms taken to read 5 condensed detachment proofs and conclusions from data/fe7117b8aad7634fae344172b9fee05f77e5e23b035276b17d8c6ec9/dProofs-withConclusions/dProofs19.txt. [tid:22811920721664]
1.52 ms taken to read 5 condensed detachment proofs and conclusions from data/fe7117b8aad7634fae344172b9fee05f77e5e23b035276b17d8c6ec9/dProofs-withConclusions/dProofs17.txt. [tid:22811922822912]
1.33 ms taken to read 17 condensed detachment proofs and conclusions from data/fe7117b8aad7634fae344172b9fee05f77e5e23b035276b17d8c6ec9/dProofs-withConclusions/dProofs33.txt. [tid:22811301099264]
0.78 ms taken to read 108 condensed detachment proofs and conclusions from data/fe7117b8aad7634fae344172b9fee05f77e5e23b035276b17d8c6ec9/dProofs-withConclusions/dProofs49.txt. [tid:22811284289280]
1.04 ms taken to read 2 condensed detachment proofs and conclusions from data/fe7117b8aad7634fae344172b9fee05f77e5e23b035276b17d8c6ec9/dProofs-withConclusions/dProofs13.txt. [tid:22811927025408]
1.03 ms taken to read 56 condensed detachment proofs and conclusions from data/fe7117b8aad7634fae344172b9fee05f77e5e23b035276b17d8c6ec9/dProofs-withConclusions/dProofs43.txt. [tid:22811290593024]
1.56 ms taken to read 197 condensed detachment proofs and conclusions from data/fe7117b8aad7634fae344172b9fee05f77e5e23b035276b17d8c6ec9/dProofs-withConclusions/dProofs55.txt. [tid:22811277985536]
2.08 ms taken to read 21 condensed detachment proofs and conclusions from data/fe7117b8aad7634fae344172b9fee05f77e5e23b035276b17d8c6ec9/dProofs-withConclusions/dProofs35.txt. [tid:22811298998016]
0.20 ms taken to read 6 condensed detachment proofs and conclusions from data/fe7117b8aad7634fae344172b9fee05f77e5e23b035276b17d8c6ec9/dProofs-withConclusions/dProofs23.txt. [tid:22811916519168]
7716.97 ms (7 s 716.97 ms) taken to read 560926 condensed detachment proofs and conclusions from data/fe7117b8aad7634fae344172b9fee05f77e5e23b035276b17d8c6ec9/dProofs-withConclusions/dProofs131.txt. [tid:22811937531648]
2.04 ms taken to read 1 condensed detachment proof and conclusion from data/fe7117b8aad7634fae344172b9fee05f77e5e23b035276b17d8c6ec9/dProofs-withConclusions/dProofs5.txt. [tid:22811935430400]
0.49 ms taken to read 1 condensed detachment proof and conclusion from data/fe7117b8aad7634fae344172b9fee05f77e5e23b035276b17d8c6ec9/dProofs-withConclusions/dProofs7.txt. [tid:22811933329152]
2.15 ms taken to read 2 condensed detachment proofs and conclusions from data/fe7117b8aad7634fae344172b9fee05f77e5e23b035276b17d8c6ec9/dProofs-withConclusions/dProofs9.txt. [tid:22811931227904]
1.25 ms taken to read 2 condensed detachment proofs and conclusions from data/fe7117b8aad7634fae344172b9fee05f77e5e23b035276b17d8c6ec9/dProofs-withConclusions/dProofs11.txt. [tid:22811929126656]
15992.00 ms (15 s 992.00 ms) taken to read 1963944 condensed detachment proofs and conclusions from data/fe7117b8aad7634fae344172b9fee05f77e5e23b035276b17d8c6ec9/dProofs-withConclusions/dProofs143.txt. [tid:22811927025408]
0.45 ms taken to read 2 condensed detachment proofs and conclusions from data/fe7117b8aad7634fae344172b9fee05f77e5e23b035276b17d8c6ec9/dProofs-withConclusions/dProofs15.txt. [tid:22811924924160]
11414.48 ms (11 s 414.48 ms) taken to read 1051251 condensed detachment proofs and conclusions from data/fe7117b8aad7634fae344172b9fee05f77e5e23b035276b17d8c6ec9/dProofs-withConclusions/dProofs137.txt. [tid:22811922822912]
10050.28 ms (10 s 50.28 ms) taken to read 853090 condensed detachment proofs and conclusions from data/fe7117b8aad7634fae344172b9fee05f77e5e23b035276b17d8c6ec9/dProofs-withConclusions/dProofs135.txt. [tid:22811920721664]
4.97 ms taken to read 3 condensed detachment proofs and conclusions from data/fe7117b8aad7634fae344172b9fee05f77e5e23b035276b17d8c6ec9/dProofs-withConclusions/dProofs21.txt. [tid:22811918620416]
18417.42 ms (18 s 417.42 ms) taken to read 4527348 condensed detachment proofs and conclusions from data/fe7117b8aad7634fae344172b9fee05f77e5e23b035276b17d8c6ec9/dProofs-withConclusions/dProofs151.txt. [tid:22811916519168]
5.39 ms taken to read 10 condensed detachment proofs and conclusions from data/fe7117b8aad7634fae344172b9fee05f77e5e23b035276b17d8c6ec9/dProofs-withConclusions/dProofs25.txt. [tid:22811309504256]
2.48 ms taken to read 7 condensed detachment proofs and conclusions from data/fe7117b8aad7634fae344172b9fee05f77e5e23b035276b17d8c6ec9/dProofs-withConclusions/dProofs27.txt. [tid:22811307403008]
7.96 ms taken to read 12 condensed detachment proofs and conclusions from data/fe7117b8aad7634fae344172b9fee05f77e5e23b035276b17d8c6ec9/dProofs-withConclusions/dProofs29.txt. [tid:22811305301760]
10426.91 ms (10 s 426.91 ms) taken to read 693346 condensed detachment proofs and conclusions from data/fe7117b8aad7634fae344172b9fee05f77e5e23b035276b17d8c6ec9/dProofs-withConclusions/dProofs133.txt. [tid:22811303200512]
12107.94 ms (12 s 107.94 ms) taken to read 1294413 condensed detachment proofs and conclusions from data/fe7117b8aad7634fae344172b9fee05f77e5e23b035276b17d8c6ec9/dProofs-withConclusions/dProofs139.txt. [tid:22811301099264]
17537.51 ms (17 s 537.51 ms) taken to read 3676539 condensed detachment proofs and conclusions from data/fe7117b8aad7634fae344172b9fee05f77e5e23b035276b17d8c6ec9/dProofs-withConclusions/dProofs149.txt. [tid:22811298998016]
1.91 ms taken to read 30 condensed detachment proofs and conclusions from data/fe7117b8aad7634fae344172b9fee05f77e5e23b035276b17d8c6ec9/dProofs-withConclusions/dProofs37.txt. [tid:22811296896768]
9.44 ms taken to read 28 condensed detachment proofs and conclusions from data/fe7117b8aad7634fae344172b9fee05f77e5e23b035276b17d8c6ec9/dProofs-withConclusions/dProofs39.txt. [tid:22811294795520]
0.17 ms taken to read 44 condensed detachment proofs and conclusions from data/fe7117b8aad7634fae344172b9fee05f77e5e23b035276b17d8c6ec9/dProofs-withConclusions/dProofs41.txt. [tid:22811292694272]
16223.89 ms (16 s 223.89 ms) taken to read 2423655 condensed detachment proofs and conclusions from data/fe7117b8aad7634fae344172b9fee05f77e5e23b035276b17d8c6ec9/dProofs-withConclusions/dProofs145.txt. [tid:22811290593024]
5.68 ms taken to read 66 condensed detachment proofs and conclusions from data/fe7117b8aad7634fae344172b9fee05f77e5e23b035276b17d8c6ec9/dProofs-withConclusions/dProofs45.txt. [tid:22811288491776]
11.44 ms taken to read 80 condensed detachment proofs and conclusions from data/fe7117b8aad7634fae344172b9fee05f77e5e23b035276b17d8c6ec9/dProofs-withConclusions/dProofs47.txt. [tid:22811286390528]
14076.11 ms (14 s 76.11 ms) taken to read 1597383 condensed detachment proofs and conclusions from data/fe7117b8aad7634fae344172b9fee05f77e5e23b035276b17d8c6ec9/dProofs-withConclusions/dProofs141.txt. [tid:22811284289280]
17.55 ms taken to read 123 condensed detachment proofs and conclusions from data/fe7117b8aad7634fae344172b9fee05f77e5e23b035276b17d8c6ec9/dProofs-withConclusions/dProofs51.txt. [tid:22811282188032]
9.24 ms taken to read 168 condensed detachment proofs and conclusions from data/fe7117b8aad7634fae344172b9fee05f77e5e23b035276b17d8c6ec9/dProofs-withConclusions/dProofs53.txt. [tid:22811280086784]
16841.61 ms (16 s 841.61 ms) taken to read 2983754 condensed detachment proofs and conclusions from data/fe7117b8aad7634fae344172b9fee05f77e5e23b035276b17d8c6ec9/dProofs-withConclusions/dProofs147.txt. [tid:22811277985536]
11.88 ms taken to read 241 condensed detachment proofs and conclusions from data/fe7117b8aad7634fae344172b9fee05f77e5e23b035276b17d8c6ec9/dProofs-withConclusions/dProofs57.txt. [tid:22811275884288]
9.89 ms taken to read 303 condensed detachment proofs and conclusions from data/fe7117b8aad7634fae344172b9fee05f77e5e23b035276b17d8c6ec9/dProofs-withConclusions/dProofs59.txt. [tid:22811273783040]
0.09 ms taken to read 390 condensed detachment proofs and conclusions from data/fe7117b8aad7634fae344172b9fee05f77e5e23b035276b17d8c6ec9/dProofs-withConclusions/dProofs61.txt. [tid:22811271681792]
18.10 ms taken to read 444 condensed detachment proofs and conclusions from data/fe7117b8aad7634fae344172b9fee05f77e5e23b035276b17d8c6ec9/dProofs-withConclusions/dProofs63.txt. [tid:22811269580544]
18.99 ms taken to read 570 condensed detachment proofs and conclusions from data/fe7117b8aad7634fae344172b9fee05f77e5e23b035276b17d8c6ec9/dProofs-withConclusions/dProofs65.txt. [tid:22811267479296]
10.14 ms taken to read 707 condensed detachment proofs and conclusions from data/fe7117b8aad7634fae344172b9fee05f77e5e23b035276b17d8c6ec9/dProofs-withConclusions/dProofs67.txt. [tid:22811265378048]
493.83 ms taken to read 863 condensed detachment proofs and conclusions from data/fe7117b8aad7634fae344172b9fee05f77e5e23b035276b17d8c6ec9/dProofs-withConclusions/dProofs69.txt. [tid:22811263276800]
28.84 ms taken to read 1052 condensed detachment proofs and conclusions from data/fe7117b8aad7634fae344172b9fee05f77e5e23b035276b17d8c6ec9/dProofs-withConclusions/dProofs71.txt. [tid:22811261175552]
27.82 ms taken to read 1340 condensed detachment proofs and conclusions from data/fe7117b8aad7634fae344172b9fee05f77e5e23b035276b17d8c6ec9/dProofs-withConclusions/dProofs73.txt. [tid:22811259074304]
30.09 ms taken to read 1586 condensed detachment proofs and conclusions from data/fe7117b8aad7634fae344172b9fee05f77e5e23b035276b17d8c6ec9/dProofs-withConclusions/dProofs75.txt. [tid:22811256973056]
27.21 ms taken to read 1990 condensed detachment proofs and conclusions from data/fe7117b8aad7634fae344172b9fee05f77e5e23b035276b17d8c6ec9/dProofs-withConclusions/dProofs77.txt. [tid:22811254871808]
43.77 ms taken to read 2467 condensed detachment proofs and conclusions from data/fe7117b8aad7634fae344172b9fee05f77e5e23b035276b17d8c6ec9/dProofs-withConclusions/dProofs79.txt. [tid:22811252770560]
256.11 ms taken to read 3018 condensed detachment proofs and conclusions from data/fe7117b8aad7634fae344172b9fee05f77e5e23b035276b17d8c6ec9/dProofs-withConclusions/dProofs81.txt. [tid:22811250669312]
474.88 ms taken to read 3679 condensed detachment proofs and conclusions from data/fe7117b8aad7634fae344172b9fee05f77e5e23b035276b17d8c6ec9/dProofs-withConclusions/dProofs83.txt. [tid:22811248568064]
154.26 ms taken to read 4661 condensed detachment proofs and conclusions from data/fe7117b8aad7634fae344172b9fee05f77e5e23b035276b17d8c6ec9/dProofs-withConclusions/dProofs85.txt. [tid:22811246466816]
579.97 ms taken to read 5632 condensed detachment proofs and conclusions from data/fe7117b8aad7634fae344172b9fee05f77e5e23b035276b17d8c6ec9/dProofs-withConclusions/dProofs87.txt. [tid:22809363347200]
676.50 ms taken to read 6994 condensed detachment proofs and conclusions from data/fe7117b8aad7634fae344172b9fee05f77e5e23b035276b17d8c6ec9/dProofs-withConclusions/dProofs89.txt. [tid:22809361245952]
353.62 ms taken to read 8637 condensed detachment proofs and conclusions from data/fe7117b8aad7634fae344172b9fee05f77e5e23b035276b17d8c6ec9/dProofs-withConclusions/dProofs91.txt. [tid:22809359144704]
451.34 ms taken to read 10677 condensed detachment proofs and conclusions from data/fe7117b8aad7634fae344172b9fee05f77e5e23b035276b17d8c6ec9/dProofs-withConclusions/dProofs93.txt. [tid:22809357043456]
954.11 ms taken to read 13008 condensed detachment proofs and conclusions from data/fe7117b8aad7634fae344172b9fee05f77e5e23b035276b17d8c6ec9/dProofs-withConclusions/dProofs95.txt. [tid:22809354942208]
927.85 ms taken to read 16295 condensed detachment proofs and conclusions from data/fe7117b8aad7634fae344172b9fee05f77e5e23b035276b17d8c6ec9/dProofs-withConclusions/dProofs97.txt. [tid:22809352840960]
146.38 ms taken to read 19833 condensed detachment proofs and conclusions from data/fe7117b8aad7634fae344172b9fee05f77e5e23b035276b17d8c6ec9/dProofs-withConclusions/dProofs99.txt. [tid:22809350739712]
1279.51 ms (1 s 279.51 ms) taken to read 24567 condensed detachment proofs and conclusions from data/fe7117b8aad7634fae344172b9fee05f77e5e23b035276b17d8c6ec9/dProofs-withConclusions/dProofs101.txt. [tid:22809348638464]
1342.76 ms (1 s 342.76 ms) taken to read 30296 condensed detachment proofs and conclusions from data/fe7117b8aad7634fae344172b9fee05f77e5e23b035276b17d8c6ec9/dProofs-withConclusions/dProofs103.txt. [tid:22809346537216]
1634.28 ms (1 s 634.28 ms) taken to read 37377 condensed detachment proofs and conclusions from data/fe7117b8aad7634fae344172b9fee05f77e5e23b035276b17d8c6ec9/dProofs-withConclusions/dProofs105.txt. [tid:22809344435968]
1858.45 ms (1 s 858.45 ms) taken to read 45724 condensed detachment proofs and conclusions from data/fe7117b8aad7634fae344172b9fee05f77e5e23b035276b17d8c6ec9/dProofs-withConclusions/dProofs107.txt. [tid:22809342334720]
1975.23 ms (1 s 975.23 ms) taken to read 56922 condensed detachment proofs and conclusions from data/fe7117b8aad7634fae344172b9fee05f77e5e23b035276b17d8c6ec9/dProofs-withConclusions/dProofs109.txt. [tid:22809340233472]
2181.50 ms (2 s 181.50 ms) taken to read 69661 condensed detachment proofs and conclusions from data/fe7117b8aad7634fae344172b9fee05f77e5e23b035276b17d8c6ec9/dProofs-withConclusions/dProofs111.txt. [tid:22809338132224]
2758.06 ms (2 s 758.06 ms) taken to read 85894 condensed detachment proofs and conclusions from data/fe7117b8aad7634fae344172b9fee05f77e5e23b035276b17d8c6ec9/dProofs-withConclusions/dProofs113.txt. [tid:22809336030976]
3597.75 ms (3 s 597.75 ms) taken to read 105871 condensed detachment proofs and conclusions from data/fe7117b8aad7634fae344172b9fee05f77e5e23b035276b17d8c6ec9/dProofs-withConclusions/dProofs115.txt. [tid:22809333929728]
7769.30 ms (7 s 769.30 ms) taken to read 130737 condensed detachment proofs and conclusions from data/fe7117b8aad7634fae344172b9fee05f77e5e23b035276b17d8c6ec9/dProofs-withConclusions/dProofs117.txt. [tid:22809331828480]
9321.90 ms (9 s 321.90 ms) taken to read 160270 condensed detachment proofs and conclusions from data/fe7117b8aad7634fae344172b9fee05f77e5e23b035276b17d8c6ec9/dProofs-withConclusions/dProofs119.txt. [tid:22809329727232]
2384.67 ms (2 s 384.67 ms) taken to read 198446 condensed detachment proofs and conclusions from data/fe7117b8aad7634fae344172b9fee05f77e5e23b035276b17d8c6ec9/dProofs-withConclusions/dProofs121.txt. [tid:22809327625984]
4418.66 ms (4 s 418.66 ms) taken to read 243740 condensed detachment proofs and conclusions from data/fe7117b8aad7634fae344172b9fee05f77e5e23b035276b17d8c6ec9/dProofs-withConclusions/dProofs123.txt. [tid:22809325524736]
4865.62 ms (4 s 865.62 ms) taken to read 300530 condensed detachment proofs and conclusions from data/fe7117b8aad7634fae344172b9fee05f77e5e23b035276b17d8c6ec9/dProofs-withConclusions/dProofs125.txt. [tid:22809323423488]
5222.79 ms (5 s 222.79 ms) taken to read 370216 condensed detachment proofs and conclusions from data/fe7117b8aad7634fae344172b9fee05f77e5e23b035276b17d8c6ec9/dProofs-withConclusions/dProofs127.txt. [tid:22809321322240]
6363.16 ms (6 s 363.17 ms) taken to read 456911 condensed detachment proofs and conclusions from data/fe7117b8aad7634fae344172b9fee05f77e5e23b035276b17d8c6ec9/dProofs-withConclusions/dProofs129.txt. [tid:22809319220992]
18593.53 ms (18 s 593.53 ms) total read duration.
Loaded 76 representative collections of sizes:
1 : 1
3 : 1
5 : 1
7 : 1
9 : 2
11 : 2
13 : 2
15 : 2
17 : 5
19 : 5
21 : 3
23 : 6
25 : 10
27 : 7
29 : 12
31 : 14
33 : 17
35 : 21
37 : 30
39 : 28
41 : 44
43 : 56
45 : 66
47 : 80
49 : 108
51 : 123
53 : 168
55 : 197
57 : 241
59 : 303
61 : 390
63 : 444
65 : 570
67 : 707
69 : 863
71 : 1052
73 : 1340
75 : 1586
77 : 1990
79 : 2467
81 : 3018
83 : 3679
85 : 4661
87 : 5632
89 : 6994
91 : 8637
93 : 10677
95 : 13008
97 : 16295
99 : 19833
101 : 24567
103 : 30296
105 : 37377
107 : 45724
109 : 56922
111 : 69661
113 : 85894
115 : 105871
117 : 130737
119 : 160270
121 : 198446
123 : 243740
125 : 300530
127 : 370216
129 : 456911
131 : 560926
133 : 693346
135 : 853090
137 : 1051251
139 : 1294413
141 : 1597383
143 : 1963944
145 : 2423655
147 : 2983754
149 : 3676539
151 : 4527348
24048210 representatives in total.
83627.12 ms (1 min 23 s 627.12 ms) taken to read 21395853 condensed detachment proofs and conclusions from data/fe7117b8aad7634fae344172b9fee05f77e5e23b035276b17d8c6ec9/dProofs-withConclusions/dProofs153-unfiltered153+.txt. [tid:22809319220992]
100239.84 ms (1 min 40 s 239.84 ms) taken to read 28040847 condensed detachment proofs and conclusions from data/fe7117b8aad7634fae344172b9fee05f77e5e23b035276b17d8c6ec9/dProofs-withConclusions/dProofs155-unfiltered153+.txt. [tid:22809321322240]
121923.62 ms (2 min 1 s 923.62 ms) taken to read 38836822 condensed detachment proofs and conclusions from data/fe7117b8aad7634fae344172b9fee05f77e5e23b035276b17d8c6ec9/dProofs-withConclusions/dProofs157-unfiltered153+.txt. [tid:22809323423488]
136167.27 ms (2 min 16 s 167.27 ms) taken to read 50013506 condensed detachment proofs and conclusions from data/fe7117b8aad7634fae344172b9fee05f77e5e23b035276b17d8c6ec9/dProofs-withConclusions/dProofs159-unfiltered153+.txt. [tid:22809325524736]
159649.54 ms (2 min 39 s 649.54 ms) taken to read 78239557 condensed detachment proofs and conclusions from data/fe7117b8aad7634fae344172b9fee05f77e5e23b035276b17d8c6ec9/dProofs-withConclusions/dProofs161-unfiltered153+.txt. [tid:22809327625984]
159672.70 ms (2 min 39 s 672.70 ms) additional read duration.
Loaded 5 more representative collections of sizes:
153 : 21395853
155 : 28040847
157 : 38836822
159 : 50013506
161 : 78239557
240574795 representatives in total.
Thu Nov  9 13:59:54 2023: Inserted ≈ 5% of D-proof conclusions. [ 12028739 of 240574795] (ETC: Thu Nov  9 14:06:25 2023 ; 6 min 30 s 995.46 ms remaining ; 6 min 51 s 574.16 ms total)
Thu Nov  9 14:00:17 2023: Inserted ≈10% of D-proof conclusions. [ 24057479 of 240574795] (ETC: Thu Nov  9 14:06:51 2023 ; 6 min 33 s 637.17 ms remaining ; 7 min 17 s 374.63 ms total)
Thu Nov  9 14:00:37 2023: Inserted ≈15% of D-proof conclusions. [ 36086219 of 240574795] (ETC: Thu Nov  9 14:06:38 2023 ; 6 min      831.08 ms remaining ; 7 min  4 s 507.16 ms total)
Thu Nov  9 14:00:59 2023: Inserted ≈20% of D-proof conclusions. [ 48114959 of 240574795] (ETC: Thu Nov  9 14:06:42 2023 ; 5 min 42 s 629.86 ms remaining ; 7 min  8 s 287.33 ms total)
Thu Nov  9 14:01:20 2023: Inserted ≈25% of D-proof conclusions. [ 60143698 of 240574795] (ETC: Thu Nov  9 14:06:40 2023 ; 5 min 19 s 733.70 ms remaining ; 7 min  6 s 311.60 ms total)
Thu Nov  9 14:01:43 2023: Inserted ≈30% of D-proof conclusions. [ 72172438 of 240574795] (ETC: Thu Nov  9 14:06:46 2023 ; 5 min  2 s 452.15 ms remaining ; 7 min 12 s  74.50 ms total)
Thu Nov  9 14:02:04 2023: Inserted ≈35% of D-proof conclusions. [ 84201178 of 240574795] (ETC: Thu Nov  9 14:06:43 2023 ; 4 min 39 s 433.94 ms remaining ; 7 min  9 s 898.38 ms total)
Thu Nov  9 14:02:25 2023: Inserted ≈40% of D-proof conclusions. [ 96229918 of 240574795] (ETC: Thu Nov  9 14:06:41 2023 ; 4 min 16 s 543.63 ms remaining ; 7 min  7 s 572.72 ms total)
Thu Nov  9 14:02:49 2023: Inserted ≈45% of D-proof conclusions. [108258657 of 240574795] (ETC: Thu Nov  9 14:06:48 2023 ; 3 min 58 s 988.22 ms remaining ; 7 min 14 s 524.02 ms total)
Thu Nov  9 14:03:12 2023: Inserted ≈50% of D-proof conclusions. [120287397 of 240574795] (ETC: Thu Nov  9 14:06:51 2023 ; 3 min 38 s 715.29 ms remaining ; 7 min 17 s 430.59 ms total)
Thu Nov  9 14:03:34 2023: Inserted ≈55% of D-proof conclusions. [132316137 of 240574795] (ETC: Thu Nov  9 14:06:51 2023 ; 3 min 16 s 922.52 ms remaining ; 7 min 17 s 605.60 ms total)
Thu Nov  9 14:03:57 2023: Inserted ≈60% of D-proof conclusions. [144344877 of 240574795] (ETC: Thu Nov  9 14:06:53 2023 ; 2 min 55 s 819.23 ms remaining ; 7 min 19 s 548.07 ms total)
Thu Nov  9 14:04:26 2023: Inserted ≈65% of D-proof conclusions. [156373616 of 240574795] (ETC: Thu Nov  9 14:07:03 2023 ; 2 min 37 s 296.74 ms remaining ; 7 min 29 s 419.25 ms total)
Thu Nov  9 14:04:55 2023: Inserted ≈70% of D-proof conclusions. [168402356 of 240574795] (ETC: Thu Nov  9 14:07:13 2023 ; 2 min 17 s 778.75 ms remaining ; 7 min 39 s 262.50 ms total)
Thu Nov  9 14:05:22 2023: Inserted ≈75% of D-proof conclusions. [180431096 of 240574795] (ETC: Thu Nov  9 14:07:18 2023 ; 1 min 56 s  19.03 ms remaining ; 7 min 44 s  76.11 ms total)
Thu Nov  9 14:05:50 2023: Inserted ≈80% of D-proof conclusions. [192459836 of 240574795] (ETC: Thu Nov  9 14:07:25 2023 ; 1 min 34 s 220.45 ms remaining ; 7 min 51 s 102.23 ms total)
Thu Nov  9 14:06:20 2023: Inserted ≈85% of D-proof conclusions. [204488575 of 240574795] (ETC: Thu Nov  9 14:07:32 2023 ; 1 min 11 s 795.90 ms remaining ; 7 min 58 s 639.35 ms total)
Thu Nov  9 14:06:53 2023: Inserted ≈90% of D-proof conclusions. [216517315 of 240574795] (ETC: Thu Nov  9 14:07:41 2023 ; 48 s 791.90 ms remaining ; 8 min  7 s 918.96 ms total)
Thu Nov  9 14:07:36 2023: Inserted ≈95% of D-proof conclusions. [228546055 of 240574795] (ETC: Thu Nov  9 14:08:02 2023 ; 25 s 400.12 ms remaining ; 8 min 28 s   2.46 ms total)
Thu Nov  9 14:08:19 2023: Inserted 100% of D-proof conclusions. [240574795 of 240574795] (ETC: Thu Nov  9 14:08:19 2023 ; 0.00 ms remaining ; 8 min 45 s 286.83 ms total)
525288.24 ms (8 min 45 s 288.24 ms) total insertion duration.
Thu Nov  9 14:08:19 2023: Starting to iterate D-proof candidates of length 163.
1835725.94 ms (30 min 35 s 725.94 ms) taken to iterate 1089248702 condensed detachment proof strings of length 163.
[Copy] Next iteration count (unfiltered153+): { 163, 1089248702 }
Thu Nov  9 14:38:55 2023: Next iteration amount counter complete. [parallel ; 64 hardware thread contexts, unfiltered]
Thu Nov  9 14:49:48 2023: Process terminated. [pid: 206154, tid:22811997779840]
