( This log file was generated by executing 'pmGenerator -c -N -1 -n -s CpCqp,CCpCqrCCpqCpr,CCNpNqCqp,CLpp,CLCpqCLpLq,CNLNpLNLNp --iterate -u' (pmGenerator 1.2, master branch), compiled by 'Intel(R) oneAPI DPC++/C++ Compiler 2022.1.0 (2022.1.0.20220316)'.
  The run was executed on a CLAIX-2018 MPI node
  — 2-socket Intel Xeon Platinum 8160 (Skylake), 24 cores each (48 cores total per node), 2.1 GHz, 3.7 GHz turbo mode, 192 GiB main memory —
  running Linux, Rocky 8.8.
  The job led to the following output:
   $ sacct --format="JobID,Partition,AllocCPUS,State,ExitCode,Elapsed,MaxRSS"
   JobID         Partition  AllocCPUS      State ExitCode    Elapsed     MaxRSS 
   ------------ ---------- ---------- ---------- -------- ---------- ---------- 
   40400264       c18m_low         48  COMPLETED      0:0   00:03:16            
   40400264.ba+                    48  COMPLETED      0:0   00:03:16   4602476K 
   40400264.ex+                    48  COMPLETED      0:0   00:03:16          0 
  By 4602476 KiB = (4602476 / 1024^2) GiB = 4.389263153076171875 GiB, it used approximately 4.39 gibibytes of memory. )
Fri Oct 27 03:13:00 2023: Process started. [pid: 116501, tid:22545384241024]
Tasks:
1. resetRepresentativesFor("CpCqp,CCpCqrCCpqCpr,CCNpNqCqp,CLpp,CLCpqCLpLq,CNLNpLNLNp", true, 4294967295, true)
2. countNextIterationAmount(false, true)

[Main] Calling resetRepresentativesFor("CpCqp,CCpCqrCCpqCpr,CCNpNqCqp,CLpp,CLCpqCLpLq,CNLNpLNLNp", true, 4294967295, true).
Loaded 6 custom axioms. [SHA-512/224 hash: d03a044ec35d4d9a3f6d0f5118bc4f8a02a08e61fe7815b2002d007f]
(1) C0C1.0              -    CpCqp            -    0\imply(1\imply0)
(2) CC0C1.2CC0.1C0.2    -    CCpCqrCCpqCpr    -    (0\imply(1\imply2))\imply((0\imply1)\imply(0\imply2))
(3) CCN0N1C1.0          -    CCNpNqCqp        -    (\not0\imply\not1)\imply(1\imply0)
(4) CL0.0               -    CLpp             -    \nece0\imply0
(5) CLC0.1CL0L1         -    CLCpqCLpLq       -    \nece(0\imply1)\imply(\nece0\imply\nece1)
(6) CNLN0LNLN0          -    CNLNpLNLNp       -    \not\nece\not0\imply\nece\not\nece\not0
Supports necessitation steps.
[Main] Calling countNextIterationAmount(false, true).
Fri Oct 27 03:13:01 2023: Next iteration amount counter started. [parallel ; 48 hardware thread contexts, unfiltered]
0.01 ms taken to load initial representatives.
0.13 ms taken to read 6 condensed detachment proofs and conclusions from data/d03a044ec35d4d9a3f6d0f5118bc4f8a02a08e61fe7815b2002d007f/dProofs-withConclusions/dProofs2.txt. [tid:22545172477696]
4.64 ms taken to read 17 condensed detachment proofs and conclusions from data/d03a044ec35d4d9a3f6d0f5118bc4f8a02a08e61fe7815b2002d007f/dProofs-withConclusions/dProofs3.txt. [tid:22545170376448]
0.03 ms taken to read 28 condensed detachment proofs and conclusions from data/d03a044ec35d4d9a3f6d0f5118bc4f8a02a08e61fe7815b2002d007f/dProofs-withConclusions/dProofs4.txt. [tid:22545168275200]
9.65 ms taken to read 56 condensed detachment proofs and conclusions from data/d03a044ec35d4d9a3f6d0f5118bc4f8a02a08e61fe7815b2002d007f/dProofs-withConclusions/dProofs5.txt. [tid:22545166173952]
12.44 ms taken to read 89 condensed detachment proofs and conclusions from data/d03a044ec35d4d9a3f6d0f5118bc4f8a02a08e61fe7815b2002d007f/dProofs-withConclusions/dProofs6.txt. [tid:22545164072704]
3.33 ms taken to read 203 condensed detachment proofs and conclusions from data/d03a044ec35d4d9a3f6d0f5118bc4f8a02a08e61fe7815b2002d007f/dProofs-withConclusions/dProofs7.txt. [tid:22545161971456]
3.23 ms taken to read 325 condensed detachment proofs and conclusions from data/d03a044ec35d4d9a3f6d0f5118bc4f8a02a08e61fe7815b2002d007f/dProofs-withConclusions/dProofs8.txt. [tid:22545159870208]
5.33 ms taken to read 666 condensed detachment proofs and conclusions from data/d03a044ec35d4d9a3f6d0f5118bc4f8a02a08e61fe7815b2002d007f/dProofs-withConclusions/dProofs9.txt. [tid:22544082007808]
23.12 ms taken to read 1174 condensed detachment proofs and conclusions from data/d03a044ec35d4d9a3f6d0f5118bc4f8a02a08e61fe7815b2002d007f/dProofs-withConclusions/dProofs10.txt. [tid:22544216225536]
1.56 ms taken to read 2340 condensed detachment proofs and conclusions from data/d03a044ec35d4d9a3f6d0f5118bc4f8a02a08e61fe7815b2002d007f/dProofs-withConclusions/dProofs11.txt. [tid:22544214124288]
34.11 ms taken to read 4106 condensed detachment proofs and conclusions from data/d03a044ec35d4d9a3f6d0f5118bc4f8a02a08e61fe7815b2002d007f/dProofs-withConclusions/dProofs12.txt. [tid:22544212023040]
44.75 ms taken to read 8396 condensed detachment proofs and conclusions from data/d03a044ec35d4d9a3f6d0f5118bc4f8a02a08e61fe7815b2002d007f/dProofs-withConclusions/dProofs13.txt. [tid:22544209921792]
23.00 ms taken to read 15153 condensed detachment proofs and conclusions from data/d03a044ec35d4d9a3f6d0f5118bc4f8a02a08e61fe7815b2002d007f/dProofs-withConclusions/dProofs14.txt. [tid:22544207820544]
48.95 ms taken to read 30340 condensed detachment proofs and conclusions from data/d03a044ec35d4d9a3f6d0f5118bc4f8a02a08e61fe7815b2002d007f/dProofs-withConclusions/dProofs15.txt. [tid:22544205719296]
92.48 ms taken to read 56725 condensed detachment proofs and conclusions from data/d03a044ec35d4d9a3f6d0f5118bc4f8a02a08e61fe7815b2002d007f/dProofs-withConclusions/dProofs16.txt. [tid:22544203618048]
224.54 ms taken to read 113539 condensed detachment proofs and conclusions from data/d03a044ec35d4d9a3f6d0f5118bc4f8a02a08e61fe7815b2002d007f/dProofs-withConclusions/dProofs17.txt. [tid:22544201516800]
623.21 ms taken to read 214468 condensed detachment proofs and conclusions from data/d03a044ec35d4d9a3f6d0f5118bc4f8a02a08e61fe7815b2002d007f/dProofs-withConclusions/dProofs18.txt. [tid:22544199415552]
2169.03 ms (2 s 169.03 ms) taken to read 431896 condensed detachment proofs and conclusions from data/d03a044ec35d4d9a3f6d0f5118bc4f8a02a08e61fe7815b2002d007f/dProofs-withConclusions/dProofs19.txt. [tid:22544197314304]
7760.58 ms (7 s 760.58 ms) taken to read 829754 condensed detachment proofs and conclusions from data/d03a044ec35d4d9a3f6d0f5118bc4f8a02a08e61fe7815b2002d007f/dProofs-withConclusions/dProofs20.txt. [tid:22544195213056]
734.74 ms taken to read 1666562 condensed detachment proofs and conclusions from data/d03a044ec35d4d9a3f6d0f5118bc4f8a02a08e61fe7815b2002d007f/dProofs-withConclusions/dProofs21.txt. [tid:22544193111808]
1492.55 ms (1 s 492.55 ms) taken to read 3250922 condensed detachment proofs and conclusions from data/d03a044ec35d4d9a3f6d0f5118bc4f8a02a08e61fe7815b2002d007f/dProofs-withConclusions/dProofs22.txt. [tid:22544191010560]
2441.20 ms (2 s 441.20 ms) taken to read 6547739 condensed detachment proofs and conclusions from data/d03a044ec35d4d9a3f6d0f5118bc4f8a02a08e61fe7815b2002d007f/dProofs-withConclusions/dProofs23.txt. [tid:22544188909312]
7776.39 ms (7 s 776.39 ms) total read duration.
Loaded 23 representative collections of sizes:
1 : 6
2 : 6
3 : 17
4 : 28
5 : 56
6 : 89
7 : 203
8 : 325
9 : 666
10 : 1174
11 : 2340
12 : 4106
13 : 8396
14 : 15153
15 : 30340
16 : 56725
17 : 113539
18 : 214468
19 : 431896
20 : 829754
21 : 1666562
22 : 3250922
23 : 6547739
13174510 representatives in total.
Fri Oct 27 03:13:08 2023: Inserted ≈ 5% of D-proof conclusions. [  658725 of 13174510] (ETC: Fri Oct 27 03:13:12 2023 ; 3 s 941.12 ms remaining ; 4 s 148.54 ms total)
Fri Oct 27 03:13:09 2023: Inserted ≈10% of D-proof conclusions. [ 1317451 of 13174510] (ETC: Fri Oct 27 03:13:12 2023 ; 3 s 629.53 ms remaining ; 4 s  32.81 ms total)
Fri Oct 27 03:13:09 2023: Inserted ≈15% of D-proof conclusions. [ 1976176 of 13174510] (ETC: Fri Oct 27 03:13:12 2023 ; 3 s 277.55 ms remaining ; 3 s 855.94 ms total)
Fri Oct 27 03:13:09 2023: Inserted ≈20% of D-proof conclusions. [ 2634902 of 13174510] (ETC: Fri Oct 27 03:13:12 2023 ; 3 s 200.89 ms remaining ; 4 s   1.11 ms total)
Fri Oct 27 03:13:09 2023: Inserted ≈25% of D-proof conclusions. [ 3293627 of 13174510] (ETC: Fri Oct 27 03:13:12 2023 ; 3 s   7.19 ms remaining ; 4 s   9.59 ms total)
Fri Oct 27 03:13:09 2023: Inserted ≈30% of D-proof conclusions. [ 3952353 of 13174510] (ETC: Fri Oct 27 03:13:12 2023 ; 2 s 782.32 ms remaining ; 3 s 974.74 ms total)
Fri Oct 27 03:13:10 2023: Inserted ≈35% of D-proof conclusions. [ 4611078 of 13174510] (ETC: Fri Oct 27 03:13:12 2023 ; 2 s 671.39 ms remaining ; 4 s 109.84 ms total)
Fri Oct 27 03:13:10 2023: Inserted ≈40% of D-proof conclusions. [ 5269804 of 13174510] (ETC: Fri Oct 27 03:13:12 2023 ; 2 s 499.02 ms remaining ; 4 s 165.04 ms total)
Fri Oct 27 03:13:10 2023: Inserted ≈45% of D-proof conclusions. [ 5928529 of 13174510] (ETC: Fri Oct 27 03:13:12 2023 ; 2 s 290.30 ms remaining ; 4 s 164.17 ms total)
Fri Oct 27 03:13:10 2023: Inserted ≈50% of D-proof conclusions. [ 6587255 of 13174510] (ETC: Fri Oct 27 03:13:12 2023 ; 2 s  75.99 ms remaining ; 4 s 151.98 ms total)
Fri Oct 27 03:13:11 2023: Inserted ≈55% of D-proof conclusions. [ 7245980 of 13174510] (ETC: Fri Oct 27 03:13:12 2023 ; 1 s 862.64 ms remaining ; 4 s 139.20 ms total)
Fri Oct 27 03:13:11 2023: Inserted ≈60% of D-proof conclusions. [ 7904706 of 13174510] (ETC: Fri Oct 27 03:13:12 2023 ; 1 s 649.95 ms remaining ; 4 s 124.89 ms total)
Fri Oct 27 03:13:11 2023: Inserted ≈65% of D-proof conclusions. [ 8563431 of 13174510] (ETC: Fri Oct 27 03:13:12 2023 ; 1 s 465.62 ms remaining ; 4 s 187.48 ms total)
Fri Oct 27 03:13:11 2023: Inserted ≈70% of D-proof conclusions. [ 9222157 of 13174510] (ETC: Fri Oct 27 03:13:12 2023 ; 1 s 252.33 ms remaining ; 4 s 174.42 ms total)
Fri Oct 27 03:13:11 2023: Inserted ≈75% of D-proof conclusions. [ 9880882 of 13174510] (ETC: Fri Oct 27 03:13:12 2023 ; 1 s  51.77 ms remaining ; 4 s 207.08 ms total)
Fri Oct 27 03:13:12 2023: Inserted ≈80% of D-proof conclusions. [10539608 of 13174510] (ETC: Fri Oct 27 03:13:12 2023 ; 843.16 ms remaining ; 4 s 215.80 ms total)
Fri Oct 27 03:13:12 2023: Inserted ≈85% of D-proof conclusions. [11198333 of 13174510] (ETC: Fri Oct 27 03:13:12 2023 ; 632.48 ms remaining ; 4 s 216.52 ms total)
Fri Oct 27 03:13:12 2023: Inserted ≈90% of D-proof conclusions. [11857059 of 13174510] (ETC: Fri Oct 27 03:13:12 2023 ; 420.20 ms remaining ; 4 s 202.04 ms total)
Fri Oct 27 03:13:12 2023: Inserted ≈95% of D-proof conclusions. [12515784 of 13174510] (ETC: Fri Oct 27 03:13:13 2023 ; 211.45 ms remaining ; 4 s 229.03 ms total)
Fri Oct 27 03:13:12 2023: Inserted 100% of D-proof conclusions. [13174510 of 13174510] (ETC: Fri Oct 27 03:13:12 2023 ; 0.00 ms remaining ; 4 s 202.25 ms total)
4202.55 ms (4 s 202.55 ms) total insertion duration.
Fri Oct 27 03:13:12 2023: Starting to iterate D-proof candidates of length 24.
171757.08 ms (2 min 51 s 757.08 ms) taken to iterate 264050751 condensed detachment proof strings of length 24.
[Copy] Next iteration count (filtered): { 24, 264050751 }
Fri Oct 27 03:16:04 2023: Next iteration amount counter complete. [parallel ; 48 hardware thread contexts, unfiltered]
Fri Oct 27 03:16:13 2023: Process terminated. [pid: 116501, tid:22545384241024]
