( This log file was generated by executing 'pmGenerator -c -N -1 -n -s CpCqp,CCpCqrCCpqCpr,CCNpNqCqp,CLpp,CLCpqCLpLq,CNLNpLNLNp --iterate -u' (pmGenerator 1.2, master branch), compiled by 'Intel(R) oneAPI DPC++/C++ Compiler 2022.1.0 (2022.1.0.20220316)'.
  The run was executed on a CLAIX-2018 MPI node
  — 2-socket Intel Xeon Platinum 8160 (Skylake), 24 cores each (48 cores total per node), 2.1 GHz, 3.7 GHz turbo mode, 192 GiB main memory —
  running Linux, Rocky 8.8.
  The job led to the following output:
   $ sacct --format="JobID,Partition,AllocCPUS,State,ExitCode,Elapsed,MaxRSS"
   JobID         Partition  AllocCPUS      State ExitCode    Elapsed     MaxRSS 
   ------------ ---------- ---------- ---------- -------- ---------- ---------- 
   40402280       c18m_low         48  COMPLETED      0:0   00:05:15            
   40402280.ba+                    48  COMPLETED      0:0   00:05:15   9436356K 
   40402280.ex+                    48  COMPLETED      0:0   00:05:15        80K 
  By 9436356 KiB = (9436356 / 1024^2) GiB = 8.999210357666015625 GiB, it used approximately 9.00 gibibytes of memory. )
Fri Oct 27 11:29:56 2023: Process started. [pid: 181953, tid:22543991797632]
Tasks:
1. resetRepresentativesFor("CpCqp,CCpCqrCCpqCpr,CCNpNqCqp,CLpp,CLCpqCLpLq,CNLNpLNLNp", true, 4294967295, true)
2. countNextIterationAmount(false, true)

[Main] Calling resetRepresentativesFor("CpCqp,CCpCqrCCpqCpr,CCNpNqCqp,CLpp,CLCpqCLpLq,CNLNpLNLNp", true, 4294967295, true).
Loaded 6 custom axioms. [SHA-512/224 hash: d03a044ec35d4d9a3f6d0f5118bc4f8a02a08e61fe7815b2002d007f]
(1) C0C1.0              -    CpCqp            -    0\imply(1\imply0)
(2) CC0C1.2CC0.1C0.2    -    CCpCqrCCpqCpr    -    (0\imply(1\imply2))\imply((0\imply1)\imply(0\imply2))
(3) CCN0N1C1.0          -    CCNpNqCqp        -    (\not0\imply\not1)\imply(1\imply0)
(4) CL0.0               -    CLpp             -    \nece0\imply0
(5) CLC0.1CL0L1         -    CLCpqCLpLq       -    \nece(0\imply1)\imply(\nece0\imply\nece1)
(6) CNLN0LNLN0          -    CNLNpLNLNp       -    \not\nece\not0\imply\nece\not\nece\not0
Supports necessitation steps.
[Main] Calling countNextIterationAmount(false, true).
Fri Oct 27 11:29:56 2023: Next iteration amount counter started. [parallel ; 48 hardware thread contexts, unfiltered]
0.01 ms taken to load initial representatives.
0.03 ms taken to read 6 condensed detachment proofs and conclusions from data/d03a044ec35d4d9a3f6d0f5118bc4f8a02a08e61fe7815b2002d007f/dProofs-withConclusions/dProofs2.txt. [tid:22543540942592]
0.07 ms taken to read 17 condensed detachment proofs and conclusions from data/d03a044ec35d4d9a3f6d0f5118bc4f8a02a08e61fe7815b2002d007f/dProofs-withConclusions/dProofs3.txt. [tid:22543538841344]
0.02 ms taken to read 28 condensed detachment proofs and conclusions from data/d03a044ec35d4d9a3f6d0f5118bc4f8a02a08e61fe7815b2002d007f/dProofs-withConclusions/dProofs4.txt. [tid:22543536740096]
0.00 ms taken to read 56 condensed detachment proofs and conclusions from data/d03a044ec35d4d9a3f6d0f5118bc4f8a02a08e61fe7815b2002d007f/dProofs-withConclusions/dProofs5.txt. [tid:22543534638848]
0.07 ms taken to read 89 condensed detachment proofs and conclusions from data/d03a044ec35d4d9a3f6d0f5118bc4f8a02a08e61fe7815b2002d007f/dProofs-withConclusions/dProofs6.txt. [tid:22543532537600]
0.05 ms taken to read 203 condensed detachment proofs and conclusions from data/d03a044ec35d4d9a3f6d0f5118bc4f8a02a08e61fe7815b2002d007f/dProofs-withConclusions/dProofs7.txt. [tid:22543530436352]
0.05 ms taken to read 325 condensed detachment proofs and conclusions from data/d03a044ec35d4d9a3f6d0f5118bc4f8a02a08e61fe7815b2002d007f/dProofs-withConclusions/dProofs8.txt. [tid:22543528335104]
0.31 ms taken to read 666 condensed detachment proofs and conclusions from data/d03a044ec35d4d9a3f6d0f5118bc4f8a02a08e61fe7815b2002d007f/dProofs-withConclusions/dProofs9.txt. [tid:22543526233856]
0.50 ms taken to read 1174 condensed detachment proofs and conclusions from data/d03a044ec35d4d9a3f6d0f5118bc4f8a02a08e61fe7815b2002d007f/dProofs-withConclusions/dProofs10.txt. [tid:22543524132608]
1.67 ms taken to read 2340 condensed detachment proofs and conclusions from data/d03a044ec35d4d9a3f6d0f5118bc4f8a02a08e61fe7815b2002d007f/dProofs-withConclusions/dProofs11.txt. [tid:22543522031360]
2.48 ms taken to read 4106 condensed detachment proofs and conclusions from data/d03a044ec35d4d9a3f6d0f5118bc4f8a02a08e61fe7815b2002d007f/dProofs-withConclusions/dProofs12.txt. [tid:22543519930112]
5.43 ms taken to read 8396 condensed detachment proofs and conclusions from data/d03a044ec35d4d9a3f6d0f5118bc4f8a02a08e61fe7815b2002d007f/dProofs-withConclusions/dProofs13.txt. [tid:22543517828864]
9.19 ms taken to read 15153 condensed detachment proofs and conclusions from data/d03a044ec35d4d9a3f6d0f5118bc4f8a02a08e61fe7815b2002d007f/dProofs-withConclusions/dProofs14.txt. [tid:22543515727616]
20.80 ms taken to read 30340 condensed detachment proofs and conclusions from data/d03a044ec35d4d9a3f6d0f5118bc4f8a02a08e61fe7815b2002d007f/dProofs-withConclusions/dProofs15.txt. [tid:22543513626368]
55.49 ms taken to read 56725 condensed detachment proofs and conclusions from data/d03a044ec35d4d9a3f6d0f5118bc4f8a02a08e61fe7815b2002d007f/dProofs-withConclusions/dProofs16.txt. [tid:22543511525120]
169.61 ms taken to read 113539 condensed detachment proofs and conclusions from data/d03a044ec35d4d9a3f6d0f5118bc4f8a02a08e61fe7815b2002d007f/dProofs-withConclusions/dProofs17.txt. [tid:22543509423872]
617.93 ms taken to read 214468 condensed detachment proofs and conclusions from data/d03a044ec35d4d9a3f6d0f5118bc4f8a02a08e61fe7815b2002d007f/dProofs-withConclusions/dProofs18.txt. [tid:22543507322624]
2188.82 ms (2 s 188.82 ms) taken to read 431896 condensed detachment proofs and conclusions from data/d03a044ec35d4d9a3f6d0f5118bc4f8a02a08e61fe7815b2002d007f/dProofs-withConclusions/dProofs19.txt. [tid:22543505221376]
7850.34 ms (7 s 850.34 ms) taken to read 829754 condensed detachment proofs and conclusions from data/d03a044ec35d4d9a3f6d0f5118bc4f8a02a08e61fe7815b2002d007f/dProofs-withConclusions/dProofs20.txt. [tid:22543503120128]
910.76 ms taken to read 1666562 condensed detachment proofs and conclusions from data/d03a044ec35d4d9a3f6d0f5118bc4f8a02a08e61fe7815b2002d007f/dProofs-withConclusions/dProofs21.txt. [tid:22543501018880]
1994.24 ms (1 s 994.24 ms) taken to read 3250922 condensed detachment proofs and conclusions from data/d03a044ec35d4d9a3f6d0f5118bc4f8a02a08e61fe7815b2002d007f/dProofs-withConclusions/dProofs22.txt. [tid:22543498917632]
3146.81 ms (3 s 146.81 ms) taken to read 6547739 condensed detachment proofs and conclusions from data/d03a044ec35d4d9a3f6d0f5118bc4f8a02a08e61fe7815b2002d007f/dProofs-withConclusions/dProofs23.txt. [tid:22543496816384]
4910.66 ms (4 s 910.65 ms) taken to read 12887201 condensed detachment proofs and conclusions from data/d03a044ec35d4d9a3f6d0f5118bc4f8a02a08e61fe7815b2002d007f/dProofs-withConclusions/dProofs24.txt. [tid:22543494715136]
7865.55 ms (7 s 865.55 ms) total read duration.
Loaded 24 representative collections of sizes:
1 : 6
2 : 6
3 : 17
4 : 28
5 : 56
6 : 89
7 : 203
8 : 325
9 : 666
10 : 1174
11 : 2340
12 : 4106
13 : 8396
14 : 15153
15 : 30340
16 : 56725
17 : 113539
18 : 214468
19 : 431896
20 : 829754
21 : 1666562
22 : 3250922
23 : 6547739
24 : 12887201
26061711 representatives in total.
Fri Oct 27 11:30:04 2023: Inserted ≈ 5% of D-proof conclusions. [ 1303085 of 26061711] (ETC: Fri Oct 27 11:30:12 2023 ; 7 s 133.06 ms remaining ; 7 s 508.48 ms total)
Fri Oct 27 11:30:05 2023: Inserted ≈10% of D-proof conclusions. [ 2606171 of 26061711] (ETC: Fri Oct 27 11:30:11 2023 ; 6 s 716.20 ms remaining ; 7 s 462.44 ms total)
Fri Oct 27 11:30:05 2023: Inserted ≈15% of D-proof conclusions. [ 3909256 of 26061711] (ETC: Fri Oct 27 11:30:12 2023 ; 6 s 429.73 ms remaining ; 7 s 564.39 ms total)
Fri Oct 27 11:30:06 2023: Inserted ≈20% of D-proof conclusions. [ 5212342 of 26061711] (ETC: Fri Oct 27 11:30:12 2023 ; 6 s 340.04 ms remaining ; 7 s 925.05 ms total)
Fri Oct 27 11:30:06 2023: Inserted ≈25% of D-proof conclusions. [ 6515427 of 26061711] (ETC: Fri Oct 27 11:30:12 2023 ; 5 s 833.03 ms remaining ; 7 s 777.38 ms total)
Fri Oct 27 11:30:06 2023: Inserted ≈30% of D-proof conclusions. [ 7818513 of 26061711] (ETC: Fri Oct 27 11:30:12 2023 ; 5 s 427.42 ms remaining ; 7 s 753.45 ms total)
Fri Oct 27 11:30:07 2023: Inserted ≈35% of D-proof conclusions. [ 9121598 of 26061711] (ETC: Fri Oct 27 11:30:12 2023 ; 5 s 203.12 ms remaining ; 8 s   4.79 ms total)
Fri Oct 27 11:30:07 2023: Inserted ≈40% of D-proof conclusions. [10424684 of 26061711] (ETC: Fri Oct 27 11:30:12 2023 ; 4 s 773.74 ms remaining ; 7 s 956.24 ms total)
Fri Oct 27 11:30:08 2023: Inserted ≈45% of D-proof conclusions. [11727769 of 26061711] (ETC: Fri Oct 27 11:30:12 2023 ; 4 s 397.72 ms remaining ; 7 s 995.86 ms total)
Fri Oct 27 11:30:08 2023: Inserted ≈50% of D-proof conclusions. [13030855 of 26061711] (ETC: Fri Oct 27 11:30:12 2023 ; 3 s 949.20 ms remaining ; 7 s 898.40 ms total)
Fri Oct 27 11:30:08 2023: Inserted ≈55% of D-proof conclusions. [14333941 of 26061711] (ETC: Fri Oct 27 11:30:12 2023 ; 3 s 561.11 ms remaining ; 7 s 913.57 ms total)
Fri Oct 27 11:30:09 2023: Inserted ≈60% of D-proof conclusions. [15637026 of 26061711] (ETC: Fri Oct 27 11:30:12 2023 ; 3 s 200.06 ms remaining ; 8 s   0.14 ms total)
Fri Oct 27 11:30:09 2023: Inserted ≈65% of D-proof conclusions. [16940112 of 26061711] (ETC: Fri Oct 27 11:30:12 2023 ; 2 s 831.19 ms remaining ; 8 s  89.12 ms total)
Fri Oct 27 11:30:10 2023: Inserted ≈70% of D-proof conclusions. [18243197 of 26061711] (ETC: Fri Oct 27 11:30:12 2023 ; 2 s 468.37 ms remaining ; 8 s 227.91 ms total)
Fri Oct 27 11:30:10 2023: Inserted ≈75% of D-proof conclusions. [19546283 of 26061711] (ETC: Fri Oct 27 11:30:12 2023 ; 2 s  69.68 ms remaining ; 8 s 278.71 ms total)
Fri Oct 27 11:30:11 2023: Inserted ≈80% of D-proof conclusions. [20849368 of 26061711] (ETC: Fri Oct 27 11:30:12 2023 ; 1 s 665.26 ms remaining ; 8 s 326.32 ms total)
Fri Oct 27 11:30:11 2023: Inserted ≈85% of D-proof conclusions. [22152454 of 26061711] (ETC: Fri Oct 27 11:30:12 2023 ; 1 s 254.07 ms remaining ; 8 s 360.46 ms total)
Fri Oct 27 11:30:12 2023: Inserted ≈90% of D-proof conclusions. [23455539 of 26061711] (ETC: Fri Oct 27 11:30:12 2023 ; 841.51 ms remaining ; 8 s 415.13 ms total)
Fri Oct 27 11:30:12 2023: Inserted ≈95% of D-proof conclusions. [24758625 of 26061711] (ETC: Fri Oct 27 11:30:12 2023 ; 421.97 ms remaining ; 8 s 439.48 ms total)
Fri Oct 27 11:30:12 2023: Inserted 100% of D-proof conclusions. [26061711 of 26061711] (ETC: Fri Oct 27 11:30:12 2023 ; 0.00 ms remaining ; 8 s 435.05 ms total)
8435.18 ms (8 s 435.18 ms) total insertion duration.
Fri Oct 27 11:30:12 2023: Starting to iterate D-proof candidates of length 25.
274484.01 ms (4 min 34 s 484.01 ms) taken to iterate 535260845 condensed detachment proof strings of length 25.
[Copy] Next iteration count (filtered): { 25, 535260845 }
Fri Oct 27 11:34:47 2023: Next iteration amount counter complete. [parallel ; 48 hardware thread contexts, unfiltered]
Fri Oct 27 11:35:07 2023: Process terminated. [pid: 181953, tid:22543991797632]
