( This log file was generated by executing 'pmGenerator -c -N -1 -n -s CpCqp,CCpCqrCCpqCpr,CCNpNqCqp,CLpp,CLCpqCLpLq,CNLNpLNLNp --iterate -u' (pmGenerator 1.2, master branch), compiled by 'Intel(R) oneAPI DPC++/C++ Compiler 2022.1.0 (2022.1.0.20220316)'.
  The run was executed on a CLAIX-2018-OPTANE MPI node
  — 2-socket Intel Xeon Gold 6338, 32 cores each (64 cores total per node), 2.0 GHz, 3.20 GHz turbo mode, 512 GiB DDR4-3200 caching for 2 TiB non-volatile memory (NVM) (Intel Optane DC Persistent Memory DIMMs) —
  running Linux, Rocky 8.9.
  The job led to the following output:
   $ sacct --format="JobID,Partition,AllocCPUS,State,ExitCode,Elapsed,MaxRSS"
   JobID         Partition  AllocCPUS      State ExitCode    Elapsed     MaxRSS 
   ------------ ---------- ---------- ---------- -------- ---------- ---------- 
   41374982     optane_low         64  COMPLETED      0:0   07:38:15            
   41374982.ba+                    64  COMPLETED      0:0   07:38:15 912483532K 
   41374982.ex+                    64  COMPLETED      0:0   07:38:15        16K 
  By 912483532 KiB = (912483532 / 1024^2) GiB = 870.212108612060546875 GiB, it used approximately 870.21 gibibytes of memory. )
Thu Dec 14 23:05:01 2023: Process started. [pid: 205739, tid:22468474824576]
Tasks:
1. resetRepresentativesFor("CpCqp,CCpCqrCCpqCpr,CCNpNqCqp,CLpp,CLCpqCLpLq,CNLNpLNLNp", true, 4294967295, true)
2. countNextIterationAmount(false, true)

[Main] Calling resetRepresentativesFor("CpCqp,CCpCqrCCpqCpr,CCNpNqCqp,CLpp,CLCpqCLpLq,CNLNpLNLNp", true, 4294967295, true).
Loaded 6 custom axioms. [SHA-512/224 hash: d03a044ec35d4d9a3f6d0f5118bc4f8a02a08e61fe7815b2002d007f]
(1) C0C1.0              -    CpCqp            -    0\imply(1\imply0)
(2) CC0C1.2CC0.1C0.2    -    CCpCqrCCpqCpr    -    (0\imply(1\imply2))\imply((0\imply1)\imply(0\imply2))
(3) CCN0N1C1.0          -    CCNpNqCqp        -    (\not0\imply\not1)\imply(1\imply0)
(4) CL0.0               -    CLpp             -    \nece0\imply0
(5) CLC0.1CL0L1         -    CLCpqCLpLq       -    \nece(0\imply1)\imply(\nece0\imply\nece1)
(6) CNLN0LNLN0          -    CNLNpLNLNp       -    \not\nece\not0\imply\nece\not\nece\not0
Supports necessitation steps.
[Main] Calling countNextIterationAmount(false, true).
Thu Dec 14 23:05:01 2023: Next iteration amount counter started. [parallel ; 64 hardware thread contexts, unfiltered]
0.01 ms taken to load initial representatives.
15.62 ms taken to read 6 condensed detachment proofs and conclusions from data/d03a044ec35d4d9a3f6d0f5118bc4f8a02a08e61fe7815b2002d007f/dProofs-withConclusions/dProofs2.txt. [tid:22468026672896]
21.02 ms taken to read 17 condensed detachment proofs and conclusions from data/d03a044ec35d4d9a3f6d0f5118bc4f8a02a08e61fe7815b2002d007f/dProofs-withConclusions/dProofs3.txt. [tid:22468024571648]
5.19 ms taken to read 28 condensed detachment proofs and conclusions from data/d03a044ec35d4d9a3f6d0f5118bc4f8a02a08e61fe7815b2002d007f/dProofs-withConclusions/dProofs4.txt. [tid:22468022470400]
7.28 ms taken to read 56 condensed detachment proofs and conclusions from data/d03a044ec35d4d9a3f6d0f5118bc4f8a02a08e61fe7815b2002d007f/dProofs-withConclusions/dProofs5.txt. [tid:22468020369152]
12.43 ms taken to read 89 condensed detachment proofs and conclusions from data/d03a044ec35d4d9a3f6d0f5118bc4f8a02a08e61fe7815b2002d007f/dProofs-withConclusions/dProofs6.txt. [tid:22468018267904]
37.92 ms taken to read 203 condensed detachment proofs and conclusions from data/d03a044ec35d4d9a3f6d0f5118bc4f8a02a08e61fe7815b2002d007f/dProofs-withConclusions/dProofs7.txt. [tid:22467913447168]
6.10 ms taken to read 325 condensed detachment proofs and conclusions from data/d03a044ec35d4d9a3f6d0f5118bc4f8a02a08e61fe7815b2002d007f/dProofs-withConclusions/dProofs8.txt. [tid:22468016166656]
33.88 ms taken to read 666 condensed detachment proofs and conclusions from data/d03a044ec35d4d9a3f6d0f5118bc4f8a02a08e61fe7815b2002d007f/dProofs-withConclusions/dProofs9.txt. [tid:22468014065408]
8.93 ms taken to read 1174 condensed detachment proofs and conclusions from data/d03a044ec35d4d9a3f6d0f5118bc4f8a02a08e61fe7815b2002d007f/dProofs-withConclusions/dProofs10.txt. [tid:22468011964160]
11.98 ms taken to read 2340 condensed detachment proofs and conclusions from data/d03a044ec35d4d9a3f6d0f5118bc4f8a02a08e61fe7815b2002d007f/dProofs-withConclusions/dProofs11.txt. [tid:22468009862912]
24.79 ms taken to read 4106 condensed detachment proofs and conclusions from data/d03a044ec35d4d9a3f6d0f5118bc4f8a02a08e61fe7815b2002d007f/dProofs-withConclusions/dProofs12.txt. [tid:22468007761664]
26.54 ms taken to read 8396 condensed detachment proofs and conclusions from data/d03a044ec35d4d9a3f6d0f5118bc4f8a02a08e61fe7815b2002d007f/dProofs-withConclusions/dProofs13.txt. [tid:22468005660416]
28.13 ms taken to read 15153 condensed detachment proofs and conclusions from data/d03a044ec35d4d9a3f6d0f5118bc4f8a02a08e61fe7815b2002d007f/dProofs-withConclusions/dProofs14.txt. [tid:22468003559168]
84.71 ms taken to read 30340 condensed detachment proofs and conclusions from data/d03a044ec35d4d9a3f6d0f5118bc4f8a02a08e61fe7815b2002d007f/dProofs-withConclusions/dProofs15.txt. [tid:22468001457920]
92.91 ms taken to read 56725 condensed detachment proofs and conclusions from data/d03a044ec35d4d9a3f6d0f5118bc4f8a02a08e61fe7815b2002d007f/dProofs-withConclusions/dProofs16.txt. [tid:22467999356672]
341.30 ms taken to read 113539 condensed detachment proofs and conclusions from data/d03a044ec35d4d9a3f6d0f5118bc4f8a02a08e61fe7815b2002d007f/dProofs-withConclusions/dProofs17.txt. [tid:22467997255424]
1445.17 ms (1 s 445.17 ms) taken to read 214468 condensed detachment proofs and conclusions from data/d03a044ec35d4d9a3f6d0f5118bc4f8a02a08e61fe7815b2002d007f/dProofs-withConclusions/dProofs18.txt. [tid:22467995154176]
2305.29 ms (2 s 305.29 ms) taken to read 431896 condensed detachment proofs and conclusions from data/d03a044ec35d4d9a3f6d0f5118bc4f8a02a08e61fe7815b2002d007f/dProofs-withConclusions/dProofs19.txt. [tid:22467993052928]
5195.17 ms (5 s 195.17 ms) taken to read 829754 condensed detachment proofs and conclusions from data/d03a044ec35d4d9a3f6d0f5118bc4f8a02a08e61fe7815b2002d007f/dProofs-withConclusions/dProofs20.txt. [tid:22467990951680]
2397.16 ms (2 s 397.16 ms) taken to read 1666562 condensed detachment proofs and conclusions from data/d03a044ec35d4d9a3f6d0f5118bc4f8a02a08e61fe7815b2002d007f/dProofs-withConclusions/dProofs21.txt. [tid:22467988850432]
3480.79 ms (3 s 480.79 ms) taken to read 3250922 condensed detachment proofs and conclusions from data/d03a044ec35d4d9a3f6d0f5118bc4f8a02a08e61fe7815b2002d007f/dProofs-withConclusions/dProofs22.txt. [tid:22467986749184]
4806.00 ms (4 s 806.00 ms) taken to read 6547739 condensed detachment proofs and conclusions from data/d03a044ec35d4d9a3f6d0f5118bc4f8a02a08e61fe7815b2002d007f/dProofs-withConclusions/dProofs23.txt. [tid:22467984647936]
6420.76 ms (6 s 420.76 ms) taken to read 12887201 condensed detachment proofs and conclusions from data/d03a044ec35d4d9a3f6d0f5118bc4f8a02a08e61fe7815b2002d007f/dProofs-withConclusions/dProofs24.txt. [tid:22467911345920]
6494.01 ms (6 s 494.01 ms) total read duration.
Loaded 24 representative collections of sizes:
1 : 6
2 : 6
3 : 17
4 : 28
5 : 56
6 : 89
7 : 203
8 : 325
9 : 666
10 : 1174
11 : 2340
12 : 4106
13 : 8396
14 : 15153
15 : 30340
16 : 56725
17 : 113539
18 : 214468
19 : 431896
20 : 829754
21 : 1666562
22 : 3250922
23 : 6547739
24 : 12887201
26061711 representatives in total.
50927.26 ms (50 s 927.26 ms) taken to read 28743307 condensed detachment proofs and conclusions from data/d03a044ec35d4d9a3f6d0f5118bc4f8a02a08e61fe7815b2002d007f/dProofs-withConclusions/dProofs25-unfiltered25+.txt. [tid:22467911345920]
89231.69 ms (1 min 29 s 231.69 ms) taken to read 59305631 condensed detachment proofs and conclusions from data/d03a044ec35d4d9a3f6d0f5118bc4f8a02a08e61fe7815b2002d007f/dProofs-withConclusions/dProofs26-unfiltered25+.txt. [tid:22467984647936]
139575.96 ms (2 min 19 s 575.96 ms) taken to read 128588180 condensed detachment proofs and conclusions from data/d03a044ec35d4d9a3f6d0f5118bc4f8a02a08e61fe7815b2002d007f/dProofs-withConclusions/dProofs27-unfiltered25+.txt. [tid:22467986749184]
231479.51 ms (3 min 51 s 479.51 ms) taken to read 268614600 condensed detachment proofs and conclusions from data/d03a044ec35d4d9a3f6d0f5118bc4f8a02a08e61fe7815b2002d007f/dProofs-withConclusions/dProofs28-unfiltered25+.txt. [tid:22467988850432]
392826.49 ms (6 min 32 s 826.49 ms) taken to read 568393543 condensed detachment proofs and conclusions from data/d03a044ec35d4d9a3f6d0f5118bc4f8a02a08e61fe7815b2002d007f/dProofs-withConclusions/dProofs29-unfiltered25+.txt. [tid:22467990951680]
589108.38 ms (9 min 49 s 108.38 ms) taken to read 1186223457 condensed detachment proofs and conclusions from data/d03a044ec35d4d9a3f6d0f5118bc4f8a02a08e61fe7815b2002d007f/dProofs-withConclusions/dProofs30-unfiltered25+.txt. [tid:22467993052928]
590907.91 ms (9 min 50 s 907.91 ms) additional read duration.
Loaded 6 more representative collections of sizes:
25 : 28743307
26 : 59305631
27 : 128588180
28 : 268614600
29 : 568393543
30 : 1186223457
2265930429 representatives in total.
Thu Dec 14 23:16:48 2023: Inserted ≈ 5% of D-proof conclusions. [ 113296521 of 2265930429] (ETC: Thu Dec 14 23:51:40 2023 ; 34 min 52 s  91.24 ms remaining ; 36 min 42 s 201.31 ms total)
Thu Dec 14 23:18:44 2023: Inserted ≈10% of D-proof conclusions. [ 226593042 of 2265930429] (ETC: Thu Dec 14 23:52:34 2023 ; 33 min 49 s 911.51 ms remaining ; 37 min 35 s 457.23 ms total)
Thu Dec 14 23:20:42 2023: Inserted ≈15% of D-proof conclusions. [ 339889564 of 2265930429] (ETC: Thu Dec 14 23:53:10 2023 ; 32 min 27 s 928.80 ms remaining ; 38 min 11 s 680.94 ms total)
Thu Dec 14 23:22:41 2023: Inserted ≈20% of D-proof conclusions. [ 453186085 of 2265930429] (ETC: Thu Dec 14 23:53:33 2023 ; 30 min 52 s 130.39 ms remaining ; 38 min 35 s 162.98 ms total)
Thu Dec 14 23:24:45 2023: Inserted ≈25% of D-proof conclusions. [ 566482607 of 2265930429] (ETC: Thu Dec 14 23:54:06 2023 ; 29 min 20 s 762.59 ms remaining ; 39 min  7 s 683.46 ms total)
Thu Dec 14 23:26:43 2023: Inserted ≈30% of D-proof conclusions. [ 679779128 of 2265930429] (ETC: Thu Dec 14 23:54:08 2023 ; 27 min 24 s 444.52 ms remaining ; 39 min  9 s 206.46 ms total)
Thu Dec 14 23:28:43 2023: Inserted ≈35% of D-proof conclusions. [ 793075650 of 2265930429] (ETC: Thu Dec 14 23:54:16 2023 ; 25 min 32 s 212.67 ms remaining ; 39 min 17 s 250.26 ms total)
Thu Dec 14 23:30:48 2023: Inserted ≈40% of D-proof conclusions. [ 906372171 of 2265930429] (ETC: Thu Dec 14 23:54:32 2023 ; 23 min 44 s 519.74 ms remaining ; 39 min 34 s 199.57 ms total)
Thu Dec 14 23:32:58 2023: Inserted ≈45% of D-proof conclusions. [1019668693 of 2265930429] (ETC: Thu Dec 14 23:54:58 2023 ; 21 min 59 s 668.96 ms remaining ; 39 min 59 s 398.10 ms total)
Thu Dec 14 23:35:11 2023: Inserted ≈50% of D-proof conclusions. [1132965214 of 2265930429] (ETC: Thu Dec 14 23:55:23 2023 ; 20 min 12 s 511.81 ms remaining ; 40 min 25 s  23.61 ms total)
Thu Dec 14 23:37:12 2023: Inserted ≈55% of D-proof conclusions. [1246261735 of 2265930429] (ETC: Thu Dec 14 23:55:23 2023 ; 18 min 11 s  90.67 ms remaining ; 40 min 24 s 645.93 ms total)
Thu Dec 14 23:39:12 2023: Inserted ≈60% of D-proof conclusions. [1359558257 of 2265930429] (ETC: Thu Dec 14 23:55:21 2023 ; 16 min  9 s   8.12 ms remaining ; 40 min 22 s 520.29 ms total)
Thu Dec 14 23:41:19 2023: Inserted ≈65% of D-proof conclusions. [1472854778 of 2265930429] (ETC: Thu Dec 14 23:55:30 2023 ; 14 min 11 s  50.46 ms remaining ; 40 min 31 s 572.75 ms total)
Thu Dec 14 23:43:26 2023: Inserted ≈70% of D-proof conclusions. [1586151300 of 2265930429] (ETC: Thu Dec 14 23:55:37 2023 ; 12 min 11 s 663.73 ms remaining ; 40 min 38 s 879.10 ms total)
Thu Dec 14 23:45:19 2023: Inserted ≈75% of D-proof conclusions. [1699447821 of 2265930429] (ETC: Thu Dec 14 23:55:26 2023 ; 10 min  6 s 813.15 ms remaining ; 40 min 27 s 252.58 ms total)
Thu Dec 14 23:46:50 2023: Inserted ≈80% of D-proof conclusions. [1812744343 of 2265930429] (ETC: Thu Dec 14 23:54:48 2023 ; 7 min 57 s 925.50 ms remaining ; 39 min 49 s 627.52 ms total)
Thu Dec 14 23:48:33 2023: Inserted ≈85% of D-proof conclusions. [1926040864 of 2265930429] (ETC: Thu Dec 14 23:54:28 2023 ; 5 min 55 s 507.82 ms remaining ; 39 min 30 s  52.14 ms total)
Thu Dec 14 23:50:38 2023: Inserted ≈90% of D-proof conclusions. [2039337386 of 2265930429] (ETC: Thu Dec 14 23:54:36 2023 ; 3 min 57 s 797.88 ms remaining ; 39 min 37 s 978.77 ms total)
Thu Dec 14 23:53:01 2023: Inserted ≈95% of D-proof conclusions. [2152633907 of 2265930429] (ETC: Thu Dec 14 23:55:01 2023 ; 2 min      155.72 ms remaining ; 40 min  3 s 114.39 ms total)
Thu Dec 14 23:55:06 2023: Inserted 100% of D-proof conclusions. [2265930429 of 2265930429] (ETC: Thu Dec 14 23:55:06 2023 ; 0.00 ms remaining ; 40 min  8 s 132.33 ms total)
2408133.68 ms (40 min 8 s 133.68 ms) total insertion duration.
Thu Dec 14 23:55:07 2023: Starting to iterate D-proof candidates of length 31.
21240464.00 ms (5 h 54 min 464.00 ms) taken to iterate 41704865935 condensed detachment proof strings of length 31.
[Copy] Next iteration count (unfiltered25+): { 31, 41704865935 }
Fri Dec 15 05:49:07 2023: Next iteration amount counter complete. [parallel ; 64 hardware thread contexts, unfiltered]
Fri Dec 15 06:42:20 2023: Process terminated. [pid: 205739, tid:22468474824576]
