( This log file was generated by 'pmGenerator 1.2' (master branch), compiled by 'Intel(R) oneAPI DPC++/C++ Compiler 2022.1.0 (2022.1.0.20220316)'.
  The run was executed on a CLAIX-2018-OPTANE MPI node
  — 2-socket Intel Xeon Gold 6338, 32 cores each (64 cores total per node), 2.0 GHz, 3.20 GHz turbo mode, 512 GiB DDR4-3200 caching for 2 TiB non-volatile memory (NVM) (Intel Optane DC Persistent Memory DIMMs) —
  running Linux, Rocky 8.8.
  Wall-clock time:   31.217222… h
  CPU utilization: 1997.90222… core-h )
Wed Nov 15 09:58:15 2023: Process started. [pid: 10118, tid:22520894445440]
Tasks:
1. resetRepresentativesFor("CCCpqCCCNrNsrtCCtpCsp", true, 0, true)
2. generateDProofRepresentativeFiles(91, false, true)

[Main] Calling resetRepresentativesFor("CCCpqCCCNrNsrtCCtpCsp", true, 0, true).
Loaded 1 custom axioms. [SHA-512/224 hash: 7f473b6ba952b3deadf36cd7f1c4b5286ef32fef64808d14fff70a69]
(1) CCC0.1CCCN2N3.2.4CC4.0C3.0    -    CCCpqCCCNrNsrtCCtpCsp    -    ((0\imply1)\imply(((\not2\imply\not3)\imply2)\imply4))\imply((4\imply0)\imply(3\imply0))
[Main] Calling generateDProofRepresentativeFiles(91, false, true).
Wed Nov 15 09:58:15 2023: Limited D-proof representative generator started. [parallel ; 64 hardware thread contexts, limit: 91, unfiltered]
0.01 ms taken to load initial representatives.
10.12 ms taken to read 1 condensed detachment proof and conclusion from data/7f473b6ba952b3deadf36cd7f1c4b5286ef32fef64808d14fff70a69/dProofs-withConclusions/dProofs3.txt. [tid:22520834197248]
10.90 ms taken to read 2 condensed detachment proofs and conclusions from data/7f473b6ba952b3deadf36cd7f1c4b5286ef32fef64808d14fff70a69/dProofs-withConclusions/dProofs5.txt. [tid:22520832096000]
21.18 ms taken to read 3 condensed detachment proofs and conclusions from data/7f473b6ba952b3deadf36cd7f1c4b5286ef32fef64808d14fff70a69/dProofs-withConclusions/dProofs7.txt. [tid:22520829994752]
17.27 ms taken to read 6 condensed detachment proofs and conclusions from data/7f473b6ba952b3deadf36cd7f1c4b5286ef32fef64808d14fff70a69/dProofs-withConclusions/dProofs9.txt. [tid:22520827893504]
18.28 ms taken to read 7 condensed detachment proofs and conclusions from data/7f473b6ba952b3deadf36cd7f1c4b5286ef32fef64808d14fff70a69/dProofs-withConclusions/dProofs11.txt. [tid:22520825792256]
13.70 ms taken to read 12 condensed detachment proofs and conclusions from data/7f473b6ba952b3deadf36cd7f1c4b5286ef32fef64808d14fff70a69/dProofs-withConclusions/dProofs13.txt. [tid:22520689473280]
15.57 ms taken to read 15 condensed detachment proofs and conclusions from data/7f473b6ba952b3deadf36cd7f1c4b5286ef32fef64808d14fff70a69/dProofs-withConclusions/dProofs15.txt. [tid:22520823691008]
13.39 ms taken to read 23 condensed detachment proofs and conclusions from data/7f473b6ba952b3deadf36cd7f1c4b5286ef32fef64808d14fff70a69/dProofs-withConclusions/dProofs17.txt. [tid:22520821589760]
14.93 ms taken to read 36 condensed detachment proofs and conclusions from data/7f473b6ba952b3deadf36cd7f1c4b5286ef32fef64808d14fff70a69/dProofs-withConclusions/dProofs19.txt. [tid:22520819488512]
15.37 ms taken to read 61 condensed detachment proofs and conclusions from data/7f473b6ba952b3deadf36cd7f1c4b5286ef32fef64808d14fff70a69/dProofs-withConclusions/dProofs21.txt. [tid:22520817387264]
29.83 ms taken to read 99 condensed detachment proofs and conclusions from data/7f473b6ba952b3deadf36cd7f1c4b5286ef32fef64808d14fff70a69/dProofs-withConclusions/dProofs23.txt. [tid:22520815286016]
18.05 ms taken to read 152 condensed detachment proofs and conclusions from data/7f473b6ba952b3deadf36cd7f1c4b5286ef32fef64808d14fff70a69/dProofs-withConclusions/dProofs25.txt. [tid:22520813184768]
41.57 ms taken to read 214 condensed detachment proofs and conclusions from data/7f473b6ba952b3deadf36cd7f1c4b5286ef32fef64808d14fff70a69/dProofs-withConclusions/dProofs27.txt. [tid:22520811083520]
23.45 ms taken to read 299 condensed detachment proofs and conclusions from data/7f473b6ba952b3deadf36cd7f1c4b5286ef32fef64808d14fff70a69/dProofs-withConclusions/dProofs29.txt. [tid:22520808982272]
24.72 ms taken to read 400 condensed detachment proofs and conclusions from data/7f473b6ba952b3deadf36cd7f1c4b5286ef32fef64808d14fff70a69/dProofs-withConclusions/dProofs31.txt. [tid:22520806881024]
26.28 ms taken to read 560 condensed detachment proofs and conclusions from data/7f473b6ba952b3deadf36cd7f1c4b5286ef32fef64808d14fff70a69/dProofs-withConclusions/dProofs33.txt. [tid:22520804779776]
31.00 ms taken to read 797 condensed detachment proofs and conclusions from data/7f473b6ba952b3deadf36cd7f1c4b5286ef32fef64808d14fff70a69/dProofs-withConclusions/dProofs35.txt. [tid:22520802678528]
30.08 ms taken to read 1162 condensed detachment proofs and conclusions from data/7f473b6ba952b3deadf36cd7f1c4b5286ef32fef64808d14fff70a69/dProofs-withConclusions/dProofs37.txt. [tid:22520800577280]
57.99 ms taken to read 1706 condensed detachment proofs and conclusions from data/7f473b6ba952b3deadf36cd7f1c4b5286ef32fef64808d14fff70a69/dProofs-withConclusions/dProofs39.txt. [tid:22520798476032]
35.74 ms taken to read 2502 condensed detachment proofs and conclusions from data/7f473b6ba952b3deadf36cd7f1c4b5286ef32fef64808d14fff70a69/dProofs-withConclusions/dProofs41.txt. [tid:22520728123136]
45.19 ms taken to read 3673 condensed detachment proofs and conclusions from data/7f473b6ba952b3deadf36cd7f1c4b5286ef32fef64808d14fff70a69/dProofs-withConclusions/dProofs43.txt. [tid:22520726021888]
234.11 ms taken to read 5333 condensed detachment proofs and conclusions from data/7f473b6ba952b3deadf36cd7f1c4b5286ef32fef64808d14fff70a69/dProofs-withConclusions/dProofs45.txt. [tid:22520723920640]
99.15 ms taken to read 7756 condensed detachment proofs and conclusions from data/7f473b6ba952b3deadf36cd7f1c4b5286ef32fef64808d14fff70a69/dProofs-withConclusions/dProofs47.txt. [tid:22520721819392]
65.41 ms taken to read 11285 condensed detachment proofs and conclusions from data/7f473b6ba952b3deadf36cd7f1c4b5286ef32fef64808d14fff70a69/dProofs-withConclusions/dProofs49.txt. [tid:22520719718144]
450.12 ms taken to read 16457 condensed detachment proofs and conclusions from data/7f473b6ba952b3deadf36cd7f1c4b5286ef32fef64808d14fff70a69/dProofs-withConclusions/dProofs51.txt. [tid:22520717616896]
623.35 ms taken to read 24156 condensed detachment proofs and conclusions from data/7f473b6ba952b3deadf36cd7f1c4b5286ef32fef64808d14fff70a69/dProofs-withConclusions/dProofs53.txt. [tid:22520715515648]
688.16 ms taken to read 35569 condensed detachment proofs and conclusions from data/7f473b6ba952b3deadf36cd7f1c4b5286ef32fef64808d14fff70a69/dProofs-withConclusions/dProofs55.txt. [tid:22520713414400]
641.85 ms taken to read 52769 condensed detachment proofs and conclusions from data/7f473b6ba952b3deadf36cd7f1c4b5286ef32fef64808d14fff70a69/dProofs-withConclusions/dProofs57.txt. [tid:22520711313152]
1084.39 ms (1 s 84.39 ms) taken to read 78319 condensed detachment proofs and conclusions from data/7f473b6ba952b3deadf36cd7f1c4b5286ef32fef64808d14fff70a69/dProofs-withConclusions/dProofs59.txt. [tid:22520709211904]
1415.87 ms (1 s 415.87 ms) taken to read 116867 condensed detachment proofs and conclusions from data/7f473b6ba952b3deadf36cd7f1c4b5286ef32fef64808d14fff70a69/dProofs-withConclusions/dProofs61.txt. [tid:22520707110656]
4370.77 ms (4 s 370.77 ms) taken to read 174207 condensed detachment proofs and conclusions from data/7f473b6ba952b3deadf36cd7f1c4b5286ef32fef64808d14fff70a69/dProofs-withConclusions/dProofs63.txt. [tid:22520705009408]
7080.14 ms (7 s 80.14 ms) taken to read 260535 condensed detachment proofs and conclusions from data/7f473b6ba952b3deadf36cd7f1c4b5286ef32fef64808d14fff70a69/dProofs-withConclusions/dProofs65.txt. [tid:22520702908160]
2679.83 ms (2 s 679.83 ms) taken to read 389264 condensed detachment proofs and conclusions from data/7f473b6ba952b3deadf36cd7f1c4b5286ef32fef64808d14fff70a69/dProofs-withConclusions/dProofs67.txt. [tid:22520700806912]
4630.66 ms (4 s 630.66 ms) taken to read 582969 condensed detachment proofs and conclusions from data/7f473b6ba952b3deadf36cd7f1c4b5286ef32fef64808d14fff70a69/dProofs-withConclusions/dProofs69.txt. [tid:22520698705664]
3950.00 ms (3 s 950.00 ms) taken to read 872258 condensed detachment proofs and conclusions from data/7f473b6ba952b3deadf36cd7f1c4b5286ef32fef64808d14fff70a69/dProofs-withConclusions/dProofs71.txt. [tid:22520696604416]
5198.22 ms (5 s 198.22 ms) taken to read 1307863 condensed detachment proofs and conclusions from data/7f473b6ba952b3deadf36cd7f1c4b5286ef32fef64808d14fff70a69/dProofs-withConclusions/dProofs73.txt. [tid:22520694503168]
5908.15 ms (5 s 908.15 ms) taken to read 1959086 condensed detachment proofs and conclusions from data/7f473b6ba952b3deadf36cd7f1c4b5286ef32fef64808d14fff70a69/dProofs-withConclusions/dProofs75.txt. [tid:22520692401920]
7159.67 ms (7 s 159.67 ms) taken to read 2940441 condensed detachment proofs and conclusions from data/7f473b6ba952b3deadf36cd7f1c4b5286ef32fef64808d14fff70a69/dProofs-withConclusions/dProofs77.txt. [tid:22520687372032]
7466.72 ms (7 s 466.72 ms) taken to read 4409199 condensed detachment proofs and conclusions from data/7f473b6ba952b3deadf36cd7f1c4b5286ef32fef64808d14fff70a69/dProofs-withConclusions/dProofs79.txt. [tid:22520685270784]
8263.58 ms (8 s 263.58 ms) taken to read 6623647 condensed detachment proofs and conclusions from data/7f473b6ba952b3deadf36cd7f1c4b5286ef32fef64808d14fff70a69/dProofs-withConclusions/dProofs81.txt. [tid:22520683169536]
8348.71 ms (8 s 348.71 ms) total read duration.
Loaded 41 representative collections of sizes:
1 : 1
3 : 1
5 : 2
7 : 3
9 : 6
11 : 7
13 : 12
15 : 15
17 : 23
19 : 36
21 : 61
23 : 99
25 : 152
27 : 214
29 : 299
31 : 400
33 : 560
35 : 797
37 : 1162
39 : 1706
41 : 2502
43 : 3673
45 : 5333
47 : 7756
49 : 11285
51 : 16457
53 : 24156
55 : 35569
57 : 52769
59 : 78319
61 : 116867
63 : 174207
65 : 260535
67 : 389264
69 : 582969
71 : 872258
73 : 1307863
75 : 1959086
77 : 2940441
79 : 4409199
81 : 6623647
19879711 representatives in total.
30056.49 ms (30 s 56.49 ms) taken to read 22730041 condensed detachment proofs and conclusions from data/7f473b6ba952b3deadf36cd7f1c4b5286ef32fef64808d14fff70a69/dProofs-withConclusions/dProofs83-unfiltered83+.txt. [tid:22520683169536]
47352.12 ms (47 s 352.12 ms) taken to read 38726684 condensed detachment proofs and conclusions from data/7f473b6ba952b3deadf36cd7f1c4b5286ef32fef64808d14fff70a69/dProofs-withConclusions/dProofs85-unfiltered83+.txt. [tid:22520685270784]
67465.79 ms (1 min 7 s 465.79 ms) taken to read 62716073 condensed detachment proofs and conclusions from data/7f473b6ba952b3deadf36cd7f1c4b5286ef32fef64808d14fff70a69/dProofs-withConclusions/dProofs87-unfiltered83+.txt. [tid:22520687372032]
89997.06 ms (1 min 29 s 997.06 ms) taken to read 101227436 condensed detachment proofs and conclusions from data/7f473b6ba952b3deadf36cd7f1c4b5286ef32fef64808d14fff70a69/dProofs-withConclusions/dProofs89-unfiltered83+.txt. [tid:22520692401920]
90007.69 ms (1 min 30 s 7.69 ms) additional read duration.
Loaded 4 more representative collections of sizes:
83 : 22730041
85 : 38726684
87 : 62716073
89 : 101227436
245279945 representatives in total.
Wed Nov 15 10:00:11 2023: Inserted ≈ 5% of D-proof conclusions. [ 12263997 of 245279945] (ETC: Wed Nov 15 10:05:42 2023 ; 5 min 30 s 360.72 ms remaining ; 5 min 47 s 748.13 ms total)
Wed Nov 15 10:00:29 2023: Inserted ≈10% of D-proof conclusions. [ 24527994 of 245279945] (ETC: Wed Nov 15 10:05:47 2023 ; 5 min 17 s 380.45 ms remaining ; 5 min 52 s 644.95 ms total)
Wed Nov 15 10:00:43 2023: Inserted ≈15% of D-proof conclusions. [ 36791991 of 245279945] (ETC: Wed Nov 15 10:05:24 2023 ; 4 min 40 s 604.72 ms remaining ; 5 min 30 s 123.20 ms total)
Wed Nov 15 10:00:58 2023: Inserted ≈20% of D-proof conclusions. [ 49055989 of 245279945] (ETC: Wed Nov 15 10:05:13 2023 ; 4 min 15 s 454.80 ms remaining ; 5 min 19 s 318.50 ms total)
Wed Nov 15 10:01:15 2023: Inserted ≈25% of D-proof conclusions. [ 61319986 of 245279945] (ETC: Wed Nov 15 10:05:17 2023 ; 4 min  2 s 522.52 ms remaining ; 5 min 23 s 363.37 ms total)
Wed Nov 15 10:01:33 2023: Inserted ≈30% of D-proof conclusions. [ 73583983 of 245279945] (ETC: Wed Nov 15 10:05:24 2023 ; 3 min 50 s 917.97 ms remaining ; 5 min 29 s 882.81 ms total)
Wed Nov 15 10:01:54 2023: Inserted ≈35% of D-proof conclusions. [ 85847980 of 245279945] (ETC: Wed Nov 15 10:05:37 2023 ; 3 min 43 s 181.86 ms remaining ; 5 min 43 s 356.70 ms total)
Wed Nov 15 10:02:13 2023: Inserted ≈40% of D-proof conclusions. [ 98111978 of 245279945] (ETC: Wed Nov 15 10:05:42 2023 ; 3 min 28 s 759.33 ms remaining ; 5 min 47 s 932.22 ms total)
Wed Nov 15 10:02:33 2023: Inserted ≈45% of D-proof conclusions. [110375975 of 245279945] (ETC: Wed Nov 15 10:05:47 2023 ; 3 min 14 s 263.14 ms remaining ; 5 min 53 s 205.71 ms total)
Wed Nov 15 10:02:55 2023: Inserted ≈50% of D-proof conclusions. [122639972 of 245279945] (ETC: Wed Nov 15 10:05:55 2023 ; 3 min      704.19 ms remaining ; 6 min  1 s 408.38 ms total)
Wed Nov 15 10:03:17 2023: Inserted ≈55% of D-proof conclusions. [134903969 of 245279945] (ETC: Wed Nov 15 10:06:03 2023 ; 2 min 45 s 975.55 ms remaining ; 6 min  8 s 834.56 ms total)
Wed Nov 15 10:03:36 2023: Inserted ≈60% of D-proof conclusions. [147167967 of 245279945] (ETC: Wed Nov 15 10:06:05 2023 ; 2 min 28 s 333.69 ms remaining ; 6 min 10 s 834.24 ms total)
Wed Nov 15 10:03:52 2023: Inserted ≈65% of D-proof conclusions. [159431964 of 245279945] (ETC: Wed Nov 15 10:06:00 2023 ; 2 min  8 s 176.57 ms remaining ; 6 min  6 s 218.76 ms total)
Wed Nov 15 10:04:09 2023: Inserted ≈70% of D-proof conclusions. [171695961 of 245279945] (ETC: Wed Nov 15 10:05:58 2023 ; 1 min 49 s 211.46 ms remaining ; 6 min  4 s  38.20 ms total)
Wed Nov 15 10:04:27 2023: Inserted ≈75% of D-proof conclusions. [183959958 of 245279945] (ETC: Wed Nov 15 10:05:58 2023 ; 1 min 31 s  58.84 ms remaining ; 6 min  4 s 235.36 ms total)
Wed Nov 15 10:04:47 2023: Inserted ≈80% of D-proof conclusions. [196223956 of 245279945] (ETC: Wed Nov 15 10:06:00 2023 ; 1 min 13 s 247.43 ms remaining ; 6 min  6 s 237.15 ms total)
Wed Nov 15 10:05:08 2023: Inserted ≈85% of D-proof conclusions. [208487953 of 245279945] (ETC: Wed Nov 15 10:06:03 2023 ; 55 s 430.66 ms remaining ; 6 min  9 s 537.75 ms total)
Wed Nov 15 10:05:33 2023: Inserted ≈90% of D-proof conclusions. [220751950 of 245279945] (ETC: Wed Nov 15 10:06:10 2023 ; 37 s 651.67 ms remaining ; 6 min 16 s 516.71 ms total)
Wed Nov 15 10:05:58 2023: Inserted ≈95% of D-proof conclusions. [233015947 of 245279945] (ETC: Wed Nov 15 10:06:17 2023 ; 19 s 177.37 ms remaining ; 6 min 23 s 547.45 ms total)
Wed Nov 15 10:06:31 2023: Inserted 100% of D-proof conclusions. [245279945 of 245279945] (ETC: Wed Nov 15 10:06:31 2023 ; 0.00 ms remaining ; 6 min 36 s 867.16 ms total)
396868.54 ms (6 min 36 s 868.54 ms) total insertion duration.
Known iteration count loaded from 91:1817170079.
Wed Nov 15 10:06:31 2023: Starting to generate D-proof representatives of length 91.
Wed Nov 15 11:05:07 2023: Iterated ≈ 2% of D-proof candidates. [  36343401 of 1817170079] (ETC: Fri Nov 17 10:56:58 2023 ; 1 d 23 h 51 min 50 s 855.15 ms remaining ; 2 d      50 min 27 s 403.16 ms total)
Wed Nov 15 11:51:44 2023: Iterated ≈ 4% of D-proof candidates. [  72686803 of 1817170079] (ETC: Fri Nov 17 05:56:52 2023 ; 1 d 18 h  5 min  8 s 237.03 ms remaining ; 1 d 19 h 50 min 21 s  80.22 ms total)
Wed Nov 15 12:42:39 2023: Iterated ≈ 6% of D-proof candidates. [ 109030204 of 1817170079] (ETC: Fri Nov 17 05:28:52 2023 ; 1 d 16 h 46 min 12 s 820.60 ms remaining ; 1 d 19 h 22 min 21 s 298.44 ms total)
Wed Nov 15 13:38:13 2023: Iterated ≈ 8% of D-proof candidates. [ 145373606 of 1817170079] (ETC: Fri Nov 17 06:12:50 2023 ; 1 d 16 h 34 min 36 s 561.63 ms remaining ; 1 d 20 h  6 min 18 s 871.31 ms total)
Wed Nov 15 14:23:15 2023: Iterated ≈10% of D-proof candidates. [ 181717007 of 1817170079] (ETC: Fri Nov 17 04:53:55 2023 ; 1 d 14 h 30 min 40 s  13.00 ms remaining ; 1 d 18 h 47 min 24 s 458.80 ms total)
Wed Nov 15 15:16:28 2023: Iterated ≈12% of D-proof candidates. [ 218060409 of 1817170079] (ETC: Fri Nov 17 05:09:28 2023 ; 1 d 13 h 52 min 59 s 963.37 ms remaining ; 1 d 19 h  2 min 57 s 231.06 ms total)
Wed Nov 15 16:06:29 2023: Iterated ≈14% of D-proof candidates. [ 254403811 of 1817170079] (ETC: Fri Nov 17 04:57:46 2023 ; 1 d 12 h 51 min 16 s 683.84 ms remaining ; 1 d 18 h 51 min 15 s 213.76 ms total)
Wed Nov 15 16:53:04 2023: Iterated ≈16% of D-proof candidates. [ 290747212 of 1817170079] (ETC: Fri Nov 17 04:27:30 2023 ; 1 d 11 h 34 min 25 s 943.98 ms remaining ; 1 d 18 h 20 min 59 s 457.06 ms total)
Wed Nov 15 17:30:49 2023: Iterated ≈18% of D-proof candidates. [ 327090614 of 1817170079] (ETC: Fri Nov 17 03:14:53 2023 ; 1 d  9 h 44 min  3 s 953.63 ms remaining ; 1 d 17 h  8 min 22 s 382.45 ms total)
Wed Nov 15 18:12:08 2023: Iterated ≈20% of D-proof candidates. [ 363434015 of 1817170079] (ETC: Fri Nov 17 02:34:38 2023 ; 1 d  8 h 22 min 29 s 459.17 ms remaining ; 1 d 16 h 28 min  6 s 823.88 ms total)
Wed Nov 15 18:54:31 2023: Iterated ≈22% of D-proof candidates. [ 399777417 of 1817170079] (ETC: Fri Nov 17 02:06:30 2023 ; 1 d  7 h 11 min 59 s 697.00 ms remaining ; 1 d 15 h 59 min 59 s 611.50 ms total)
Wed Nov 15 19:36:34 2023: Iterated ≈24% of D-proof candidates. [ 436120818 of 1817170079] (ETC: Fri Nov 17 01:41:44 2023 ; 1 d  6 h  5 min 10 s 338.73 ms remaining ; 1 d 15 h 35 min 13 s 603.49 ms total)
Wed Nov 15 20:12:20 2023: Iterated ≈26% of D-proof candidates. [ 472464220 of 1817170079] (ETC: Fri Nov 17 00:56:34 2023 ; 1 d  4 h 44 min 14 s 250.71 ms remaining ; 1 d 14 h 50 min  3 s  41.44 ms total)
Wed Nov 15 20:49:15 2023: Iterated ≈28% of D-proof candidates. [ 508807622 of 1817170079] (ETC: Fri Nov 17 00:21:59 2023 ; 1 d  3 h 32 min 44 s 513.27 ms remaining ; 1 d 14 h 15 min 28 s 490.64 ms total)
Wed Nov 15 21:26:20 2023: Iterated ≈30% of D-proof candidates. [ 545151023 of 1817170079] (ETC: Thu Nov 16 23:52:36 2023 ; 1 d  2 h 26 min 15 s 429.51 ms remaining ; 1 d 13 h 46 min  4 s 899.23 ms total)
Wed Nov 15 22:03:05 2023: Iterated ≈32% of D-proof candidates. [ 581494425 of 1817170079] (ETC: Thu Nov 16 23:25:47 2023 ; 1 d  1 h 22 min 42 s 544.98 ms remaining ; 1 d 13 h 19 min 16 s 683.76 ms total)
Wed Nov 15 22:36:16 2023: Iterated ≈34% of D-proof candidates. [ 617837826 of 1817170079] (ETC: Thu Nov 16 22:51:40 2023 ; 1 d      15 min 24 s 322.73 ms remaining ; 1 d 12 h 45 min  9 s 579.80 ms total)
Wed Nov 15 23:09:48 2023: Iterated ≈36% of D-proof candidates. [ 654181228 of 1817170079] (ETC: Thu Nov 16 22:22:17 2023 ; 23 h 12 min 29 s 870.06 ms remaining ; 1 d 12 h 15 min 46 s 671.92 ms total)
Wed Nov 15 23:42:30 2023: Iterated ≈38% of D-proof candidates. [ 690524630 of 1817170079] (ETC: Thu Nov 16 21:53:51 2023 ; 22 h 11 min 20 s 762.17 ms remaining ; 1 d 11 h 47 min 19 s 938.98 ms total)
Thu Nov 16 00:15:27 2023: Iterated ≈40% of D-proof candidates. [ 726868031 of 1817170079] (ETC: Thu Nov 16 21:28:50 2023 ; 21 h 13 min 23 s 794.23 ms remaining ; 1 d 11 h 22 min 19 s 656.98 ms total)
Thu Nov 16 00:48:23 2023: Iterated ≈42% of D-proof candidates. [ 763211433 of 1817170079] (ETC: Thu Nov 16 21:06:12 2023 ; 20 h 17 min 48 s 923.36 ms remaining ; 1 d 10 h 59 min 40 s 902.32 ms total)
Thu Nov 16 01:21:44 2023: Iterated ≈44% of D-proof candidates. [ 799554834 of 1817170079] (ETC: Thu Nov 16 20:46:33 2023 ; 19 h 24 min 49 s  32.12 ms remaining ; 1 d 10 h 40 min  1 s 842.98 ms total)
Thu Nov 16 01:54:43 2023: Iterated ≈46% of D-proof candidates. [ 835898236 of 1817170079] (ETC: Thu Nov 16 20:27:50 2023 ; 18 h 33 min  6 s 916.30 ms remaining ; 1 d 10 h 21 min 19 s 474.58 ms total)
Thu Nov 16 02:27:59 2023: Iterated ≈48% of D-proof candidates. [ 872241637 of 1817170079] (ETC: Thu Nov 16 20:11:15 2023 ; 17 h 43 min 15 s 550.95 ms remaining ; 1 d 10 h  4 min 43 s 751.72 ms total)
Thu Nov 16 03:01:41 2023: Iterated ≈50% of D-proof candidates. [ 908585039 of 1817170079] (ETC: Thu Nov 16 19:56:51 2023 ; 16 h 55 min 10 s 180.77 ms remaining ; 1 d  9 h 50 min 20 s 361.48 ms total)
Thu Nov 16 03:34:46 2023: Iterated ≈52% of D-proof candidates. [ 944928441 of 1817170079] (ETC: Thu Nov 16 19:42:24 2023 ; 16 h  7 min 37 s 524.00 ms remaining ; 1 d  9 h 35 min 53 s 174.99 ms total)
Thu Nov 16 04:07:11 2023: Iterated ≈54% of D-proof candidates. [ 981271842 of 1817170079] (ETC: Thu Nov 16 19:27:45 2023 ; 15 h 20 min 34 s 108.03 ms remaining ; 1 d  9 h 21 min 14 s 147.80 ms total)
Thu Nov 16 04:39:36 2023: Iterated ≈56% of D-proof candidates. [1017615244 of 1817170079] (ETC: Thu Nov 16 19:14:09 2023 ; 14 h 34 min 33 s 831.46 ms remaining ; 1 d  9 h  7 min 38 s 707.82 ms total)
Thu Nov 16 05:11:32 2023: Iterated ≈58% of D-proof candidates. [1053958645 of 1817170079] (ETC: Thu Nov 16 19:00:41 2023 ; 13 h 49 min  8 s 961.64 ms remaining ; 1 d  8 h 54 min  9 s 908.55 ms total)
Thu Nov 16 05:43:37 2023: Iterated ≈60% of D-proof candidates. [1090302047 of 1817170079] (ETC: Thu Nov 16 18:48:21 2023 ; 13 h  4 min 44 s  44.33 ms remaining ; 1 d  8 h 41 min 50 s 110.76 ms total)
Thu Nov 16 06:15:10 2023: Iterated ≈62% of D-proof candidates. [1126645448 of 1817170079] (ETC: Thu Nov 16 18:35:57 2023 ; 12 h 20 min 47 s 232.58 ms remaining ; 1 d  8 h 29 min 26 s 401.35 ms total)
Thu Nov 16 06:47:10 2023: Iterated ≈64% of D-proof candidates. [1162988850 of 1817170079] (ETC: Thu Nov 16 18:25:01 2023 ; 11 h 37 min 51 s 821.91 ms remaining ; 1 d  8 h 18 min 30 s 616.32 ms total)
Thu Nov 16 07:18:38 2023: Iterated ≈66% of D-proof candidates. [1199332252 of 1817170079] (ETC: Thu Nov 16 18:13:58 2023 ; 10 h 55 min 20 s 223.56 ms remaining ; 1 d  8 h  7 min 27 s 716.32 ms total)
Thu Nov 16 07:50:39 2023: Iterated ≈68% of D-proof candidates. [1235675653 of 1817170079] (ETC: Thu Nov 16 18:04:22 2023 ; 10 h 13 min 42 s 765.68 ms remaining ; 1 d  7 h 57 min 51 s 142.62 ms total)
Thu Nov 16 08:22:30 2023: Iterated ≈70% of D-proof candidates. [1272019055 of 1817170079] (ETC: Thu Nov 16 17:55:04 2023 ; 9 h 32 min 34 s 116.38 ms remaining ; 1 d  7 h 48 min 33 s 721.19 ms total)
Thu Nov 16 08:54:43 2023: Iterated ≈72% of D-proof candidates. [1308362456 of 1817170079] (ETC: Thu Nov 16 17:46:48 2023 ; 8 h 52 min  4 s 803.01 ms remaining ; 1 d  7 h 40 min 17 s 153.40 ms total)
Thu Nov 16 09:26:44 2023: Iterated ≈74% of D-proof candidates. [1344705858 of 1817170079] (ETC: Thu Nov 16 17:38:43 2023 ; 8 h 11 min 58 s 255.67 ms remaining ; 1 d  7 h 32 min 11 s 752.47 ms total)
Thu Nov 16 09:58:48 2023: Iterated ≈76% of D-proof candidates. [1381049260 of 1817170079] (ETC: Thu Nov 16 17:31:06 2023 ; 7 h 32 min 18 s  42.93 ms remaining ; 1 d  7 h 24 min 35 s 178.87 ms total)
Thu Nov 16 10:31:05 2023: Iterated ≈78% of D-proof candidates. [1417392661 of 1817170079] (ETC: Thu Nov 16 17:24:10 2023 ; 6 h 53 min  4 s 926.08 ms remaining ; 1 d  7 h 17 min 38 s 754.72 ms total)
Thu Nov 16 11:03:30 2023: Iterated ≈80% of D-proof candidates. [1453736063 of 1817170079] (ETC: Thu Nov 16 17:17:45 2023 ; 6 h 14 min 14 s 906.70 ms remaining ; 1 d  7 h 11 min 14 s 533.46 ms total)
Thu Nov 16 11:35:58 2023: Iterated ≈82% of D-proof candidates. [1490079464 of 1817170079] (ETC: Thu Nov 16 17:11:42 2023 ; 5 h 35 min 43 s 968.61 ms remaining ; 1 d  7 h  5 min 10 s 936.43 ms total)
Thu Nov 16 12:08:19 2023: Iterated ≈84% of D-proof candidates. [1526422866 of 1817170079] (ETC: Thu Nov 16 17:05:48 2023 ; 4 h 57 min 29 s 191.41 ms remaining ; 1 d  6 h 59 min 17 s 446.18 ms total)
Thu Nov 16 12:40:50 2023: Iterated ≈86% of D-proof candidates. [1562766267 of 1817170079] (ETC: Thu Nov 16 17:00:22 2023 ; 4 h 19 min 32 s 408.76 ms remaining ; 1 d  6 h 53 min 51 s 490.76 ms total)
Thu Nov 16 13:13:08 2023: Iterated ≈88% of D-proof candidates. [1599109669 of 1817170079] (ETC: Thu Nov 16 16:54:57 2023 ; 3 h 41 min 48 s 727.38 ms remaining ; 1 d  6 h 48 min 26 s  61.24 ms total)
Thu Nov 16 13:45:42 2023: Iterated ≈90% of D-proof candidates. [1635453071 of 1817170079] (ETC: Thu Nov 16 16:50:03 2023 ; 3 h  4 min 21 s 201.18 ms remaining ; 1 d  6 h 43 min 32 s  11.73 ms total)
Thu Nov 16 14:18:02 2023: Iterated ≈92% of D-proof candidates. [1671796472 of 1817170079] (ETC: Thu Nov 16 16:45:08 2023 ; 2 h 27 min  5 s 347.50 ms remaining ; 1 d  6 h 38 min 36 s 843.30 ms total)
Thu Nov 16 14:50:13 2023: Iterated ≈94% of D-proof candidates. [1708139874 of 1817170079] (ETC: Thu Nov 16 16:40:14 2023 ; 1 h 50 min  1 s 414.26 ms remaining ; 1 d  6 h 33 min 43 s 570.77 ms total)
Thu Nov 16 15:22:21 2023: Iterated ≈96% of D-proof candidates. [1744483275 of 1817170079] (ETC: Thu Nov 16 16:35:30 2023 ; 1 h 13 min  9 s 582.46 ms remaining ; 1 d  6 h 28 min 59 s 560.18 ms total)
Thu Nov 16 15:54:32 2023: Iterated ≈98% of D-proof candidates. [1780826677 of 1817170079] (ETC: Thu Nov 16 16:31:02 2023 ; 36 min 29 s 416.98 ms remaining ; 1 d  6 h 24 min 30 s 847.60 ms total)
Thu Nov 16 16:26:31 2023: Iterated 100% of D-proof candidates. [1817170079 of 1817170079] (ETC: Thu Nov 16 16:26:31 2023 ; 0.00 ms remaining ; 1 d  6 h 20 min      367.36 ms total)
109201602.87 ms (1 d 6 h 20 min 1 s 602.87 ms) taken to collect 157874085 D-proofs of length 91. [iterated 1817170079 condensed detachment proof strings]
[Copy] Custom iteration counts: { { 1, 1 }, { 3, 1 }, { 5, 2 }, { 7, 5 }, { 9, 10 }, { 11, 22 }, { 13, 38 }, { 15, 71 }, { 17, 118 }, { 19, 202 }, { 21, 334 }, { 23, 569 }, { 25, 950 }, { 27, 1592 }, { 29, 2608 }, { 31, 4241 }, { 33, 6762 }, { 35, 10683 }, { 37, 16666 }, { 39, 25862 }, { 41, 39912 }, { 43, 61603 }, { 45, 94986 }, { 47, 146305 }, { 49, 224682 }, { 51, 343672 }, { 53, 523454 }, { 55, 794596 }, { 57, 1203760 }, { 59, 1822563 }, { 61, 2759474 }, { 63, 4180702 }, { 65, 6335388 }, { 67, 9603788 }, { 69, 14556142 }, { 71, 22063703 }, { 73, 33439008 }, { 75, 50690848 }, { 77, 76854816 }, { 79, 116576814 }, { 81, 176882404 }, { 83, 268514198 }, { 85, 433296910 }, { 87, 692467431 }, { 89, 1120159490 }, { 91, 1817170079 } }
1416122.89 ms (23 min 36 s 122.89 ms) taken to filter and order new representative proofs.
Found 157874085 representative, 432938862 redundant, and 1226357132 invalid condensed detachment proof strings.
lengths up to 91 ; amounts per length: {(1,1), (3,1), (5,2), (7,3), (9,6), (11,7), (13,12), (15,15), (17,23), (19,36), (21,61), (23,99), (25,152), (27,214), (29,299), (31,400), (33,560), (35,797), (37,1162), (39,1706), (41,2502), (43,3673), (45,5333), (47,7756), (49,11285), (51,16457), (53,24156), (55,35569), (57,52769), (59,78319), (61,116867), (63,174207), (65,260535), (67,389264), (69,582969), (71,872258), (73,1307863), (75,1959086), (77,2940441), (79,4409199), (81,6623647), (83,22730041), (85,38726684), (87,62716073), (89,101227436), (91,157874085)} ; 157874085 new representative proofs (432938862 redundant, 1226357132 invalid)
Thu Nov 16 16:57:39 2023: Starting to write 157874085 entries to data/7f473b6ba952b3deadf36cd7f1c4b5286ef32fef64808d14fff70a69/dProofs-withConclusions/dProofs91-unfiltered83+.txt.
222207.72 ms (3 min 42 s 207.72 ms) taken to print and save 68394045164 bytes of representative condensed detachment proof strings to data/7f473b6ba952b3deadf36cd7f1c4b5286ef32fef64808d14fff70a69/dProofs-withConclusions/dProofs91-unfiltered83+.txt.
Thu Nov 16 17:04:41 2023: Limited D-proof representative generator complete. [parallel ; 64 hardware thread contexts, limit: 91, unfiltered]
Thu Nov 16 17:11:17 2023: Process terminated. [pid: 10118, tid:22520894445440]
