( This log file was generated by 'pmGenerator 1.2' (master branch), compiled by 'Intel(R) oneAPI DPC++/C++ Compiler 2022.1.0 (2022.1.0.20220316)'.
  The run was executed on a CLAIX-2018 MPI node
  — 2-socket Intel Xeon Platinum 8160 (Skylake), 24 cores each (48 cores total per node), 2.1 GHz, 3.7 GHz turbo mode, 192 GiB main memory —
  running Linux, Rocky 8.8.
  Wall-clock time:  1.0052777… h
  CPU utilization: 48.25333… core-h )
Mon Oct  2 05:34:16 2023: Process started. [pid: 147376, tid:22501443463040]
Tasks:
1. resetRepresentativesFor("CCCCCpqCNrNsrtCCtpCsp", true, 0, true)
2. generateDProofRepresentativeFiles(67, false, true)

[Main] Calling resetRepresentativesFor("CCCCCpqCNrNsrtCCtpCsp", true, 0, true).
Loaded 1 custom axioms. [SHA-512/224 hash: 478804cd4793bc7f87041d99326aff4595662146d8a68175dda22bed]
(1) CCCCC0.1CN2N3.2.4CC4.0C3.0    -    CCCCCpqCNrNsrtCCtpCsp    -    ((((0\imply1)\imply(\not2\imply\not3))\imply2)\imply4)\imply((4\imply0)\imply(3\imply0))
[Main] Calling generateDProofRepresentativeFiles(67, false, true).
Mon Oct  2 05:34:16 2023: Limited D-proof representative generator started. [parallel ; 48 hardware thread contexts, limit: 67, unfiltered]
0.03 ms taken to load initial representatives.
18.61 ms taken to read 1 condensed detachment proof and conclusion from data/478804cd4793bc7f87041d99326aff4595662146d8a68175dda22bed/dProofs-withConclusions/dProofs3.txt. [tid:22501383214848]
12.24 ms taken to read 1 condensed detachment proof and conclusion from data/478804cd4793bc7f87041d99326aff4595662146d8a68175dda22bed/dProofs-withConclusions/dProofs5.txt. [tid:22501381113600]
26.73 ms taken to read 3 condensed detachment proofs and conclusions from data/478804cd4793bc7f87041d99326aff4595662146d8a68175dda22bed/dProofs-withConclusions/dProofs7.txt. [tid:22501379012352]
11.97 ms taken to read 7 condensed detachment proofs and conclusions from data/478804cd4793bc7f87041d99326aff4595662146d8a68175dda22bed/dProofs-withConclusions/dProofs9.txt. [tid:22501376911104]
21.33 ms taken to read 10 condensed detachment proofs and conclusions from data/478804cd4793bc7f87041d99326aff4595662146d8a68175dda22bed/dProofs-withConclusions/dProofs11.txt. [tid:22501374809856]
14.87 ms taken to read 13 condensed detachment proofs and conclusions from data/478804cd4793bc7f87041d99326aff4595662146d8a68175dda22bed/dProofs-withConclusions/dProofs13.txt. [tid:22501372708608]
20.35 ms taken to read 19 condensed detachment proofs and conclusions from data/478804cd4793bc7f87041d99326aff4595662146d8a68175dda22bed/dProofs-withConclusions/dProofs15.txt. [tid:22501370607360]
19.44 ms taken to read 37 condensed detachment proofs and conclusions from data/478804cd4793bc7f87041d99326aff4595662146d8a68175dda22bed/dProofs-withConclusions/dProofs17.txt. [tid:22501368506112]
14.67 ms taken to read 56 condensed detachment proofs and conclusions from data/478804cd4793bc7f87041d99326aff4595662146d8a68175dda22bed/dProofs-withConclusions/dProofs19.txt. [tid:22501366404864]
17.66 ms taken to read 87 condensed detachment proofs and conclusions from data/478804cd4793bc7f87041d99326aff4595662146d8a68175dda22bed/dProofs-withConclusions/dProofs21.txt. [tid:22501364303616]
18.43 ms taken to read 140 condensed detachment proofs and conclusions from data/478804cd4793bc7f87041d99326aff4595662146d8a68175dda22bed/dProofs-withConclusions/dProofs23.txt. [tid:22501362202368]
27.79 ms taken to read 227 condensed detachment proofs and conclusions from data/478804cd4793bc7f87041d99326aff4595662146d8a68175dda22bed/dProofs-withConclusions/dProofs25.txt. [tid:22501360101120]
28.16 ms taken to read 369 condensed detachment proofs and conclusions from data/478804cd4793bc7f87041d99326aff4595662146d8a68175dda22bed/dProofs-withConclusions/dProofs27.txt. [tid:22501357999872]
12.58 ms taken to read 579 condensed detachment proofs and conclusions from data/478804cd4793bc7f87041d99326aff4595662146d8a68175dda22bed/dProofs-withConclusions/dProofs29.txt. [tid:22501355898624]
41.21 ms taken to read 918 condensed detachment proofs and conclusions from data/478804cd4793bc7f87041d99326aff4595662146d8a68175dda22bed/dProofs-withConclusions/dProofs31.txt. [tid:22501353797376]
44.05 ms taken to read 1499 condensed detachment proofs and conclusions from data/478804cd4793bc7f87041d99326aff4595662146d8a68175dda22bed/dProofs-withConclusions/dProofs33.txt. [tid:22501351696128]
52.42 ms taken to read 2408 condensed detachment proofs and conclusions from data/478804cd4793bc7f87041d99326aff4595662146d8a68175dda22bed/dProofs-withConclusions/dProofs35.txt. [tid:22501349594880]
46.08 ms taken to read 3881 condensed detachment proofs and conclusions from data/478804cd4793bc7f87041d99326aff4595662146d8a68175dda22bed/dProofs-withConclusions/dProofs37.txt. [tid:22501347493632]
61.91 ms taken to read 6254 condensed detachment proofs and conclusions from data/478804cd4793bc7f87041d99326aff4595662146d8a68175dda22bed/dProofs-withConclusions/dProofs39.txt. [tid:22501345392384]
74.35 ms taken to read 10109 condensed detachment proofs and conclusions from data/478804cd4793bc7f87041d99326aff4595662146d8a68175dda22bed/dProofs-withConclusions/dProofs41.txt. [tid:22501343291136]
78.64 ms taken to read 16460 condensed detachment proofs and conclusions from data/478804cd4793bc7f87041d99326aff4595662146d8a68175dda22bed/dProofs-withConclusions/dProofs43.txt. [tid:22501341189888]
99.96 ms taken to read 26753 condensed detachment proofs and conclusions from data/478804cd4793bc7f87041d99326aff4595662146d8a68175dda22bed/dProofs-withConclusions/dProofs45.txt. [tid:22501339088640]
175.55 ms taken to read 43360 condensed detachment proofs and conclusions from data/478804cd4793bc7f87041d99326aff4595662146d8a68175dda22bed/dProofs-withConclusions/dProofs47.txt. [tid:22501336987392]
350.65 ms taken to read 70709 condensed detachment proofs and conclusions from data/478804cd4793bc7f87041d99326aff4595662146d8a68175dda22bed/dProofs-withConclusions/dProofs49.txt. [tid:22500729681664]
839.24 ms taken to read 115604 condensed detachment proofs and conclusions from data/478804cd4793bc7f87041d99326aff4595662146d8a68175dda22bed/dProofs-withConclusions/dProofs51.txt. [tid:22500727580416]
1831.36 ms (1 s 831.36 ms) taken to read 188634 condensed detachment proofs and conclusions from data/478804cd4793bc7f87041d99326aff4595662146d8a68175dda22bed/dProofs-withConclusions/dProofs53.txt. [tid:22500725479168]
4813.20 ms (4 s 813.20 ms) taken to read 308241 condensed detachment proofs and conclusions from data/478804cd4793bc7f87041d99326aff4595662146d8a68175dda22bed/dProofs-withConclusions/dProofs55.txt. [tid:22500723377920]
426.51 ms taken to read 504870 condensed detachment proofs and conclusions from data/478804cd4793bc7f87041d99326aff4595662146d8a68175dda22bed/dProofs-withConclusions/dProofs57.txt. [tid:22500721276672]
660.38 ms taken to read 827701 condensed detachment proofs and conclusions from data/478804cd4793bc7f87041d99326aff4595662146d8a68175dda22bed/dProofs-withConclusions/dProofs59.txt. [tid:22500719175424]
970.56 ms taken to read 1357539 condensed detachment proofs and conclusions from data/478804cd4793bc7f87041d99326aff4595662146d8a68175dda22bed/dProofs-withConclusions/dProofs61.txt. [tid:22500717074176]
1349.94 ms (1 s 349.94 ms) taken to read 2227822 condensed detachment proofs and conclusions from data/478804cd4793bc7f87041d99326aff4595662146d8a68175dda22bed/dProofs-withConclusions/dProofs63.txt. [tid:22500714972928]
1808.67 ms (1 s 808.67 ms) taken to read 3660735 condensed detachment proofs and conclusions from data/478804cd4793bc7f87041d99326aff4595662146d8a68175dda22bed/dProofs-withConclusions/dProofs65.txt. [tid:22500712871680]
4835.04 ms (4 s 835.04 ms) total read duration.
Loaded 33 representative collections of sizes:
1 : 1
3 : 1
5 : 1
7 : 3
9 : 7
11 : 10
13 : 13
15 : 19
17 : 37
19 : 56
21 : 87
23 : 140
25 : 227
27 : 369
29 : 579
31 : 918
33 : 1499
35 : 2408
37 : 3881
39 : 6254
41 : 10109
43 : 16460
45 : 26753
47 : 43360
49 : 70709
51 : 115604
53 : 188634
55 : 308241
57 : 504870
59 : 827701
61 : 1357539
63 : 2227822
65 : 3660735
9375047 representatives in total.
Mon Oct  2 05:34:21 2023: Inserted ≈ 5% of D-proof conclusions. [ 468752 of 9375047] (ETC: Mon Oct  2 05:34:23 2023 ; 2 s 500.15 ms remaining ; 2 s 631.74 ms total)
Mon Oct  2 05:34:21 2023: Inserted ≈10% of D-proof conclusions. [ 937504 of 9375047] (ETC: Mon Oct  2 05:34:23 2023 ; 2 s 440.46 ms remaining ; 2 s 711.62 ms total)
Mon Oct  2 05:34:21 2023: Inserted ≈15% of D-proof conclusions. [1406257 of 9375047] (ETC: Mon Oct  2 05:34:24 2023 ; 2 s 634.58 ms remaining ; 3 s  99.51 ms total)
Mon Oct  2 05:34:21 2023: Inserted ≈20% of D-proof conclusions. [1875009 of 9375047] (ETC: Mon Oct  2 05:34:24 2023 ; 2 s 647.42 ms remaining ; 3 s 309.28 ms total)
Mon Oct  2 05:34:21 2023: Inserted ≈25% of D-proof conclusions. [2343761 of 9375047] (ETC: Mon Oct  2 05:34:24 2023 ; 2 s 608.11 ms remaining ; 3 s 477.49 ms total)
Mon Oct  2 05:34:22 2023: Inserted ≈30% of D-proof conclusions. [2812514 of 9375047] (ETC: Mon Oct  2 05:34:24 2023 ; 2 s 514.98 ms remaining ; 3 s 592.83 ms total)
Mon Oct  2 05:34:22 2023: Inserted ≈35% of D-proof conclusions. [3281266 of 9375047] (ETC: Mon Oct  2 05:34:24 2023 ; 2 s 415.22 ms remaining ; 3 s 715.72 ms total)
Mon Oct  2 05:34:22 2023: Inserted ≈40% of D-proof conclusions. [3750018 of 9375047] (ETC: Mon Oct  2 05:34:24 2023 ; 2 s 227.52 ms remaining ; 3 s 712.54 ms total)
Mon Oct  2 05:34:22 2023: Inserted ≈45% of D-proof conclusions. [4218771 of 9375047] (ETC: Mon Oct  2 05:34:24 2023 ; 2 s  77.71 ms remaining ; 3 s 777.65 ms total)
Mon Oct  2 05:34:22 2023: Inserted ≈50% of D-proof conclusions. [4687523 of 9375047] (ETC: Mon Oct  2 05:34:24 2023 ; 1 s 924.30 ms remaining ; 3 s 848.60 ms total)
Mon Oct  2 05:34:23 2023: Inserted ≈55% of D-proof conclusions. [5156275 of 9375047] (ETC: Mon Oct  2 05:34:24 2023 ; 1 s 731.74 ms remaining ; 3 s 848.32 ms total)
Mon Oct  2 05:34:23 2023: Inserted ≈60% of D-proof conclusions. [5625028 of 9375047] (ETC: Mon Oct  2 05:34:24 2023 ; 1 s 531.00 ms remaining ; 3 s 827.50 ms total)
Mon Oct  2 05:34:23 2023: Inserted ≈65% of D-proof conclusions. [6093780 of 9375047] (ETC: Mon Oct  2 05:34:24 2023 ; 1 s 327.89 ms remaining ; 3 s 793.98 ms total)
Mon Oct  2 05:34:23 2023: Inserted ≈70% of D-proof conclusions. [6562532 of 9375047] (ETC: Mon Oct  2 05:34:24 2023 ; 1 s 118.29 ms remaining ; 3 s 727.65 ms total)
Mon Oct  2 05:34:23 2023: Inserted ≈75% of D-proof conclusions. [7031285 of 9375047] (ETC: Mon Oct  2 05:34:24 2023 ; 917.75 ms remaining ; 3 s 671.00 ms total)
Mon Oct  2 05:34:23 2023: Inserted ≈80% of D-proof conclusions. [7500037 of 9375047] (ETC: Mon Oct  2 05:34:24 2023 ; 731.99 ms remaining ; 3 s 659.93 ms total)
Mon Oct  2 05:34:24 2023: Inserted ≈85% of D-proof conclusions. [7968789 of 9375047] (ETC: Mon Oct  2 05:34:24 2023 ; 547.05 ms remaining ; 3 s 646.98 ms total)
Mon Oct  2 05:34:24 2023: Inserted ≈90% of D-proof conclusions. [8437542 of 9375047] (ETC: Mon Oct  2 05:34:24 2023 ; 368.91 ms remaining ; 3 s 689.09 ms total)
Mon Oct  2 05:34:24 2023: Inserted ≈95% of D-proof conclusions. [8906294 of 9375047] (ETC: Mon Oct  2 05:34:24 2023 ; 184.06 ms remaining ; 3 s 681.13 ms total)
Mon Oct  2 05:34:24 2023: Inserted 100% of D-proof conclusions. [9375047 of 9375047] (ETC: Mon Oct  2 05:34:24 2023 ; 0.00 ms remaining ; 3 s 685.26 ms total)
3685.41 ms (3 s 685.41 ms) total insertion duration.
Estimated iteration count set to 81713021, based on entry 65:48779702 and last known pair (63:29119708, 65:48779702) with 48779702/29119708 ≈ 1.67514 and 48779702 * (48779702/29119708)^1 ≈ 81713021.55.
Mon Oct  2 05:34:24 2023: Starting to generate D-proof representatives of length 67.
Mon Oct  2 05:35:58 2023: Iterated ≈  2% of D-proof candidates. [ 1634260 of approximately 81713021] (ETC: Mon Oct  2 06:52:30 2023 ; 1 h 16 min 31 s 709.18 ms remaining ; 1 h 18 min  5 s 417.50 ms total)
Mon Oct  2 05:37:19 2023: Iterated ≈  4% of D-proof candidates. [ 3268520 of approximately 81713021] (ETC: Mon Oct  2 06:47:08 2023 ; 1 h  9 min 49 s 557.57 ms remaining ; 1 h 12 min 44 s 122.42 ms total)
Mon Oct  2 05:38:38 2023: Iterated ≈  6% of D-proof candidates. [ 4902781 of approximately 81713021] (ETC: Mon Oct  2 06:44:59 2023 ; 1 h  6 min 20 s 661.20 ms remaining ; 1 h 10 min 34 s 745.94 ms total)
Mon Oct  2 05:39:52 2023: Iterated ≈  8% of D-proof candidates. [ 6537041 of approximately 81713021] (ETC: Mon Oct  2 06:42:42 2023 ; 1 h  2 min 49 s 942.42 ms remaining ; 1 h  8 min 17 s 763.46 ms total)
Mon Oct  2 05:41:09 2023: Iterated ≈ 10% of D-proof candidates. [ 8171302 of approximately 81713021] (ETC: Mon Oct  2 06:41:57 2023 ; 1 h        47 s 342.27 ms remaining ; 1 h  7 min 32 s 602.52 ms total)
Mon Oct  2 05:42:24 2023: Iterated ≈ 12% of D-proof candidates. [ 9805562 of approximately 81713021] (ETC: Mon Oct  2 06:41:03 2023 ; 58 min 39 s 269.82 ms remaining ; 1 h  6 min 39 s 170.22 ms total)
Mon Oct  2 05:43:37 2023: Iterated ≈ 14% of D-proof candidates. [11439822 of approximately 81713021] (ETC: Mon Oct  2 06:40:13 2023 ; 56 min 35 s 868.40 ms remaining ; 1 h  5 min 48 s 684.14 ms total)
Mon Oct  2 05:44:50 2023: Iterated ≈ 16% of D-proof candidates. [13074083 of approximately 81713021] (ETC: Mon Oct  2 06:39:34 2023 ; 54 min 44 s  81.09 ms remaining ; 1 h  5 min  9 s 620.32 ms total)
Mon Oct  2 05:46:01 2023: Iterated ≈ 18% of D-proof candidates. [14708343 of approximately 81713021] (ETC: Mon Oct  2 06:38:53 2023 ; 52 min 52 s 456.61 ms remaining ; 1 h  4 min 28 s 849.48 ms total)
Mon Oct  2 05:47:11 2023: Iterated ≈ 20% of D-proof candidates. [16342604 of approximately 81713021] (ETC: Mon Oct  2 06:38:16 2023 ; 51 min  5 s 589.43 ms remaining ; 1 h  3 min 51 s 986.78 ms total)
Mon Oct  2 05:48:21 2023: Iterated ≈ 22% of D-proof candidates. [17976864 of approximately 81713021] (ETC: Mon Oct  2 06:37:47 2023 ; 49 min 26 s 171.63 ms remaining ; 1 h  3 min 22 s 784.11 ms total)
Mon Oct  2 05:49:30 2023: Iterated ≈ 24% of D-proof candidates. [19611125 of approximately 81713021] (ETC: Mon Oct  2 06:37:17 2023 ; 47 min 47 s 119.05 ms remaining ; 1 h  2 min 52 s 525.07 ms total)
Mon Oct  2 05:50:41 2023: Iterated ≈ 26% of D-proof candidates. [21245385 of approximately 81713021] (ETC: Mon Oct  2 06:37:00 2023 ; 46 min 19 s 435.49 ms remaining ; 1 h  2 min 35 s 993.88 ms total)
Mon Oct  2 05:51:52 2023: Iterated ≈ 28% of D-proof candidates. [22879645 of approximately 81713021] (ETC: Mon Oct  2 06:36:46 2023 ; 44 min 53 s 935.25 ms remaining ; 1 h  2 min 21 s 576.68 ms total)
Mon Oct  2 05:53:05 2023: Iterated ≈ 30% of D-proof candidates. [24513906 of approximately 81713021] (ETC: Mon Oct  2 06:36:40 2023 ; 43 min 34 s 764.36 ms remaining ; 1 h  2 min 15 s 377.63 ms total)
Mon Oct  2 05:54:16 2023: Iterated ≈ 32% of D-proof candidates. [26148166 of approximately 81713021] (ETC: Mon Oct  2 06:36:28 2023 ; 42 min 11 s 902.44 ms remaining ; 1 h  2 min  3 s 385.90 ms total)
Mon Oct  2 05:55:31 2023: Iterated ≈ 34% of D-proof candidates. [27782427 of approximately 81713021] (ETC: Mon Oct  2 06:36:29 2023 ; 40 min 58 s 662.52 ms remaining ; 1 h  2 min  5 s 246.24 ms total)
Mon Oct  2 05:56:45 2023: Iterated ≈ 36% of D-proof candidates. [29416687 of approximately 81713021] (ETC: Mon Oct  2 06:36:30 2023 ; 39 min 44 s 473.26 ms remaining ; 1 h  2 min  5 s 739.42 ms total)
Mon Oct  2 05:58:00 2023: Iterated ≈ 38% of D-proof candidates. [31050947 of approximately 81713021] (ETC: Mon Oct  2 06:36:29 2023 ; 38 min 29 s 516.71 ms remaining ; 1 h  2 min  5 s  26.88 ms total)
Mon Oct  2 05:59:13 2023: Iterated ≈ 40% of D-proof candidates. [32685208 of approximately 81713021] (ETC: Mon Oct  2 06:36:25 2023 ; 37 min 12 s 447.97 ms remaining ; 1 h  2 min      746.58 ms total)
Mon Oct  2 06:00:25 2023: Iterated ≈ 42% of D-proof candidates. [34319468 of approximately 81713021] (ETC: Mon Oct  2 06:36:20 2023 ; 35 min 54 s 948.83 ms remaining ; 1 h  1 min 55 s 428.95 ms total)
Mon Oct  2 06:01:36 2023: Iterated ≈ 44% of D-proof candidates. [35953729 of approximately 81713021] (ETC: Mon Oct  2 06:36:12 2023 ; 34 min 36 s 443.04 ms remaining ; 1 h  1 min 47 s 933.97 ms total)
Mon Oct  2 06:02:47 2023: Iterated ≈ 46% of D-proof candidates. [37587989 of approximately 81713021] (ETC: Mon Oct  2 06:36:07 2023 ; 33 min 19 s 258.25 ms remaining ; 1 h  1 min 42 s 330.04 ms total)
Mon Oct  2 06:03:57 2023: Iterated ≈ 48% of D-proof candidates. [39222250 of approximately 81713021] (ETC: Mon Oct  2 06:35:58 2023 ; 32 min      858.51 ms remaining ; 1 h  1 min 33 s 958.66 ms total)
Mon Oct  2 06:05:06 2023: Iterated ≈ 50% of D-proof candidates. [40856510 of approximately 81713021] (ETC: Mon Oct  2 06:35:48 2023 ; 30 min 41 s 867.23 ms remaining ; 1 h  1 min 23 s 734.41 ms total)
Mon Oct  2 06:06:16 2023: Iterated ≈ 52% of D-proof candidates. [42490770 of approximately 81713021] (ETC: Mon Oct  2 06:35:40 2023 ; 29 min 24 s 393.99 ms remaining ; 1 h  1 min 15 s 820.72 ms total)
Mon Oct  2 06:07:25 2023: Iterated ≈ 54% of D-proof candidates. [44125031 of approximately 81713021] (ETC: Mon Oct  2 06:35:32 2023 ; 28 min  7 s 161.38 ms remaining ; 1 h  1 min  7 s 742.10 ms total)
Mon Oct  2 06:08:34 2023: Iterated ≈ 56% of D-proof candidates. [45759291 of approximately 81713021] (ETC: Mon Oct  2 06:35:24 2023 ; 26 min 50 s 169.13 ms remaining ; 1 h        59 s 475.21 ms total)
Mon Oct  2 06:09:42 2023: Iterated ≈ 58% of D-proof candidates. [47393552 of approximately 81713021] (ETC: Mon Oct  2 06:35:16 2023 ; 25 min 33 s 693.66 ms remaining ; 1 h        51 s 651.57 ms total)
Mon Oct  2 06:10:50 2023: Iterated ≈ 60% of D-proof candidates. [49027812 of approximately 81713021] (ETC: Mon Oct  2 06:35:07 2023 ; 24 min 17 s 294.50 ms remaining ; 1 h        43 s 236.18 ms total)
Mon Oct  2 06:12:00 2023: Iterated ≈ 62% of D-proof candidates. [50662073 of approximately 81713021] (ETC: Mon Oct  2 06:35:02 2023 ; 23 min  2 s 273.25 ms remaining ; 1 h        37 s 561.19 ms total)
Mon Oct  2 06:13:08 2023: Iterated ≈ 64% of D-proof candidates. [52296333 of approximately 81713021] (ETC: Mon Oct  2 06:34:55 2023 ; 21 min 47 s  31.66 ms remaining ; 1 h        30 s 643.44 ms total)
Mon Oct  2 06:14:16 2023: Iterated ≈ 66% of D-proof candidates. [53930593 of approximately 81713021] (ETC: Mon Oct  2 06:34:48 2023 ; 20 min 32 s  29.65 ms remaining ; 1 h        23 s 616.50 ms total)
Mon Oct  2 06:15:25 2023: Iterated ≈ 68% of D-proof candidates. [55564854 of approximately 81713021] (ETC: Mon Oct  2 06:34:43 2023 ; 19 min 17 s 884.54 ms remaining ; 1 h        18 s 389.14 ms total)
Mon Oct  2 06:16:33 2023: Iterated ≈ 70% of D-proof candidates. [57199114 of approximately 81713021] (ETC: Mon Oct  2 06:34:36 2023 ; 18 min  3 s 586.36 ms remaining ; 1 h        11 s 954.43 ms total)
Mon Oct  2 06:17:41 2023: Iterated ≈ 72% of D-proof candidates. [58833375 of approximately 81713021] (ETC: Mon Oct  2 06:34:30 2023 ; 16 min 49 s 702.69 ms remaining ; 1 h         6 s  81.01 ms total)
Mon Oct  2 06:18:48 2023: Iterated ≈ 74% of D-proof candidates. [60467635 of approximately 81713021] (ETC: Mon Oct  2 06:34:24 2023 ; 15 min 36 s  50.16 ms remaining ; 1 h             192.83 ms total)
Mon Oct  2 06:19:55 2023: Iterated ≈ 76% of D-proof candidates. [62101895 of approximately 81713021] (ETC: Mon Oct  2 06:34:18 2023 ; 14 min 22 s 441.48 ms remaining ; 59 min 53 s 506.01 ms total)
Mon Oct  2 06:21:03 2023: Iterated ≈ 78% of D-proof candidates. [63736156 of approximately 81713021] (ETC: Mon Oct  2 06:34:13 2023 ; 13 min  9 s 429.90 ms remaining ; 59 min 48 s 317.66 ms total)
Mon Oct  2 06:22:11 2023: Iterated ≈ 80% of D-proof candidates. [65370416 of approximately 81713021] (ETC: Mon Oct  2 06:34:07 2023 ; 11 min 56 s 632.52 ms remaining ; 59 min 43 s 162.42 ms total)
Mon Oct  2 06:23:18 2023: Iterated ≈ 82% of D-proof candidates. [67004677 of approximately 81713021] (ETC: Mon Oct  2 06:34:02 2023 ; 10 min 43 s 914.03 ms remaining ; 59 min 37 s 300.14 ms total)
Mon Oct  2 06:24:25 2023: Iterated ≈ 84% of D-proof candidates. [68638937 of approximately 81713021] (ETC: Mon Oct  2 06:33:56 2023 ; 9 min 31 s 534.47 ms remaining ; 59 min 32 s  90.24 ms total)
Mon Oct  2 06:25:32 2023: Iterated ≈ 86% of D-proof candidates. [70273198 of approximately 81713021] (ETC: Mon Oct  2 06:33:52 2023 ; 8 min 19 s 425.21 ms remaining ; 59 min 27 s 322.93 ms total)
Mon Oct  2 06:26:40 2023: Iterated ≈ 88% of D-proof candidates. [71907458 of approximately 81713021] (ETC: Mon Oct  2 06:33:47 2023 ; 7 min  7 s 559.62 ms remaining ; 59 min 22 s 996.63 ms total)
Mon Oct  2 06:27:47 2023: Iterated ≈ 90% of D-proof candidates. [73541718 of approximately 81713021] (ETC: Mon Oct  2 06:33:43 2023 ; 5 min 55 s 850.09 ms remaining ; 59 min 18 s 500.51 ms total)
Mon Oct  2 06:28:53 2023: Iterated ≈ 92% of D-proof candidates. [75175979 of approximately 81713021] (ETC: Mon Oct  2 06:33:37 2023 ; 4 min 44 s 224.72 ms remaining ; 59 min 12 s 808.81 ms total)
Mon Oct  2 06:29:59 2023: Iterated ≈ 94% of D-proof candidates. [76810239 of approximately 81713021] (ETC: Mon Oct  2 06:33:32 2023 ; 3 min 32 s 859.91 ms remaining ; 59 min  7 s 664.63 ms total)
Mon Oct  2 06:31:06 2023: Iterated ≈ 96% of D-proof candidates. [78444500 of approximately 81713021] (ETC: Mon Oct  2 06:33:27 2023 ; 2 min 21 s 728.84 ms remaining ; 59 min  3 s 220.75 ms total)
Mon Oct  2 06:32:12 2023: Iterated ≈ 98% of D-proof candidates. [80078760 of approximately 81713021] (ETC: Mon Oct  2 06:33:22 2023 ; 1 min 10 s 762.90 ms remaining ; 58 min 58 s 143.66 ms total)
3532570.31 ms (58 min 52 s 570.31 ms) taken to collect 8541161 D-proofs of length 67. [iterated 81708667 condensed detachment proof strings]
[Copy] Custom iteration counts: { { 1, 1 }, { 3, 1 }, { 5, 2 }, { 7, 3 }, { 9, 8 }, { 11, 21 }, { 13, 40 }, { 15, 69 }, { 17, 126 }, { 19, 247 }, { 21, 442 }, { 23, 756 }, { 25, 1314 }, { 27, 2311 }, { 29, 4012 }, { 31, 6851 }, { 33, 11656 }, { 35, 19943 }, { 37, 33920 }, { 39, 57366 }, { 41, 96836 }, { 43, 163405 }, { 45, 275584 }, { 47, 463792 }, { 49, 779092 }, { 51, 1308757 }, { 53, 2198024 }, { 55, 3688065 }, { 57, 6183668 }, { 59, 10366617 }, { 61, 17377700 }, { 63, 29119708 }, { 65, 48779702 }, { 67, 81708667 } }
28414.94 ms (28 s 414.94 ms) taken to filter and order new representative proofs.
Found 8541161 representative, 43716031 redundant, and 29451475 invalid condensed detachment proof strings.
lengths up to 67 ; amounts per length: {(1,1), (3,1), (5,1), (7,3), (9,7), (11,10), (13,13), (15,19), (17,37), (19,56), (21,87), (23,140), (25,227), (27,369), (29,579), (31,918), (33,1499), (35,2408), (37,3881), (39,6254), (41,10109), (43,16460), (45,26753), (47,43360), (49,70709), (51,115604), (53,188634), (55,308241), (57,504870), (59,827701), (61,1357539), (63,2227822), (65,3660735), (67,8541161)} ; 8541161 new representative proofs (43716031 redundant, 29451475 invalid)
Mon Oct  2 06:34:05 2023: Starting to write 8541161 entries to data/478804cd4793bc7f87041d99326aff4595662146d8a68175dda22bed/dProofs-withConclusions/dProofs67-unfiltered67+.txt.
6806.25 ms (6 s 806.25 ms) taken to print and save 1476278360 bytes of representative condensed detachment proof strings to data/478804cd4793bc7f87041d99326aff4595662146d8a68175dda22bed/dProofs-withConclusions/dProofs67-unfiltered67+.txt.
Mon Oct  2 06:34:20 2023: Limited D-proof representative generator complete. [parallel ; 48 hardware thread contexts, limit: 67, unfiltered]
Mon Oct  2 06:34:35 2023: Process terminated. [pid: 147376, tid:22501443463040]
