( This log file was generated by 'pmGenerator 1.2' (master branch), compiled by 'Intel(R) oneAPI DPC++/C++ Compiler 2022.1.0 (2022.1.0.20220316)'.
  The run was executed on a CLAIX-2018 MPI node
  — 2-socket Intel Xeon Platinum 8160 (Skylake), 24 cores each (48 cores total per node), 2.1 GHz, 3.7 GHz turbo mode, 192 GiB main memory —
  running Linux, Rocky 8.8.
  Wall-clock time:  1.3369444… h
  CPU utilization: 64.17333… core-h )
Mon Oct  2 11:21:23 2023: Process started. [pid: 264166, tid:22561776547712]
Tasks:
1. resetRepresentativesFor("CCCCCpqCNrNsrtCCtpCsp", true, 0, true)
2. generateDProofRepresentativeFiles(69, false, true)

[Main] Calling resetRepresentativesFor("CCCCCpqCNrNsrtCCtpCsp", true, 0, true).
Loaded 1 custom axioms. [SHA-512/224 hash: 478804cd4793bc7f87041d99326aff4595662146d8a68175dda22bed]
(1) CCCCC0.1CN2N3.2.4CC4.0C3.0    -    CCCCCpqCNrNsrtCCtpCsp    -    ((((0\imply1)\imply(\not2\imply\not3))\imply2)\imply4)\imply((4\imply0)\imply(3\imply0))
[Main] Calling generateDProofRepresentativeFiles(69, false, true).
Mon Oct  2 11:21:23 2023: Limited D-proof representative generator started. [parallel ; 48 hardware thread contexts, limit: 69, unfiltered]
0.01 ms taken to load initial representatives.
20.69 ms taken to read 1 condensed detachment proof and conclusion from data/478804cd4793bc7f87041d99326aff4595662146d8a68175dda22bed/dProofs-withConclusions/dProofs3.txt. [tid:22561716299520]
15.76 ms taken to read 1 condensed detachment proof and conclusion from data/478804cd4793bc7f87041d99326aff4595662146d8a68175dda22bed/dProofs-withConclusions/dProofs5.txt. [tid:22561714198272]
20.22 ms taken to read 3 condensed detachment proofs and conclusions from data/478804cd4793bc7f87041d99326aff4595662146d8a68175dda22bed/dProofs-withConclusions/dProofs7.txt. [tid:22561712097024]
15.33 ms taken to read 7 condensed detachment proofs and conclusions from data/478804cd4793bc7f87041d99326aff4595662146d8a68175dda22bed/dProofs-withConclusions/dProofs9.txt. [tid:22561709995776]
20.71 ms taken to read 10 condensed detachment proofs and conclusions from data/478804cd4793bc7f87041d99326aff4595662146d8a68175dda22bed/dProofs-withConclusions/dProofs11.txt. [tid:22561707894528]
18.54 ms taken to read 13 condensed detachment proofs and conclusions from data/478804cd4793bc7f87041d99326aff4595662146d8a68175dda22bed/dProofs-withConclusions/dProofs13.txt. [tid:22561705793280]
14.67 ms taken to read 19 condensed detachment proofs and conclusions from data/478804cd4793bc7f87041d99326aff4595662146d8a68175dda22bed/dProofs-withConclusions/dProofs15.txt. [tid:22561703692032]
19.97 ms taken to read 37 condensed detachment proofs and conclusions from data/478804cd4793bc7f87041d99326aff4595662146d8a68175dda22bed/dProofs-withConclusions/dProofs17.txt. [tid:22561701590784]
25.13 ms taken to read 56 condensed detachment proofs and conclusions from data/478804cd4793bc7f87041d99326aff4595662146d8a68175dda22bed/dProofs-withConclusions/dProofs19.txt. [tid:22561699489536]
22.35 ms taken to read 87 condensed detachment proofs and conclusions from data/478804cd4793bc7f87041d99326aff4595662146d8a68175dda22bed/dProofs-withConclusions/dProofs21.txt. [tid:22561697388288]
12.94 ms taken to read 140 condensed detachment proofs and conclusions from data/478804cd4793bc7f87041d99326aff4595662146d8a68175dda22bed/dProofs-withConclusions/dProofs23.txt. [tid:22561695287040]
33.15 ms taken to read 227 condensed detachment proofs and conclusions from data/478804cd4793bc7f87041d99326aff4595662146d8a68175dda22bed/dProofs-withConclusions/dProofs25.txt. [tid:22561693185792]
22.14 ms taken to read 369 condensed detachment proofs and conclusions from data/478804cd4793bc7f87041d99326aff4595662146d8a68175dda22bed/dProofs-withConclusions/dProofs27.txt. [tid:22561691084544]
31.79 ms taken to read 579 condensed detachment proofs and conclusions from data/478804cd4793bc7f87041d99326aff4595662146d8a68175dda22bed/dProofs-withConclusions/dProofs29.txt. [tid:22561688983296]
38.18 ms taken to read 918 condensed detachment proofs and conclusions from data/478804cd4793bc7f87041d99326aff4595662146d8a68175dda22bed/dProofs-withConclusions/dProofs31.txt. [tid:22561686882048]
56.37 ms taken to read 1499 condensed detachment proofs and conclusions from data/478804cd4793bc7f87041d99326aff4595662146d8a68175dda22bed/dProofs-withConclusions/dProofs33.txt. [tid:22561684780800]
43.74 ms taken to read 2408 condensed detachment proofs and conclusions from data/478804cd4793bc7f87041d99326aff4595662146d8a68175dda22bed/dProofs-withConclusions/dProofs35.txt. [tid:22561682679552]
30.47 ms taken to read 3881 condensed detachment proofs and conclusions from data/478804cd4793bc7f87041d99326aff4595662146d8a68175dda22bed/dProofs-withConclusions/dProofs37.txt. [tid:22561680578304]
49.84 ms taken to read 6254 condensed detachment proofs and conclusions from data/478804cd4793bc7f87041d99326aff4595662146d8a68175dda22bed/dProofs-withConclusions/dProofs39.txt. [tid:22561678477056]
65.70 ms taken to read 10109 condensed detachment proofs and conclusions from data/478804cd4793bc7f87041d99326aff4595662146d8a68175dda22bed/dProofs-withConclusions/dProofs41.txt. [tid:22561676375808]
66.84 ms taken to read 16460 condensed detachment proofs and conclusions from data/478804cd4793bc7f87041d99326aff4595662146d8a68175dda22bed/dProofs-withConclusions/dProofs43.txt. [tid:22561674274560]
97.25 ms taken to read 26753 condensed detachment proofs and conclusions from data/478804cd4793bc7f87041d99326aff4595662146d8a68175dda22bed/dProofs-withConclusions/dProofs45.txt. [tid:22561672173312]
177.78 ms taken to read 43360 condensed detachment proofs and conclusions from data/478804cd4793bc7f87041d99326aff4595662146d8a68175dda22bed/dProofs-withConclusions/dProofs47.txt. [tid:22561670072064]
356.16 ms taken to read 70709 condensed detachment proofs and conclusions from data/478804cd4793bc7f87041d99326aff4595662146d8a68175dda22bed/dProofs-withConclusions/dProofs49.txt. [tid:22561667970816]
848.38 ms taken to read 115604 condensed detachment proofs and conclusions from data/478804cd4793bc7f87041d99326aff4595662146d8a68175dda22bed/dProofs-withConclusions/dProofs51.txt. [tid:22560121026304]
1930.56 ms (1 s 930.56 ms) taken to read 188634 condensed detachment proofs and conclusions from data/478804cd4793bc7f87041d99326aff4595662146d8a68175dda22bed/dProofs-withConclusions/dProofs53.txt. [tid:22560118925056]
5119.66 ms (5 s 119.66 ms) taken to read 308241 condensed detachment proofs and conclusions from data/478804cd4793bc7f87041d99326aff4595662146d8a68175dda22bed/dProofs-withConclusions/dProofs55.txt. [tid:22560116823808]
484.83 ms taken to read 504870 condensed detachment proofs and conclusions from data/478804cd4793bc7f87041d99326aff4595662146d8a68175dda22bed/dProofs-withConclusions/dProofs57.txt. [tid:22560114722560]
758.11 ms taken to read 827701 condensed detachment proofs and conclusions from data/478804cd4793bc7f87041d99326aff4595662146d8a68175dda22bed/dProofs-withConclusions/dProofs59.txt. [tid:22560112621312]
1269.33 ms (1 s 269.33 ms) taken to read 1357539 condensed detachment proofs and conclusions from data/478804cd4793bc7f87041d99326aff4595662146d8a68175dda22bed/dProofs-withConclusions/dProofs61.txt. [tid:22560110520064]
1860.80 ms (1 s 860.80 ms) taken to read 2227822 condensed detachment proofs and conclusions from data/478804cd4793bc7f87041d99326aff4595662146d8a68175dda22bed/dProofs-withConclusions/dProofs63.txt. [tid:22560108418816]
2477.31 ms (2 s 477.31 ms) taken to read 3660735 condensed detachment proofs and conclusions from data/478804cd4793bc7f87041d99326aff4595662146d8a68175dda22bed/dProofs-withConclusions/dProofs65.txt. [tid:22560106317568]
3236.07 ms (3 s 236.06 ms) taken to read 6021110 condensed detachment proofs and conclusions from data/478804cd4793bc7f87041d99326aff4595662146d8a68175dda22bed/dProofs-withConclusions/dProofs67.txt. [tid:22560104216320]
5140.49 ms (5 s 140.49 ms) total read duration.
Loaded 34 representative collections of sizes:
1 : 1
3 : 1
5 : 1
7 : 3
9 : 7
11 : 10
13 : 13
15 : 19
17 : 37
19 : 56
21 : 87
23 : 140
25 : 227
27 : 369
29 : 579
31 : 918
33 : 1499
35 : 2408
37 : 3881
39 : 6254
41 : 10109
43 : 16460
45 : 26753
47 : 43360
49 : 70709
51 : 115604
53 : 188634
55 : 308241
57 : 504870
59 : 827701
61 : 1357539
63 : 2227822
65 : 3660735
67 : 6021110
15396157 representatives in total.
Mon Oct  2 11:21:29 2023: Inserted ≈ 5% of D-proof conclusions. [  769807 of 15396157] (ETC: Mon Oct  2 11:21:33 2023 ; 4 s 730.85 ms remaining ; 4 s 979.85 ms total)
Mon Oct  2 11:21:29 2023: Inserted ≈10% of D-proof conclusions. [ 1539615 of 15396157] (ETC: Mon Oct  2 11:21:33 2023 ; 4 s 470.49 ms remaining ; 4 s 967.21 ms total)
Mon Oct  2 11:21:29 2023: Inserted ≈15% of D-proof conclusions. [ 2309423 of 15396157] (ETC: Mon Oct  2 11:21:34 2023 ; 4 s 380.80 ms remaining ; 5 s 153.88 ms total)
Mon Oct  2 11:21:30 2023: Inserted ≈20% of D-proof conclusions. [ 3079231 of 15396157] (ETC: Mon Oct  2 11:21:34 2023 ; 4 s 238.22 ms remaining ; 5 s 297.77 ms total)
Mon Oct  2 11:21:30 2023: Inserted ≈25% of D-proof conclusions. [ 3849039 of 15396157] (ETC: Mon Oct  2 11:21:34 2023 ; 4 s 124.47 ms remaining ; 5 s 499.30 ms total)
Mon Oct  2 11:21:30 2023: Inserted ≈30% of D-proof conclusions. [ 4618847 of 15396157] (ETC: Mon Oct  2 11:21:34 2023 ; 4 s  87.72 ms remaining ; 5 s 839.59 ms total)
Mon Oct  2 11:21:31 2023: Inserted ≈35% of D-proof conclusions. [ 5388654 of 15396157] (ETC: Mon Oct  2 11:21:34 2023 ; 3 s 825.85 ms remaining ; 5 s 885.91 ms total)
Mon Oct  2 11:21:31 2023: Inserted ≈40% of D-proof conclusions. [ 6158462 of 15396157] (ETC: Mon Oct  2 11:21:34 2023 ; 3 s 503.74 ms remaining ; 5 s 839.56 ms total)
Mon Oct  2 11:21:31 2023: Inserted ≈45% of D-proof conclusions. [ 6928270 of 15396157] (ETC: Mon Oct  2 11:21:34 2023 ; 3 s 149.85 ms remaining ; 5 s 727.00 ms total)
Mon Oct  2 11:21:31 2023: Inserted ≈50% of D-proof conclusions. [ 7698078 of 15396157] (ETC: Mon Oct  2 11:21:34 2023 ; 2 s 825.29 ms remaining ; 5 s 650.59 ms total)
Mon Oct  2 11:21:32 2023: Inserted ≈55% of D-proof conclusions. [ 8467886 of 15396157] (ETC: Mon Oct  2 11:21:34 2023 ; 2 s 546.44 ms remaining ; 5 s 658.76 ms total)
Mon Oct  2 11:21:32 2023: Inserted ≈60% of D-proof conclusions. [ 9237694 of 15396157] (ETC: Mon Oct  2 11:21:34 2023 ; 2 s 276.61 ms remaining ; 5 s 691.53 ms total)
Mon Oct  2 11:21:32 2023: Inserted ≈65% of D-proof conclusions. [10007502 of 15396157] (ETC: Mon Oct  2 11:21:34 2023 ; 1 s 982.08 ms remaining ; 5 s 663.08 ms total)
Mon Oct  2 11:21:32 2023: Inserted ≈70% of D-proof conclusions. [10777309 of 15396157] (ETC: Mon Oct  2 11:21:34 2023 ; 1 s 687.10 ms remaining ; 5 s 623.68 ms total)
Mon Oct  2 11:21:33 2023: Inserted ≈75% of D-proof conclusions. [11547117 of 15396157] (ETC: Mon Oct  2 11:21:34 2023 ; 1 s 399.54 ms remaining ; 5 s 598.15 ms total)
Mon Oct  2 11:21:33 2023: Inserted ≈80% of D-proof conclusions. [12316925 of 15396157] (ETC: Mon Oct  2 11:21:34 2023 ; 1 s 114.68 ms remaining ; 5 s 573.39 ms total)
Mon Oct  2 11:21:33 2023: Inserted ≈85% of D-proof conclusions. [13086733 of 15396157] (ETC: Mon Oct  2 11:21:34 2023 ; 843.37 ms remaining ; 5 s 622.43 ms total)
Mon Oct  2 11:21:34 2023: Inserted ≈90% of D-proof conclusions. [13856541 of 15396157] (ETC: Mon Oct  2 11:21:34 2023 ; 561.84 ms remaining ; 5 s 618.39 ms total)
Mon Oct  2 11:21:34 2023: Inserted ≈95% of D-proof conclusions. [14626349 of 15396157] (ETC: Mon Oct  2 11:21:34 2023 ; 281.15 ms remaining ; 5 s 623.07 ms total)
Mon Oct  2 11:21:34 2023: Inserted 100% of D-proof conclusions. [15396157 of 15396157] (ETC: Mon Oct  2 11:21:34 2023 ; 0.00 ms remaining ; 5 s 581.73 ms total)
5581.93 ms (5 s 581.93 ms) total insertion duration.
Estimated iteration count set to 136866483, based on entry 67:81708667 and last known pair (65:48779702, 67:81708667) with 81708667/48779702 ≈ 1.67505 and 81708667 * (81708667/48779702)^1 ≈ 136866483.17.
Mon Oct  2 11:21:34 2023: Starting to generate D-proof representatives of length 69.
Mon Oct  2 11:23:55 2023: Iterated ≈  2% of D-proof candidates. [  2737329 of approximately 136866483] (ETC: Mon Oct  2 13:19:05 2023 ; 1 h 55 min 10 s  81.02 ms remaining ; 1 h 57 min 31 s 103.05 ms total)
Mon Oct  2 11:25:50 2023: Iterated ≈  4% of D-proof candidates. [  5474659 of approximately 136866483] (ETC: Mon Oct  2 13:08:24 2023 ; 1 h 42 min 33 s 669.93 ms remaining ; 1 h 46 min 50 s  72.82 ms total)
Mon Oct  2 11:27:36 2023: Iterated ≈  6% of D-proof candidates. [  8211988 of approximately 136866483] (ETC: Mon Oct  2 13:02:01 2023 ; 1 h 34 min 25 s 358.25 ms remaining ; 1 h 40 min 26 s 976.82 ms total)
Mon Oct  2 11:29:10 2023: Iterated ≈  8% of D-proof candidates. [ 10949318 of approximately 136866483] (ETC: Mon Oct  2 12:56:38 2023 ; 1 h 27 min 27 s 993.70 ms remaining ; 1 h 35 min  4 s 340.94 ms total)
Mon Oct  2 11:30:55 2023: Iterated ≈ 10% of D-proof candidates. [ 13686648 of approximately 136866483] (ETC: Mon Oct  2 12:55:07 2023 ; 1 h 24 min 11 s 925.65 ms remaining ; 1 h 33 min 33 s 250.71 ms total)
Mon Oct  2 11:32:37 2023: Iterated ≈ 12% of D-proof candidates. [ 16423977 of approximately 136866483] (ETC: Mon Oct  2 12:53:36 2023 ; 1 h 20 min 59 s 714.70 ms remaining ; 1 h 32 min  2 s 403.02 ms total)
Mon Oct  2 11:34:12 2023: Iterated ≈ 14% of D-proof candidates. [ 19161307 of approximately 136866483] (ETC: Mon Oct  2 12:51:47 2023 ; 1 h 17 min 34 s 964.19 ms remaining ; 1 h 30 min 12 s 749.02 ms total)
Mon Oct  2 11:35:48 2023: Iterated ≈ 16% of D-proof candidates. [ 21898637 of approximately 136866483] (ETC: Mon Oct  2 12:50:32 2023 ; 1 h 14 min 43 s 481.01 ms remaining ; 1 h 28 min 57 s 477.38 ms total)
Mon Oct  2 11:37:22 2023: Iterated ≈ 18% of D-proof candidates. [ 24635966 of approximately 136866483] (ETC: Mon Oct  2 12:49:21 2023 ; 1 h 11 min 58 s 910.30 ms remaining ; 1 h 27 min 46 s 963.73 ms total)
Mon Oct  2 11:38:57 2023: Iterated ≈ 20% of D-proof candidates. [ 27373296 of approximately 136866483] (ETC: Mon Oct  2 12:48:30 2023 ; 1 h  9 min 32 s 400.46 ms remaining ; 1 h 26 min 55 s 500.55 ms total)
Mon Oct  2 11:40:33 2023: Iterated ≈ 22% of D-proof candidates. [ 30110626 of approximately 136866483] (ETC: Mon Oct  2 12:47:50 2023 ; 1 h  7 min 17 s 344.91 ms remaining ; 1 h 26 min 16 s  83.20 ms total)
Mon Oct  2 11:42:05 2023: Iterated ≈ 24% of D-proof candidates. [ 32847955 of approximately 136866483] (ETC: Mon Oct  2 12:47:02 2023 ; 1 h  4 min 57 s 523.41 ms remaining ; 1 h 25 min 28 s 320.23 ms total)
Mon Oct  2 11:43:40 2023: Iterated ≈ 26% of D-proof candidates. [ 35585285 of approximately 136866483] (ETC: Mon Oct  2 12:46:35 2023 ; 1 h  2 min 54 s 661.69 ms remaining ; 1 h 25 min      894.14 ms total)
Mon Oct  2 11:45:18 2023: Iterated ≈ 28% of D-proof candidates. [ 38322615 of approximately 136866483] (ETC: Mon Oct  2 12:46:19 2023 ; 1 h  1 min  1 s 146.47 ms remaining ; 1 h 24 min 44 s 925.65 ms total)
Mon Oct  2 11:46:54 2023: Iterated ≈ 30% of D-proof candidates. [ 41059944 of approximately 136866483] (ETC: Mon Oct  2 12:45:59 2023 ; 59 min  5 s 679.11 ms remaining ; 1 h 24 min 25 s 255.82 ms total)
Mon Oct  2 11:48:26 2023: Iterated ≈ 32% of D-proof candidates. [ 43797274 of approximately 136866483] (ETC: Mon Oct  2 12:45:31 2023 ; 57 min  4 s 949.31 ms remaining ; 1 h 23 min 56 s 690.14 ms total)
Mon Oct  2 11:50:02 2023: Iterated ≈ 34% of D-proof candidates. [ 46534604 of approximately 136866483] (ETC: Mon Oct  2 12:45:17 2023 ; 55 min 15 s  39.21 ms remaining ; 1 h 23 min 42 s 786.67 ms total)
Mon Oct  2 11:51:40 2023: Iterated ≈ 36% of D-proof candidates. [ 49271933 of approximately 136866483] (ETC: Mon Oct  2 12:45:10 2023 ; 53 min 30 s 102.54 ms remaining ; 1 h 23 min 35 s 785.16 ms total)
Mon Oct  2 11:53:16 2023: Iterated ≈ 38% of D-proof candidates. [ 52009263 of approximately 136866483] (ETC: Mon Oct  2 12:44:59 2023 ; 51 min 43 s  87.91 ms remaining ; 1 h 23 min 24 s 980.47 ms total)
Mon Oct  2 11:54:49 2023: Iterated ≈ 40% of D-proof candidates. [ 54746593 of approximately 136866483] (ETC: Mon Oct  2 12:44:40 2023 ; 49 min 51 s 701.75 ms remaining ; 1 h 23 min  6 s 169.56 ms total)
Mon Oct  2 11:56:23 2023: Iterated ≈ 42% of D-proof candidates. [ 57483922 of approximately 136866483] (ETC: Mon Oct  2 12:44:28 2023 ; 48 min  4 s 808.06 ms remaining ; 1 h 22 min 53 s 806.94 ms total)
Mon Oct  2 11:57:55 2023: Iterated ≈ 44% of D-proof candidates. [ 60221252 of approximately 136866483] (ETC: Mon Oct  2 12:44:11 2023 ; 46 min 15 s 898.13 ms remaining ; 1 h 22 min 36 s 960.90 ms total)
Mon Oct  2 11:59:25 2023: Iterated ≈ 46% of D-proof candidates. [ 62958582 of approximately 136866483] (ETC: Mon Oct  2 12:43:51 2023 ; 44 min 25 s 904.85 ms remaining ; 1 h 22 min 16 s 860.83 ms total)
Mon Oct  2 12:00:56 2023: Iterated ≈ 48% of D-proof candidates. [ 65695911 of approximately 136866483] (ETC: Mon Oct  2 12:43:34 2023 ; 42 min 38 s 277.32 ms remaining ; 1 h 21 min 59 s 764.03 ms total)
Mon Oct  2 12:02:25 2023: Iterated ≈ 50% of D-proof candidates. [ 68433241 of approximately 136866483] (ETC: Mon Oct  2 12:43:17 2023 ; 40 min 51 s 249.62 ms remaining ; 1 h 21 min 42 s 499.21 ms total)
Mon Oct  2 12:03:53 2023: Iterated ≈ 52% of D-proof candidates. [ 71170571 of approximately 136866483] (ETC: Mon Oct  2 12:42:56 2023 ; 39 min  3 s 406.38 ms remaining ; 1 h 21 min 22 s  96.61 ms total)
Mon Oct  2 12:05:22 2023: Iterated ≈ 54% of D-proof candidates. [ 73907900 of approximately 136866483] (ETC: Mon Oct  2 12:42:40 2023 ; 37 min 18 s 503.33 ms remaining ; 1 h 21 min  6 s 311.53 ms total)
Mon Oct  2 12:06:51 2023: Iterated ≈ 56% of D-proof candidates. [ 76645230 of approximately 136866483] (ETC: Mon Oct  2 12:42:25 2023 ; 35 min 34 s 538.42 ms remaining ; 1 h 20 min 51 s 223.65 ms total)
Mon Oct  2 12:08:18 2023: Iterated ≈ 58% of D-proof candidates. [ 79382560 of approximately 136866483] (ETC: Mon Oct  2 12:42:08 2023 ; 33 min 50 s  80.77 ms remaining ; 1 h 20 min 33 s 525.63 ms total)
Mon Oct  2 12:09:45 2023: Iterated ≈ 60% of D-proof candidates. [ 82119889 of approximately 136866483] (ETC: Mon Oct  2 12:41:53 2023 ; 32 min  7 s 509.11 ms remaining ; 1 h 20 min 18 s 772.69 ms total)
Mon Oct  2 12:11:13 2023: Iterated ≈ 62% of D-proof candidates. [ 84857219 of approximately 136866483] (ETC: Mon Oct  2 12:41:39 2023 ; 30 min 25 s 984.84 ms remaining ; 1 h 20 min  5 s 223.22 ms total)
Mon Oct  2 12:12:43 2023: Iterated ≈ 64% of D-proof candidates. [ 87594549 of approximately 136866483] (ETC: Mon Oct  2 12:41:29 2023 ; 28 min 46 s 161.73 ms remaining ; 1 h 19 min 54 s 893.68 ms total)
Mon Oct  2 12:14:13 2023: Iterated ≈ 66% of D-proof candidates. [ 90331878 of approximately 136866483] (ETC: Mon Oct  2 12:41:21 2023 ; 27 min  7 s 482.72 ms remaining ; 1 h 19 min 46 s 713.80 ms total)
Mon Oct  2 12:15:43 2023: Iterated ≈ 68% of D-proof candidates. [ 93069208 of approximately 136866483] (ETC: Mon Oct  2 12:41:12 2023 ; 25 min 28 s 784.55 ms remaining ; 1 h 19 min 37 s 451.67 ms total)
Mon Oct  2 12:17:11 2023: Iterated ≈ 70% of D-proof candidates. [ 95806538 of approximately 136866483] (ETC: Mon Oct  2 12:41:02 2023 ; 23 min 50 s 283.66 ms remaining ; 1 h 19 min 27 s 612.19 ms total)
Mon Oct  2 12:18:41 2023: Iterated ≈ 72% of D-proof candidates. [ 98543867 of approximately 136866483] (ETC: Mon Oct  2 12:40:54 2023 ; 22 min 12 s 791.04 ms remaining ; 1 h 19 min 19 s 967.90 ms total)
Mon Oct  2 12:20:10 2023: Iterated ≈ 74% of D-proof candidates. [101281197 of approximately 136866483] (ETC: Mon Oct  2 12:40:45 2023 ; 20 min 35 s 225.55 ms remaining ; 1 h 19 min 10 s 867.43 ms total)
Mon Oct  2 12:21:37 2023: Iterated ≈ 76% of D-proof candidates. [104018527 of approximately 136866483] (ETC: Mon Oct  2 12:40:34 2023 ; 18 min 57 s 611.70 ms remaining ; 1 h 19 min       48.73 ms total)
Mon Oct  2 12:23:05 2023: Iterated ≈ 78% of D-proof candidates. [106755856 of approximately 136866483] (ETC: Mon Oct  2 12:40:26 2023 ; 17 min 21 s 126.85 ms remaining ; 1 h 18 min 52 s 394.66 ms total)
Mon Oct  2 12:24:34 2023: Iterated ≈ 80% of D-proof candidates. [109493186 of approximately 136866483] (ETC: Mon Oct  2 12:40:19 2023 ; 15 min 44 s 960.20 ms remaining ; 1 h 18 min 44 s 800.92 ms total)
Mon Oct  2 12:26:01 2023: Iterated ≈ 82% of D-proof candidates. [112230516 of approximately 136866483] (ETC: Mon Oct  2 12:40:09 2023 ; 14 min  8 s 769.17 ms remaining ; 1 h 18 min 35 s 384.27 ms total)
Mon Oct  2 12:27:29 2023: Iterated ≈ 84% of D-proof candidates. [114967845 of approximately 136866483] (ETC: Mon Oct  2 12:40:02 2023 ; 12 min 33 s 316.75 ms remaining ; 1 h 18 min 28 s 229.54 ms total)
Mon Oct  2 12:28:57 2023: Iterated ≈ 86% of D-proof candidates. [117705175 of approximately 136866483] (ETC: Mon Oct  2 12:39:55 2023 ; 10 min 58 s 172.98 ms remaining ; 1 h 18 min 21 s 235.48 ms total)
Mon Oct  2 12:30:24 2023: Iterated ≈ 88% of D-proof candidates. [120442505 of approximately 136866483] (ETC: Mon Oct  2 12:39:47 2023 ; 9 min 23 s 147.58 ms remaining ; 1 h 18 min 12 s 896.49 ms total)
Mon Oct  2 12:31:51 2023: Iterated ≈ 90% of D-proof candidates. [123179834 of approximately 136866483] (ETC: Mon Oct  2 12:39:40 2023 ; 7 min 48 s 572.67 ms remaining ; 1 h 18 min  5 s 726.50 ms total)
Mon Oct  2 12:33:19 2023: Iterated ≈ 92% of D-proof candidates. [125917164 of approximately 136866483] (ETC: Mon Oct  2 12:39:34 2023 ; 6 min 14 s 356.10 ms remaining ; 1 h 17 min 59 s 451.11 ms total)
Mon Oct  2 12:34:46 2023: Iterated ≈ 94% of D-proof candidates. [128654494 of approximately 136866483] (ETC: Mon Oct  2 12:39:26 2023 ; 4 min 40 s 343.80 ms remaining ; 1 h 17 min 52 s 396.64 ms total)
Mon Oct  2 12:36:12 2023: Iterated ≈ 96% of D-proof candidates. [131391823 of approximately 136866483] (ETC: Mon Oct  2 12:39:18 2023 ; 3 min  6 s 573.67 ms remaining ; 1 h 17 min 44 s 341.29 ms total)
Mon Oct  2 12:37:39 2023: Iterated ≈ 98% of D-proof candidates. [134129153 of approximately 136866483] (ETC: Mon Oct  2 12:39:12 2023 ; 1 min 33 s 152.05 ms remaining ; 1 h 17 min 37 s 602.03 ms total)
4651012.78 ms (1 h 17 min 31 s 12.78 ms) taken to collect 14057500 D-proofs of length 69. [iterated 136861838 condensed detachment proof strings]
[Copy] Custom iteration counts: { { 1, 1 }, { 3, 1 }, { 5, 2 }, { 7, 3 }, { 9, 8 }, { 11, 21 }, { 13, 40 }, { 15, 69 }, { 17, 126 }, { 19, 247 }, { 21, 442 }, { 23, 756 }, { 25, 1314 }, { 27, 2311 }, { 29, 4012 }, { 31, 6851 }, { 33, 11656 }, { 35, 19943 }, { 37, 33920 }, { 39, 57366 }, { 41, 96836 }, { 43, 163405 }, { 45, 275584 }, { 47, 463792 }, { 49, 779092 }, { 51, 1308757 }, { 53, 2198024 }, { 55, 3688065 }, { 57, 6183668 }, { 59, 10366617 }, { 61, 17377700 }, { 63, 29119708 }, { 65, 48779702 }, { 67, 81708667 }, { 69, 136861838 } }
64487.37 ms (1 min 4 s 487.37 ms) taken to filter and order new representative proofs.
Found 14057500 representative, 73287477 redundant, and 49516861 invalid condensed detachment proof strings.
lengths up to 69 ; amounts per length: {(1,1), (3,1), (5,1), (7,3), (9,7), (11,10), (13,13), (15,19), (17,37), (19,56), (21,87), (23,140), (25,227), (27,369), (29,579), (31,918), (33,1499), (35,2408), (37,3881), (39,6254), (41,10109), (43,16460), (45,26753), (47,43360), (49,70709), (51,115604), (53,188634), (55,308241), (57,504870), (59,827701), (61,1357539), (63,2227822), (65,3660735), (67,6021110), (69,14057500)} ; 14057500 new representative proofs (73287477 redundant, 49516861 invalid)
Mon Oct  2 12:40:43 2023: Starting to write 14057500 entries to data/478804cd4793bc7f87041d99326aff4595662146d8a68175dda22bed/dProofs-withConclusions/dProofs69-unfiltered69+.txt.
11898.36 ms (11 s 898.36 ms) taken to print and save 2510775995 bytes of representative condensed detachment proof strings to data/478804cd4793bc7f87041d99326aff4595662146d8a68175dda22bed/dProofs-withConclusions/dProofs69-unfiltered69+.txt.
Mon Oct  2 12:41:01 2023: Limited D-proof representative generator complete. [parallel ; 48 hardware thread contexts, limit: 69, unfiltered]
Mon Oct  2 12:41:36 2023: Process terminated. [pid: 264166, tid:22561776547712]
