( This log file was generated by 'pmGenerator 1.2' (master branch), compiled by 'Intel(R) oneAPI DPC++/C++ Compiler 2022.1.0 (2022.1.0.20220316)'.
  The run was executed on a CLAIX-2018-OPTANE MPI node
  — 2-socket Intel Xeon Gold 6338, 32 cores each (64 cores total per node), 2.0 GHz, 3.20 GHz turbo mode, 512 GiB DDR4-3200 caching for 2 TiB non-volatile memory (NVM) (Intel Optane DC Persistent Memory DIMMs) —
  running Linux, Rocky 8.8.
  Wall-clock time:   84.075 h
  CPU utilization: 5380.8 core-h )
Sat Nov  4 08:12:16 2023: Process started. [pid: 33624, tid:22866353518464]
Tasks:
1. resetRepresentativesFor("CCCCCpqCNrNsrtCCtpCsp", true, 0, true)
2. generateDProofRepresentativeFiles(83, false, true)

[Main] Calling resetRepresentativesFor("CCCCCpqCNrNsrtCCtpCsp", true, 0, true).
Loaded 1 custom axioms. [SHA-512/224 hash: 478804cd4793bc7f87041d99326aff4595662146d8a68175dda22bed]
(1) CCCCC0.1CN2N3.2.4CC4.0C3.0    -    CCCCCpqCNrNsrtCCtpCsp    -    ((((0\imply1)\imply(\not2\imply\not3))\imply2)\imply4)\imply((4\imply0)\imply(3\imply0))
[Main] Calling generateDProofRepresentativeFiles(83, false, true).
Sat Nov  4 08:12:16 2023: Limited D-proof representative generator started. [parallel ; 64 hardware thread contexts, limit: 83, unfiltered]
0.01 ms taken to load initial representatives.
11.28 ms taken to read 1 condensed detachment proof and conclusion from data/478804cd4793bc7f87041d99326aff4595662146d8a68175dda22bed/dProofs-withConclusions/dProofs3.txt. [tid:22866293270272]
19.34 ms taken to read 1 condensed detachment proof and conclusion from data/478804cd4793bc7f87041d99326aff4595662146d8a68175dda22bed/dProofs-withConclusions/dProofs5.txt. [tid:22866291169024]
4.44 ms taken to read 3 condensed detachment proofs and conclusions from data/478804cd4793bc7f87041d99326aff4595662146d8a68175dda22bed/dProofs-withConclusions/dProofs7.txt. [tid:22866289067776]
14.83 ms taken to read 7 condensed detachment proofs and conclusions from data/478804cd4793bc7f87041d99326aff4595662146d8a68175dda22bed/dProofs-withConclusions/dProofs9.txt. [tid:22866286966528]
18.59 ms taken to read 10 condensed detachment proofs and conclusions from data/478804cd4793bc7f87041d99326aff4595662146d8a68175dda22bed/dProofs-withConclusions/dProofs11.txt. [tid:22866284865280]
27.14 ms taken to read 13 condensed detachment proofs and conclusions from data/478804cd4793bc7f87041d99326aff4595662146d8a68175dda22bed/dProofs-withConclusions/dProofs13.txt. [tid:22866282764032]
19.80 ms taken to read 19 condensed detachment proofs and conclusions from data/478804cd4793bc7f87041d99326aff4595662146d8a68175dda22bed/dProofs-withConclusions/dProofs15.txt. [tid:22866280662784]
14.02 ms taken to read 37 condensed detachment proofs and conclusions from data/478804cd4793bc7f87041d99326aff4595662146d8a68175dda22bed/dProofs-withConclusions/dProofs17.txt. [tid:22866278561536]
16.18 ms taken to read 56 condensed detachment proofs and conclusions from data/478804cd4793bc7f87041d99326aff4595662146d8a68175dda22bed/dProofs-withConclusions/dProofs19.txt. [tid:22866276460288]
15.56 ms taken to read 87 condensed detachment proofs and conclusions from data/478804cd4793bc7f87041d99326aff4595662146d8a68175dda22bed/dProofs-withConclusions/dProofs21.txt. [tid:22866274359040]
19.94 ms taken to read 140 condensed detachment proofs and conclusions from data/478804cd4793bc7f87041d99326aff4595662146d8a68175dda22bed/dProofs-withConclusions/dProofs23.txt. [tid:22866204555008]
25.75 ms taken to read 227 condensed detachment proofs and conclusions from data/478804cd4793bc7f87041d99326aff4595662146d8a68175dda22bed/dProofs-withConclusions/dProofs25.txt. [tid:22866202453760]
31.85 ms taken to read 369 condensed detachment proofs and conclusions from data/478804cd4793bc7f87041d99326aff4595662146d8a68175dda22bed/dProofs-withConclusions/dProofs27.txt. [tid:22866200352512]
29.12 ms taken to read 579 condensed detachment proofs and conclusions from data/478804cd4793bc7f87041d99326aff4595662146d8a68175dda22bed/dProofs-withConclusions/dProofs29.txt. [tid:22866198251264]
12.38 ms taken to read 918 condensed detachment proofs and conclusions from data/478804cd4793bc7f87041d99326aff4595662146d8a68175dda22bed/dProofs-withConclusions/dProofs31.txt. [tid:22866196150016]
30.36 ms taken to read 1499 condensed detachment proofs and conclusions from data/478804cd4793bc7f87041d99326aff4595662146d8a68175dda22bed/dProofs-withConclusions/dProofs33.txt. [tid:22866194048768]
50.42 ms taken to read 2408 condensed detachment proofs and conclusions from data/478804cd4793bc7f87041d99326aff4595662146d8a68175dda22bed/dProofs-withConclusions/dProofs35.txt. [tid:22866191947520]
41.80 ms taken to read 3881 condensed detachment proofs and conclusions from data/478804cd4793bc7f87041d99326aff4595662146d8a68175dda22bed/dProofs-withConclusions/dProofs37.txt. [tid:22866189846272]
55.93 ms taken to read 6254 condensed detachment proofs and conclusions from data/478804cd4793bc7f87041d99326aff4595662146d8a68175dda22bed/dProofs-withConclusions/dProofs39.txt. [tid:22866187745024]
95.54 ms taken to read 10109 condensed detachment proofs and conclusions from data/478804cd4793bc7f87041d99326aff4595662146d8a68175dda22bed/dProofs-withConclusions/dProofs41.txt. [tid:22866185643776]
245.92 ms taken to read 16460 condensed detachment proofs and conclusions from data/478804cd4793bc7f87041d99326aff4595662146d8a68175dda22bed/dProofs-withConclusions/dProofs43.txt. [tid:22866183542528]
376.88 ms taken to read 26753 condensed detachment proofs and conclusions from data/478804cd4793bc7f87041d99326aff4595662146d8a68175dda22bed/dProofs-withConclusions/dProofs45.txt. [tid:22866181441280]
488.21 ms taken to read 43360 condensed detachment proofs and conclusions from data/478804cd4793bc7f87041d99326aff4595662146d8a68175dda22bed/dProofs-withConclusions/dProofs47.txt. [tid:22866179340032]
755.09 ms taken to read 70709 condensed detachment proofs and conclusions from data/478804cd4793bc7f87041d99326aff4595662146d8a68175dda22bed/dProofs-withConclusions/dProofs49.txt. [tid:22866177238784]
873.11 ms taken to read 115604 condensed detachment proofs and conclusions from data/478804cd4793bc7f87041d99326aff4595662146d8a68175dda22bed/dProofs-withConclusions/dProofs51.txt. [tid:22866175137536]
1149.46 ms (1 s 149.46 ms) taken to read 188634 condensed detachment proofs and conclusions from data/478804cd4793bc7f87041d99326aff4595662146d8a68175dda22bed/dProofs-withConclusions/dProofs53.txt. [tid:22866173036288]
4159.95 ms (4 s 159.95 ms) taken to read 308241 condensed detachment proofs and conclusions from data/478804cd4793bc7f87041d99326aff4595662146d8a68175dda22bed/dProofs-withConclusions/dProofs55.txt. [tid:22866170935040]
2261.97 ms (2 s 261.97 ms) taken to read 504870 condensed detachment proofs and conclusions from data/478804cd4793bc7f87041d99326aff4595662146d8a68175dda22bed/dProofs-withConclusions/dProofs57.txt. [tid:22866168833792]
2853.82 ms (2 s 853.82 ms) taken to read 827701 condensed detachment proofs and conclusions from data/478804cd4793bc7f87041d99326aff4595662146d8a68175dda22bed/dProofs-withConclusions/dProofs59.txt. [tid:22866166732544]
3520.94 ms (3 s 520.95 ms) taken to read 1357539 condensed detachment proofs and conclusions from data/478804cd4793bc7f87041d99326aff4595662146d8a68175dda22bed/dProofs-withConclusions/dProofs61.txt. [tid:22866164631296]
4734.01 ms (4 s 734.01 ms) taken to read 2227822 condensed detachment proofs and conclusions from data/478804cd4793bc7f87041d99326aff4595662146d8a68175dda22bed/dProofs-withConclusions/dProofs63.txt. [tid:22866162530048]
5143.42 ms (5 s 143.42 ms) taken to read 3660735 condensed detachment proofs and conclusions from data/478804cd4793bc7f87041d99326aff4595662146d8a68175dda22bed/dProofs-withConclusions/dProofs65.txt. [tid:22866160428800]
6019.96 ms (6 s 19.96 ms) taken to read 6021110 condensed detachment proofs and conclusions from data/478804cd4793bc7f87041d99326aff4595662146d8a68175dda22bed/dProofs-withConclusions/dProofs67.txt. [tid:22866158327552]
7055.60 ms (7 s 55.60 ms) taken to read 9907537 condensed detachment proofs and conclusions from data/478804cd4793bc7f87041d99326aff4595662146d8a68175dda22bed/dProofs-withConclusions/dProofs69.txt. [tid:22866156226304]
7130.09 ms (7 s 130.09 ms) total read duration.
Loaded 35 representative collections of sizes:
1 : 1
3 : 1
5 : 1
7 : 3
9 : 7
11 : 10
13 : 13
15 : 19
17 : 37
19 : 56
21 : 87
23 : 140
25 : 227
27 : 369
29 : 579
31 : 918
33 : 1499
35 : 2408
37 : 3881
39 : 6254
41 : 10109
43 : 16460
45 : 26753
47 : 43360
49 : 70709
51 : 115604
53 : 188634
55 : 308241
57 : 504870
59 : 827701
61 : 1357539
63 : 2227822
65 : 3660735
67 : 6021110
69 : 9907537
25303694 representatives in total.
52456.13 ms (52 s 456.13 ms) taken to read 23150845 condensed detachment proofs and conclusions from data/478804cd4793bc7f87041d99326aff4595662146d8a68175dda22bed/dProofs-withConclusions/dProofs71-unfiltered71+.txt. [tid:22866156226304]
106431.04 ms (1 min 46 s 431.04 ms) taken to read 45156728 condensed detachment proofs and conclusions from data/478804cd4793bc7f87041d99326aff4595662146d8a68175dda22bed/dProofs-withConclusions/dProofs73-unfiltered71+.txt. [tid:22866158327552]
141679.97 ms (2 min 21 s 679.97 ms) taken to read 80141395 condensed detachment proofs and conclusions from data/478804cd4793bc7f87041d99326aff4595662146d8a68175dda22bed/dProofs-withConclusions/dProofs75-unfiltered71+.txt. [tid:22866160428800]
182921.26 ms (3 min 2 s 921.26 ms) taken to read 143296899 condensed detachment proofs and conclusions from data/478804cd4793bc7f87041d99326aff4595662146d8a68175dda22bed/dProofs-withConclusions/dProofs77-unfiltered71+.txt. [tid:22866162530048]
236166.77 ms (3 min 56 s 166.77 ms) taken to read 263540491 condensed detachment proofs and conclusions from data/478804cd4793bc7f87041d99326aff4595662146d8a68175dda22bed/dProofs-withConclusions/dProofs79-unfiltered71+.txt. [tid:22866164631296]
328539.28 ms (5 min 28 s 539.28 ms) taken to read 489824924 condensed detachment proofs and conclusions from data/478804cd4793bc7f87041d99326aff4595662146d8a68175dda22bed/dProofs-withConclusions/dProofs81-unfiltered71+.txt. [tid:22866166732544]
328553.89 ms (5 min 28 s 553.89 ms) additional read duration.
Loaded 6 more representative collections of sizes:
71 : 23150845
73 : 45156728
75 : 80141395
77 : 143296899
79 : 263540491
81 : 489824924
1070414976 representatives in total.
Sat Nov  4 08:19:04 2023: Inserted ≈ 5% of D-proof conclusions. [  53520748 of 1070414976] (ETC: Sat Nov  4 08:41:56 2023 ; 22 min 51 s 472.80 ms remaining ; 24 min  3 s 655.58 ms total)
Sat Nov  4 08:20:30 2023: Inserted ≈10% of D-proof conclusions. [ 107041497 of 1070414976] (ETC: Sat Nov  4 08:44:05 2023 ; 23 min 35 s 913.54 ms remaining ; 26 min 13 s 237.27 ms total)
Sat Nov  4 08:22:01 2023: Inserted ≈15% of D-proof conclusions. [ 160562246 of 1070414976] (ETC: Sat Nov  4 08:45:32 2023 ; 23 min 30 s 931.04 ms remaining ; 27 min 39 s 918.87 ms total)
Sat Nov  4 08:23:33 2023: Inserted ≈20% of D-proof conclusions. [ 214082995 of 1070414976] (ETC: Sat Nov  4 08:46:16 2023 ; 22 min 43 s 264.33 ms remaining ; 28 min 24 s  80.42 ms total)
Sat Nov  4 08:25:05 2023: Inserted ≈25% of D-proof conclusions. [ 267603744 of 1070414976] (ETC: Sat Nov  4 08:46:42 2023 ; 21 min 37 s 666.85 ms remaining ; 28 min 50 s 222.46 ms total)
Sat Nov  4 08:26:43 2023: Inserted ≈30% of D-proof conclusions. [ 321124492 of 1070414976] (ETC: Sat Nov  4 08:47:22 2023 ; 20 min 38 s 595.58 ms remaining ; 29 min 29 s 422.25 ms total)
Sat Nov  4 08:28:27 2023: Inserted ≈35% of D-proof conclusions. [ 374645241 of 1070414976] (ETC: Sat Nov  4 08:48:05 2023 ; 19 min 38 s 571.18 ms remaining ; 30 min 13 s 186.43 ms total)
Sat Nov  4 08:30:09 2023: Inserted ≈40% of D-proof conclusions. [ 428165990 of 1070414976] (ETC: Sat Nov  4 08:48:34 2023 ; 18 min 24 s 911.07 ms remaining ; 30 min 41 s 518.45 ms total)
Sat Nov  4 08:31:50 2023: Inserted ≈45% of D-proof conclusions. [ 481686739 of 1070414976] (ETC: Sat Nov  4 08:48:55 2023 ; 17 min  4 s 498.98 ms remaining ; 31 min  2 s 725.42 ms total)
Sat Nov  4 08:33:33 2023: Inserted ≈50% of D-proof conclusions. [ 535207488 of 1070414976] (ETC: Sat Nov  4 08:49:14 2023 ; 15 min 41 s  58.48 ms remaining ; 31 min 22 s 116.96 ms total)
Sat Nov  4 08:35:14 2023: Inserted ≈55% of D-proof conclusions. [ 588728236 of 1070414976] (ETC: Sat Nov  4 08:49:26 2023 ; 14 min 12 s 360.03 ms remaining ; 31 min 34 s 133.40 ms total)
Sat Nov  4 08:36:26 2023: Inserted ≈60% of D-proof conclusions. [ 642248985 of 1070414976] (ETC: Sat Nov  4 08:48:49 2023 ; 12 min 22 s 538.18 ms remaining ; 30 min 56 s 345.44 ms total)
Sat Nov  4 08:37:40 2023: Inserted ≈65% of D-proof conclusions. [ 695769734 of 1070414976] (ETC: Sat Nov  4 08:48:20 2023 ; 10 min 39 s 813.58 ms remaining ; 30 min 28 s  38.81 ms total)
Sat Nov  4 08:38:55 2023: Inserted ≈70% of D-proof conclusions. [ 749290483 of 1070414976] (ETC: Sat Nov  4 08:47:56 2023 ; 9 min  1 s  56.70 ms remaining ; 30 min  3 s 522.35 ms total)
Sat Nov  4 08:40:15 2023: Inserted ≈75% of D-proof conclusions. [ 802811232 of 1070414976] (ETC: Sat Nov  4 08:47:43 2023 ; 7 min 27 s 713.89 ms remaining ; 29 min 50 s 855.56 ms total)
Sat Nov  4 08:41:40 2023: Inserted ≈80% of D-proof conclusions. [ 856331980 of 1070414976] (ETC: Sat Nov  4 08:47:37 2023 ; 5 min 56 s 956.66 ms remaining ; 29 min 44 s 783.29 ms total)
Sat Nov  4 08:43:14 2023: Inserted ≈85% of D-proof conclusions. [ 909852729 of 1070414976] (ETC: Sat Nov  4 08:47:43 2023 ; 4 min 28 s 614.23 ms remaining ; 29 min 50 s 761.54 ms total)
Sat Nov  4 08:44:53 2023: Inserted ≈90% of D-proof conclusions. [ 963373478 of 1070414976] (ETC: Sat Nov  4 08:47:53 2023 ; 3 min       78.20 ms remaining ; 30 min      781.98 ms total)
Sat Nov  4 08:46:32 2023: Inserted ≈95% of D-proof conclusions. [1016894227 of 1070414976] (ETC: Sat Nov  4 08:48:03 2023 ; 1 min 30 s 514.76 ms remaining ; 30 min 10 s 295.30 ms total)
Sat Nov  4 08:48:16 2023: Inserted 100% of D-proof conclusions. [1070414976 of 1070414976] (ETC: Sat Nov  4 08:48:16 2023 ; 0.00 ms remaining ; 30 min 23 s 574.34 ms total)
1823575.75 ms (30 min 23 s 575.75 ms) total insertion duration.
Known iteration count loaded from 83:6668078395.
Sat Nov  4 08:48:16 2023: Starting to generate D-proof representatives of length 83.
Sat Nov  4 10:37:43 2023: Iterated ≈ 2% of D-proof candidates. [ 133361567 of 6668078395] (ETC: Wed Nov  8 04:00:36 2023 ; 3 d 17 h 22 min 52 s 985.29 ms remaining ; 3 d 19 h 12 min 19 s 780.87 ms total)
Sat Nov  4 12:27:20 2023: Iterated ≈ 4% of D-proof candidates. [ 266723135 of 6668078395] (ETC: Wed Nov  8 04:04:56 2023 ; 3 d 15 h 37 min 36 s  36.87 ms remaining ; 3 d 19 h 16 min 40 s  38.36 ms total)
Sat Nov  4 14:09:34 2023: Iterated ≈ 6% of D-proof candidates. [ 400084703 of 6668078395] (ETC: Wed Nov  8 02:03:13 2023 ; 3 d 11 h 53 min 38 s 867.79 ms remaining ; 3 d 17 h 14 min 56 s 667.83 ms total)
Sat Nov  4 15:59:51 2023: Iterated ≈ 8% of D-proof candidates. [ 533446271 of 6668078395] (ETC: Wed Nov  8 02:43:04 2023 ; 3 d 10 h 43 min 13 s 517.96 ms remaining ; 3 d 17 h 54 min 48 s 606.45 ms total)
Sat Nov  4 17:47:11 2023: Iterated ≈10% of D-proof candidates. [ 666807839 of 6668078395] (ETC: Wed Nov  8 02:37:27 2023 ; 3 d  8 h 50 min 15 s 964.53 ms remaining ; 3 d 17 h 49 min 11 s  71.67 ms total)
Sat Nov  4 19:27:57 2023: Iterated ≈12% of D-proof candidates. [ 800169407 of 6668078395] (ETC: Wed Nov  8 01:39:01 2023 ; 3 d  6 h 11 min  4 s 146.96 ms remaining ; 3 d 16 h 50 min 45 s 621.52 ms total)
Sat Nov  4 21:06:20 2023: Iterated ≈14% of D-proof candidates. [ 933530975 of 6668078395] (ETC: Wed Nov  8 00:40:08 2023 ; 3 d  3 h 33 min 48 s 218.87 ms remaining ; 3 d 15 h 51 min 51 s 882.39 ms total)
Sat Nov  4 22:53:05 2023: Iterated ≈16% of D-proof candidates. [1066892543 of 6668078395] (ETC: Wed Nov  8 00:48:21 2023 ; 3 d  1 h 55 min 16 s 454.25 ms remaining ; 3 d 16 h         5 s 302.67 ms total)
Sun Nov  5 00:32:24 2023: Iterated ≈18% of D-proof candidates. [1200254111 of 6668078395] (ETC: Wed Nov  8 00:13:30 2023 ; 2 d 23 h 41 min  5 s 441.17 ms remaining ; 3 d 15 h 25 min 13 s 952.64 ms total)
Sun Nov  5 02:13:58 2023: Iterated ≈20% of D-proof candidates. [1333615679 of 6668078395] (ETC: Tue Nov  7 23:56:47 2023 ; 2 d 21 h 42 min 49 s 196.47 ms remaining ; 3 d 15 h  8 min 31 s 495.59 ms total)
Sun Nov  5 03:50:53 2023: Iterated ≈22% of D-proof candidates. [1466977246 of 6668078395] (ETC: Tue Nov  7 23:22:00 2023 ; 2 d 19 h 31 min  6 s 640.23 ms remaining ; 3 d 14 h 33 min 43 s 897.68 ms total)
Sun Nov  5 05:28:05 2023: Iterated ≈24% of D-proof candidates. [1600338814 of 6668078395] (ETC: Tue Nov  7 22:54:10 2023 ; 2 d 17 h 26 min  5 s 164.98 ms remaining ; 3 d 14 h  5 min 54 s 164.40 ms total)
Sun Nov  5 07:03:57 2023: Iterated ≈26% of D-proof candidates. [1733700382 of 6668078395] (ETC: Tue Nov  7 22:25:31 2023 ; 2 d 15 h 21 min 34 s 103.87 ms remaining ; 3 d 13 h 37 min 15 s 275.45 ms total)
Sun Nov  5 08:38:55 2023: Iterated ≈28% of D-proof candidates. [1867061950 of 6668078395] (ETC: Tue Nov  7 21:57:44 2023 ; 2 d 13 h 18 min 49 s 354.76 ms remaining ; 3 d 13 h  9 min 28 s 548.23 ms total)
Sun Nov  5 10:16:54 2023: Iterated ≈30% of D-proof candidates. [2000423518 of 6668078395] (ETC: Tue Nov  7 21:43:44 2023 ; 2 d 11 h 26 min 49 s 528.95 ms remaining ; 3 d 12 h 55 min 27 s 898.47 ms total)
Sun Nov  5 11:51:54 2023: Iterated ≈32% of D-proof candidates. [2133785086 of 6668078395] (ETC: Tue Nov  7 21:22:08 2023 ; 2 d  9 h 30 min 13 s 652.11 ms remaining ; 3 d 12 h 33 min 51 s 841.31 ms total)
Sun Nov  5 13:27:33 2023: Iterated ≈34% of D-proof candidates. [2267146654 of 6668078395] (ETC: Tue Nov  7 21:04:59 2023 ; 2 d  7 h 37 min 25 s 922.84 ms remaining ; 3 d 12 h 16 min 42 s 913.38 ms total)
Sun Nov  5 15:01:07 2023: Iterated ≈36% of D-proof candidates. [2400508222 of 6668078395] (ETC: Tue Nov  7 20:43:58 2023 ; 2 d  5 h 42 min 50 s 916.09 ms remaining ; 3 d 11 h 55 min 42 s  56.38 ms total)
Sun Nov  5 16:37:51 2023: Iterated ≈38% of D-proof candidates. [2533869790 of 6668078395] (ETC: Tue Nov  7 20:33:30 2023 ; 2 d  3 h 55 min 38 s 901.20 ms remaining ; 3 d 11 h 45 min 14 s 356.76 ms total)
Sun Nov  5 18:12:33 2023: Iterated ≈40% of D-proof candidates. [2667231358 of 6668078395] (ETC: Tue Nov  7 20:18:59 2023 ; 2 d  2 h  6 min 25 s 831.12 ms remaining ; 3 d 11 h 30 min 43 s  51.87 ms total)
Sun Nov  5 19:47:43 2023: Iterated ≈42% of D-proof candidates. [2800592925 of 6668078395] (ETC: Tue Nov  7 20:06:57 2023 ; 2 d      19 min 14 s 416.91 ms remaining ; 3 d 11 h 18 min 41 s 408.40 ms total)
Sun Nov  5 21:21:59 2023: Iterated ≈44% of D-proof candidates. [2933954493 of 6668078395] (ETC: Tue Nov  7 19:53:59 2023 ; 1 d 22 h 32 min      200.18 ms remaining ; 3 d 11 h  5 min 43 s 214.55 ms total)
Sun Nov  5 22:58:05 2023: Iterated ≈46% of D-proof candidates. [3067316061 of 6668078395] (ETC: Tue Nov  7 19:46:07 2023 ; 1 d 20 h 48 min  2 s 423.48 ms remaining ; 3 d 10 h 57 min 51 s 154.54 ms total)
Mon Nov  6 00:32:13 2023: Iterated ≈48% of D-proof candidates. [3200677629 of 6668078395] (ETC: Tue Nov  7 19:34:50 2023 ; 1 d 19 h  2 min 36 s 834.07 ms remaining ; 3 d 10 h 46 min 33 s 911.62 ms total)
Mon Nov  6 02:07:30 2023: Iterated ≈50% of D-proof candidates. [3334039197 of 6668078395] (ETC: Tue Nov  7 19:26:43 2023 ; 1 d 17 h 19 min 13 s 806.79 ms remaining ; 3 d 10 h 38 min 27 s 613.54 ms total)
Mon Nov  6 03:40:38 2023: Iterated ≈52% of D-proof candidates. [3467400765 of 6668078395] (ETC: Tue Nov  7 19:15:07 2023 ; 1 d 15 h 34 min 29 s 425.48 ms remaining ; 3 d 10 h 26 min 51 s 303.04 ms total)
Mon Nov  6 05:12:33 2023: Iterated ≈54% of D-proof candidates. [3600762333 of 6668078395] (ETC: Tue Nov  7 19:02:08 2023 ; 1 d 13 h 49 min 34 s 829.43 ms remaining ; 3 d 10 h 13 min 52 s 237.87 ms total)
Mon Nov  6 06:43:42 2023: Iterated ≈56% of D-proof candidates. [3734123901 of 6668078395] (ETC: Tue Nov  7 18:48:41 2023 ; 1 d 12 h  4 min 59 s  27.81 ms remaining ; 3 d 10 h        25 s  63.19 ms total)
Mon Nov  6 08:13:59 2023: Iterated ≈58% of D-proof candidates. [3867485469 of 6668078395] (ETC: Tue Nov  7 18:34:40 2023 ; 1 d 10 h 20 min 41 s 429.83 ms remaining ; 3 d  9 h 46 min 24 s 356.72 ms total)
Mon Nov  6 09:43:45 2023: Iterated ≈60% of D-proof candidates. [4000847037 of 6668078395] (ETC: Tue Nov  7 18:20:44 2023 ; 1 d  8 h 36 min 59 s 316.34 ms remaining ; 3 d  9 h 32 min 28 s 290.86 ms total)
Mon Nov  6 11:13:03 2023: Iterated ≈62% of D-proof candidates. [4134208604 of 6668078395] (ETC: Tue Nov  7 18:06:58 2023 ; 1 d  6 h 53 min 54 s 232.42 ms remaining ; 3 d  9 h 18 min 41 s 664.16 ms total)
Mon Nov  6 12:42:48 2023: Iterated ≈64% of D-proof candidates. [4267570172 of 6668078395] (ETC: Tue Nov  7 17:54:44 2023 ; 1 d  5 h 11 min 55 s 822.07 ms remaining ; 3 d  9 h  6 min 28 s 394.54 ms total)
Mon Nov  6 14:11:50 2023: Iterated ≈66% of D-proof candidates. [4400931740 of 6668078395] (ETC: Tue Nov  7 17:42:10 2023 ; 1 d  3 h 30 min 19 s 533.07 ms remaining ; 3 d  8 h 53 min 53 s 920.70 ms total)
Mon Nov  6 15:40:16 2023: Iterated ≈68% of D-proof candidates. [4534293308 of 6668078395] (ETC: Tue Nov  7 17:29:26 2023 ; 1 d  1 h 49 min 10 s 483.56 ms remaining ; 3 d  8 h 41 min 10 s 261.04 ms total)
Mon Nov  6 17:08:41 2023: Iterated ≈70% of D-proof candidates. [4667654876 of 6668078395] (ETC: Tue Nov  7 17:17:26 2023 ; 1 d       8 min 44 s 926.17 ms remaining ; 3 d  8 h 29 min  9 s 753.83 ms total)
Mon Nov  6 18:37:11 2023: Iterated ≈72% of D-proof candidates. [4801016444 of 6668078395] (ETC: Tue Nov  7 17:06:12 2023 ; 22 h 29 min  1 s 436.12 ms remaining ; 3 d  8 h 17 min 56 s 557.51 ms total)
Mon Nov  6 20:05:10 2023: Iterated ≈74% of D-proof candidates. [4934378012 of 6668078395] (ETC: Tue Nov  7 16:54:54 2023 ; 20 h 49 min 43 s 481.90 ms remaining ; 3 d  8 h  6 min 38 s   7.26 ms total)
Mon Nov  6 21:33:04 2023: Iterated ≈76% of D-proof candidates. [5067739580 of 6668078395] (ETC: Tue Nov  7 16:44:03 2023 ; 19 h 10 min 59 s 434.55 ms remaining ; 3 d  7 h 55 min 47 s 643.94 ms total)
Mon Nov  6 23:00:57 2023: Iterated ≈78% of D-proof candidates. [5201101148 of 6668078395] (ETC: Tue Nov  7 16:33:46 2023 ; 17 h 32 min 48 s 588.07 ms remaining ; 3 d  7 h 45 min 29 s 945.77 ms total)
Tue Nov  7 00:27:43 2023: Iterated ≈80% of D-proof candidates. [5334462716 of 6668078395] (ETC: Tue Nov  7 16:22:35 2023 ; 15 h 54 min 51 s 885.11 ms remaining ; 3 d  7 h 34 min 19 s 425.55 ms total)
Tue Nov  7 01:54:49 2023: Iterated ≈82% of D-proof candidates. [5467824283 of 6668078395] (ETC: Tue Nov  7 16:12:21 2023 ; 14 h 17 min 32 s  88.61 ms remaining ; 3 d  7 h 24 min  4 s 936.49 ms total)
Tue Nov  7 03:21:33 2023: Iterated ≈84% of D-proof candidates. [5601185851 of 6668078395] (ETC: Tue Nov  7 16:02:11 2023 ; 12 h 40 min 37 s 575.74 ms remaining ; 3 d  7 h 13 min 54 s 848.16 ms total)
Tue Nov  7 04:48:10 2023: Iterated ≈86% of D-proof candidates. [5734547419 of 6668078395] (ETC: Tue Nov  7 15:52:20 2023 ; 11 h  4 min 10 s 120.89 ms remaining ; 3 d  7 h  4 min  3 s 720.43 ms total)
Tue Nov  7 06:14:57 2023: Iterated ≈88% of D-proof candidates. [5867908987 of 6668078395] (ETC: Tue Nov  7 15:43:08 2023 ; 9 h 28 min 11 s  86.52 ms remaining ; 3 d  6 h 54 min 52 s 387.46 ms total)
Tue Nov  7 07:41:27 2023: Iterated ≈90% of D-proof candidates. [6001270555 of 6668078395] (ETC: Tue Nov  7 15:34:01 2023 ; 7 h 52 min 34 s 517.86 ms remaining ; 3 d  6 h 45 min 45 s 178.43 ms total)
Tue Nov  7 09:07:40 2023: Iterated ≈92% of D-proof candidates. [6134632123 of 6668078395] (ETC: Tue Nov  7 15:25:00 2023 ; 6 h 17 min 20 s 356.34 ms remaining ; 3 d  6 h 36 min 44 s 454.03 ms total)
Tue Nov  7 10:33:58 2023: Iterated ≈94% of D-proof candidates. [6267993691 of 6668078395] (ETC: Tue Nov  7 15:16:28 2023 ; 4 h 42 min 29 s 509.32 ms remaining ; 3 d  6 h 28 min 11 s 821.88 ms total)
Tue Nov  7 12:00:18 2023: Iterated ≈96% of D-proof candidates. [6401355259 of 6668078395] (ETC: Tue Nov  7 15:08:18 2023 ; 3 h  8 min       75.34 ms remaining ; 3 d  6 h 20 min  1 s 883.35 ms total)
Tue Nov  7 13:26:05 2023: Iterated ≈98% of D-proof candidates. [6534716827 of 6668078395] (ETC: Tue Nov  7 14:59:55 2023 ; 1 h 33 min 49 s 981.19 ms remaining ; 3 d  6 h 11 min 39 s  59.52 ms total)
Tue Nov  7 14:51:56 2023: Iterated 100% of D-proof candidates. [6668078395 of 6668078395] (ETC: Tue Nov  7 14:51:56 2023 ; 0.00 ms remaining ; 3 d  6 h  3 min 40 s 486.20 ms total)
281032311.65 ms (3 d 6 h 3 min 52 s 311.65 ms) taken to collect 905043886 D-proofs of length 83. [iterated 6668078395 condensed detachment proof strings]
[Copy] Custom iteration counts: { { 1, 1 }, { 3, 1 }, { 5, 2 }, { 7, 3 }, { 9, 8 }, { 11, 21 }, { 13, 40 }, { 15, 69 }, { 17, 126 }, { 19, 247 }, { 21, 442 }, { 23, 756 }, { 25, 1314 }, { 27, 2311 }, { 29, 4012 }, { 31, 6851 }, { 33, 11656 }, { 35, 19943 }, { 37, 33920 }, { 39, 57366 }, { 41, 96836 }, { 43, 163405 }, { 45, 275584 }, { 47, 463792 }, { 49, 779092 }, { 51, 1308757 }, { 53, 2198024 }, { 55, 3688065 }, { 57, 6183668 }, { 59, 10366617 }, { 61, 17377700 }, { 63, 29119708 }, { 65, 48779702 }, { 67, 81708667 }, { 69, 136861838 }, { 71, 229211380 }, { 73, 397509772 }, { 75, 692977377 }, { 77, 1198182438 }, { 79, 2091875434 }, { 81, 3720990150 }, { 83, 6668078395 } }
12214276.62 ms (3 h 23 min 34 s 276.62 ms) taken to filter and order new representative proofs.
Found 905043886 representative, 3286688196 redundant, and 2476346313 invalid condensed detachment proof strings.
lengths up to 83 ; amounts per length: {(1,1), (3,1), (5,1), (7,3), (9,7), (11,10), (13,13), (15,19), (17,37), (19,56), (21,87), (23,140), (25,227), (27,369), (29,579), (31,918), (33,1499), (35,2408), (37,3881), (39,6254), (41,10109), (43,16460), (45,26753), (47,43360), (49,70709), (51,115604), (53,188634), (55,308241), (57,504870), (59,827701), (61,1357539), (63,2227822), (65,3660735), (67,6021110), (69,9907537), (71,23150845), (73,45156728), (75,80141395), (77,143296899), (79,263540491), (81,489824924), (83,905043886)} ; 905043886 new representative proofs (3286688196 redundant, 2476346313 invalid)
Tue Nov  7 18:52:38 2023: Starting to write 905043886 entries to data/478804cd4793bc7f87041d99326aff4595662146d8a68175dda22bed/dProofs-withConclusions/dProofs83-unfiltered71+.txt.
1531409.18 ms (25 min 31 s 409.18 ms) taken to print and save 207577506070 bytes of representative condensed detachment proof strings to data/478804cd4793bc7f87041d99326aff4595662146d8a68175dda22bed/dProofs-withConclusions/dProofs83-unfiltered71+.txt.
Tue Nov  7 19:47:49 2023: Limited D-proof representative generator complete. [parallel ; 64 hardware thread contexts, limit: 83, unfiltered]
Tue Nov  7 20:16:46 2023: Process terminated. [pid: 33624, tid:22866353518464]
