( This log file was generated by 'pmGenerator 1.2' (master branch), compiled by 'Intel(R) oneAPI DPC++/C++ Compiler 2022.1.0 (2022.1.0.20220316)'.
  The run was executed on a CLAIX-2018 MPI node
  — 2-socket Intel Xeon Platinum 8160 (Skylake), 24 cores each (48 cores total per node), 2.1 GHz, 3.7 GHz turbo mode, 192 GiB main memory —
  running Linux, Rocky 8.8.
  Wall-clock time:  14.8163888… h
  CPU utilization: 711.18666… core-h )
Tue Oct 17 10:52:14 2023: Process started. [pid: 94501, tid:23323724998528]
Tasks:
1. resetRepresentativesFor("CpCCNqCCNrsCptCCtqCrq", true, 0, true)
2. generateDProofRepresentativeFiles(67, false, true)

[Main] Calling resetRepresentativesFor("CpCCNqCCNrsCptCCtqCrq", true, 0, true).
Loaded 1 custom axioms. [SHA-512/224 hash: 0df075acc552c62513b49b6ed674bfcde1c1b018e532c665be229314]
(1) C0CCN1CCN2.3C0.4CC4.1C2.1    -    CpCCNqCCNrsCptCCtqCrq    -    0\imply((\not1\imply((\not2\imply3)\imply(0\imply4)))\imply((4\imply1)\imply(2\imply1)))
[Main] Calling generateDProofRepresentativeFiles(67, false, true).
Tue Oct 17 10:52:15 2023: Limited D-proof representative generator started. [parallel ; 48 hardware thread contexts, limit: 67, unfiltered]
0.01 ms taken to load initial representatives.
23.01 ms taken to read 1 condensed detachment proof and conclusion from data/0df075acc552c62513b49b6ed674bfcde1c1b018e532c665be229314/dProofs-withConclusions/dProofs3.txt. [tid:23323664750336]
29.65 ms taken to read 2 condensed detachment proofs and conclusions from data/0df075acc552c62513b49b6ed674bfcde1c1b018e532c665be229314/dProofs-withConclusions/dProofs5.txt. [tid:23323662649088]
11.93 ms taken to read 4 condensed detachment proofs and conclusions from data/0df075acc552c62513b49b6ed674bfcde1c1b018e532c665be229314/dProofs-withConclusions/dProofs7.txt. [tid:23323660547840]
16.84 ms taken to read 7 condensed detachment proofs and conclusions from data/0df075acc552c62513b49b6ed674bfcde1c1b018e532c665be229314/dProofs-withConclusions/dProofs9.txt. [tid:23323658446592]
26.45 ms taken to read 14 condensed detachment proofs and conclusions from data/0df075acc552c62513b49b6ed674bfcde1c1b018e532c665be229314/dProofs-withConclusions/dProofs11.txt. [tid:23323656345344]
15.91 ms taken to read 23 condensed detachment proofs and conclusions from data/0df075acc552c62513b49b6ed674bfcde1c1b018e532c665be229314/dProofs-withConclusions/dProofs13.txt. [tid:23323654244096]
23.03 ms taken to read 42 condensed detachment proofs and conclusions from data/0df075acc552c62513b49b6ed674bfcde1c1b018e532c665be229314/dProofs-withConclusions/dProofs15.txt. [tid:23323652142848]
28.89 ms taken to read 72 condensed detachment proofs and conclusions from data/0df075acc552c62513b49b6ed674bfcde1c1b018e532c665be229314/dProofs-withConclusions/dProofs17.txt. [tid:23323650041600]
9.43 ms taken to read 119 condensed detachment proofs and conclusions from data/0df075acc552c62513b49b6ed674bfcde1c1b018e532c665be229314/dProofs-withConclusions/dProofs19.txt. [tid:23323647940352]
29.11 ms taken to read 180 condensed detachment proofs and conclusions from data/0df075acc552c62513b49b6ed674bfcde1c1b018e532c665be229314/dProofs-withConclusions/dProofs21.txt. [tid:23323645839104]
36.34 ms taken to read 296 condensed detachment proofs and conclusions from data/0df075acc552c62513b49b6ed674bfcde1c1b018e532c665be229314/dProofs-withConclusions/dProofs23.txt. [tid:23323643737856]
40.69 ms taken to read 493 condensed detachment proofs and conclusions from data/0df075acc552c62513b49b6ed674bfcde1c1b018e532c665be229314/dProofs-withConclusions/dProofs25.txt. [tid:23323641636608]
39.11 ms taken to read 809 condensed detachment proofs and conclusions from data/0df075acc552c62513b49b6ed674bfcde1c1b018e532c665be229314/dProofs-withConclusions/dProofs27.txt. [tid:23323639535360]
48.35 ms taken to read 1330 condensed detachment proofs and conclusions from data/0df075acc552c62513b49b6ed674bfcde1c1b018e532c665be229314/dProofs-withConclusions/dProofs29.txt. [tid:23323637434112]
45.00 ms taken to read 2190 condensed detachment proofs and conclusions from data/0df075acc552c62513b49b6ed674bfcde1c1b018e532c665be229314/dProofs-withConclusions/dProofs31.txt. [tid:23323635332864]
54.01 ms taken to read 3606 condensed detachment proofs and conclusions from data/0df075acc552c62513b49b6ed674bfcde1c1b018e532c665be229314/dProofs-withConclusions/dProofs33.txt. [tid:23323633231616]
61.71 ms taken to read 5925 condensed detachment proofs and conclusions from data/0df075acc552c62513b49b6ed674bfcde1c1b018e532c665be229314/dProofs-withConclusions/dProofs35.txt. [tid:23323631130368]
96.65 ms taken to read 9738 condensed detachment proofs and conclusions from data/0df075acc552c62513b49b6ed674bfcde1c1b018e532c665be229314/dProofs-withConclusions/dProofs37.txt. [tid:23323629029120]
160.10 ms taken to read 15948 condensed detachment proofs and conclusions from data/0df075acc552c62513b49b6ed674bfcde1c1b018e532c665be229314/dProofs-withConclusions/dProofs39.txt. [tid:23323626927872]
343.76 ms taken to read 26109 condensed detachment proofs and conclusions from data/0df075acc552c62513b49b6ed674bfcde1c1b018e532c665be229314/dProofs-withConclusions/dProofs41.txt. [tid:23323624826624]
765.11 ms taken to read 42844 condensed detachment proofs and conclusions from data/0df075acc552c62513b49b6ed674bfcde1c1b018e532c665be229314/dProofs-withConclusions/dProofs43.txt. [tid:23323622725376]
1844.26 ms (1 s 844.26 ms) taken to read 70083 condensed detachment proofs and conclusions from data/0df075acc552c62513b49b6ed674bfcde1c1b018e532c665be229314/dProofs-withConclusions/dProofs45.txt. [tid:23323014592256]
4672.95 ms (4 s 672.95 ms) taken to read 115027 condensed detachment proofs and conclusions from data/0df075acc552c62513b49b6ed674bfcde1c1b018e532c665be229314/dProofs-withConclusions/dProofs47.txt. [tid:23323012491008]
590.66 ms taken to read 188519 condensed detachment proofs and conclusions from data/0df075acc552c62513b49b6ed674bfcde1c1b018e532c665be229314/dProofs-withConclusions/dProofs49.txt. [tid:23323010389760]
858.76 ms taken to read 308975 condensed detachment proofs and conclusions from data/0df075acc552c62513b49b6ed674bfcde1c1b018e532c665be229314/dProofs-withConclusions/dProofs51.txt. [tid:23323008288512]
1396.57 ms (1 s 396.57 ms) taken to read 506415 condensed detachment proofs and conclusions from data/0df075acc552c62513b49b6ed674bfcde1c1b018e532c665be229314/dProofs-withConclusions/dProofs53.txt. [tid:23323006187264]
2044.35 ms (2 s 44.35 ms) taken to read 830126 condensed detachment proofs and conclusions from data/0df075acc552c62513b49b6ed674bfcde1c1b018e532c665be229314/dProofs-withConclusions/dProofs55.txt. [tid:23323004086016]
2782.43 ms (2 s 782.43 ms) taken to read 1360461 condensed detachment proofs and conclusions from data/0df075acc552c62513b49b6ed674bfcde1c1b018e532c665be229314/dProofs-withConclusions/dProofs57.txt. [tid:23323001984768]
3831.19 ms (3 s 831.19 ms) taken to read 2229126 condensed detachment proofs and conclusions from data/0df075acc552c62513b49b6ed674bfcde1c1b018e532c665be229314/dProofs-withConclusions/dProofs59.txt. [tid:23322999883520]
5427.07 ms (5 s 427.07 ms) taken to read 3652191 condensed detachment proofs and conclusions from data/0df075acc552c62513b49b6ed674bfcde1c1b018e532c665be229314/dProofs-withConclusions/dProofs61.txt. [tid:23322997782272]
7416.49 ms (7 s 416.49 ms) taken to read 5983166 condensed detachment proofs and conclusions from data/0df075acc552c62513b49b6ed674bfcde1c1b018e532c665be229314/dProofs-withConclusions/dProofs63.txt. [tid:23322995681024]
8863.29 ms (8 s 863.29 ms) total read duration.
Loaded 32 representative collections of sizes:
1 : 1
3 : 1
5 : 2
7 : 4
9 : 7
11 : 14
13 : 23
15 : 42
17 : 72
19 : 119
21 : 180
23 : 296
25 : 493
27 : 809
29 : 1330
31 : 2190
33 : 3606
35 : 5925
37 : 9738
39 : 15948
41 : 26109
43 : 42844
45 : 70083
47 : 115027
49 : 188519
51 : 308975
53 : 506415
55 : 830126
57 : 1360461
59 : 2229126
61 : 3652191
63 : 5983166
15353842 representatives in total.
14030.71 ms (14 s 30.71 ms) taken to read 15025264 condensed detachment proofs and conclusions from data/0df075acc552c62513b49b6ed674bfcde1c1b018e532c665be229314/dProofs-withConclusions/dProofs65-unfiltered65+.txt. [tid:23322995681024]
14092.86 ms (14 s 92.86 ms) additional read duration.
Loaded 1 more representative collection of size:
65 : 15025264
30379106 representatives in total.
Tue Oct 17 10:52:39 2023: Inserted ≈ 5% of D-proof conclusions. [ 1518955 of 30379106] (ETC: Tue Oct 17 10:53:12 2023 ; 32 s 217.60 ms remaining ; 33 s 913.27 ms total)
Tue Oct 17 10:52:41 2023: Inserted ≈10% of D-proof conclusions. [ 3037910 of 30379106] (ETC: Tue Oct 17 10:53:12 2023 ; 30 s 631.07 ms remaining ; 34 s  34.52 ms total)
Tue Oct 17 10:52:43 2023: Inserted ≈15% of D-proof conclusions. [ 4556865 of 30379106] (ETC: Tue Oct 17 10:53:12 2023 ; 28 s 813.18 ms remaining ; 33 s 897.86 ms total)
Tue Oct 17 10:52:44 2023: Inserted ≈20% of D-proof conclusions. [ 6075821 of 30379106] (ETC: Tue Oct 17 10:53:11 2023 ; 26 s 375.64 ms remaining ; 32 s 969.55 ms total)
Tue Oct 17 10:52:45 2023: Inserted ≈25% of D-proof conclusions. [ 7594776 of 30379106] (ETC: Tue Oct 17 10:53:09 2023 ; 23 s 576.04 ms remaining ; 31 s 434.72 ms total)
Tue Oct 17 10:52:47 2023: Inserted ≈30% of D-proof conclusions. [ 9113731 of 30379106] (ETC: Tue Oct 17 10:53:09 2023 ; 22 s 223.30 ms remaining ; 31 s 747.58 ms total)
Tue Oct 17 10:52:49 2023: Inserted ≈35% of D-proof conclusions. [10632687 of 30379106] (ETC: Tue Oct 17 10:53:10 2023 ; 20 s 922.63 ms remaining ; 32 s 188.67 ms total)
Tue Oct 17 10:52:50 2023: Inserted ≈40% of D-proof conclusions. [12151642 of 30379106] (ETC: Tue Oct 17 10:53:09 2023 ; 18 s 831.42 ms remaining ; 31 s 385.70 ms total)
Tue Oct 17 10:52:52 2023: Inserted ≈45% of D-proof conclusions. [13670597 of 30379106] (ETC: Tue Oct 17 10:53:09 2023 ; 17 s 316.17 ms remaining ; 31 s 483.95 ms total)
Tue Oct 17 10:52:53 2023: Inserted ≈50% of D-proof conclusions. [15189553 of 30379106] (ETC: Tue Oct 17 10:53:09 2023 ; 15 s 807.76 ms remaining ; 31 s 615.53 ms total)
Tue Oct 17 10:52:55 2023: Inserted ≈55% of D-proof conclusions. [16708508 of 30379106] (ETC: Tue Oct 17 10:53:09 2023 ; 14 s 312.33 ms remaining ; 31 s 805.18 ms total)
Tue Oct 17 10:52:57 2023: Inserted ≈60% of D-proof conclusions. [18227463 of 30379106] (ETC: Tue Oct 17 10:53:10 2023 ; 12 s 794.28 ms remaining ; 31 s 985.71 ms total)
Tue Oct 17 10:52:58 2023: Inserted ≈65% of D-proof conclusions. [19746418 of 30379106] (ETC: Tue Oct 17 10:53:09 2023 ; 11 s 136.55 ms remaining ; 31 s 818.71 ms total)
Tue Oct 17 10:53:00 2023: Inserted ≈70% of D-proof conclusions. [21265374 of 30379106] (ETC: Tue Oct 17 10:53:09 2023 ; 9 s 500.36 ms remaining ; 31 s 667.87 ms total)
Tue Oct 17 10:53:01 2023: Inserted ≈75% of D-proof conclusions. [22784329 of 30379106] (ETC: Tue Oct 17 10:53:09 2023 ; 7 s 909.03 ms remaining ; 31 s 636.12 ms total)
Tue Oct 17 10:53:03 2023: Inserted ≈80% of D-proof conclusions. [24303284 of 30379106] (ETC: Tue Oct 17 10:53:09 2023 ; 6 s 264.77 ms remaining ; 31 s 323.84 ms total)
Tue Oct 17 10:53:04 2023: Inserted ≈85% of D-proof conclusions. [25822240 of 30379106] (ETC: Tue Oct 17 10:53:09 2023 ; 4 s 664.95 ms remaining ; 31 s  99.69 ms total)
Tue Oct 17 10:53:06 2023: Inserted ≈90% of D-proof conclusions. [27341195 of 30379106] (ETC: Tue Oct 17 10:53:09 2023 ; 3 s 122.72 ms remaining ; 31 s 227.23 ms total)
Tue Oct 17 10:53:08 2023: Inserted ≈95% of D-proof conclusions. [28860150 of 30379106] (ETC: Tue Oct 17 10:53:09 2023 ; 1 s 578.04 ms remaining ; 31 s 560.76 ms total)
Tue Oct 17 10:53:09 2023: Inserted 100% of D-proof conclusions. [30379106 of 30379106] (ETC: Tue Oct 17 10:53:09 2023 ; 0.00 ms remaining ; 31 s 789.29 ms total)
31789.54 ms (31 s 789.54 ms) total insertion duration.
Known iteration count loaded from 67:387519448.
Tue Oct 17 10:53:09 2023: Starting to generate D-proof representatives of length 67.
Tue Oct 17 11:15:47 2023: Iterated ≈ 2% of D-proof candidates. [  7750388 of 387519448] (ETC: Wed Oct 18 05:44:46 2023 ; 18 h 28 min 58 s 832.23 ms remaining ; 18 h 51 min 36 s 767.41 ms total)
Tue Oct 17 11:37:34 2023: Iterated ≈ 4% of D-proof candidates. [ 15500777 of 387519448] (ETC: Wed Oct 18 05:23:09 2023 ; 17 h 45 min 35 s 816.58 ms remaining ; 18 h 29 min 59 s 808.78 ms total)
Tue Oct 17 12:05:29 2023: Iterated ≈ 6% of D-proof candidates. [ 23251166 of 387519448] (ETC: Wed Oct 18 06:58:40 2023 ; 18 h 53 min 10 s 832.05 ms remaining ; 20 h  5 min 30 s 672.22 ms total)
Tue Oct 17 12:28:15 2023: Iterated ≈ 8% of D-proof candidates. [ 31001555 of 387519448] (ETC: Wed Oct 18 06:41:49 2023 ; 18 h 13 min 33 s 940.87 ms remaining ; 19 h 48 min 39 s 500.78 ms total)
Tue Oct 17 12:49:31 2023: Iterated ≈10% of D-proof candidates. [ 38751944 of 387519448] (ETC: Wed Oct 18 06:16:45 2023 ; 17 h 27 min 13 s 792.60 ms remaining ; 19 h 23 min 35 s 324.95 ms total)
Tue Oct 17 13:10:20 2023: Iterated ≈12% of D-proof candidates. [ 46502333 of 387519448] (ETC: Wed Oct 18 05:56:21 2023 ; 16 h 46 min      934.53 ms remaining ; 19 h  3 min 11 s 970.90 ms total)
Tue Oct 17 13:33:06 2023: Iterated ≈14% of D-proof candidates. [ 54252722 of 387519448] (ETC: Wed Oct 18 05:55:37 2023 ; 16 h 22 min 30 s 607.75 ms remaining ; 19 h  2 min 27 s 218.17 ms total)
Tue Oct 17 13:52:21 2023: Iterated ≈16% of D-proof candidates. [ 62003111 of 387519448] (ETC: Wed Oct 18 05:33:08 2023 ; 15 h 40 min 46 s 643.20 ms remaining ; 18 h 39 min 58 s 384.62 ms total)
Tue Oct 17 14:13:59 2023: Iterated ≈18% of D-proof candidates. [ 69753500 of 387519448] (ETC: Wed Oct 18 05:28:50 2023 ; 15 h 14 min 51 s  40.24 ms remaining ; 18 h 35 min 40 s 292.84 ms total)
Tue Oct 17 14:32:29 2023: Iterated ≈20% of D-proof candidates. [ 77503889 of 387519448] (ETC: Wed Oct 18 05:09:48 2023 ; 14 h 37 min 18 s 664.15 ms remaining ; 18 h 16 min 38 s 330.06 ms total)
Tue Oct 17 14:53:15 2023: Iterated ≈22% of D-proof candidates. [ 85254278 of 387519448] (ETC: Wed Oct 18 05:04:29 2023 ; 14 h 11 min 14 s 163.42 ms remaining ; 18 h 11 min 19 s 696.58 ms total)
Tue Oct 17 15:11:35 2023: Iterated ≈24% of D-proof candidates. [ 93004667 of 387519448] (ETC: Wed Oct 18 04:49:55 2023 ; 13 h 38 min 19 s 885.56 ms remaining ; 17 h 56 min 45 s 112.46 ms total)
Tue Oct 17 15:30:18 2023: Iterated ≈26% of D-proof candidates. [100755056 of 387519448] (ETC: Wed Oct 18 04:39:06 2023 ; 13 h  8 min 48 s 115.50 ms remaining ; 17 h 45 min 56 s 912.73 ms total)
Tue Oct 17 15:50:10 2023: Iterated ≈28% of D-proof candidates. [108505445 of 387519448] (ETC: Wed Oct 18 04:33:53 2023 ; 12 h 43 min 43 s 280.36 ms remaining ; 17 h 40 min 43 s 444.84 ms total)
Tue Oct 17 16:07:36 2023: Iterated ≈30% of D-proof candidates. [116255834 of 387519448] (ETC: Wed Oct 18 04:21:18 2023 ; 12 h 13 min 41 s 877.42 ms remaining ; 17 h 28 min  8 s 396.22 ms total)
Tue Oct 17 16:25:41 2023: Iterated ≈32% of D-proof candidates. [124006223 of 387519448] (ETC: Wed Oct 18 04:12:19 2023 ; 11 h 46 min 37 s 857.38 ms remaining ; 17 h 19 min  9 s 790.17 ms total)
Tue Oct 17 16:44:59 2023: Iterated ≈34% of D-proof candidates. [131756612 of 387519448] (ETC: Wed Oct 18 04:07:57 2023 ; 11 h 22 min 58 s 125.39 ms remaining ; 17 h 14 min 48 s  68.69 ms total)
Tue Oct 17 17:02:08 2023: Iterated ≈36% of D-proof candidates. [139507001 of 387519448] (ETC: Wed Oct 18 03:58:07 2023 ; 10 h 55 min 58 s 302.11 ms remaining ; 17 h  4 min 57 s 346.97 ms total)
Tue Oct 17 17:19:51 2023: Iterated ≈38% of D-proof candidates. [147257390 of 387519448] (ETC: Wed Oct 18 03:50:46 2023 ; 10 h 30 min 54 s 944.03 ms remaining ; 16 h 57 min 36 s 361.27 ms total)
Tue Oct 17 17:38:36 2023: Iterated ≈40% of D-proof candidates. [155007779 of 387519448] (ETC: Wed Oct 18 03:46:46 2023 ; 10 h  8 min  9 s 941.98 ms remaining ; 16 h 53 min 36 s 569.91 ms total)
Tue Oct 17 17:55:39 2023: Iterated ≈42% of D-proof candidates. [162758168 of 387519448] (ETC: Wed Oct 18 03:39:05 2023 ; 9 h 43 min 25 s 971.56 ms remaining ; 16 h 45 min 55 s 123.34 ms total)
Tue Oct 17 18:12:31 2023: Iterated ≈44% of D-proof candidates. [170508557 of 387519448] (ETC: Wed Oct 18 03:31:42 2023 ; 9 h 19 min 10 s 910.57 ms remaining ; 16 h 38 min 32 s 340.28 ms total)
Tue Oct 17 18:30:20 2023: Iterated ≈46% of D-proof candidates. [178258946 of 387519448] (ETC: Wed Oct 18 03:27:01 2023 ; 8 h 56 min 41 s  41.12 ms remaining ; 16 h 33 min 51 s 557.61 ms total)
Tue Oct 17 18:47:56 2023: Iterated ≈48% of D-proof candidates. [186009335 of 387519448] (ETC: Wed Oct 18 03:22:17 2023 ; 8 h 34 min 20 s 881.74 ms remaining ; 16 h 29 min  7 s 849.49 ms total)
Tue Oct 17 19:03:58 2023: Iterated ≈50% of D-proof candidates. [193759724 of 387519448] (ETC: Wed Oct 18 03:14:47 2023 ; 8 h 10 min 48 s 558.19 ms remaining ; 16 h 21 min 37 s 116.38 ms total)
Tue Oct 17 19:20:51 2023: Iterated ≈52% of D-proof candidates. [201510112 of 387519448] (ETC: Wed Oct 18 03:09:29 2023 ; 7 h 48 min 38 s 431.09 ms remaining ; 16 h 16 min 20 s  64.48 ms total)
Tue Oct 17 19:38:11 2023: Iterated ≈54% of D-proof candidates. [209260501 of 387519448] (ETC: Wed Oct 18 03:05:25 2023 ; 7 h 27 min 14 s 327.51 ms remaining ; 16 h 12 min 15 s 494.28 ms total)
Tue Oct 17 19:54:01 2023: Iterated ≈56% of D-proof candidates. [217010890 of 387519448] (ETC: Wed Oct 18 02:58:59 2023 ; 7 h  4 min 57 s 669.63 ms remaining ; 16 h  5 min 49 s 248.87 ms total)
Tue Oct 17 20:10:15 2023: Iterated ≈58% of D-proof candidates. [224761279 of 387519448] (ETC: Wed Oct 18 02:53:40 2023 ; 6 h 43 min 24 s 848.22 ms remaining ; 16 h        30 s 590.70 ms total)
Tue Oct 17 20:26:48 2023: Iterated ≈60% of D-proof candidates. [232511668 of 387519448] (ETC: Wed Oct 18 02:49:14 2023 ; 6 h 22 min 25 s 651.72 ms remaining ; 15 h 56 min  4 s 129.01 ms total)
Tue Oct 17 20:42:33 2023: Iterated ≈62% of D-proof candidates. [240262057 of 387519448] (ETC: Wed Oct 18 02:43:48 2023 ; 6 h  1 min 14 s 605.51 ms remaining ; 15 h 50 min 38 s 435.25 ms total)
Tue Oct 17 20:58:08 2023: Iterated ≈64% of D-proof candidates. [248012446 of 387519448] (ETC: Wed Oct 18 02:38:26 2023 ; 5 h 40 min 18 s 107.59 ms remaining ; 15 h 45 min 16 s 965.24 ms total)
Tue Oct 17 21:14:05 2023: Iterated ≈66% of D-proof candidates. [255762835 of 387519448] (ETC: Wed Oct 18 02:33:57 2023 ; 5 h 19 min 52 s 133.59 ms remaining ; 15 h 40 min 47 s 451.45 ms total)
Tue Oct 17 21:29:57 2023: Iterated ≈68% of D-proof candidates. [263513224 of 387519448] (ETC: Wed Oct 18 02:29:37 2023 ; 4 h 59 min 39 s 982.96 ms remaining ; 15 h 36 min 27 s 446.46 ms total)
Tue Oct 17 21:45:21 2023: Iterated ≈70% of D-proof candidates. [271263613 of 387519448] (ETC: Wed Oct 18 02:24:51 2023 ; 4 h 39 min 30 s 505.06 ms remaining ; 15 h 31 min 41 s 683.24 ms total)
Tue Oct 17 22:00:35 2023: Iterated ≈72% of D-proof candidates. [279014002 of 387519448] (ETC: Wed Oct 18 02:20:08 2023 ; 4 h 19 min 33 s 192.63 ms remaining ; 15 h 26 min 58 s 544.84 ms total)
Tue Oct 17 22:16:29 2023: Iterated ≈74% of D-proof candidates. [286764391 of 387519448] (ETC: Wed Oct 18 02:16:35 2023 ; 4 h         5 s 389.93 ms remaining ; 15 h 23 min 25 s 345.59 ms total)
Tue Oct 17 22:31:24 2023: Iterated ≈76% of D-proof candidates. [294514780 of 387519448] (ETC: Wed Oct 18 02:11:54 2023 ; 3 h 40 min 29 s 988.80 ms remaining ; 15 h 18 min 44 s 953.05 ms total)
Tue Oct 17 22:46:28 2023: Iterated ≈78% of D-proof candidates. [302265169 of 387519448] (ETC: Wed Oct 18 02:07:39 2023 ; 3 h 21 min 11 s 350.06 ms remaining ; 15 h 14 min 29 s 772.71 ms total)
Tue Oct 17 23:01:58 2023: Iterated ≈80% of D-proof candidates. [310015558 of 387519448] (ETC: Wed Oct 18 02:04:11 2023 ; 3 h  2 min 12 s 260.19 ms remaining ; 15 h 11 min  1 s 300.65 ms total)
Tue Oct 17 23:16:36 2023: Iterated ≈82% of D-proof candidates. [317765947 of 387519448] (ETC: Wed Oct 18 01:59:48 2023 ; 2 h 43 min 11 s 780.91 ms remaining ; 15 h  6 min 38 s 782.56 ms total)
Tue Oct 17 23:31:44 2023: Iterated ≈84% of D-proof candidates. [325516336 of 387519448] (ETC: Wed Oct 18 01:56:14 2023 ; 2 h 24 min 29 s 532.49 ms remaining ; 15 h  3 min  4 s 577.80 ms total)
Tue Oct 17 23:47:05 2023: Iterated ≈86% of D-proof candidates. [333266725 of 387519448] (ETC: Wed Oct 18 01:53:04 2023 ; 2 h  5 min 59 s 256.07 ms remaining ; 14 h 59 min 54 s 685.95 ms total)
Wed Oct 18 00:01:55 2023: Iterated ≈88% of D-proof candidates. [341017114 of 387519448] (ETC: Wed Oct 18 01:49:28 2023 ; 1 h 47 min 33 s 488.24 ms remaining ; 14 h 56 min 19 s  68.39 ms total)
Wed Oct 18 00:16:55 2023: Iterated ≈90% of D-proof candidates. [348767503 of 387519448] (ETC: Wed Oct 18 01:46:14 2023 ; 1 h 29 min 18 s 448.24 ms remaining ; 14 h 53 min  4 s 482.11 ms total)
Wed Oct 18 00:31:40 2023: Iterated ≈92% of D-proof candidates. [356517892 of 387519448] (ETC: Wed Oct 18 01:42:50 2023 ; 1 h 11 min 10 s 450.71 ms remaining ; 14 h 49 min 40 s 633.62 ms total)
Wed Oct 18 00:46:51 2023: Iterated ≈94% of D-proof candidates. [364268281 of 387519448] (ETC: Wed Oct 18 01:40:04 2023 ; 53 min 12 s 867.98 ms remaining ; 14 h 46 min 54 s 466.03 ms total)
Wed Oct 18 01:01:52 2023: Iterated ≈96% of D-proof candidates. [372018670 of 387519448] (ETC: Wed Oct 18 01:37:13 2023 ; 35 min 21 s 761.38 ms remaining ; 14 h 44 min  4 s  34.26 ms total)
Wed Oct 18 01:16:38 2023: Iterated ≈98% of D-proof candidates. [379769059 of 387519448] (ETC: Wed Oct 18 01:34:15 2023 ; 17 min 37 s 321.02 ms remaining ; 14 h 41 min  6 s  50.59 ms total)
Wed Oct 18 01:31:25 2023: Iterated 100% of D-proof candidates. [387519448 of 387519448] (ETC: Wed Oct 18 01:31:25 2023 ; 0.00 ms remaining ; 14 h 38 min 15 s 488.45 ms total)
52695811.11 ms (14 h 38 min 15 s 811.11 ms) taken to collect 32295163 D-proofs of length 67. [iterated 387519448 condensed detachment proof strings]
[Copy] Custom iteration counts: { { 1, 1 }, { 3, 1 }, { 5, 2 }, { 7, 5 }, { 9, 12 }, { 11, 26 }, { 13, 58 }, { 15, 118 }, { 17, 242 }, { 19, 481 }, { 21, 930 }, { 23, 1740 }, { 25, 3236 }, { 27, 5963 }, { 29, 10842 }, { 31, 19546 }, { 33, 34926 }, { 35, 62034 }, { 37, 109464 }, { 39, 192165 }, { 41, 335910 }, { 43, 585246 }, { 45, 1016370 }, { 47, 1759100 }, { 49, 3036854 }, { 51, 5229155 }, { 53, 8983090 }, { 55, 15399435 }, { 57, 26347004 }, { 59, 44997806 }, { 61, 76725006 }, { 63, 130626396 }, { 65, 222080338 }, { 67, 387519448 } }
306399.13 ms (5 min 6 s 399.13 ms) taken to filter and order new representative proofs.
Found 32295163 representative, 35909539 redundant, and 319314746 invalid condensed detachment proof strings.
lengths up to 67 ; amounts per length: {(1,1), (3,1), (5,2), (7,4), (9,7), (11,14), (13,23), (15,42), (17,72), (19,119), (21,180), (23,296), (25,493), (27,809), (29,1330), (31,2190), (33,3606), (35,5925), (37,9738), (39,15948), (41,26109), (43,42844), (45,70083), (47,115027), (49,188519), (51,308975), (53,506415), (55,830126), (57,1360461), (59,2229126), (61,3652191), (63,5983166), (65,15025264), (67,32295163)} ; 32295163 new representative proofs (35909539 redundant, 319314746 invalid)
Wed Oct 18 01:36:53 2023: Starting to write 32295163 entries to data/0df075acc552c62513b49b6ed674bfcde1c1b018e532c665be229314/dProofs-withConclusions/dProofs67-unfiltered65+.txt.
93460.93 ms (1 min 33 s 460.93 ms) taken to print and save 22771527998 bytes of representative condensed detachment proof strings to data/0df075acc552c62513b49b6ed674bfcde1c1b018e532c665be229314/dProofs-withConclusions/dProofs67-unfiltered65+.txt.
Wed Oct 18 01:39:09 2023: Limited D-proof representative generator complete. [parallel ; 48 hardware thread contexts, limit: 67, unfiltered]
Wed Oct 18 01:41:13 2023: Process terminated. [pid: 94501, tid:23323724998528]
