( This log file was generated by 'pmGenerator 1.2' (master branch), compiled by 'Intel(R) oneAPI DPC++/C++ Compiler 2022.1.0 (2022.1.0.20220316)'.
  The run was executed on a CLAIX-2018-OPTANE MPI node
  — 2-socket Intel Xeon Gold 6338, 32 cores each (64 cores total per node), 2.0 GHz, 3.20 GHz turbo mode, 512 GiB DDR4-3200 caching for 2 TiB non-volatile memory (NVM) (Intel Optane DC Persistent Memory DIMMs) —
  running Linux, Rocky 8.8.
  Wall-clock time:   33.15333… h
  CPU utilization: 2121.81333… core-h )
Mon Nov 20 15:52:58 2023: Process started. [pid: 250478, tid:22805960439680]
Tasks:
1. resetRepresentativesFor("CpCqp,CCpCqrCCpqCpr,CCNpNqCqp,CLpp,CLCpqCLpLq,CNLNpLNLNp", true, 4294967295, true)
2. generateDProofRepresentativeFiles(29, false, true, 50)

[Main] Calling resetRepresentativesFor("CpCqp,CCpCqrCCpqCpr,CCNpNqCqp,CLpp,CLCpqCLpLq,CNLNpLNLNp", true, 4294967295, true).
Loaded 6 custom axioms. [SHA-512/224 hash: d03a044ec35d4d9a3f6d0f5118bc4f8a02a08e61fe7815b2002d007f]
(1) C0C1.0              -    CpCqp            -    0\imply(1\imply0)
(2) CC0C1.2CC0.1C0.2    -    CCpCqrCCpqCpr    -    (0\imply(1\imply2))\imply((0\imply1)\imply(0\imply2))
(3) CCN0N1C1.0          -    CCNpNqCqp        -    (\not0\imply\not1)\imply(1\imply0)
(4) CL0.0               -    CLpp             -    \nece0\imply0
(5) CLC0.1CL0L1         -    CLCpqCLpLq       -    \nece(0\imply1)\imply(\nece0\imply\nece1)
(6) CNLN0LNLN0          -    CNLNpLNLNp       -    \not\nece\not0\imply\nece\not\nece\not0
Supports necessitation steps.
[Main] Calling generateDProofRepresentativeFiles(29, false, true, 50).
Mon Nov 20 15:52:58 2023: Limited D-proof representative generator started. [parallel ; 64 hardware thread contexts, limit: 29, unfiltered, candidate queue capacities: 50]
0.04 ms taken to load initial representatives.
13.89 ms taken to read 6 condensed detachment proofs and conclusions from data/d03a044ec35d4d9a3f6d0f5118bc4f8a02a08e61fe7815b2002d007f/dProofs-withConclusions/dProofs2.txt. [tid:22805635626752]
21.38 ms taken to read 17 condensed detachment proofs and conclusions from data/d03a044ec35d4d9a3f6d0f5118bc4f8a02a08e61fe7815b2002d007f/dProofs-withConclusions/dProofs3.txt. [tid:22805633525504]
19.66 ms taken to read 28 condensed detachment proofs and conclusions from data/d03a044ec35d4d9a3f6d0f5118bc4f8a02a08e61fe7815b2002d007f/dProofs-withConclusions/dProofs4.txt. [tid:22805631424256]
20.95 ms taken to read 56 condensed detachment proofs and conclusions from data/d03a044ec35d4d9a3f6d0f5118bc4f8a02a08e61fe7815b2002d007f/dProofs-withConclusions/dProofs5.txt. [tid:22805629323008]
22.59 ms taken to read 89 condensed detachment proofs and conclusions from data/d03a044ec35d4d9a3f6d0f5118bc4f8a02a08e61fe7815b2002d007f/dProofs-withConclusions/dProofs6.txt. [tid:22805627221760]
25.63 ms taken to read 203 condensed detachment proofs and conclusions from data/d03a044ec35d4d9a3f6d0f5118bc4f8a02a08e61fe7815b2002d007f/dProofs-withConclusions/dProofs7.txt. [tid:22805625120512]
11.35 ms taken to read 325 condensed detachment proofs and conclusions from data/d03a044ec35d4d9a3f6d0f5118bc4f8a02a08e61fe7815b2002d007f/dProofs-withConclusions/dProofs8.txt. [tid:22805623019264]
25.64 ms taken to read 666 condensed detachment proofs and conclusions from data/d03a044ec35d4d9a3f6d0f5118bc4f8a02a08e61fe7815b2002d007f/dProofs-withConclusions/dProofs9.txt. [tid:22805620918016]
31.57 ms taken to read 1174 condensed detachment proofs and conclusions from data/d03a044ec35d4d9a3f6d0f5118bc4f8a02a08e61fe7815b2002d007f/dProofs-withConclusions/dProofs10.txt. [tid:22805618816768]
34.41 ms taken to read 2340 condensed detachment proofs and conclusions from data/d03a044ec35d4d9a3f6d0f5118bc4f8a02a08e61fe7815b2002d007f/dProofs-withConclusions/dProofs11.txt. [tid:22805616715520]
49.99 ms taken to read 4106 condensed detachment proofs and conclusions from data/d03a044ec35d4d9a3f6d0f5118bc4f8a02a08e61fe7815b2002d007f/dProofs-withConclusions/dProofs12.txt. [tid:22805614614272]
50.22 ms taken to read 8396 condensed detachment proofs and conclusions from data/d03a044ec35d4d9a3f6d0f5118bc4f8a02a08e61fe7815b2002d007f/dProofs-withConclusions/dProofs13.txt. [tid:22805612513024]
37.98 ms taken to read 15153 condensed detachment proofs and conclusions from data/d03a044ec35d4d9a3f6d0f5118bc4f8a02a08e61fe7815b2002d007f/dProofs-withConclusions/dProofs14.txt. [tid:22805610411776]
215.18 ms taken to read 30340 condensed detachment proofs and conclusions from data/d03a044ec35d4d9a3f6d0f5118bc4f8a02a08e61fe7815b2002d007f/dProofs-withConclusions/dProofs15.txt. [tid:22805608310528]
295.96 ms taken to read 56725 condensed detachment proofs and conclusions from data/d03a044ec35d4d9a3f6d0f5118bc4f8a02a08e61fe7815b2002d007f/dProofs-withConclusions/dProofs16.txt. [tid:22805538141952]
335.91 ms taken to read 113539 condensed detachment proofs and conclusions from data/d03a044ec35d4d9a3f6d0f5118bc4f8a02a08e61fe7815b2002d007f/dProofs-withConclusions/dProofs17.txt. [tid:22805536040704]
404.49 ms taken to read 214468 condensed detachment proofs and conclusions from data/d03a044ec35d4d9a3f6d0f5118bc4f8a02a08e61fe7815b2002d007f/dProofs-withConclusions/dProofs18.txt. [tid:22805533939456]
1667.41 ms (1 s 667.41 ms) taken to read 431896 condensed detachment proofs and conclusions from data/d03a044ec35d4d9a3f6d0f5118bc4f8a02a08e61fe7815b2002d007f/dProofs-withConclusions/dProofs19.txt. [tid:22805531838208]
4308.56 ms (4 s 308.56 ms) taken to read 829754 condensed detachment proofs and conclusions from data/d03a044ec35d4d9a3f6d0f5118bc4f8a02a08e61fe7815b2002d007f/dProofs-withConclusions/dProofs20.txt. [tid:22805529736960]
1601.85 ms (1 s 601.85 ms) taken to read 1666562 condensed detachment proofs and conclusions from data/d03a044ec35d4d9a3f6d0f5118bc4f8a02a08e61fe7815b2002d007f/dProofs-withConclusions/dProofs21.txt. [tid:22805527635712]
2585.41 ms (2 s 585.41 ms) taken to read 3250922 condensed detachment proofs and conclusions from data/d03a044ec35d4d9a3f6d0f5118bc4f8a02a08e61fe7815b2002d007f/dProofs-withConclusions/dProofs22.txt. [tid:22805525534464]
3679.47 ms (3 s 679.47 ms) taken to read 6547739 condensed detachment proofs and conclusions from data/d03a044ec35d4d9a3f6d0f5118bc4f8a02a08e61fe7815b2002d007f/dProofs-withConclusions/dProofs23.txt. [tid:22805523433216]
5095.23 ms (5 s 95.23 ms) taken to read 12887201 condensed detachment proofs and conclusions from data/d03a044ec35d4d9a3f6d0f5118bc4f8a02a08e61fe7815b2002d007f/dProofs-withConclusions/dProofs24.txt. [tid:22805521331968]
5160.18 ms (5 s 160.18 ms) total read duration.
Loaded 24 representative collections of sizes:
1 : 6
2 : 6
3 : 17
4 : 28
5 : 56
6 : 89
7 : 203
8 : 325
9 : 666
10 : 1174
11 : 2340
12 : 4106
13 : 8396
14 : 15153
15 : 30340
16 : 56725
17 : 113539
18 : 214468
19 : 431896
20 : 829754
21 : 1666562
22 : 3250922
23 : 6547739
24 : 12887201
26061711 representatives in total.
15634.22 ms (15 s 634.22 ms) taken to read 28743307 condensed detachment proofs and conclusions from data/d03a044ec35d4d9a3f6d0f5118bc4f8a02a08e61fe7815b2002d007f/dProofs-withConclusions/dProofs25-unfiltered25+.txt. [tid:22805521331968]
28121.15 ms (28 s 121.15 ms) taken to read 59305631 condensed detachment proofs and conclusions from data/d03a044ec35d4d9a3f6d0f5118bc4f8a02a08e61fe7815b2002d007f/dProofs-withConclusions/dProofs26-unfiltered25+.txt. [tid:22805523433216]
67182.11 ms (1 min 7 s 182.11 ms) taken to read 128588180 condensed detachment proofs and conclusions from data/d03a044ec35d4d9a3f6d0f5118bc4f8a02a08e61fe7815b2002d007f/dProofs-withConclusions/dProofs27-unfiltered25+.txt. [tid:22805525534464]
104345.76 ms (1 min 44 s 345.76 ms) taken to read 268614600 condensed detachment proofs and conclusions from data/d03a044ec35d4d9a3f6d0f5118bc4f8a02a08e61fe7815b2002d007f/dProofs-withConclusions/dProofs28-unfiltered25+.txt. [tid:22805527635712]
104358.10 ms (1 min 44 s 358.10 ms) additional read duration.
Loaded 4 more representative collections of sizes:
25 : 28743307
26 : 59305631
27 : 128588180
28 : 268614600
511313429 representatives in total.
Mon Nov 20 15:55:09 2023: Inserted ≈ 5% of D-proof conclusions. [ 25565671 of 511313429] (ETC: Mon Nov 20 16:01:57 2023 ; 6 min 48 s 190.14 ms remaining ; 7 min  9 s 673.83 ms total)
Mon Nov 20 15:55:33 2023: Inserted ≈10% of D-proof conclusions. [ 51131342 of 511313429] (ETC: Mon Nov 20 16:02:21 2023 ; 6 min 47 s 891.79 ms remaining ; 7 min 33 s 213.10 ms total)
Mon Nov 20 15:55:56 2023: Inserted ≈15% of D-proof conclusions. [ 76697014 of 511313429] (ETC: Mon Nov 20 16:02:24 2023 ; 6 min 27 s 500.32 ms remaining ; 7 min 35 s 882.73 ms total)
Mon Nov 20 15:56:17 2023: Inserted ≈20% of D-proof conclusions. [102262685 of 511313429] (ETC: Mon Nov 20 16:02:15 2023 ; 5 min 57 s 506.02 ms remaining ; 7 min 26 s 882.53 ms total)
Mon Nov 20 15:56:38 2023: Inserted ≈25% of D-proof conclusions. [127828357 of 511313429] (ETC: Mon Nov 20 16:02:08 2023 ; 5 min 30 s 572.62 ms remaining ; 7 min 20 s 763.49 ms total)
Mon Nov 20 15:56:57 2023: Inserted ≈30% of D-proof conclusions. [153394028 of 511313429] (ETC: Mon Nov 20 16:01:57 2023 ; 5 min      635.85 ms remaining ; 7 min  9 s 479.79 ms total)
Mon Nov 20 15:57:13 2023: Inserted ≈35% of D-proof conclusions. [178959700 of 511313429] (ETC: Mon Nov 20 16:01:42 2023 ; 4 min 29 s 453.24 ms remaining ; 6 min 54 s 543.44 ms total)
Mon Nov 20 15:57:29 2023: Inserted ≈40% of D-proof conclusions. [204525371 of 511313429] (ETC: Mon Nov 20 16:01:30 2023 ; 4 min  1 s 181.71 ms remaining ; 6 min 41 s 969.51 ms total)
Mon Nov 20 15:57:43 2023: Inserted ≈45% of D-proof conclusions. [230091043 of 511313429] (ETC: Mon Nov 20 16:01:17 2023 ; 3 min 33 s 994.11 ms remaining ; 6 min 29 s  80.19 ms total)
Mon Nov 20 15:57:56 2023: Inserted ≈50% of D-proof conclusions. [255656714 of 511313429] (ETC: Mon Nov 20 16:01:04 2023 ; 3 min  8 s 163.17 ms remaining ; 6 min 16 s 326.35 ms total)
Mon Nov 20 15:58:09 2023: Inserted ≈55% of D-proof conclusions. [281222385 of 511313429] (ETC: Mon Nov 20 16:00:54 2023 ; 2 min 45 s  46.92 ms remaining ; 6 min  6 s 770.93 ms total)
Mon Nov 20 15:58:22 2023: Inserted ≈60% of D-proof conclusions. [306788057 of 511313429] (ETC: Mon Nov 20 16:00:45 2023 ; 2 min 22 s 721.27 ms remaining ; 5 min 56 s 803.18 ms total)
Mon Nov 20 15:58:35 2023: Inserted ≈65% of D-proof conclusions. [332353728 of 511313429] (ETC: Mon Nov 20 16:00:37 2023 ; 2 min  2 s 378.14 ms remaining ; 5 min 49 s 651.84 ms total)
Mon Nov 20 15:58:49 2023: Inserted ≈70% of D-proof conclusions. [357919400 of 511313429] (ETC: Mon Nov 20 16:00:32 2023 ; 1 min 43 s 424.15 ms remaining ; 5 min 44 s 747.16 ms total)
Mon Nov 20 15:59:03 2023: Inserted ≈75% of D-proof conclusions. [383485071 of 511313429] (ETC: Mon Nov 20 16:00:28 2023 ; 1 min 25 s 141.03 ms remaining ; 5 min 40 s 564.13 ms total)
Mon Nov 20 15:59:18 2023: Inserted ≈80% of D-proof conclusions. [409050743 of 511313429] (ETC: Mon Nov 20 16:00:25 2023 ; 1 min  7 s 536.13 ms remaining ; 5 min 37 s 680.65 ms total)
Mon Nov 20 15:59:33 2023: Inserted ≈85% of D-proof conclusions. [434616414 of 511313429] (ETC: Mon Nov 20 16:00:23 2023 ; 50 s 289.36 ms remaining ; 5 min 35 s 262.43 ms total)
Mon Nov 20 15:59:47 2023: Inserted ≈90% of D-proof conclusions. [460182086 of 511313429] (ETC: Mon Nov 20 16:00:20 2023 ; 33 s 241.06 ms remaining ; 5 min 32 s 410.63 ms total)
Mon Nov 20 16:00:02 2023: Inserted ≈95% of D-proof conclusions. [485747757 of 511313429] (ETC: Mon Nov 20 16:00:19 2023 ; 16 s 544.92 ms remaining ; 5 min 30 s 898.34 ms total)
Mon Nov 20 16:00:16 2023: Inserted 100% of D-proof conclusions. [511313429 of 511313429] (ETC: Mon Nov 20 16:00:16 2023 ; 0.00 ms remaining ; 5 min 28 s 757.12 ms total)
328760.34 ms (5 min 28 s 760.34 ms) total insertion duration.
Known iteration count loaded from 29:9565398427.
Mon Nov 20 16:00:16 2023: Starting to generate D-proof representatives of length 29.
Mon Nov 20 16:38:16 2023: Iterated ≈ 2% of D-proof candidates. [ 191307968 of 9565398427] (ETC: Tue Nov 21 23:40:03 2023 ; 1 d  7 h  1 min 46 s 451.09 ms remaining ; 1 d  7 h 39 min 46 s 174.57 ms total)
Mon Nov 20 17:16:03 2023: Iterated ≈ 4% of D-proof candidates. [ 382615937 of 9565398427] (ETC: Tue Nov 21 23:34:26 2023 ; 1 d  6 h 18 min 23 s 142.84 ms remaining ; 1 d  7 h 34 min  9 s 107.12 ms total)
Mon Nov 20 17:54:19 2023: Iterated ≈ 6% of D-proof candidates. [ 573923905 of 9565398427] (ETC: Tue Nov 21 23:40:58 2023 ; 1 d  5 h 46 min 38 s 760.80 ms remaining ; 1 d  7 h 40 min 41 s 234.89 ms total)
Mon Nov 20 18:31:02 2023: Iterated ≈ 8% of D-proof candidates. [ 765231874 of 9565398427] (ETC: Tue Nov 21 23:24:44 2023 ; 1 d  4 h 53 min 42 s 400.92 ms remaining ; 1 d  7 h 24 min 27 s 827.09 ms total)
Mon Nov 20 19:08:23 2023: Iterated ≈10% of D-proof candidates. [ 956539842 of 9565398427] (ETC: Tue Nov 21 23:21:17 2023 ; 1 d  4 h 12 min 54 s 578.39 ms remaining ; 1 d  7 h 21 min      642.64 ms total)
Mon Nov 20 19:45:36 2023: Iterated ≈12% of D-proof candidates. [1147847811 of 9565398427] (ETC: Tue Nov 21 23:18:03 2023 ; 1 d  3 h 32 min 26 s 238.87 ms remaining ; 1 d  7 h 17 min 46 s 180.53 ms total)
Mon Nov 20 20:24:20 2023: Iterated ≈14% of D-proof candidates. [1339155779 of 9565398427] (ETC: Tue Nov 21 23:26:26 2023 ; 1 d  3 h  2 min  6 s 172.12 ms remaining ; 1 d  7 h 26 min  9 s 967.57 ms total)
Mon Nov 20 21:01:06 2023: Iterated ≈16% of D-proof candidates. [1530463748 of 9565398427] (ETC: Tue Nov 21 23:20:24 2023 ; 1 d  2 h 19 min 18 s 532.00 ms remaining ; 1 d  7 h 20 min  7 s 776.19 ms total)
Mon Nov 20 21:37:12 2023: Iterated ≈18% of D-proof candidates. [1721771716 of 9565398427] (ETC: Tue Nov 21 23:12:08 2023 ; 1 d  1 h 34 min 55 s 218.28 ms remaining ; 1 d  7 h 11 min 51 s 241.79 ms total)
Mon Nov 20 22:12:36 2023: Iterated ≈20% of D-proof candidates. [1913079685 of 9565398427] (ETC: Tue Nov 21 23:01:57 2023 ; 1 d      49 min 20 s  99.66 ms remaining ; 1 d  7 h  1 min 40 s 124.57 ms total)
Mon Nov 20 22:48:19 2023: Iterated ≈22% of D-proof candidates. [2104387653 of 9565398427] (ETC: Tue Nov 21 22:55:02 2023 ; 1 d       6 min 42 s 552.10 ms remaining ; 1 d  6 h 54 min 45 s 323.19 ms total)
Mon Nov 20 23:25:12 2023: Iterated ≈24% of D-proof candidates. [2295695622 of 9565398427] (ETC: Tue Nov 21 22:54:09 2023 ; 23 h 28 min 56 s 431.01 ms remaining ; 1 d  6 h 53 min 52 s 146.06 ms total)
Tue Nov 21 00:01:04 2023: Iterated ≈26% of D-proof candidates. [2487003591 of 9565398427] (ETC: Tue Nov 21 22:49:30 2023 ; 22 h 48 min 25 s 865.12 ms remaining ; 1 d  6 h 49 min 13 s 871.78 ms total)
Tue Nov 21 00:37:42 2023: Iterated ≈28% of D-proof candidates. [2678311559 of 9565398427] (ETC: Tue Nov 21 22:48:15 2023 ; 22 h 10 min 32 s 232.49 ms remaining ; 1 d  6 h 47 min 58 s 100.68 ms total)
Tue Nov 21 01:15:09 2023: Iterated ≈30% of D-proof candidates. [2869619528 of 9565398427] (ETC: Tue Nov 21 22:49:52 2023 ; 21 h 34 min 42 s 897.89 ms remaining ; 1 d  6 h 49 min 35 s 568.42 ms total)
Tue Nov 21 01:51:18 2023: Iterated ≈32% of D-proof candidates. [3060927496 of 9565398427] (ETC: Tue Nov 21 22:47:14 2023 ; 20 h 55 min 55 s 589.22 ms remaining ; 1 d  6 h 46 min 57 s  42.97 ms total)
Tue Nov 21 02:29:48 2023: Iterated ≈34% of D-proof candidates. [3252235465 of 9565398427] (ETC: Tue Nov 21 22:51:48 2023 ; 20 h 22 min      283.92 ms remaining ; 1 d  6 h 51 min 31 s 339.28 ms total)
Tue Nov 21 03:06:27 2023: Iterated ≈36% of D-proof candidates. [3443543433 of 9565398427] (ETC: Tue Nov 21 22:50:45 2023 ; 19 h 44 min 18 s 496.89 ms remaining ; 1 d  6 h 50 min 28 s 901.37 ms total)
Tue Nov 21 03:43:51 2023: Iterated ≈38% of D-proof candidates. [3634851402 of 9565398427] (ETC: Tue Nov 21 22:51:48 2023 ; 19 h  7 min 56 s 893.62 ms remaining ; 1 d  6 h 51 min 31 s 763.90 ms total)
Tue Nov 21 04:20:39 2023: Iterated ≈40% of D-proof candidates. [3826159370 of 9565398427] (ETC: Tue Nov 21 22:51:13 2023 ; 18 h 30 min 33 s 737.28 ms remaining ; 1 d  6 h 50 min 56 s 228.79 ms total)
Tue Nov 21 04:58:59 2023: Iterated ≈42% of D-proof candidates. [4017467339 of 9565398427] (ETC: Tue Nov 21 22:54:20 2023 ; 17 h 55 min 21 s  25.33 ms remaining ; 1 d  6 h 54 min  3 s 147.11 ms total)
Tue Nov 21 05:35:50 2023: Iterated ≈44% of D-proof candidates. [4208775307 of 9565398427] (ETC: Tue Nov 21 22:53:50 2023 ; 17 h 17 min 59 s 403.49 ms remaining ; 1 d  6 h 53 min 33 s 220.49 ms total)
Tue Nov 21 06:14:43 2023: Iterated ≈46% of D-proof candidates. [4400083276 of 9565398427] (ETC: Tue Nov 21 22:57:44 2023 ; 16 h 43 min  1 s 839.26 ms remaining ; 1 d  6 h 57 min 27 s 850.47 ms total)
Tue Nov 21 06:50:27 2023: Iterated ≈48% of D-proof candidates. [4591391244 of 9565398427] (ETC: Tue Nov 21 22:54:48 2023 ; 16 h  4 min 21 s 338.99 ms remaining ; 1 d  6 h 54 min 31 s 805.73 ms total)
Tue Nov 21 07:28:42 2023: Iterated ≈50% of D-proof candidates. [4782699213 of 9565398427] (ETC: Tue Nov 21 22:57:07 2023 ; 15 h 28 min 25 s 199.27 ms remaining ; 1 d  6 h 56 min 50 s 398.53 ms total)
Tue Nov 21 08:05:04 2023: Iterated ≈52% of D-proof candidates. [4974007182 of 9565398427] (ETC: Tue Nov 21 22:55:39 2023 ; 14 h 50 min 34 s 645.14 ms remaining ; 1 d  6 h 55 min 22 s 177.37 ms total)
Tue Nov 21 08:42:22 2023: Iterated ≈54% of D-proof candidates. [5165315150 of 9565398427] (ETC: Tue Nov 21 22:56:00 2023 ; 14 h 13 min 38 s  15.57 ms remaining ; 1 d  6 h 55 min 43 s 512.10 ms total)
Tue Nov 21 09:19:32 2023: Iterated ≈56% of D-proof candidates. [5356623119 of 9565398427] (ETC: Tue Nov 21 22:56:06 2023 ; 13 h 36 min 33 s 705.88 ms remaining ; 1 d  6 h 55 min 49 s 331.54 ms total)
Tue Nov 21 09:55:46 2023: Iterated ≈58% of D-proof candidates. [5547931087 of 9565398427] (ETC: Tue Nov 21 22:54:35 2023 ; 12 h 58 min 48 s 613.10 ms remaining ; 1 d  6 h 54 min 18 s 602.61 ms total)
Tue Nov 21 10:34:03 2023: Iterated ≈60% of D-proof candidates. [5739239056 of 9565398427] (ETC: Tue Nov 21 22:56:34 2023 ; 12 h 22 min 31 s 166.48 ms remaining ; 1 d  6 h 56 min 17 s 916.20 ms total)
Tue Nov 21 11:10:28 2023: Iterated ≈62% of D-proof candidates. [5930547024 of 9565398427] (ETC: Tue Nov 21 22:55:25 2023 ; 11 h 44 min 57 s 367.49 ms remaining ; 1 d  6 h 55 min  8 s 861.78 ms total)
Tue Nov 21 11:48:04 2023: Iterated ≈64% of D-proof candidates. [6121854993 of 9565398427] (ETC: Tue Nov 21 22:56:12 2023 ; 11 h  8 min  7 s 843.21 ms remaining ; 1 d  6 h 55 min 55 s 120.01 ms total)
Tue Nov 21 12:24:24 2023: Iterated ≈66% of D-proof candidates. [6313162961 of 9565398427] (ETC: Tue Nov 21 22:55:00 2023 ; 10 h 30 min 36 s 531.92 ms remaining ; 1 d  6 h 54 min 43 s 917.39 ms total)
Tue Nov 21 13:00:02 2023: Iterated ≈68% of D-proof candidates. [6504470930 of 9565398427] (ETC: Tue Nov 21 22:52:52 2023 ; 9 h 52 min 49 s 772.81 ms remaining ; 1 d  6 h 52 min 35 s 540.01 ms total)
Tue Nov 21 13:36:34 2023: Iterated ≈70% of D-proof candidates. [6695778898 of 9565398427] (ETC: Tue Nov 21 22:52:07 2023 ; 9 h 15 min 33 s 135.93 ms remaining ; 1 d  6 h 51 min 50 s 453.05 ms total)
Tue Nov 21 14:13:39 2023: Iterated ≈72% of D-proof candidates. [6887086867 of 9565398427] (ETC: Tue Nov 21 22:52:12 2023 ; 8 h 38 min 32 s 240.23 ms remaining ; 1 d  6 h 51 min 55 s 143.66 ms total)
Tue Nov 21 14:49:43 2023: Iterated ≈74% of D-proof candidates. [7078394835 of 9565398427] (ETC: Tue Nov 21 22:50:52 2023 ; 8 h  1 min  9 s 249.51 ms remaining ; 1 d  6 h 50 min 35 s 575.00 ms total)
Tue Nov 21 15:26:35 2023: Iterated ≈76% of D-proof candidates. [7269702804 of 9565398427] (ETC: Tue Nov 21 22:50:40 2023 ; 7 h 24 min  5 s 698.18 ms remaining ; 1 d  6 h 50 min 23 s 742.39 ms total)
Tue Nov 21 16:02:39 2023: Iterated ≈78% of D-proof candidates. [7461010773 of 9565398427] (ETC: Tue Nov 21 22:49:28 2023 ; 6 h 46 min 49 s 436.18 ms remaining ; 1 d  6 h 49 min 11 s 982.62 ms total)
Tue Nov 21 16:38:34 2023: Iterated ≈80% of D-proof candidates. [7652318741 of 9565398427] (ETC: Tue Nov 21 22:48:09 2023 ; 6 h  9 min 34 s 480.03 ms remaining ; 1 d  6 h 47 min 52 s 400.11 ms total)
Tue Nov 21 17:14:02 2023: Iterated ≈82% of D-proof candidates. [7843626710 of 9565398427] (ETC: Tue Nov 21 22:46:19 2023 ; 5 h 32 min 17 s 252.35 ms remaining ; 1 d  6 h 46 min  2 s 513.06 ms total)
Tue Nov 21 17:50:38 2023: Iterated ≈84% of D-proof candidates. [8034934678 of 9565398427] (ETC: Tue Nov 21 22:45:56 2023 ; 4 h 55 min 18 s 352.00 ms remaining ; 1 d  6 h 45 min 39 s 699.98 ms total)
Tue Nov 21 18:27:21 2023: Iterated ≈86% of D-proof candidates. [8226242647 of 9565398427] (ETC: Tue Nov 21 22:45:42 2023 ; 4 h 18 min 21 s 583.57 ms remaining ; 1 d  6 h 45 min 25 s 596.94 ms total)
Tue Nov 21 19:02:24 2023: Iterated ≈88% of D-proof candidates. [8417550615 of 9565398427] (ETC: Tue Nov 21 22:43:36 2023 ; 3 h 41 min 11 s 955.74 ms remaining ; 1 d  6 h 43 min 19 s 631.10 ms total)
Tue Nov 21 19:37:36 2023: Iterated ≈90% of D-proof candidates. [8608858584 of 9565398427] (ETC: Tue Nov 21 22:41:45 2023 ; 3 h  4 min  8 s 877.05 ms remaining ; 1 d  6 h 41 min 28 s 770.50 ms total)
Tue Nov 21 20:13:15 2023: Iterated ≈92% of D-proof candidates. [8800166552 of 9565398427] (ETC: Tue Nov 21 22:40:28 2023 ; 2 h 27 min 12 s 901.36 ms remaining ; 1 d  6 h 40 min 11 s 266.83 ms total)
Tue Nov 21 20:49:24 2023: Iterated ≈94% of D-proof candidates. [8991474521 of 9565398427] (ETC: Tue Nov 21 22:39:46 2023 ; 1 h 50 min 22 s 190.73 ms remaining ; 1 d  6 h 39 min 29 s 845.45 ms total)
Tue Nov 21 21:25:24 2023: Iterated ≈96% of D-proof candidates. [9182782489 of 9565398427] (ETC: Tue Nov 21 22:38:56 2023 ; 1 h 13 min 32 s 797.73 ms remaining ; 1 d  6 h 38 min 39 s 943.01 ms total)
Tue Nov 21 22:00:27 2023: Iterated ≈98% of D-proof candidates. [9374090458 of 9565398427] (ETC: Tue Nov 21 22:37:11 2023 ; 36 min 44 s 289.41 ms remaining ; 1 d  6 h 36 min 54 s 470.12 ms total)
Tue Nov 21 22:35:30 2023: Iterated 100% of D-proof candidates. [9565398427 of 9565398427] (ETC: Tue Nov 21 22:35:30 2023 ; 0.00 ms remaining ; 1 d  6 h 35 min 13 s 623.20 ms total)
110145241.82 ms (1 d 6 h 35 min 45 s 241.82 ms) taken to collect 568393543 D-proofs of length 29. [iterated 9565398427 condensed detachment proof strings]
[Copy] Custom iteration counts: { { 1, 6 }, { 2, 6 }, { 3, 42 }, { 4, 89 }, { 5, 268 }, { 6, 596 }, { 7, 1386 }, { 8, 2895 }, { 9, 6517 }, { 10, 13164 }, { 11, 28088 }, { 12, 56806 }, { 13, 117775 }, { 14, 235494 }, { 15, 484132 }, { 16, 965558 }, { 17, 1965114 }, { 18, 3929633 }, { 19, 7965680 }, { 20, 15939098 }, { 21, 32291194 }, { 22, 64783208 }, { 23, 131182254 }, { 24, 264050751 }, { 25, 535260845 }, { 26, 1083165713 }, { 27, 2233996317 }, { 28, 4589712682 }, { 29, 9565398427 }, { 30, 19900274119 } }
4018755.56 ms (1 h 6 min 58 s 755.56 ms) taken to filter and order new representative proofs.
Found 568393543 representative, 2394062135 redundant, and 6602942749 invalid condensed detachment proof strings.
lengths up to 29 ; amounts per length: {(1,6), (2,6), (3,17), (4,28), (5,56), (6,89), (7,203), (8,325), (9,666), (10,1174), (11,2340), (12,4106), (13,8396), (14,15153), (15,30340), (16,56725), (17,113539), (18,214468), (19,431896), (20,829754), (21,1666562), (22,3250922), (23,6547739), (24,12887201), (25,28743307), (26,59305631), (27,128588180), (28,268614600), (29,568393543)} ; 568393543 new representative proofs (2394062135 redundant, 6602942749 invalid)
Tue Nov 21 23:58:26 2023: Starting to write 568393543 entries to data/d03a044ec35d4d9a3f6d0f5118bc4f8a02a08e61fe7815b2002d007f/dProofs-withConclusions/dProofs29-unfiltered25+.txt.
562384.38 ms (9 min 22 s 384.38 ms) taken to print and save 54687281728 bytes of representative condensed detachment proof strings to data/d03a044ec35d4d9a3f6d0f5118bc4f8a02a08e61fe7815b2002d007f/dProofs-withConclusions/dProofs29-unfiltered25+.txt.
Wed Nov 22 00:13:59 2023: Limited D-proof representative generator complete. [parallel ; 64 hardware thread contexts, limit: 29, unfiltered, candidate queue capacities: 50]
Wed Nov 22 01:02:10 2023: Process terminated. [pid: 250478, tid:22805960439680]
