( This log file was generated by 'pmGenerator 1.2' (master branch), compiled by 'Intel(R) oneAPI DPC++/C++ Compiler 2022.1.0 (2022.1.0.20220316)'.
  The run was executed on a CLAIX-2018-OPTANE MPI node
  — 2-socket Intel Xeon Gold 6338, 32 cores each (64 cores total per node), 2.0 GHz, 3.20 GHz turbo mode, 512 GiB DDR4-3200 caching for 2 TiB non-volatile memory (NVM) (Intel Optane DC Persistent Memory DIMMs) —
  running Linux, Rocky 8.8.
  Wall-clock time:   16.449444… h
  CPU utilization: 1052.76444… core-h )
Thu Nov 16 16:04:39 2023: Process started. [pid: 27653, tid:22647003359104]
Tasks:
1. resetRepresentativesFor("CpCqp,CCpCqrCCpqCpr,CCNpNqCqp,CLpp,CLCpqCLpLq,CNLNpLNLNp", true, 4294967295, true)
2. generateDProofRepresentativeFiles(28, false, true)

[Main] Calling resetRepresentativesFor("CpCqp,CCpCqrCCpqCpr,CCNpNqCqp,CLpp,CLCpqCLpLq,CNLNpLNLNp", true, 4294967295, true).
Loaded 6 custom axioms. [SHA-512/224 hash: d03a044ec35d4d9a3f6d0f5118bc4f8a02a08e61fe7815b2002d007f]
(1) C0C1.0              -    CpCqp            -    0\imply(1\imply0)
(2) CC0C1.2CC0.1C0.2    -    CCpCqrCCpqCpr    -    (0\imply(1\imply2))\imply((0\imply1)\imply(0\imply2))
(3) CCN0N1C1.0          -    CCNpNqCqp        -    (\not0\imply\not1)\imply(1\imply0)
(4) CL0.0               -    CLpp             -    \nece0\imply0
(5) CLC0.1CL0L1         -    CLCpqCLpLq       -    \nece(0\imply1)\imply(\nece0\imply\nece1)
(6) CNLN0LNLN0          -    CNLNpLNLNp       -    \not\nece\not0\imply\nece\not\nece\not0
Supports necessitation steps.
[Main] Calling generateDProofRepresentativeFiles(28, false, true).
Thu Nov 16 16:04:39 2023: Limited D-proof representative generator started. [parallel ; 64 hardware thread contexts, limit: 28, unfiltered]
0.01 ms taken to load initial representatives.
16.54 ms taken to read 6 condensed detachment proofs and conclusions from data/d03a044ec35d4d9a3f6d0f5118bc4f8a02a08e61fe7815b2002d007f/dProofs-withConclusions/dProofs2.txt. [tid:22646812034816]
11.40 ms taken to read 17 condensed detachment proofs and conclusions from data/d03a044ec35d4d9a3f6d0f5118bc4f8a02a08e61fe7815b2002d007f/dProofs-withConclusions/dProofs3.txt. [tid:22646809933568]
27.74 ms taken to read 28 condensed detachment proofs and conclusions from data/d03a044ec35d4d9a3f6d0f5118bc4f8a02a08e61fe7815b2002d007f/dProofs-withConclusions/dProofs4.txt. [tid:22646807832320]
23.92 ms taken to read 56 condensed detachment proofs and conclusions from data/d03a044ec35d4d9a3f6d0f5118bc4f8a02a08e61fe7815b2002d007f/dProofs-withConclusions/dProofs5.txt. [tid:22646805731072]
20.26 ms taken to read 89 condensed detachment proofs and conclusions from data/d03a044ec35d4d9a3f6d0f5118bc4f8a02a08e61fe7815b2002d007f/dProofs-withConclusions/dProofs6.txt. [tid:22646803629824]
22.10 ms taken to read 203 condensed detachment proofs and conclusions from data/d03a044ec35d4d9a3f6d0f5118bc4f8a02a08e61fe7815b2002d007f/dProofs-withConclusions/dProofs7.txt. [tid:22646801528576]
33.51 ms taken to read 325 condensed detachment proofs and conclusions from data/d03a044ec35d4d9a3f6d0f5118bc4f8a02a08e61fe7815b2002d007f/dProofs-withConclusions/dProofs8.txt. [tid:22646799427328]
27.05 ms taken to read 666 condensed detachment proofs and conclusions from data/d03a044ec35d4d9a3f6d0f5118bc4f8a02a08e61fe7815b2002d007f/dProofs-withConclusions/dProofs9.txt. [tid:22646797326080]
27.62 ms taken to read 1174 condensed detachment proofs and conclusions from data/d03a044ec35d4d9a3f6d0f5118bc4f8a02a08e61fe7815b2002d007f/dProofs-withConclusions/dProofs10.txt. [tid:22646795224832]
22.13 ms taken to read 2340 condensed detachment proofs and conclusions from data/d03a044ec35d4d9a3f6d0f5118bc4f8a02a08e61fe7815b2002d007f/dProofs-withConclusions/dProofs11.txt. [tid:22646793123584]
47.77 ms taken to read 4106 condensed detachment proofs and conclusions from data/d03a044ec35d4d9a3f6d0f5118bc4f8a02a08e61fe7815b2002d007f/dProofs-withConclusions/dProofs12.txt. [tid:22646791022336]
45.20 ms taken to read 8396 condensed detachment proofs and conclusions from data/d03a044ec35d4d9a3f6d0f5118bc4f8a02a08e61fe7815b2002d007f/dProofs-withConclusions/dProofs13.txt. [tid:22646788921088]
91.71 ms taken to read 15153 condensed detachment proofs and conclusions from data/d03a044ec35d4d9a3f6d0f5118bc4f8a02a08e61fe7815b2002d007f/dProofs-withConclusions/dProofs14.txt. [tid:22646786819840]
133.56 ms taken to read 30340 condensed detachment proofs and conclusions from data/d03a044ec35d4d9a3f6d0f5118bc4f8a02a08e61fe7815b2002d007f/dProofs-withConclusions/dProofs15.txt. [tid:22646784718592]
112.43 ms taken to read 56725 condensed detachment proofs and conclusions from data/d03a044ec35d4d9a3f6d0f5118bc4f8a02a08e61fe7815b2002d007f/dProofs-withConclusions/dProofs16.txt. [tid:22646782617344]
242.00 ms taken to read 113539 condensed detachment proofs and conclusions from data/d03a044ec35d4d9a3f6d0f5118bc4f8a02a08e61fe7815b2002d007f/dProofs-withConclusions/dProofs17.txt. [tid:22646780516096]
279.84 ms taken to read 214468 condensed detachment proofs and conclusions from data/d03a044ec35d4d9a3f6d0f5118bc4f8a02a08e61fe7815b2002d007f/dProofs-withConclusions/dProofs18.txt. [tid:22646778414848]
1861.91 ms (1 s 861.91 ms) taken to read 431896 condensed detachment proofs and conclusions from data/d03a044ec35d4d9a3f6d0f5118bc4f8a02a08e61fe7815b2002d007f/dProofs-withConclusions/dProofs19.txt. [tid:22646776313600]
4446.30 ms (4 s 446.30 ms) taken to read 829754 condensed detachment proofs and conclusions from data/d03a044ec35d4d9a3f6d0f5118bc4f8a02a08e61fe7815b2002d007f/dProofs-withConclusions/dProofs20.txt. [tid:22646774212352]
1213.35 ms (1 s 213.35 ms) taken to read 1666562 condensed detachment proofs and conclusions from data/d03a044ec35d4d9a3f6d0f5118bc4f8a02a08e61fe7815b2002d007f/dProofs-withConclusions/dProofs21.txt. [tid:22646772111104]
2333.10 ms (2 s 333.10 ms) taken to read 3250922 condensed detachment proofs and conclusions from data/d03a044ec35d4d9a3f6d0f5118bc4f8a02a08e61fe7815b2002d007f/dProofs-withConclusions/dProofs22.txt. [tid:22646770009856]
3630.75 ms (3 s 630.75 ms) taken to read 6547739 condensed detachment proofs and conclusions from data/d03a044ec35d4d9a3f6d0f5118bc4f8a02a08e61fe7815b2002d007f/dProofs-withConclusions/dProofs23.txt. [tid:22646767908608]
5083.88 ms (5 s 83.88 ms) taken to read 12887201 condensed detachment proofs and conclusions from data/d03a044ec35d4d9a3f6d0f5118bc4f8a02a08e61fe7815b2002d007f/dProofs-withConclusions/dProofs24.txt. [tid:22646765807360]
5134.15 ms (5 s 134.15 ms) total read duration.
Loaded 24 representative collections of sizes:
1 : 6
2 : 6
3 : 17
4 : 28
5 : 56
6 : 89
7 : 203
8 : 325
9 : 666
10 : 1174
11 : 2340
12 : 4106
13 : 8396
14 : 15153
15 : 30340
16 : 56725
17 : 113539
18 : 214468
19 : 431896
20 : 829754
21 : 1666562
22 : 3250922
23 : 6547739
24 : 12887201
26061711 representatives in total.
15603.90 ms (15 s 603.90 ms) taken to read 28743307 condensed detachment proofs and conclusions from data/d03a044ec35d4d9a3f6d0f5118bc4f8a02a08e61fe7815b2002d007f/dProofs-withConclusions/dProofs25-unfiltered25+.txt. [tid:22646765807360]
24603.48 ms (24 s 603.48 ms) taken to read 59305631 condensed detachment proofs and conclusions from data/d03a044ec35d4d9a3f6d0f5118bc4f8a02a08e61fe7815b2002d007f/dProofs-withConclusions/dProofs26-unfiltered25+.txt. [tid:22646767908608]
39371.65 ms (39 s 371.65 ms) taken to read 128588180 condensed detachment proofs and conclusions from data/d03a044ec35d4d9a3f6d0f5118bc4f8a02a08e61fe7815b2002d007f/dProofs-withConclusions/dProofs27-unfiltered25+.txt. [tid:22646770009856]
39378.95 ms (39 s 378.95 ms) additional read duration.
Loaded 3 more representative collections of sizes:
25 : 28743307
26 : 59305631
27 : 128588180
242698829 representatives in total.
Thu Nov 16 16:05:32 2023: Inserted ≈ 5% of D-proof conclusions. [ 12134941 of 242698829] (ETC: Thu Nov 16 16:08:14 2023 ; 2 min 42 s 183.02 ms remaining ; 2 min 50 s 718.97 ms total)
Thu Nov 16 16:05:39 2023: Inserted ≈10% of D-proof conclusions. [ 24269882 of 242698829] (ETC: Thu Nov 16 16:07:55 2023 ; 2 min 16 s  61.67 ms remaining ; 2 min 31 s 179.63 ms total)
Thu Nov 16 16:05:46 2023: Inserted ≈15% of D-proof conclusions. [ 36404824 of 242698829] (ETC: Thu Nov 16 16:07:56 2023 ; 2 min  9 s 627.82 ms remaining ; 2 min 32 s 503.32 ms total)
Thu Nov 16 16:05:54 2023: Inserted ≈20% of D-proof conclusions. [ 48539765 of 242698829] (ETC: Thu Nov 16 16:07:56 2023 ; 2 min  2 s 457.71 ms remaining ; 2 min 33 s  72.13 ms total)
Thu Nov 16 16:06:02 2023: Inserted ≈25% of D-proof conclusions. [ 60674707 of 242698829] (ETC: Thu Nov 16 16:07:58 2023 ; 1 min 55 s 637.18 ms remaining ; 2 min 34 s 182.91 ms total)
Thu Nov 16 16:06:09 2023: Inserted ≈30% of D-proof conclusions. [ 72809648 of 242698829] (ETC: Thu Nov 16 16:07:57 2023 ; 1 min 47 s 223.32 ms remaining ; 2 min 33 s 176.17 ms total)
Thu Nov 16 16:06:16 2023: Inserted ≈35% of D-proof conclusions. [ 84944590 of 242698829] (ETC: Thu Nov 16 16:07:55 2023 ; 1 min 38 s 298.20 ms remaining ; 2 min 31 s 228.01 ms total)
Thu Nov 16 16:06:23 2023: Inserted ≈40% of D-proof conclusions. [ 97079531 of 242698829] (ETC: Thu Nov 16 16:07:53 2023 ; 1 min 29 s 620.08 ms remaining ; 2 min 29 s 366.80 ms total)
Thu Nov 16 16:06:30 2023: Inserted ≈45% of D-proof conclusions. [109214473 of 242698829] (ETC: Thu Nov 16 16:07:52 2023 ; 1 min 21 s 799.55 ms remaining ; 2 min 28 s 726.46 ms total)
Thu Nov 16 16:06:38 2023: Inserted ≈50% of D-proof conclusions. [121349414 of 242698829] (ETC: Thu Nov 16 16:07:52 2023 ; 1 min 14 s 492.33 ms remaining ; 2 min 28 s 984.66 ms total)
Thu Nov 16 16:06:44 2023: Inserted ≈55% of D-proof conclusions. [133484355 of 242698829] (ETC: Thu Nov 16 16:07:50 2023 ; 1 min  6 s 174.25 ms remaining ; 2 min 27 s  53.88 ms total)
Thu Nov 16 16:06:51 2023: Inserted ≈60% of D-proof conclusions. [145619297 of 242698829] (ETC: Thu Nov 16 16:07:50 2023 ; 58 s 621.82 ms remaining ; 2 min 26 s 554.54 ms total)
Thu Nov 16 16:06:58 2023: Inserted ≈65% of D-proof conclusions. [157754238 of 242698829] (ETC: Thu Nov 16 16:07:49 2023 ; 50 s 925.79 ms remaining ; 2 min 25 s 502.26 ms total)
Thu Nov 16 16:07:05 2023: Inserted ≈70% of D-proof conclusions. [169889180 of 242698829] (ETC: Thu Nov 16 16:07:48 2023 ; 43 s 326.13 ms remaining ; 2 min 24 s 420.44 ms total)
Thu Nov 16 16:07:11 2023: Inserted ≈75% of D-proof conclusions. [182024121 of 242698829] (ETC: Thu Nov 16 16:07:47 2023 ; 35 s 930.74 ms remaining ; 2 min 23 s 722.96 ms total)
Thu Nov 16 16:07:18 2023: Inserted ≈80% of D-proof conclusions. [194159063 of 242698829] (ETC: Thu Nov 16 16:07:46 2023 ; 28 s 568.56 ms remaining ; 2 min 22 s 842.80 ms total)
Thu Nov 16 16:07:24 2023: Inserted ≈85% of D-proof conclusions. [206294004 of 242698829] (ETC: Thu Nov 16 16:07:46 2023 ; 21 s 333.80 ms remaining ; 2 min 22 s 225.32 ms total)
Thu Nov 16 16:07:31 2023: Inserted ≈90% of D-proof conclusions. [218428946 of 242698829] (ETC: Thu Nov 16 16:07:45 2023 ; 14 s 189.15 ms remaining ; 2 min 21 s 891.50 ms total)
Thu Nov 16 16:07:38 2023: Inserted ≈95% of D-proof conclusions. [230563887 of 242698829] (ETC: Thu Nov 16 16:07:45 2023 ; 7 s  83.87 ms remaining ; 2 min 21 s 677.44 ms total)
Thu Nov 16 16:07:45 2023: Inserted 100% of D-proof conclusions. [242698829 of 242698829] (ETC: Thu Nov 16 16:07:45 2023 ; 0.00 ms remaining ; 2 min 21 s 655.54 ms total)
141655.75 ms (2 min 21 s 655.75 ms) total insertion duration.
Known iteration count loaded from 28:4589712682.
Thu Nov 16 16:07:45 2023: Starting to generate D-proof representatives of length 28.
Thu Nov 16 16:27:00 2023: Iterated ≈ 2% of D-proof candidates. [  91794253 of 4589712682] (ETC: Fri Nov 17 08:10:26 2023 ; 15 h 43 min 25 s 919.71 ms remaining ; 16 h  2 min 41 s 142.55 ms total)
Thu Nov 16 16:45:43 2023: Iterated ≈ 4% of D-proof candidates. [ 183588507 of 4589712682] (ETC: Fri Nov 17 07:57:00 2023 ; 15 h 11 min 16 s 807.36 ms remaining ; 15 h 49 min 15 s   7.66 ms total)
Thu Nov 16 17:05:00 2023: Iterated ≈ 6% of D-proof candidates. [ 275382760 of 4589712682] (ETC: Fri Nov 17 08:01:53 2023 ; 14 h 56 min 53 s 430.44 ms remaining ; 15 h 54 min  8 s 330.24 ms total)
Thu Nov 16 17:23:27 2023: Iterated ≈ 8% of D-proof candidates. [ 367177014 of 4589712682] (ETC: Fri Nov 17 07:54:05 2023 ; 14 h 30 min 37 s 960.30 ms remaining ; 15 h 46 min 20 s 391.62 ms total)
Thu Nov 16 17:42:06 2023: Iterated ≈10% of D-proof candidates. [ 458971268 of 4589712682] (ETC: Fri Nov 17 07:51:19 2023 ; 14 h  9 min 12 s 175.89 ms remaining ; 15 h 43 min 33 s 528.76 ms total)
Thu Nov 16 18:00:47 2023: Iterated ≈12% of D-proof candidates. [ 550765521 of 4589712682] (ETC: Fri Nov 17 07:49:37 2023 ; 13 h 48 min 50 s 833.42 ms remaining ; 15 h 41 min 52 s 310.69 ms total)
Thu Nov 16 18:20:13 2023: Iterated ≈14% of D-proof candidates. [ 642559775 of 4589712682] (ETC: Fri Nov 17 07:53:55 2023 ; 13 h 33 min 42 s 273.50 ms remaining ; 15 h 46 min 10 s  85.46 ms total)
Thu Nov 16 18:38:45 2023: Iterated ≈16% of D-proof candidates. [ 734354029 of 4589712682] (ETC: Fri Nov 17 07:51:30 2023 ; 13 h 12 min 44 s 628.10 ms remaining ; 15 h 43 min 44 s 557.26 ms total)
Thu Nov 16 18:56:48 2023: Iterated ≈18% of D-proof candidates. [ 826148282 of 4589712682] (ETC: Fri Nov 17 07:46:53 2023 ; 12 h 50 min  4 s 908.33 ms remaining ; 15 h 39 min  7 s 449.17 ms total)
Thu Nov 16 19:14:57 2023: Iterated ≈20% of D-proof candidates. [ 917942536 of 4589712682] (ETC: Fri Nov 17 07:43:44 2023 ; 12 h 28 min 46 s 945.18 ms remaining ; 15 h 35 min 58 s 681.46 ms total)
Thu Nov 16 19:33:03 2023: Iterated ≈22% of D-proof candidates. [1009736790 of 4589712682] (ETC: Fri Nov 17 07:40:57 2023 ; 12 h  7 min 54 s  43.70 ms remaining ; 15 h 33 min 12 s 363.71 ms total)
Thu Nov 16 19:51:45 2023: Iterated ≈24% of D-proof candidates. [1101531043 of 4589712682] (ETC: Fri Nov 17 07:41:03 2023 ; 11 h 49 min 18 s 358.15 ms remaining ; 15 h 33 min 17 s 839.65 ms total)
Thu Nov 16 20:10:03 2023: Iterated ≈26% of D-proof candidates. [1193325297 of 4589712682] (ETC: Fri Nov 17 07:39:41 2023 ; 11 h 29 min 37 s 992.27 ms remaining ; 15 h 31 min 56 s 205.77 ms total)
Thu Nov 16 20:28:39 2023: Iterated ≈28% of D-proof candidates. [1285119550 of 4589712682] (ETC: Fri Nov 17 07:39:32 2023 ; 11 h 10 min 52 s 689.90 ms remaining ; 15 h 31 min 46 s 513.73 ms total)
Thu Nov 16 20:47:14 2023: Iterated ≈30% of D-proof candidates. [1376913804 of 4589712682] (ETC: Fri Nov 17 07:39:20 2023 ; 10 h 52 min  6 s 625.79 ms remaining ; 15 h 31 min 35 s 179.70 ms total)
Thu Nov 16 21:05:47 2023: Iterated ≈32% of D-proof candidates. [1468708058 of 4589712682] (ETC: Fri Nov 17 07:39:05 2023 ; 10 h 33 min 18 s 500.59 ms remaining ; 15 h 31 min 20 s 147.92 ms total)
Thu Nov 16 21:24:29 2023: Iterated ≈34% of D-proof candidates. [1560502311 of 4589712682] (ETC: Fri Nov 17 07:39:18 2023 ; 10 h 14 min 49 s 560.36 ms remaining ; 15 h 31 min 33 s 273.26 ms total)
Thu Nov 16 21:42:50 2023: Iterated ≈36% of D-proof candidates. [1652296565 of 4589712682] (ETC: Fri Nov 17 07:38:33 2023 ; 9 h 55 min 42 s 384.34 ms remaining ; 15 h 30 min 47 s 475.52 ms total)
Thu Nov 16 22:01:04 2023: Iterated ≈38% of D-proof candidates. [1744090819 of 4589712682] (ETC: Fri Nov 17 07:37:33 2023 ; 9 h 36 min 28 s 384.25 ms remaining ; 15 h 29 min 47 s 716.53 ms total)
Thu Nov 16 22:19:31 2023: Iterated ≈40% of D-proof candidates. [1835885072 of 4589712682] (ETC: Fri Nov 17 07:37:10 2023 ; 9 h 17 min 39 s  36.69 ms remaining ; 15 h 29 min 25 s  61.13 ms total)
Thu Nov 16 22:37:45 2023: Iterated ≈42% of D-proof candidates. [1927679326 of 4589712682] (ETC: Fri Nov 17 07:36:18 2023 ; 8 h 58 min 33 s 761.89 ms remaining ; 15 h 28 min 33 s 382.56 ms total)
Thu Nov 16 22:56:18 2023: Iterated ≈44% of D-proof candidates. [2019473580 of 4589712682] (ETC: Fri Nov 17 07:36:17 2023 ; 8 h 39 min 58 s 488.99 ms remaining ; 15 h 28 min 31 s 587.48 ms total)
Thu Nov 16 23:14:21 2023: Iterated ≈46% of D-proof candidates. [2111267833 of 4589712682] (ETC: Fri Nov 17 07:35:08 2023 ; 8 h 20 min 47 s 261.69 ms remaining ; 15 h 27 min 23 s  77.19 ms total)
Thu Nov 16 23:33:00 2023: Iterated ≈48% of D-proof candidates. [2203062087 of 4589712682] (ETC: Fri Nov 17 07:35:21 2023 ; 8 h  2 min 20 s 837.06 ms remaining ; 15 h 27 min 35 s 455.88 ms total)
Thu Nov 16 23:51:00 2023: Iterated ≈50% of D-proof candidates. [2294856341 of 4589712682] (ETC: Fri Nov 17 07:34:14 2023 ; 7 h 43 min 14 s 536.27 ms remaining ; 15 h 26 min 29 s  72.55 ms total)
Fri Nov 17 00:09:21 2023: Iterated ≈52% of D-proof candidates. [2386650594 of 4589712682] (ETC: Fri Nov 17 07:33:54 2023 ; 7 h 24 min 32 s 871.86 ms remaining ; 15 h 26 min  8 s 483.03 ms total)
Fri Nov 17 00:27:26 2023: Iterated ≈54% of D-proof candidates. [2478444848 of 4589712682] (ETC: Fri Nov 17 07:33:06 2023 ; 7 h  5 min 39 s 642.79 ms remaining ; 15 h 25 min 20 s 962.57 ms total)
Fri Nov 17 00:45:29 2023: Iterated ≈56% of D-proof candidates. [2570239101 of 4589712682] (ETC: Fri Nov 17 07:32:17 2023 ; 6 h 46 min 47 s 695.37 ms remaining ; 15 h 24 min 32 s  34.91 ms total)
Fri Nov 17 01:03:49 2023: Iterated ≈58% of D-proof candidates. [2662033355 of 4589712682] (ETC: Fri Nov 17 07:32:01 2023 ; 6 h 28 min 11 s 314.50 ms remaining ; 15 h 24 min 15 s 510.69 ms total)
Fri Nov 17 01:21:52 2023: Iterated ≈60% of D-proof candidates. [2753827609 of 4589712682] (ETC: Fri Nov 17 07:31:17 2023 ; 6 h  9 min 24 s 771.62 ms remaining ; 15 h 23 min 31 s 929.04 ms total)
Fri Nov 17 01:40:12 2023: Iterated ≈62% of D-proof candidates. [2845621862 of 4589712682] (ETC: Fri Nov 17 07:31:04 2023 ; 5 h 50 min 51 s 408.51 ms remaining ; 15 h 23 min 18 s 443.43 ms total)
Fri Nov 17 01:58:07 2023: Iterated ≈64% of D-proof candidates. [2937416116 of 4589712682] (ETC: Fri Nov 17 07:30:12 2023 ; 5 h 32 min  4 s 949.31 ms remaining ; 15 h 22 min 27 s  81.39 ms total)
Fri Nov 17 02:16:12 2023: Iterated ≈66% of D-proof candidates. [3029210370 of 4589712682] (ETC: Fri Nov 17 07:29:39 2023 ; 5 h 13 min 26 s 594.82 ms remaining ; 15 h 21 min 53 s 514.17 ms total)
Fri Nov 17 02:34:10 2023: Iterated ≈68% of D-proof candidates. [3121004623 of 4589712682] (ETC: Fri Nov 17 07:28:57 2023 ; 4 h 54 min 47 s 161.54 ms remaining ; 15 h 21 min 12 s 379.77 ms total)
Fri Nov 17 02:52:12 2023: Iterated ≈70% of D-proof candidates. [3212798877 of 4589712682] (ETC: Fri Nov 17 07:28:24 2023 ; 4 h 36 min 11 s 637.99 ms remaining ; 15 h 20 min 38 s 793.29 ms total)
Fri Nov 17 03:10:03 2023: Iterated ≈72% of D-proof candidates. [3304593131 of 4589712682] (ETC: Fri Nov 17 07:27:37 2023 ; 4 h 17 min 33 s 648.51 ms remaining ; 15 h 19 min 51 s 601.81 ms total)
Fri Nov 17 03:28:01 2023: Iterated ≈74% of D-proof candidates. [3396387384 of 4589712682] (ETC: Fri Nov 17 07:27:02 2023 ; 3 h 59 min      759.80 ms remaining ; 15 h 19 min 16 s 768.44 ms total)
Fri Nov 17 03:46:01 2023: Iterated ≈76% of D-proof candidates. [3488181638 of 4589712682] (ETC: Fri Nov 17 07:26:31 2023 ; 3 h 40 min 30 s 304.08 ms remaining ; 15 h 18 min 46 s 266.99 ms total)
Fri Nov 17 04:03:51 2023: Iterated ≈78% of D-proof candidates. [3579975891 of 4589712682] (ETC: Fri Nov 17 07:25:49 2023 ; 3 h 21 min 58 s 524.78 ms remaining ; 15 h 18 min  4 s 203.49 ms total)
Fri Nov 17 04:21:43 2023: Iterated ≈80% of D-proof candidates. [3671770145 of 4589712682] (ETC: Fri Nov 17 07:25:12 2023 ; 3 h  3 min 29 s 479.13 ms remaining ; 15 h 17 min 27 s 395.61 ms total)
Fri Nov 17 04:39:34 2023: Iterated ≈82% of D-proof candidates. [3763564399 of 4589712682] (ETC: Fri Nov 17 07:24:36 2023 ; 2 h 45 min  1 s 884.23 ms remaining ; 15 h 16 min 50 s 467.93 ms total)
Fri Nov 17 04:57:21 2023: Iterated ≈84% of D-proof candidates. [3855358652 of 4589712682] (ETC: Fri Nov 17 07:23:57 2023 ; 2 h 26 min 35 s 468.21 ms remaining ; 15 h 16 min 11 s 676.27 ms total)
Fri Nov 17 05:15:11 2023: Iterated ≈86% of D-proof candidates. [3947152906 of 4589712682] (ETC: Fri Nov 17 07:23:23 2023 ; 2 h  8 min 11 s 257.09 ms remaining ; 15 h 15 min 37 s 550.61 ms total)
Fri Nov 17 05:32:49 2023: Iterated ≈88% of D-proof candidates. [4038947160 of 4589712682] (ETC: Fri Nov 17 07:22:36 2023 ; 1 h 49 min 46 s 858.42 ms remaining ; 15 h 14 min 50 s 486.85 ms total)
Fri Nov 17 05:50:34 2023: Iterated ≈90% of D-proof candidates. [4130741413 of 4589712682] (ETC: Fri Nov 17 07:21:59 2023 ; 1 h 31 min 25 s 389.55 ms remaining ; 15 h 14 min 13 s 895.42 ms total)
Fri Nov 17 06:08:23 2023: Iterated ≈92% of D-proof candidates. [4222535667 of 4589712682] (ETC: Fri Nov 17 07:21:28 2023 ; 1 h 13 min  5 s 874.65 ms remaining ; 15 h 13 min 43 s 433.03 ms total)
Fri Nov 17 06:25:54 2023: Iterated ≈94% of D-proof candidates. [4314329921 of 4589712682] (ETC: Fri Nov 17 07:20:40 2023 ; 54 min 46 s 497.26 ms remaining ; 15 h 12 min 54 s 954.40 ms total)
Fri Nov 17 06:43:39 2023: Iterated ≈96% of D-proof candidates. [4406124174 of 4589712682] (ETC: Fri Nov 17 07:20:09 2023 ; 36 min 29 s 749.59 ms remaining ; 15 h 12 min 23 s 739.65 ms total)
Fri Nov 17 07:01:08 2023: Iterated ≈98% of D-proof candidates. [4497918428 of 4589712682] (ETC: Fri Nov 17 07:19:22 2023 ; 18 min 13 s 934.75 ms remaining ; 15 h 11 min 36 s 737.07 ms total)
Fri Nov 17 07:18:52 2023: Iterated 100% of D-proof candidates. [4589712682 of 4589712682] (ETC: Fri Nov 17 07:18:52 2023 ; 0.00 ms remaining ; 15 h 11 min  6 s 487.60 ms total)
54680754.69 ms (15 h 11 min 20 s 754.69 ms) taken to collect 268614600 D-proofs of length 28. [iterated 4589712682 condensed detachment proof strings]
[Copy] Custom iteration counts: { { 1, 6 }, { 2, 6 }, { 3, 42 }, { 4, 89 }, { 5, 268 }, { 6, 596 }, { 7, 1386 }, { 8, 2895 }, { 9, 6517 }, { 10, 13164 }, { 11, 28088 }, { 12, 56806 }, { 13, 117775 }, { 14, 235494 }, { 15, 484132 }, { 16, 965558 }, { 17, 1965114 }, { 18, 3929633 }, { 19, 7965680 }, { 20, 15939098 }, { 21, 32291194 }, { 22, 64783208 }, { 23, 131182254 }, { 24, 264050751 }, { 25, 535260845 }, { 26, 1083165713 }, { 27, 2233996317 }, { 28, 4589712682 } }
2457333.54 ms (40 min 57 s 333.54 ms) taken to filter and order new representative proofs.
Found 268614600 representative, 1150095404 redundant, and 3171002678 invalid condensed detachment proof strings.
lengths up to 28 ; amounts per length: {(1,6), (2,6), (3,17), (4,28), (5,56), (6,89), (7,203), (8,325), (9,666), (10,1174), (11,2340), (12,4106), (13,8396), (14,15153), (15,30340), (16,56725), (17,113539), (18,214468), (19,431896), (20,829754), (21,1666562), (22,3250922), (23,6547739), (24,12887201), (25,28743307), (26,59305631), (27,128588180), (28,268614600)} ; 268614600 new representative proofs (1150095404 redundant, 3171002678 invalid)
Fri Nov 17 08:06:46 2023: Starting to write 268614600 entries to data/d03a044ec35d4d9a3f6d0f5118bc4f8a02a08e61fe7815b2002d007f/dProofs-withConclusions/dProofs28-unfiltered25+.txt.
199127.88 ms (3 min 19 s 127.88 ms) taken to print and save 24722013566 bytes of representative condensed detachment proof strings to data/d03a044ec35d4d9a3f6d0f5118bc4f8a02a08e61fe7815b2002d007f/dProofs-withConclusions/dProofs28-unfiltered25+.txt.
Fri Nov 17 08:12:13 2023: Limited D-proof representative generator complete. [parallel ; 64 hardware thread contexts, limit: 28, unfiltered]
Fri Nov 17 08:31:37 2023: Process terminated. [pid: 27653, tid:22647003359104]
