( This log file was generated by 'pmGenerator 1.2' (master branch), compiled by 'Intel(R) oneAPI DPC++/C++ Compiler 2022.1.0 (2022.1.0.20220316)'.
  The run was executed on a CLAIX-2018 MPI node
  — 2-socket Intel Xeon Platinum 8160 (Skylake), 24 cores each (48 cores total per node), 2.1 GHz, 3.7 GHz turbo mode, 192 GiB main memory —
  running Linux, Rocky 8.8.
  Wall-clock time:   4.119444… h
  CPU utilization: 197.7333… core-h )
Fri Oct 27 16:35:12 2023: Process started. [pid: 205189, tid:23009569572736]
Tasks:
1. resetRepresentativesFor("CpCqp,CCpCqrCCpqCpr,CCNpNqCqp,CLpp,CLCpqCLpLq,CNLNpLNLNp", true, 4294967295, true)
2. generateDProofRepresentativeFiles(26, false, true)

[Main] Calling resetRepresentativesFor("CpCqp,CCpCqrCCpqCpr,CCNpNqCqp,CLpp,CLCpqCLpLq,CNLNpLNLNp", true, 4294967295, true).
Loaded 6 custom axioms. [SHA-512/224 hash: d03a044ec35d4d9a3f6d0f5118bc4f8a02a08e61fe7815b2002d007f]
(1) C0C1.0              -    CpCqp            -    0\imply(1\imply0)
(2) CC0C1.2CC0.1C0.2    -    CCpCqrCCpqCpr    -    (0\imply(1\imply2))\imply((0\imply1)\imply(0\imply2))
(3) CCN0N1C1.0          -    CCNpNqCqp        -    (\not0\imply\not1)\imply(1\imply0)
(4) CL0.0               -    CLpp             -    \nece0\imply0
(5) CLC0.1CL0L1         -    CLCpqCLpLq       -    \nece(0\imply1)\imply(\nece0\imply\nece1)
(6) CNLN0LNLN0          -    CNLNpLNLNp       -    \not\nece\not0\imply\nece\not\nece\not0
Supports necessitation steps.
[Main] Calling generateDProofRepresentativeFiles(26, false, true).
Fri Oct 27 16:35:12 2023: Limited D-proof representative generator started. [parallel ; 48 hardware thread contexts, limit: 26, unfiltered]
0.01 ms taken to load initial representatives.
13.55 ms taken to read 6 condensed detachment proofs and conclusions from data/d03a044ec35d4d9a3f6d0f5118bc4f8a02a08e61fe7815b2002d007f/dProofs-withConclusions/dProofs2.txt. [tid:23009484134144]
8.80 ms taken to read 17 condensed detachment proofs and conclusions from data/d03a044ec35d4d9a3f6d0f5118bc4f8a02a08e61fe7815b2002d007f/dProofs-withConclusions/dProofs3.txt. [tid:23009381283584]
23.75 ms taken to read 28 condensed detachment proofs and conclusions from data/d03a044ec35d4d9a3f6d0f5118bc4f8a02a08e61fe7815b2002d007f/dProofs-withConclusions/dProofs4.txt. [tid:23009379182336]
25.63 ms taken to read 56 condensed detachment proofs and conclusions from data/d03a044ec35d4d9a3f6d0f5118bc4f8a02a08e61fe7815b2002d007f/dProofs-withConclusions/dProofs5.txt. [tid:23009377081088]
9.22 ms taken to read 89 condensed detachment proofs and conclusions from data/d03a044ec35d4d9a3f6d0f5118bc4f8a02a08e61fe7815b2002d007f/dProofs-withConclusions/dProofs6.txt. [tid:23009374979840]
19.74 ms taken to read 203 condensed detachment proofs and conclusions from data/d03a044ec35d4d9a3f6d0f5118bc4f8a02a08e61fe7815b2002d007f/dProofs-withConclusions/dProofs7.txt. [tid:23009372878592]
8.70 ms taken to read 325 condensed detachment proofs and conclusions from data/d03a044ec35d4d9a3f6d0f5118bc4f8a02a08e61fe7815b2002d007f/dProofs-withConclusions/dProofs8.txt. [tid:23009370777344]
33.99 ms taken to read 666 condensed detachment proofs and conclusions from data/d03a044ec35d4d9a3f6d0f5118bc4f8a02a08e61fe7815b2002d007f/dProofs-withConclusions/dProofs9.txt. [tid:23009368676096]
10.98 ms taken to read 1174 condensed detachment proofs and conclusions from data/d03a044ec35d4d9a3f6d0f5118bc4f8a02a08e61fe7815b2002d007f/dProofs-withConclusions/dProofs10.txt. [tid:23009366574848]
30.09 ms taken to read 2340 condensed detachment proofs and conclusions from data/d03a044ec35d4d9a3f6d0f5118bc4f8a02a08e61fe7815b2002d007f/dProofs-withConclusions/dProofs11.txt. [tid:23009364473600]
19.50 ms taken to read 4106 condensed detachment proofs and conclusions from data/d03a044ec35d4d9a3f6d0f5118bc4f8a02a08e61fe7815b2002d007f/dProofs-withConclusions/dProofs12.txt. [tid:23009362372352]
44.32 ms taken to read 8396 condensed detachment proofs and conclusions from data/d03a044ec35d4d9a3f6d0f5118bc4f8a02a08e61fe7815b2002d007f/dProofs-withConclusions/dProofs13.txt. [tid:23009360271104]
31.29 ms taken to read 15153 condensed detachment proofs and conclusions from data/d03a044ec35d4d9a3f6d0f5118bc4f8a02a08e61fe7815b2002d007f/dProofs-withConclusions/dProofs14.txt. [tid:23009358169856]
49.03 ms taken to read 30340 condensed detachment proofs and conclusions from data/d03a044ec35d4d9a3f6d0f5118bc4f8a02a08e61fe7815b2002d007f/dProofs-withConclusions/dProofs15.txt. [tid:23009356068608]
117.35 ms taken to read 56725 condensed detachment proofs and conclusions from data/d03a044ec35d4d9a3f6d0f5118bc4f8a02a08e61fe7815b2002d007f/dProofs-withConclusions/dProofs16.txt. [tid:23009353967360]
221.39 ms taken to read 113539 condensed detachment proofs and conclusions from data/d03a044ec35d4d9a3f6d0f5118bc4f8a02a08e61fe7815b2002d007f/dProofs-withConclusions/dProofs17.txt. [tid:23009351866112]
573.27 ms taken to read 214468 condensed detachment proofs and conclusions from data/d03a044ec35d4d9a3f6d0f5118bc4f8a02a08e61fe7815b2002d007f/dProofs-withConclusions/dProofs18.txt. [tid:23008005584640]
2401.44 ms (2 s 401.44 ms) taken to read 431896 condensed detachment proofs and conclusions from data/d03a044ec35d4d9a3f6d0f5118bc4f8a02a08e61fe7815b2002d007f/dProofs-withConclusions/dProofs19.txt. [tid:23008003483392]
7607.75 ms (7 s 607.75 ms) taken to read 829754 condensed detachment proofs and conclusions from data/d03a044ec35d4d9a3f6d0f5118bc4f8a02a08e61fe7815b2002d007f/dProofs-withConclusions/dProofs20.txt. [tid:23008001382144]
1206.07 ms (1 s 206.07 ms) taken to read 1666562 condensed detachment proofs and conclusions from data/d03a044ec35d4d9a3f6d0f5118bc4f8a02a08e61fe7815b2002d007f/dProofs-withConclusions/dProofs21.txt. [tid:23007999280896]
2058.24 ms (2 s 58.24 ms) taken to read 3250922 condensed detachment proofs and conclusions from data/d03a044ec35d4d9a3f6d0f5118bc4f8a02a08e61fe7815b2002d007f/dProofs-withConclusions/dProofs22.txt. [tid:23007997179648]
3165.27 ms (3 s 165.27 ms) taken to read 6547739 condensed detachment proofs and conclusions from data/d03a044ec35d4d9a3f6d0f5118bc4f8a02a08e61fe7815b2002d007f/dProofs-withConclusions/dProofs23.txt. [tid:23007995078400]
4615.70 ms (4 s 615.70 ms) taken to read 12887201 condensed detachment proofs and conclusions from data/d03a044ec35d4d9a3f6d0f5118bc4f8a02a08e61fe7815b2002d007f/dProofs-withConclusions/dProofs24.txt. [tid:23007992977152]
7623.86 ms (7 s 623.86 ms) total read duration.
Loaded 24 representative collections of sizes:
1 : 6
2 : 6
3 : 17
4 : 28
5 : 56
6 : 89
7 : 203
8 : 325
9 : 666
10 : 1174
11 : 2340
12 : 4106
13 : 8396
14 : 15153
15 : 30340
16 : 56725
17 : 113539
18 : 214468
19 : 431896
20 : 829754
21 : 1666562
22 : 3250922
23 : 6547739
24 : 12887201
26061711 representatives in total.
7704.07 ms (7 s 704.07 ms) taken to read 28743307 condensed detachment proofs and conclusions from data/d03a044ec35d4d9a3f6d0f5118bc4f8a02a08e61fe7815b2002d007f/dProofs-withConclusions/dProofs25-unfiltered25+.txt. [tid:23007992977152]
7705.60 ms (7 s 705.60 ms) additional read duration.
Loaded 1 more representative collection of size:
25 : 28743307
54805018 representatives in total.
Fri Oct 27 16:35:28 2023: Inserted ≈ 5% of D-proof conclusions. [ 2740250 of 54805018] (ETC: Fri Oct 27 16:35:45 2023 ; 17 s 200.76 ms remaining ; 18 s 106.06 ms total)
Fri Oct 27 16:35:29 2023: Inserted ≈10% of D-proof conclusions. [ 5480501 of 54805018] (ETC: Fri Oct 27 16:35:45 2023 ; 16 s 115.67 ms remaining ; 17 s 906.30 ms total)
Fri Oct 27 16:35:30 2023: Inserted ≈15% of D-proof conclusions. [ 8220752 of 54805018] (ETC: Fri Oct 27 16:35:44 2023 ; 14 s 685.78 ms remaining ; 17 s 277.39 ms total)
Fri Oct 27 16:35:31 2023: Inserted ≈20% of D-proof conclusions. [10961003 of 54805018] (ETC: Fri Oct 27 16:35:45 2023 ; 14 s  94.61 ms remaining ; 17 s 618.26 ms total)
Fri Oct 27 16:35:32 2023: Inserted ≈25% of D-proof conclusions. [13701254 of 54805018] (ETC: Fri Oct 27 16:35:45 2023 ; 13 s 178.62 ms remaining ; 17 s 571.50 ms total)
Fri Oct 27 16:35:32 2023: Inserted ≈30% of D-proof conclusions. [16441505 of 54805018] (ETC: Fri Oct 27 16:35:45 2023 ; 12 s 319.60 ms remaining ; 17 s 599.43 ms total)
Fri Oct 27 16:35:34 2023: Inserted ≈35% of D-proof conclusions. [19181756 of 54805018] (ETC: Fri Oct 27 16:35:45 2023 ; 11 s 811.66 ms remaining ; 18 s 171.78 ms total)
Fri Oct 27 16:35:35 2023: Inserted ≈40% of D-proof conclusions. [21922007 of 54805018] (ETC: Fri Oct 27 16:35:46 2023 ; 11 s  58.33 ms remaining ; 18 s 430.55 ms total)
Fri Oct 27 16:35:36 2023: Inserted ≈45% of D-proof conclusions. [24662258 of 54805018] (ETC: Fri Oct 27 16:35:46 2023 ; 10 s 234.59 ms remaining ; 18 s 608.34 ms total)
Fri Oct 27 16:35:36 2023: Inserted ≈50% of D-proof conclusions. [27402509 of 54805018] (ETC: Fri Oct 27 16:35:46 2023 ; 9 s 262.53 ms remaining ; 18 s 525.06 ms total)
Fri Oct 27 16:35:37 2023: Inserted ≈55% of D-proof conclusions. [30142759 of 54805018] (ETC: Fri Oct 27 16:35:45 2023 ; 8 s 251.07 ms remaining ; 18 s 335.70 ms total)
Fri Oct 27 16:35:38 2023: Inserted ≈60% of D-proof conclusions. [32883010 of 54805018] (ETC: Fri Oct 27 16:35:45 2023 ; 7 s 299.77 ms remaining ; 18 s 249.43 ms total)
Fri Oct 27 16:35:39 2023: Inserted ≈65% of D-proof conclusions. [35623261 of 54805018] (ETC: Fri Oct 27 16:35:46 2023 ; 6 s 470.82 ms remaining ; 18 s 488.05 ms total)
Fri Oct 27 16:35:40 2023: Inserted ≈70% of D-proof conclusions. [38363512 of 54805018] (ETC: Fri Oct 27 16:35:46 2023 ; 5 s 566.91 ms remaining ; 18 s 556.38 ms total)
Fri Oct 27 16:35:41 2023: Inserted ≈75% of D-proof conclusions. [41103763 of 54805018] (ETC: Fri Oct 27 16:35:46 2023 ; 4 s 644.93 ms remaining ; 18 s 579.73 ms total)
Fri Oct 27 16:35:42 2023: Inserted ≈80% of D-proof conclusions. [43844014 of 54805018] (ETC: Fri Oct 27 16:35:46 2023 ; 3 s 760.21 ms remaining ; 18 s 801.07 ms total)
Fri Oct 27 16:35:43 2023: Inserted ≈85% of D-proof conclusions. [46584265 of 54805018] (ETC: Fri Oct 27 16:35:46 2023 ; 2 s 813.49 ms remaining ; 18 s 756.62 ms total)
Fri Oct 27 16:35:44 2023: Inserted ≈90% of D-proof conclusions. [49324516 of 54805018] (ETC: Fri Oct 27 16:35:46 2023 ; 1 s 870.35 ms remaining ; 18 s 703.52 ms total)
Fri Oct 27 16:35:45 2023: Inserted ≈95% of D-proof conclusions. [52064767 of 54805018] (ETC: Fri Oct 27 16:35:46 2023 ; 932.43 ms remaining ; 18 s 648.66 ms total)
Fri Oct 27 16:35:46 2023: Inserted 100% of D-proof conclusions. [54805018 of 54805018] (ETC: Fri Oct 27 16:35:46 2023 ; 0.00 ms remaining ; 18 s 560.50 ms total)
18560.67 ms (18 s 560.67 ms) total insertion duration.
Known iteration count loaded from 26:1083165713.
Fri Oct 27 16:35:46 2023: Starting to generate D-proof representatives of length 26.
Fri Oct 27 16:42:11 2023: Iterated ≈ 2% of D-proof candidates. [  21663314 of 1083165713] (ETC: Fri Oct 27 21:56:29 2023 ; 5 h 14 min 17 s 967.85 ms remaining ; 5 h 20 min 42 s 824.33 ms total)
Fri Oct 27 16:48:39 2023: Iterated ≈ 4% of D-proof candidates. [  43326628 of 1083165713] (ETC: Fri Oct 27 21:57:50 2023 ; 5 h  9 min 11 s 686.31 ms remaining ; 5 h 22 min  4 s 673.23 ms total)
Fri Oct 27 16:55:04 2023: Iterated ≈ 6% of D-proof candidates. [  64989942 of 1083165713] (ETC: Fri Oct 27 21:57:38 2023 ; 5 h  2 min 33 s 198.15 ms remaining ; 5 h 21 min 51 s 912.91 ms total)
Fri Oct 27 17:01:24 2023: Iterated ≈ 8% of D-proof candidates. [  86653257 of 1083165713] (ETC: Fri Oct 27 21:56:15 2023 ; 4 h 54 min 51 s 202.10 ms remaining ; 5 h 20 min 29 s 567.50 ms total)
Fri Oct 27 17:07:10 2023: Iterated ≈10% of D-proof candidates. [ 108316571 of 1083165713] (ETC: Fri Oct 27 21:49:49 2023 ; 4 h 42 min 38 s 598.27 ms remaining ; 5 h 14 min  2 s 886.96 ms total)
Fri Oct 27 17:12:13 2023: Iterated ≈12% of D-proof candidates. [ 129979885 of 1083165713] (ETC: Fri Oct 27 21:39:36 2023 ; 4 h 27 min 22 s 825.20 ms remaining ; 5 h  3 min 50 s 483.17 ms total)
Fri Oct 27 17:17:06 2023: Iterated ≈14% of D-proof candidates. [ 151643199 of 1083165713] (ETC: Fri Oct 27 21:31:02 2023 ; 4 h 13 min 56 s 272.90 ms remaining ; 4 h 55 min 16 s 596.38 ms total)
Fri Oct 27 17:21:48 2023: Iterated ≈16% of D-proof candidates. [ 173306514 of 1083165713] (ETC: Fri Oct 27 21:23:31 2023 ; 4 h  1 min 42 s 780.22 ms remaining ; 4 h 47 min 45 s 214.55 ms total)
Fri Oct 27 17:26:25 2023: Iterated ≈18% of D-proof candidates. [ 194969828 of 1083165713] (ETC: Fri Oct 27 21:17:09 2023 ; 3 h 50 min 44 s 439.35 ms remaining ; 4 h 41 min 23 s 462.61 ms total)
Fri Oct 27 17:31:02 2023: Iterated ≈20% of D-proof candidates. [ 216633142 of 1083165713] (ETC: Fri Oct 27 21:12:08 2023 ; 3 h 41 min  5 s 430.53 ms remaining ; 4 h 36 min 21 s 788.15 ms total)
Fri Oct 27 17:35:49 2023: Iterated ≈22% of D-proof candidates. [ 238296456 of 1083165713] (ETC: Fri Oct 27 21:08:43 2023 ; 3 h 32 min 54 s 224.22 ms remaining ; 4 h 32 min 57 s 210.52 ms total)
Fri Oct 27 17:40:27 2023: Iterated ≈24% of D-proof candidates. [ 259959771 of 1083165713] (ETC: Fri Oct 27 21:05:18 2023 ; 3 h 24 min 51 s  61.02 ms remaining ; 4 h 29 min 32 s 448.71 ms total)
Fri Oct 27 17:45:12 2023: Iterated ≈26% of D-proof candidates. [ 281623085 of 1083165713] (ETC: Fri Oct 27 21:02:51 2023 ; 3 h 17 min 38 s 784.29 ms remaining ; 4 h 27 min  5 s 384.17 ms total)
Fri Oct 27 17:49:58 2023: Iterated ≈28% of D-proof candidates. [ 303286399 of 1083165713] (ETC: Fri Oct 27 21:00:46 2023 ; 3 h 10 min 48 s 564.97 ms remaining ; 4 h 25 min      784.66 ms total)
Fri Oct 27 17:54:34 2023: Iterated ≈30% of D-proof candidates. [ 324949713 of 1083165713] (ETC: Fri Oct 27 20:58:25 2023 ; 3 h  3 min 51 s 766.05 ms remaining ; 4 h 22 min 39 s 665.76 ms total)
Fri Oct 27 17:59:21 2023: Iterated ≈32% of D-proof candidates. [ 346613028 of 1083165713] (ETC: Fri Oct 27 20:56:59 2023 ; 2 h 57 min 37 s 962.43 ms remaining ; 4 h 21 min 13 s 474.16 ms total)
Fri Oct 27 18:03:54 2023: Iterated ≈34% of D-proof candidates. [ 368276342 of 1083165713] (ETC: Fri Oct 27 20:54:59 2023 ; 2 h 51 min  5 s 229.67 ms remaining ; 4 h 19 min 13 s 378.28 ms total)
Fri Oct 27 18:08:31 2023: Iterated ≈36% of D-proof candidates. [ 389939656 of 1083165713] (ETC: Fri Oct 27 20:53:25 2023 ; 2 h 44 min 53 s 767.48 ms remaining ; 4 h 17 min 39 s  11.67 ms total)
Fri Oct 27 18:13:02 2023: Iterated ≈38% of D-proof candidates. [ 411602970 of 1083165713] (ETC: Fri Oct 27 20:51:45 2023 ; 2 h 38 min 42 s 890.24 ms remaining ; 4 h 15 min 59 s 500.36 ms total)
Fri Oct 27 18:17:41 2023: Iterated ≈40% of D-proof candidates. [ 433266285 of 1083165713] (ETC: Fri Oct 27 20:50:33 2023 ; 2 h 32 min 52 s 609.20 ms remaining ; 4 h 14 min 47 s 682.00 ms total)
Fri Oct 27 18:22:12 2023: Iterated ≈42% of D-proof candidates. [ 454929599 of 1083165713] (ETC: Fri Oct 27 20:49:11 2023 ; 2 h 26 min 59 s 285.75 ms remaining ; 4 h 13 min 25 s 665.07 ms total)
Fri Oct 27 18:26:43 2023: Iterated ≈44% of D-proof candidates. [ 476592913 of 1083165713] (ETC: Fri Oct 27 20:47:57 2023 ; 2 h 21 min 13 s 406.66 ms remaining ; 4 h 12 min 11 s  83.30 ms total)
Fri Oct 27 18:31:14 2023: Iterated ≈46% of D-proof candidates. [ 498256227 of 1083165713] (ETC: Fri Oct 27 20:46:47 2023 ; 2 h 15 min 32 s 984.55 ms remaining ; 4 h 11 min  1 s  82.47 ms total)
Fri Oct 27 18:35:44 2023: Iterated ≈48% of D-proof candidates. [ 519919542 of 1083165713] (ETC: Fri Oct 27 20:45:43 2023 ; 2 h  9 min 58 s 568.06 ms remaining ; 4 h  9 min 57 s 246.27 ms total)
Fri Oct 27 18:40:11 2023: Iterated ≈50% of D-proof candidates. [ 541582856 of 1083165713] (ETC: Fri Oct 27 20:44:36 2023 ; 2 h  4 min 24 s 909.84 ms remaining ; 4 h  8 min 49 s 819.67 ms total)
Fri Oct 27 18:44:41 2023: Iterated ≈52% of D-proof candidates. [ 563246170 of 1083165713] (ETC: Fri Oct 27 20:43:40 2023 ; 1 h 58 min 59 s 862.81 ms remaining ; 4 h  7 min 54 s 714.17 ms total)
Fri Oct 27 18:49:04 2023: Iterated ≈54% of D-proof candidates. [ 584909485 of 1083165713] (ETC: Fri Oct 27 20:42:37 2023 ; 1 h 53 min 33 s 171.00 ms remaining ; 4 h  6 min 51 s 241.31 ms total)
Fri Oct 27 18:53:32 2023: Iterated ≈56% of D-proof candidates. [ 606572799 of 1083165713] (ETC: Fri Oct 27 20:41:46 2023 ; 1 h 48 min 14 s 741.07 ms remaining ; 4 h  6 min      775.15 ms total)
Fri Oct 27 18:57:55 2023: Iterated ≈58% of D-proof candidates. [ 628236113 of 1083165713] (ETC: Fri Oct 27 20:40:52 2023 ; 1 h 42 min 56 s 640.70 ms remaining ; 4 h  5 min  6 s 287.36 ms total)
Fri Oct 27 19:02:20 2023: Iterated ≈60% of D-proof candidates. [ 649899427 of 1083165713] (ETC: Fri Oct 27 20:40:02 2023 ; 1 h 37 min 42 s 601.96 ms remaining ; 4 h  4 min 16 s 504.86 ms total)
Fri Oct 27 19:06:43 2023: Iterated ≈62% of D-proof candidates. [ 671562742 of 1083165713] (ETC: Fri Oct 27 20:39:14 2023 ; 1 h 32 min 31 s 184.13 ms remaining ; 4 h  3 min 28 s 379.28 ms total)
Fri Oct 27 19:11:05 2023: Iterated ≈64% of D-proof candidates. [ 693226056 of 1083165713] (ETC: Fri Oct 27 20:38:27 2023 ; 1 h 27 min 22 s 155.90 ms remaining ; 4 h  2 min 41 s 544.15 ms total)
Fri Oct 27 19:15:24 2023: Iterated ≈66% of D-proof candidates. [ 714889370 of 1083165713] (ETC: Fri Oct 27 20:37:38 2023 ; 1 h 22 min 14 s 303.38 ms remaining ; 4 h  1 min 52 s 656.97 ms total)
Fri Oct 27 19:19:45 2023: Iterated ≈68% of D-proof candidates. [ 736552684 of 1083165713] (ETC: Fri Oct 27 20:36:55 2023 ; 1 h 17 min 10 s 102.38 ms remaining ; 4 h  1 min  9 s  69.91 ms total)
Fri Oct 27 19:24:01 2023: Iterated ≈70% of D-proof candidates. [ 758215999 of 1083165713] (ETC: Fri Oct 27 20:36:07 2023 ; 1 h 12 min  6 s 489.28 ms remaining ; 4 h        21 s 630.94 ms total)
Fri Oct 27 19:28:22 2023: Iterated ≈72% of D-proof candidates. [ 779879313 of 1083165713] (ETC: Fri Oct 27 20:35:30 2023 ; 1 h  7 min  7 s 570.15 ms remaining ; 3 h 59 min 44 s 179.09 ms total)
Fri Oct 27 19:32:35 2023: Iterated ≈74% of D-proof candidates. [ 801542627 of 1083165713] (ETC: Fri Oct 27 20:34:43 2023 ; 1 h  2 min  7 s 593.85 ms remaining ; 3 h 58 min 56 s 899.39 ms total)
Fri Oct 27 19:36:56 2023: Iterated ≈76% of D-proof candidates. [ 823205941 of 1083165713] (ETC: Fri Oct 27 20:34:09 2023 ; 57 min 12 s 729.30 ms remaining ; 3 h 58 min 23 s  38.72 ms total)
Fri Oct 27 19:41:09 2023: Iterated ≈78% of D-proof candidates. [ 844869256 of 1083165713] (ETC: Fri Oct 27 20:33:27 2023 ; 52 min 17 s 453.95 ms remaining ; 3 h 57 min 41 s 154.34 ms total)
Fri Oct 27 19:45:26 2023: Iterated ≈80% of D-proof candidates. [ 866532570 of 1083165713] (ETC: Fri Oct 27 20:32:51 2023 ; 47 min 25 s  33.17 ms remaining ; 3 h 57 min  5 s 165.84 ms total)
Fri Oct 27 19:49:40 2023: Iterated ≈82% of D-proof candidates. [ 888195884 of 1083165713] (ETC: Fri Oct 27 20:32:14 2023 ; 42 min 33 s 823.23 ms remaining ; 3 h 56 min 27 s 906.81 ms total)
Fri Oct 27 19:53:56 2023: Iterated ≈84% of D-proof candidates. [ 909859198 of 1083165713] (ETC: Fri Oct 27 20:31:40 2023 ; 37 min 44 s 722.34 ms remaining ; 3 h 55 min 54 s 514.58 ms total)
Fri Oct 27 19:58:04 2023: Iterated ≈86% of D-proof candidates. [ 931522513 of 1083165713] (ETC: Fri Oct 27 20:31:00 2023 ; 32 min 56 s  68.45 ms remaining ; 3 h 55 min 14 s 774.66 ms total)
Fri Oct 27 20:02:20 2023: Iterated ≈88% of D-proof candidates. [ 953185827 of 1083165713] (ETC: Fri Oct 27 20:30:30 2023 ; 28 min 10 s  81.95 ms remaining ; 3 h 54 min 44 s  16.25 ms total)
Fri Oct 27 20:06:32 2023: Iterated ≈90% of D-proof candidates. [ 974849141 of 1083165713] (ETC: Fri Oct 27 20:29:57 2023 ; 23 min 25 s 169.11 ms remaining ; 3 h 54 min 11 s 691.05 ms total)
Fri Oct 27 20:10:42 2023: Iterated ≈92% of D-proof candidates. [ 996512455 of 1083165713] (ETC: Fri Oct 27 20:29:24 2023 ; 18 min 41 s 431.41 ms remaining ; 3 h 53 min 37 s 892.53 ms total)
Fri Oct 27 20:14:58 2023: Iterated ≈94% of D-proof candidates. [1018175770 of 1083165713] (ETC: Fri Oct 27 20:28:57 2023 ; 13 min 59 s 488.51 ms remaining ; 3 h 53 min 11 s 475.15 ms total)
Fri Oct 27 20:19:06 2023: Iterated ≈96% of D-proof candidates. [1039839084 of 1083165713] (ETC: Fri Oct 27 20:28:24 2023 ; 9 min 18 s 338.35 ms remaining ; 3 h 52 min 38 s 458.67 ms total)
Fri Oct 27 20:23:17 2023: Iterated ≈98% of D-proof candidates. [1061502398 of 1083165713] (ETC: Fri Oct 27 20:27:56 2023 ; 4 min 38 s 606.38 ms remaining ; 3 h 52 min 10 s 318.81 ms total)
Fri Oct 27 20:27:28 2023: Iterated 100% of D-proof candidates. [1083165713 of 1083165713] (ETC: Fri Oct 27 20:27:28 2023 ; 0.00 ms remaining ; 3 h 51 min 41 s 927.96 ms total)
13904113.31 ms (3 h 51 min 44 s 113.31 ms) taken to collect 59305631 D-proofs of length 26. [iterated 1083165713 condensed detachment proof strings]
[Copy] Custom iteration counts: { { 1, 6 }, { 2, 6 }, { 3, 42 }, { 4, 89 }, { 5, 268 }, { 6, 596 }, { 7, 1386 }, { 8, 2895 }, { 9, 6517 }, { 10, 13164 }, { 11, 28088 }, { 12, 56806 }, { 13, 117775 }, { 14, 235494 }, { 15, 484132 }, { 16, 965558 }, { 17, 1965114 }, { 18, 3929633 }, { 19, 7965680 }, { 20, 15939098 }, { 21, 32291194 }, { 22, 64783208 }, { 23, 131182254 }, { 24, 264050751 }, { 25, 535260845 }, { 26, 1083165713 } }
429360.78 ms (7 min 9 s 360.78 ms) taken to filter and order new representative proofs.
Found 59305631 representative, 278136706 redundant, and 745723376 invalid condensed detachment proof strings.
lengths up to 26 ; amounts per length: {(1,6), (2,6), (3,17), (4,28), (5,56), (6,89), (7,203), (8,325), (9,666), (10,1174), (11,2340), (12,4106), (13,8396), (14,15153), (15,30340), (16,56725), (17,113539), (18,214468), (19,431896), (20,829754), (21,1666562), (22,3250922), (23,6547739), (24,12887201), (25,28743307), (26,59305631)} ; 59305631 new representative proofs (278136706 redundant, 745723376 invalid)
Fri Oct 27 20:35:35 2023: Starting to write 59305631 entries to data/d03a044ec35d4d9a3f6d0f5118bc4f8a02a08e61fe7815b2002d007f/dProofs-withConclusions/dProofs26-unfiltered25+.txt.
40358.37 ms (40 s 358.37 ms) taken to print and save 5023015642 bytes of representative condensed detachment proof strings to data/d03a044ec35d4d9a3f6d0f5118bc4f8a02a08e61fe7815b2002d007f/dProofs-withConclusions/dProofs26-unfiltered25+.txt.
Fri Oct 27 20:36:42 2023: Limited D-proof representative generator complete. [parallel ; 48 hardware thread contexts, limit: 26, unfiltered]
Fri Oct 27 20:42:22 2023: Process terminated. [pid: 205189, tid:23009569572736]
