( This log file was generated by 'pmGenerator 1.2' (master branch), compiled by 'Intel(R) oneAPI DPC++/C++ Compiler 2022.1.0 (2022.1.0.20220316)'.
  The run was executed on a CLAIX-2018-OPTANE MPI node
  — 2-socket Intel Xeon Gold 6338, 32 cores each (64 cores total per node), 2.0 GHz, 3.20 GHz turbo mode, 512 GiB DDR4-3200 caching for 2 TiB non-volatile memory (NVM) (Intel Optane DC Persistent Memory DIMMs) —
  running Linux, Rocky 8.8.
  Wall-clock time:   7.031666… h
  CPU utilization: 450.02666… core-h )
Sat Oct 28 06:43:48 2023: Process started. [pid: 45787, tid:23358355654528]
Tasks:
1. resetRepresentativesFor("CpCqp,CCpCqrCCpqCpr,CCNpNqCqp,CLpp,CLCpqCLpLq,CNLNpLNLNp", true, 4294967295, true)
2. generateDProofRepresentativeFiles(27, false, true)

[Main] Calling resetRepresentativesFor("CpCqp,CCpCqrCCpqCpr,CCNpNqCqp,CLpp,CLCpqCLpLq,CNLNpLNLNp", true, 4294967295, true).
Loaded 6 custom axioms. [SHA-512/224 hash: d03a044ec35d4d9a3f6d0f5118bc4f8a02a08e61fe7815b2002d007f]
(1) C0C1.0              -    CpCqp            -    0\imply(1\imply0)
(2) CC0C1.2CC0.1C0.2    -    CCpCqrCCpqCpr    -    (0\imply(1\imply2))\imply((0\imply1)\imply(0\imply2))
(3) CCN0N1C1.0          -    CCNpNqCqp        -    (\not0\imply\not1)\imply(1\imply0)
(4) CL0.0               -    CLpp             -    \nece0\imply0
(5) CLC0.1CL0L1         -    CLCpqCLpLq       -    \nece(0\imply1)\imply(\nece0\imply\nece1)
(6) CNLN0LNLN0          -    CNLNpLNLNp       -    \not\nece\not0\imply\nece\not\nece\not0
Supports necessitation steps.
[Main] Calling generateDProofRepresentativeFiles(27, false, true).
Sat Oct 28 06:43:48 2023: Limited D-proof representative generator started. [parallel ; 64 hardware thread contexts, limit: 27, unfiltered]
0.02 ms taken to load initial representatives.
27.74 ms taken to read 6 condensed detachment proofs and conclusions from data/d03a044ec35d4d9a3f6d0f5118bc4f8a02a08e61fe7815b2002d007f/dProofs-withConclusions/dProofs2.txt. [tid:23357812606720]
23.09 ms taken to read 17 condensed detachment proofs and conclusions from data/d03a044ec35d4d9a3f6d0f5118bc4f8a02a08e61fe7815b2002d007f/dProofs-withConclusions/dProofs3.txt. [tid:23357810505472]
17.95 ms taken to read 28 condensed detachment proofs and conclusions from data/d03a044ec35d4d9a3f6d0f5118bc4f8a02a08e61fe7815b2002d007f/dProofs-withConclusions/dProofs4.txt. [tid:23357808404224]
19.71 ms taken to read 56 condensed detachment proofs and conclusions from data/d03a044ec35d4d9a3f6d0f5118bc4f8a02a08e61fe7815b2002d007f/dProofs-withConclusions/dProofs5.txt. [tid:23357806302976]
13.32 ms taken to read 89 condensed detachment proofs and conclusions from data/d03a044ec35d4d9a3f6d0f5118bc4f8a02a08e61fe7815b2002d007f/dProofs-withConclusions/dProofs6.txt. [tid:23357804201728]
7.46 ms taken to read 203 condensed detachment proofs and conclusions from data/d03a044ec35d4d9a3f6d0f5118bc4f8a02a08e61fe7815b2002d007f/dProofs-withConclusions/dProofs7.txt. [tid:23357802100480]
33.29 ms taken to read 325 condensed detachment proofs and conclusions from data/d03a044ec35d4d9a3f6d0f5118bc4f8a02a08e61fe7815b2002d007f/dProofs-withConclusions/dProofs8.txt. [tid:23357799999232]
27.48 ms taken to read 666 condensed detachment proofs and conclusions from data/d03a044ec35d4d9a3f6d0f5118bc4f8a02a08e61fe7815b2002d007f/dProofs-withConclusions/dProofs9.txt. [tid:23357797897984]
28.37 ms taken to read 1174 condensed detachment proofs and conclusions from data/d03a044ec35d4d9a3f6d0f5118bc4f8a02a08e61fe7815b2002d007f/dProofs-withConclusions/dProofs10.txt. [tid:23357795796736]
26.87 ms taken to read 2340 condensed detachment proofs and conclusions from data/d03a044ec35d4d9a3f6d0f5118bc4f8a02a08e61fe7815b2002d007f/dProofs-withConclusions/dProofs11.txt. [tid:23357793695488]
44.43 ms taken to read 4106 condensed detachment proofs and conclusions from data/d03a044ec35d4d9a3f6d0f5118bc4f8a02a08e61fe7815b2002d007f/dProofs-withConclusions/dProofs12.txt. [tid:23357791594240]
61.59 ms taken to read 8396 condensed detachment proofs and conclusions from data/d03a044ec35d4d9a3f6d0f5118bc4f8a02a08e61fe7815b2002d007f/dProofs-withConclusions/dProofs13.txt. [tid:23357789492992]
52.79 ms taken to read 15153 condensed detachment proofs and conclusions from data/d03a044ec35d4d9a3f6d0f5118bc4f8a02a08e61fe7815b2002d007f/dProofs-withConclusions/dProofs14.txt. [tid:23357787391744]
55.73 ms taken to read 30340 condensed detachment proofs and conclusions from data/d03a044ec35d4d9a3f6d0f5118bc4f8a02a08e61fe7815b2002d007f/dProofs-withConclusions/dProofs15.txt. [tid:23357785290496]
123.16 ms taken to read 56725 condensed detachment proofs and conclusions from data/d03a044ec35d4d9a3f6d0f5118bc4f8a02a08e61fe7815b2002d007f/dProofs-withConclusions/dProofs16.txt. [tid:23357783189248]
134.73 ms taken to read 113539 condensed detachment proofs and conclusions from data/d03a044ec35d4d9a3f6d0f5118bc4f8a02a08e61fe7815b2002d007f/dProofs-withConclusions/dProofs17.txt. [tid:23357781088000]
541.34 ms taken to read 214468 condensed detachment proofs and conclusions from data/d03a044ec35d4d9a3f6d0f5118bc4f8a02a08e61fe7815b2002d007f/dProofs-withConclusions/dProofs18.txt. [tid:23356971677440]
1495.99 ms (1 s 495.99 ms) taken to read 431896 condensed detachment proofs and conclusions from data/d03a044ec35d4d9a3f6d0f5118bc4f8a02a08e61fe7815b2002d007f/dProofs-withConclusions/dProofs19.txt. [tid:23356969576192]
4057.00 ms (4 s 57.00 ms) taken to read 829754 condensed detachment proofs and conclusions from data/d03a044ec35d4d9a3f6d0f5118bc4f8a02a08e61fe7815b2002d007f/dProofs-withConclusions/dProofs20.txt. [tid:23356967474944]
1784.52 ms (1 s 784.52 ms) taken to read 1666562 condensed detachment proofs and conclusions from data/d03a044ec35d4d9a3f6d0f5118bc4f8a02a08e61fe7815b2002d007f/dProofs-withConclusions/dProofs21.txt. [tid:23356965373696]
2467.89 ms (2 s 467.89 ms) taken to read 3250922 condensed detachment proofs and conclusions from data/d03a044ec35d4d9a3f6d0f5118bc4f8a02a08e61fe7815b2002d007f/dProofs-withConclusions/dProofs22.txt. [tid:23356963272448]
3520.97 ms (3 s 520.97 ms) taken to read 6547739 condensed detachment proofs and conclusions from data/d03a044ec35d4d9a3f6d0f5118bc4f8a02a08e61fe7815b2002d007f/dProofs-withConclusions/dProofs23.txt. [tid:23356961171200]
4763.09 ms (4 s 763.09 ms) taken to read 12887201 condensed detachment proofs and conclusions from data/d03a044ec35d4d9a3f6d0f5118bc4f8a02a08e61fe7815b2002d007f/dProofs-withConclusions/dProofs24.txt. [tid:23356959069952]
4821.28 ms (4 s 821.28 ms) total read duration.
Loaded 24 representative collections of sizes:
1 : 6
2 : 6
3 : 17
4 : 28
5 : 56
6 : 89
7 : 203
8 : 325
9 : 666
10 : 1174
11 : 2340
12 : 4106
13 : 8396
14 : 15153
15 : 30340
16 : 56725
17 : 113539
18 : 214468
19 : 431896
20 : 829754
21 : 1666562
22 : 3250922
23 : 6547739
24 : 12887201
26061711 representatives in total.
7985.71 ms (7 s 985.71 ms) taken to read 28743307 condensed detachment proofs and conclusions from data/d03a044ec35d4d9a3f6d0f5118bc4f8a02a08e61fe7815b2002d007f/dProofs-withConclusions/dProofs25-unfiltered25+.txt. [tid:23356959069952]
13779.71 ms (13 s 779.71 ms) taken to read 59305631 condensed detachment proofs and conclusions from data/d03a044ec35d4d9a3f6d0f5118bc4f8a02a08e61fe7815b2002d007f/dProofs-withConclusions/dProofs26-unfiltered25+.txt. [tid:23356961171200]
13784.95 ms (13 s 784.95 ms) additional read duration.
Loaded 2 more representative collections of sizes:
25 : 28743307
26 : 59305631
114110649 representatives in total.
Sat Oct 28 06:44:11 2023: Inserted ≈ 5% of D-proof conclusions. [  5705532 of 114110649] (ETC: Sat Oct 28 06:45:25 2023 ; 1 min 14 s 116.06 ms remaining ; 1 min 18 s  16.91 ms total)
Sat Oct 28 06:44:14 2023: Inserted ≈10% of D-proof conclusions. [ 11411064 of 114110649] (ETC: Sat Oct 28 06:45:19 2023 ; 1 min  5 s  86.66 ms remaining ; 1 min 12 s 318.51 ms total)
Sat Oct 28 06:44:17 2023: Inserted ≈15% of D-proof conclusions. [ 17116597 of 114110649] (ETC: Sat Oct 28 06:45:16 2023 ; 58 s 819.62 ms remaining ; 1 min  9 s 199.55 ms total)
Sat Oct 28 06:44:21 2023: Inserted ≈20% of D-proof conclusions. [ 22822129 of 114110649] (ETC: Sat Oct 28 06:45:15 2023 ; 54 s  16.19 ms remaining ; 1 min  7 s 520.24 ms total)
Sat Oct 28 06:44:24 2023: Inserted ≈25% of D-proof conclusions. [ 28527662 of 114110649] (ETC: Sat Oct 28 06:45:13 2023 ; 49 s 545.71 ms remaining ; 1 min  6 s  60.94 ms total)
Sat Oct 28 06:44:26 2023: Inserted ≈30% of D-proof conclusions. [ 34233194 of 114110649] (ETC: Sat Oct 28 06:45:11 2023 ; 44 s 705.74 ms remaining ; 1 min  3 s 865.35 ms total)
Sat Oct 28 06:44:29 2023: Inserted ≈35% of D-proof conclusions. [ 39938727 of 114110649] (ETC: Sat Oct 28 06:45:09 2023 ; 40 s 252.11 ms remaining ; 1 min  1 s 926.32 ms total)
Sat Oct 28 06:44:31 2023: Inserted ≈40% of D-proof conclusions. [ 45644259 of 114110649] (ETC: Sat Oct 28 06:45:07 2023 ; 36 s 211.72 ms remaining ; 1 min      352.86 ms total)
Sat Oct 28 06:44:34 2023: Inserted ≈45% of D-proof conclusions. [ 51349792 of 114110649] (ETC: Sat Oct 28 06:45:06 2023 ; 32 s 410.62 ms remaining ; 58 s 928.39 ms total)
Sat Oct 28 06:44:36 2023: Inserted ≈50% of D-proof conclusions. [ 57055324 of 114110649] (ETC: Sat Oct 28 06:45:05 2023 ; 28 s 842.29 ms remaining ; 57 s 684.58 ms total)
Sat Oct 28 06:44:38 2023: Inserted ≈55% of D-proof conclusions. [ 62760856 of 114110649] (ETC: Sat Oct 28 06:45:04 2023 ; 25 s 509.11 ms remaining ; 56 s 686.90 ms total)
Sat Oct 28 06:44:41 2023: Inserted ≈60% of D-proof conclusions. [ 68466389 of 114110649] (ETC: Sat Oct 28 06:45:03 2023 ; 22 s 546.81 ms remaining ; 56 s 367.03 ms total)
Sat Oct 28 06:44:43 2023: Inserted ≈65% of D-proof conclusions. [ 74171921 of 114110649] (ETC: Sat Oct 28 06:45:03 2023 ; 19 s 580.10 ms remaining ; 55 s 943.15 ms total)
Sat Oct 28 06:44:46 2023: Inserted ≈70% of D-proof conclusions. [ 79877454 of 114110649] (ETC: Sat Oct 28 06:45:03 2023 ; 16 s 678.20 ms remaining ; 55 s 594.00 ms total)
Sat Oct 28 06:44:48 2023: Inserted ≈75% of D-proof conclusions. [ 85582986 of 114110649] (ETC: Sat Oct 28 06:45:02 2023 ; 13 s 768.36 ms remaining ; 55 s  73.43 ms total)
Sat Oct 28 06:44:51 2023: Inserted ≈80% of D-proof conclusions. [ 91288519 of 114110649] (ETC: Sat Oct 28 06:45:02 2023 ; 10 s 914.29 ms remaining ; 54 s 571.44 ms total)
Sat Oct 28 06:44:53 2023: Inserted ≈85% of D-proof conclusions. [ 96994051 of 114110649] (ETC: Sat Oct 28 06:45:01 2023 ; 8 s 109.45 ms remaining ; 54 s  63.03 ms total)
Sat Oct 28 06:44:55 2023: Inserted ≈90% of D-proof conclusions. [102699584 of 114110649] (ETC: Sat Oct 28 06:45:01 2023 ; 5 s 364.01 ms remaining ; 53 s 640.13 ms total)
Sat Oct 28 06:44:58 2023: Inserted ≈95% of D-proof conclusions. [108405116 of 114110649] (ETC: Sat Oct 28 06:45:00 2023 ; 2 s 668.25 ms remaining ; 53 s 365.05 ms total)
Sat Oct 28 06:45:00 2023: Inserted 100% of D-proof conclusions. [114110649 of 114110649] (ETC: Sat Oct 28 06:45:00 2023 ; 0.00 ms remaining ; 53 s 121.17 ms total)
53121.39 ms (53 s 121.39 ms) total insertion duration.
Known iteration count loaded from 27:2233996317.
Sat Oct 28 06:45:00 2023: Starting to generate D-proof representatives of length 27.
Sat Oct 28 06:53:56 2023: Iterated ≈ 2% of D-proof candidates. [  44679926 of 2233996317] (ETC: Sat Oct 28 14:11:45 2023 ; 7 h 17 min 49 s  84.93 ms remaining ; 7 h 26 min 45 s 188.70 ms total)
Sat Oct 28 07:02:42 2023: Iterated ≈ 4% of D-proof candidates. [  89359852 of 2233996317] (ETC: Sat Oct 28 14:07:18 2023 ; 7 h  4 min 36 s 250.23 ms remaining ; 7 h 22 min 17 s 760.65 ms total)
Sat Oct 28 07:11:44 2023: Iterated ≈ 6% of D-proof candidates. [ 134039779 of 2233996317] (ETC: Sat Oct 28 14:10:22 2023 ; 6 h 58 min 38 s 610.91 ms remaining ; 7 h 25 min 21 s 926.50 ms total)
Sat Oct 28 07:20:23 2023: Iterated ≈ 8% of D-proof candidates. [ 178719705 of 2233996317] (ETC: Sat Oct 28 14:07:16 2023 ; 6 h 46 min 53 s 344.41 ms remaining ; 7 h 22 min 16 s 243.91 ms total)
Sat Oct 28 07:29:02 2023: Iterated ≈10% of D-proof candidates. [ 223399631 of 2233996317] (ETC: Sat Oct 28 14:05:21 2023 ; 6 h 36 min 18 s 824.11 ms remaining ; 7 h 20 min 20 s 915.67 ms total)
Sat Oct 28 07:37:54 2023: Iterated ≈12% of D-proof candidates. [ 268079558 of 2233996317] (ETC: Sat Oct 28 14:05:52 2023 ; 6 h 27 min 57 s 425.16 ms remaining ; 7 h 20 min 51 s 619.50 ms total)
Sat Oct 28 07:46:54 2023: Iterated ≈14% of D-proof candidates. [ 312759484 of 2233996317] (ETC: Sat Oct 28 14:07:04 2023 ; 6 h 20 min 10 s 574.69 ms remaining ; 7 h 22 min  3 s 924.05 ms total)
Sat Oct 28 07:55:39 2023: Iterated ≈16% of D-proof candidates. [ 357439410 of 2233996317] (ETC: Sat Oct 28 14:06:34 2023 ; 6 h 10 min 54 s 525.59 ms remaining ; 7 h 21 min 33 s 482.83 ms total)
Sat Oct 28 08:04:08 2023: Iterated ≈18% of D-proof candidates. [ 402119337 of 2233996317] (ETC: Sat Oct 28 14:04:35 2023 ; 6 h        27 s  16.59 ms remaining ; 7 h 19 min 34 s 410.48 ms total)
Sat Oct 28 08:12:12 2023: Iterated ≈20% of D-proof candidates. [ 446799263 of 2233996317] (ETC: Sat Oct 28 14:00:59 2023 ; 5 h 48 min 46 s 697.55 ms remaining ; 7 h 15 min 58 s 371.93 ms total)
Sat Oct 28 08:20:06 2023: Iterated ≈22% of D-proof candidates. [ 491479189 of 2233996317] (ETC: Sat Oct 28 13:57:16 2023 ; 5 h 37 min 10 s 262.64 ms remaining ; 7 h 12 min 16 s 234.15 ms total)
Sat Oct 28 08:27:58 2023: Iterated ≈24% of D-proof candidates. [ 536159116 of 2233996317] (ETC: Sat Oct 28 13:53:59 2023 ; 5 h 26 min  1 s 578.32 ms remaining ; 7 h  8 min 58 s 918.85 ms total)
Sat Oct 28 08:35:56 2023: Iterated ≈26% of D-proof candidates. [ 580839042 of 2233996317] (ETC: Sat Oct 28 13:51:41 2023 ; 5 h 15 min 44 s 695.76 ms remaining ; 7 h  6 min 40 s 940.21 ms total)
Sat Oct 28 08:44:01 2023: Iterated ≈28% of D-proof candidates. [ 625518968 of 2233996317] (ETC: Sat Oct 28 13:50:02 2023 ; 5 h  6 min      960.82 ms remaining ; 7 h  5 min  1 s 334.47 ms total)
Sat Oct 28 08:51:54 2023: Iterated ≈30% of D-proof candidates. [ 670198895 of 2233996317] (ETC: Sat Oct 28 13:47:59 2023 ; 4 h 56 min  5 s 209.12 ms remaining ; 7 h  2 min 58 s 870.17 ms total)
Sat Oct 28 08:59:48 2023: Iterated ≈32% of D-proof candidates. [ 714878821 of 2233996317] (ETC: Sat Oct 28 13:46:15 2023 ; 4 h 46 min 27 s  17.10 ms remaining ; 7 h  1 min 15 s  25.15 ms total)
Sat Oct 28 09:07:44 2023: Iterated ≈34% of D-proof candidates. [ 759558747 of 2233996317] (ETC: Sat Oct 28 13:44:48 2023 ; 4 h 37 min  3 s 705.77 ms remaining ; 6 h 59 min 47 s 432.98 ms total)
Sat Oct 28 09:15:35 2023: Iterated ≈36% of D-proof candidates. [ 804238674 of 2233996317] (ETC: Sat Oct 28 13:43:18 2023 ; 4 h 27 min 42 s 473.17 ms remaining ; 6 h 58 min 17 s 614.32 ms total)
Sat Oct 28 09:23:24 2023: Iterated ≈38% of D-proof candidates. [ 848918600 of 2233996317] (ETC: Sat Oct 28 13:41:51 2023 ; 4 h 18 min 26 s 559.19 ms remaining ; 6 h 56 min 50 s 579.33 ms total)
Sat Oct 28 09:31:22 2023: Iterated ≈40% of D-proof candidates. [ 893598526 of 2233996317] (ETC: Sat Oct 28 13:40:54 2023 ; 4 h  9 min 32 s 450.70 ms remaining ; 6 h 55 min 54 s  84.48 ms total)
Sat Oct 28 09:39:16 2023: Iterated ≈42% of D-proof candidates. [ 938278453 of 2233996317] (ETC: Sat Oct 28 13:39:54 2023 ; 4 h        38 s 567.10 ms remaining ; 6 h 54 min 54 s  81.21 ms total)
Sat Oct 28 09:47:00 2023: Iterated ≈44% of D-proof candidates. [ 982958379 of 2233996317] (ETC: Sat Oct 28 13:38:38 2023 ; 3 h 51 min 37 s 939.38 ms remaining ; 6 h 53 min 37 s 748.88 ms total)
Sat Oct 28 09:54:43 2023: Iterated ≈46% of D-proof candidates. [1027638305 of 2233996317] (ETC: Sat Oct 28 13:37:26 2023 ; 3 h 42 min 42 s 943.88 ms remaining ; 6 h 52 min 26 s 192.35 ms total)
Sat Oct 28 10:02:27 2023: Iterated ≈48% of D-proof candidates. [1072318232 of 2233996317] (ETC: Sat Oct 28 13:36:20 2023 ; 3 h 33 min 53 s 654.81 ms remaining ; 6 h 51 min 20 s 105.40 ms total)
Sat Oct 28 10:10:13 2023: Iterated ≈50% of D-proof candidates. [1116998158 of 2233996317] (ETC: Sat Oct 28 13:35:26 2023 ; 3 h 25 min 12 s 933.31 ms remaining ; 6 h 50 min 25 s 866.62 ms total)
Sat Oct 28 10:17:59 2023: Iterated ≈52% of D-proof candidates. [1161678084 of 2233996317] (ETC: Sat Oct 28 13:34:35 2023 ; 3 h 16 min 35 s 674.32 ms remaining ; 6 h 49 min 34 s 321.48 ms total)
Sat Oct 28 10:25:45 2023: Iterated ≈54% of D-proof candidates. [1206358011 of 2233996317] (ETC: Sat Oct 28 13:33:47 2023 ; 3 h  8 min  2 s 401.87 ms remaining ; 6 h 48 min 46 s 960.59 ms total)
Sat Oct 28 10:33:20 2023: Iterated ≈56% of D-proof candidates. [1251037937 of 2233996317] (ETC: Sat Oct 28 13:32:45 2023 ; 2 h 59 min 24 s 493.37 ms remaining ; 6 h 47 min 44 s 757.66 ms total)
Sat Oct 28 10:41:04 2023: Iterated ≈58% of D-proof candidates. [1295717863 of 2233996317] (ETC: Sat Oct 28 13:32:01 2023 ; 2 h 50 min 56 s 533.05 ms remaining ; 6 h 47 min      316.77 ms total)
Sat Oct 28 10:48:42 2023: Iterated ≈60% of D-proof candidates. [1340397790 of 2233996317] (ETC: Sat Oct 28 13:31:09 2023 ; 2 h 42 min 27 s 581.34 ms remaining ; 6 h 46 min  8 s 953.36 ms total)
Sat Oct 28 10:56:18 2023: Iterated ≈62% of D-proof candidates. [1385077716 of 2233996317] (ETC: Sat Oct 28 13:30:19 2023 ; 2 h 34 min  1 s 197.71 ms remaining ; 6 h 45 min 18 s 941.33 ms total)
Sat Oct 28 11:04:02 2023: Iterated ≈64% of D-proof candidates. [1429757642 of 2233996317] (ETC: Sat Oct 28 13:29:44 2023 ; 2 h 25 min 42 s 166.22 ms remaining ; 6 h 44 min 43 s 795.03 ms total)
Sat Oct 28 11:11:38 2023: Iterated ≈66% of D-proof candidates. [1474437569 of 2233996317] (ETC: Sat Oct 28 13:28:59 2023 ; 2 h 17 min 21 s 338.94 ms remaining ; 6 h 43 min 59 s 232.17 ms total)
Sat Oct 28 11:19:10 2023: Iterated ≈68% of D-proof candidates. [1519117495 of 2233996317] (ETC: Sat Oct 28 13:28:10 2023 ; 2 h  9 min      873.63 ms remaining ; 6 h 43 min 10 s 230.06 ms total)
Sat Oct 28 11:26:46 2023: Iterated ≈70% of D-proof candidates. [1563797421 of 2233996317] (ETC: Sat Oct 28 13:27:31 2023 ; 2 h        45 s 384.09 ms remaining ; 6 h 42 min 31 s 280.28 ms total)
Sat Oct 28 11:34:20 2023: Iterated ≈72% of D-proof candidates. [1608477348 of 2233996317] (ETC: Sat Oct 28 13:26:51 2023 ; 1 h 52 min 31 s  35.84 ms remaining ; 6 h 41 min 50 s 842.26 ms total)
Sat Oct 28 11:41:53 2023: Iterated ≈74% of D-proof candidates. [1653157274 of 2233996317] (ETC: Sat Oct 28 13:26:11 2023 ; 1 h 44 min 18 s 409.08 ms remaining ; 6 h 41 min 10 s 804.14 ms total)
Sat Oct 28 11:49:25 2023: Iterated ≈76% of D-proof candidates. [1697837200 of 2233996317] (ETC: Sat Oct 28 13:25:32 2023 ; 1 h 36 min  7 s 727.47 ms remaining ; 6 h 40 min 32 s 197.76 ms total)
Sat Oct 28 11:56:56 2023: Iterated ≈78% of D-proof candidates. [1742517127 of 2233996317] (ETC: Sat Oct 28 13:24:55 2023 ; 1 h 27 min 58 s 786.23 ms remaining ; 6 h 39 min 54 s 482.85 ms total)
Sat Oct 28 12:04:34 2023: Iterated ≈80% of D-proof candidates. [1787197053 of 2233996317] (ETC: Sat Oct 28 13:24:28 2023 ; 1 h 19 min 53 s 561.38 ms remaining ; 6 h 39 min 27 s 806.89 ms total)
Sat Oct 28 12:12:07 2023: Iterated ≈82% of D-proof candidates. [1831876979 of 2233996317] (ETC: Sat Oct 28 13:23:56 2023 ; 1 h 11 min 48 s 382.32 ms remaining ; 6 h 38 min 55 s 457.29 ms total)
Sat Oct 28 12:19:46 2023: Iterated ≈84% of D-proof candidates. [1876556906 of 2233996317] (ETC: Sat Oct 28 13:23:32 2023 ; 1 h  3 min 45 s 896.15 ms remaining ; 6 h 38 min 31 s 850.89 ms total)
Sat Oct 28 12:27:21 2023: Iterated ≈86% of D-proof candidates. [1921236832 of 2233996317] (ETC: Sat Oct 28 13:23:05 2023 ; 55 min 43 s 871.56 ms remaining ; 6 h 38 min  4 s 796.81 ms total)
Sat Oct 28 12:34:51 2023: Iterated ≈88% of D-proof candidates. [1965916758 of 2233996317] (ETC: Sat Oct 28 13:22:34 2023 ; 47 min 42 s 416.41 ms remaining ; 6 h 37 min 33 s 469.98 ms total)
Sat Oct 28 12:42:30 2023: Iterated ≈90% of D-proof candidates. [2010596685 of 2233996317] (ETC: Sat Oct 28 13:22:13 2023 ; 39 min 43 s 263.94 ms remaining ; 6 h 37 min 12 s 639.41 ms total)
Sat Oct 28 12:50:04 2023: Iterated ≈92% of D-proof candidates. [2055276611 of 2233996317] (ETC: Sat Oct 28 13:21:48 2023 ; 31 min 44 s 655.21 ms remaining ; 6 h 36 min 48 s 190.07 ms total)
Sat Oct 28 12:57:44 2023: Iterated ≈94% of D-proof candidates. [2099956537 of 2233996317] (ETC: Sat Oct 28 13:21:32 2023 ; 23 min 47 s 495.72 ms remaining ; 6 h 36 min 31 s 595.12 ms total)
Sat Oct 28 13:05:13 2023: Iterated ≈96% of D-proof candidates. [2144636464 of 2233996317] (ETC: Sat Oct 28 13:21:03 2023 ; 15 min 50 s 517.34 ms remaining ; 6 h 36 min  2 s 933.46 ms total)
Sat Oct 28 13:12:37 2023: Iterated ≈98% of D-proof candidates. [2189316390 of 2233996317] (ETC: Sat Oct 28 13:20:32 2023 ; 7 min 54 s 638.17 ms remaining ; 6 h 35 min 31 s 908.08 ms total)
Sat Oct 28 13:20:08 2023: Iterated 100% of D-proof candidates. [2233996317 of 2233996317] (ETC: Sat Oct 28 13:20:08 2023 ; 0.00 ms remaining ; 6 h 35 min  8 s 263.94 ms total)
23717707.32 ms (6 h 35 min 17 s 707.33 ms) taken to collect 128588180 D-proofs of length 27. [iterated 2233996317 condensed detachment proof strings]
[Copy] Custom iteration counts: { { 1, 6 }, { 2, 6 }, { 3, 42 }, { 4, 89 }, { 5, 268 }, { 6, 596 }, { 7, 1386 }, { 8, 2895 }, { 9, 6517 }, { 10, 13164 }, { 11, 28088 }, { 12, 56806 }, { 13, 117775 }, { 14, 235494 }, { 15, 484132 }, { 16, 965558 }, { 17, 1965114 }, { 18, 3929633 }, { 19, 7965680 }, { 20, 15939098 }, { 21, 32291194 }, { 22, 64783208 }, { 23, 131182254 }, { 24, 264050751 }, { 25, 535260845 }, { 26, 1083165713 }, { 27, 2233996317 } }
936788.71 ms (15 min 36 s 788.71 ms) taken to filter and order new representative proofs.
Found 128588180 representative, 566453377 redundant, and 1538954760 invalid condensed detachment proof strings.
lengths up to 27 ; amounts per length: {(1,6), (2,6), (3,17), (4,28), (5,56), (6,89), (7,203), (8,325), (9,666), (10,1174), (11,2340), (12,4106), (13,8396), (14,15153), (15,30340), (16,56725), (17,113539), (18,214468), (19,431896), (20,829754), (21,1666562), (22,3250922), (23,6547739), (24,12887201), (25,28743307), (26,59305631), (27,128588180)} ; 128588180 new representative proofs (566453377 redundant, 1538954760 invalid)
Sat Oct 28 13:37:40 2023: Starting to write 128588180 entries to data/d03a044ec35d4d9a3f6d0f5118bc4f8a02a08e61fe7815b2002d007f/dProofs-withConclusions/dProofs27-unfiltered25+.txt.
74729.47 ms (1 min 14 s 729.47 ms) taken to print and save 11414777022 bytes of representative condensed detachment proof strings to data/d03a044ec35d4d9a3f6d0f5118bc4f8a02a08e61fe7815b2002d007f/dProofs-withConclusions/dProofs27-unfiltered25+.txt.
Sat Oct 28 13:39:36 2023: Limited D-proof representative generator complete. [parallel ; 64 hardware thread contexts, limit: 27, unfiltered]
Sat Oct 28 13:45:42 2023: Process terminated. [pid: 45787, tid:23358355654528]
