( This log file was generated by 'pmGenerator 1.2' (master branch), compiled by 'Intel(R) oneAPI DPC++/C++ Compiler 2022.1.0 (2022.1.0.20220316)'.
  The run was executed on a CLAIX-2018-OPTANE MPI node
  — 2-socket Intel Xeon Gold 6338, 32 cores each (64 cores total per node), 2.0 GHz, 3.20 GHz turbo mode, 512 GiB DDR4-3200 caching for 2 TiB non-volatile memory (NVM) (Intel Optane DC Persistent Memory DIMMs) —
  running Linux, Rocky 8.8.
  Wall-clock time:   36.94 h
  CPU utilization: 2364.16 core-h )
Fri Nov 17 12:59:17 2023: Process started. [pid: 52681, tid:22753075672960]
Tasks:
1. resetRepresentativesFor("CpCqp,CCpCqrCCpqCpr,CCNpNqCqp,CLpp,CLCpqCLpLq,CNLNpLNLNp", true, 4294967295, true)
2. generateDProofRepresentativeFiles(29, false, true)

[Main] Calling resetRepresentativesFor("CpCqp,CCpCqrCCpqCpr,CCNpNqCqp,CLpp,CLCpqCLpLq,CNLNpLNLNp", true, 4294967295, true).
Loaded 6 custom axioms. [SHA-512/224 hash: d03a044ec35d4d9a3f6d0f5118bc4f8a02a08e61fe7815b2002d007f]
(1) C0C1.0              -    CpCqp            -    0\imply(1\imply0)
(2) CC0C1.2CC0.1C0.2    -    CCpCqrCCpqCpr    -    (0\imply(1\imply2))\imply((0\imply1)\imply(0\imply2))
(3) CCN0N1C1.0          -    CCNpNqCqp        -    (\not0\imply\not1)\imply(1\imply0)
(4) CL0.0               -    CLpp             -    \nece0\imply0
(5) CLC0.1CL0L1         -    CLCpqCLpLq       -    \nece(0\imply1)\imply(\nece0\imply\nece1)
(6) CNLN0LNLN0          -    CNLNpLNLNp       -    \not\nece\not0\imply\nece\not\nece\not0
Supports necessitation steps.
[Main] Calling generateDProofRepresentativeFiles(29, false, true).
Fri Nov 17 12:59:17 2023: Limited D-proof representative generator started. [parallel ; 64 hardware thread contexts, limit: 29, unfiltered]
0.04 ms taken to load initial representatives.
12.32 ms taken to read 6 condensed detachment proofs and conclusions from data/d03a044ec35d4d9a3f6d0f5118bc4f8a02a08e61fe7815b2002d007f/dProofs-withConclusions/dProofs2.txt. [tid:22752994432768]
17.88 ms taken to read 17 condensed detachment proofs and conclusions from data/d03a044ec35d4d9a3f6d0f5118bc4f8a02a08e61fe7815b2002d007f/dProofs-withConclusions/dProofs3.txt. [tid:22752895403776]
30.15 ms taken to read 28 condensed detachment proofs and conclusions from data/d03a044ec35d4d9a3f6d0f5118bc4f8a02a08e61fe7815b2002d007f/dProofs-withConclusions/dProofs4.txt. [tid:22752893302528]
11.10 ms taken to read 56 condensed detachment proofs and conclusions from data/d03a044ec35d4d9a3f6d0f5118bc4f8a02a08e61fe7815b2002d007f/dProofs-withConclusions/dProofs5.txt. [tid:22752891201280]
11.74 ms taken to read 89 condensed detachment proofs and conclusions from data/d03a044ec35d4d9a3f6d0f5118bc4f8a02a08e61fe7815b2002d007f/dProofs-withConclusions/dProofs6.txt. [tid:22752889100032]
19.26 ms taken to read 203 condensed detachment proofs and conclusions from data/d03a044ec35d4d9a3f6d0f5118bc4f8a02a08e61fe7815b2002d007f/dProofs-withConclusions/dProofs7.txt. [tid:22752886998784]
18.95 ms taken to read 325 condensed detachment proofs and conclusions from data/d03a044ec35d4d9a3f6d0f5118bc4f8a02a08e61fe7815b2002d007f/dProofs-withConclusions/dProofs8.txt. [tid:22752884897536]
13.07 ms taken to read 666 condensed detachment proofs and conclusions from data/d03a044ec35d4d9a3f6d0f5118bc4f8a02a08e61fe7815b2002d007f/dProofs-withConclusions/dProofs9.txt. [tid:22752882796288]
12.87 ms taken to read 1174 condensed detachment proofs and conclusions from data/d03a044ec35d4d9a3f6d0f5118bc4f8a02a08e61fe7815b2002d007f/dProofs-withConclusions/dProofs10.txt. [tid:22752880695040]
21.21 ms taken to read 2340 condensed detachment proofs and conclusions from data/d03a044ec35d4d9a3f6d0f5118bc4f8a02a08e61fe7815b2002d007f/dProofs-withConclusions/dProofs11.txt. [tid:22752878593792]
42.63 ms taken to read 4106 condensed detachment proofs and conclusions from data/d03a044ec35d4d9a3f6d0f5118bc4f8a02a08e61fe7815b2002d007f/dProofs-withConclusions/dProofs12.txt. [tid:22752876492544]
46.24 ms taken to read 8396 condensed detachment proofs and conclusions from data/d03a044ec35d4d9a3f6d0f5118bc4f8a02a08e61fe7815b2002d007f/dProofs-withConclusions/dProofs13.txt. [tid:22752874391296]
46.55 ms taken to read 15153 condensed detachment proofs and conclusions from data/d03a044ec35d4d9a3f6d0f5118bc4f8a02a08e61fe7815b2002d007f/dProofs-withConclusions/dProofs14.txt. [tid:22752872290048]
51.85 ms taken to read 30340 condensed detachment proofs and conclusions from data/d03a044ec35d4d9a3f6d0f5118bc4f8a02a08e61fe7815b2002d007f/dProofs-withConclusions/dProofs15.txt. [tid:22752870188800]
157.54 ms taken to read 56725 condensed detachment proofs and conclusions from data/d03a044ec35d4d9a3f6d0f5118bc4f8a02a08e61fe7815b2002d007f/dProofs-withConclusions/dProofs16.txt. [tid:22752868087552]
123.66 ms taken to read 113539 condensed detachment proofs and conclusions from data/d03a044ec35d4d9a3f6d0f5118bc4f8a02a08e61fe7815b2002d007f/dProofs-withConclusions/dProofs17.txt. [tid:22752865986304]
365.62 ms taken to read 214468 condensed detachment proofs and conclusions from data/d03a044ec35d4d9a3f6d0f5118bc4f8a02a08e61fe7815b2002d007f/dProofs-withConclusions/dProofs18.txt. [tid:22752863885056]
1357.18 ms (1 s 357.18 ms) taken to read 431896 condensed detachment proofs and conclusions from data/d03a044ec35d4d9a3f6d0f5118bc4f8a02a08e61fe7815b2002d007f/dProofs-withConclusions/dProofs19.txt. [tid:22752861783808]
4390.92 ms (4 s 390.92 ms) taken to read 829754 condensed detachment proofs and conclusions from data/d03a044ec35d4d9a3f6d0f5118bc4f8a02a08e61fe7815b2002d007f/dProofs-withConclusions/dProofs20.txt. [tid:22751515506432]
1684.57 ms (1 s 684.57 ms) taken to read 1666562 condensed detachment proofs and conclusions from data/d03a044ec35d4d9a3f6d0f5118bc4f8a02a08e61fe7815b2002d007f/dProofs-withConclusions/dProofs21.txt. [tid:22751513405184]
2244.35 ms (2 s 244.35 ms) taken to read 3250922 condensed detachment proofs and conclusions from data/d03a044ec35d4d9a3f6d0f5118bc4f8a02a08e61fe7815b2002d007f/dProofs-withConclusions/dProofs22.txt. [tid:22751511303936]
3187.31 ms (3 s 187.31 ms) taken to read 6547739 condensed detachment proofs and conclusions from data/d03a044ec35d4d9a3f6d0f5118bc4f8a02a08e61fe7815b2002d007f/dProofs-withConclusions/dProofs23.txt. [tid:22751509202688]
4314.72 ms (4 s 314.72 ms) taken to read 12887201 condensed detachment proofs and conclusions from data/d03a044ec35d4d9a3f6d0f5118bc4f8a02a08e61fe7815b2002d007f/dProofs-withConclusions/dProofs24.txt. [tid:22751507101440]
4448.60 ms (4 s 448.60 ms) total read duration.
Loaded 24 representative collections of sizes:
1 : 6
2 : 6
3 : 17
4 : 28
5 : 56
6 : 89
7 : 203
8 : 325
9 : 666
10 : 1174
11 : 2340
12 : 4106
13 : 8396
14 : 15153
15 : 30340
16 : 56725
17 : 113539
18 : 214468
19 : 431896
20 : 829754
21 : 1666562
22 : 3250922
23 : 6547739
24 : 12887201
26061711 representatives in total.
19243.03 ms (19 s 243.03 ms) taken to read 28743307 condensed detachment proofs and conclusions from data/d03a044ec35d4d9a3f6d0f5118bc4f8a02a08e61fe7815b2002d007f/dProofs-withConclusions/dProofs25-unfiltered25+.txt. [tid:22751507101440]
34216.42 ms (34 s 216.42 ms) taken to read 59305631 condensed detachment proofs and conclusions from data/d03a044ec35d4d9a3f6d0f5118bc4f8a02a08e61fe7815b2002d007f/dProofs-withConclusions/dProofs26-unfiltered25+.txt. [tid:22751509202688]
51615.52 ms (51 s 615.52 ms) taken to read 128588180 condensed detachment proofs and conclusions from data/d03a044ec35d4d9a3f6d0f5118bc4f8a02a08e61fe7815b2002d007f/dProofs-withConclusions/dProofs27-unfiltered25+.txt. [tid:22751511303936]
88083.25 ms (1 min 28 s 83.25 ms) taken to read 268614600 condensed detachment proofs and conclusions from data/d03a044ec35d4d9a3f6d0f5118bc4f8a02a08e61fe7815b2002d007f/dProofs-withConclusions/dProofs28-unfiltered25+.txt. [tid:22751513405184]
88095.07 ms (1 min 28 s 95.07 ms) additional read duration.
Loaded 4 more representative collections of sizes:
25 : 28743307
26 : 59305631
27 : 128588180
28 : 268614600
511313429 representatives in total.
Fri Nov 17 13:01:10 2023: Inserted ≈ 5% of D-proof conclusions. [ 25565671 of 511313429] (ETC: Fri Nov 17 13:07:23 2023 ; 6 min 13 s 733.67 ms remaining ; 6 min 33 s 403.87 ms total)
Fri Nov 17 13:01:31 2023: Inserted ≈10% of D-proof conclusions. [ 51131342 of 511313429] (ETC: Fri Nov 17 13:07:41 2023 ; 6 min 10 s  84.69 ms remaining ; 6 min 51 s 205.21 ms total)
Fri Nov 17 13:01:53 2023: Inserted ≈15% of D-proof conclusions. [ 76697014 of 511313429] (ETC: Fri Nov 17 13:07:52 2023 ; 5 min 58 s 620.49 ms remaining ; 7 min  1 s 906.46 ms total)
Fri Nov 17 13:02:14 2023: Inserted ≈20% of D-proof conclusions. [102262685 of 511313429] (ETC: Fri Nov 17 13:07:51 2023 ; 5 min 36 s 927.23 ms remaining ; 7 min  1 s 159.03 ms total)
Fri Nov 17 13:02:34 2023: Inserted ≈25% of D-proof conclusions. [127828357 of 511313429] (ETC: Fri Nov 17 13:07:44 2023 ; 5 min 10 s 713.44 ms remaining ; 6 min 54 s 284.58 ms total)
Fri Nov 17 13:02:50 2023: Inserted ≈30% of D-proof conclusions. [153394028 of 511313429] (ETC: Fri Nov 17 13:07:29 2023 ; 4 min 39 s 238.77 ms remaining ; 6 min 38 s 912.53 ms total)
Fri Nov 17 13:03:07 2023: Inserted ≈35% of D-proof conclusions. [178959700 of 511313429] (ETC: Fri Nov 17 13:07:21 2023 ; 4 min 14 s  78.88 ms remaining ; 6 min 30 s 890.58 ms total)
Fri Nov 17 13:03:25 2023: Inserted ≈40% of D-proof conclusions. [204525371 of 511313429] (ETC: Fri Nov 17 13:07:18 2023 ; 3 min 52 s 585.18 ms remaining ; 6 min 27 s 641.97 ms total)
Fri Nov 17 13:03:47 2023: Inserted ≈45% of D-proof conclusions. [230091043 of 511313429] (ETC: Fri Nov 17 13:07:23 2023 ; 3 min 36 s  59.13 ms remaining ; 6 min 32 s 834.78 ms total)
Fri Nov 17 13:04:06 2023: Inserted ≈50% of D-proof conclusions. [255656714 of 511313429] (ETC: Fri Nov 17 13:07:22 2023 ; 3 min 16 s  88.75 ms remaining ; 6 min 32 s 177.50 ms total)
Fri Nov 17 13:04:21 2023: Inserted ≈55% of D-proof conclusions. [281222385 of 511313429] (ETC: Fri Nov 17 13:07:14 2023 ; 2 min 52 s 875.14 ms remaining ; 6 min 24 s 166.97 ms total)
Fri Nov 17 13:04:36 2023: Inserted ≈60% of D-proof conclusions. [306788057 of 511313429] (ETC: Fri Nov 17 13:07:07 2023 ; 2 min 30 s 739.11 ms remaining ; 6 min 16 s 847.76 ms total)
Fri Nov 17 13:04:52 2023: Inserted ≈65% of D-proof conclusions. [332353728 of 511313429] (ETC: Fri Nov 17 13:07:02 2023 ; 2 min 10 s  39.01 ms remaining ; 6 min 11 s 540.02 ms total)
Fri Nov 17 13:05:08 2023: Inserted ≈70% of D-proof conclusions. [357919400 of 511313429] (ETC: Fri Nov 17 13:06:58 2023 ; 1 min 50 s 358.98 ms remaining ; 6 min  7 s 863.25 ms total)
Fri Nov 17 13:05:24 2023: Inserted ≈75% of D-proof conclusions. [383485071 of 511313429] (ETC: Fri Nov 17 13:06:55 2023 ; 1 min 31 s 329.84 ms remaining ; 6 min  5 s 319.36 ms total)
Fri Nov 17 13:05:41 2023: Inserted ≈80% of D-proof conclusions. [409050743 of 511313429] (ETC: Fri Nov 17 13:06:53 2023 ; 1 min 12 s 674.34 ms remaining ; 6 min  3 s 371.72 ms total)
Fri Nov 17 13:05:57 2023: Inserted ≈85% of D-proof conclusions. [434616414 of 511313429] (ETC: Fri Nov 17 13:06:52 2023 ; 54 s 250.49 ms remaining ; 6 min  1 s 669.93 ms total)
Fri Nov 17 13:06:14 2023: Inserted ≈90% of D-proof conclusions. [460182086 of 511313429] (ETC: Fri Nov 17 13:06:50 2023 ; 36 s  30.46 ms remaining ; 6 min      304.64 ms total)
Fri Nov 17 13:06:31 2023: Inserted ≈95% of D-proof conclusions. [485747757 of 511313429] (ETC: Fri Nov 17 13:06:49 2023 ; 17 s 958.12 ms remaining ; 5 min 59 s 162.35 ms total)
Fri Nov 17 13:06:52 2023: Inserted 100% of D-proof conclusions. [511313429 of 511313429] (ETC: Fri Nov 17 13:06:52 2023 ; 0.00 ms remaining ; 6 min  1 s 835.05 ms total)
361835.45 ms (6 min 1 s 835.45 ms) total insertion duration.
Known iteration count loaded from 29:9565398427.
Fri Nov 17 13:06:52 2023: Starting to generate D-proof representatives of length 29.
Fri Nov 17 13:44:00 2023: Iterated ≈ 2% of D-proof candidates. [ 191307968 of 9565398427] (ETC: Sat Nov 18 20:03:57 2023 ; 1 d  6 h 19 min 56 s 781.28 ms remaining ; 1 d  6 h 57 min  5 s 287.01 ms total)
Fri Nov 17 14:20:04 2023: Iterated ≈ 4% of D-proof candidates. [ 382615937 of 9565398427] (ETC: Sat Nov 18 19:36:57 2023 ; 1 d  5 h 16 min 53 s  46.41 ms remaining ; 1 d  6 h 30 min  5 s 256.67 ms total)
Fri Nov 17 14:56:46 2023: Iterated ≈ 6% of D-proof candidates. [ 573923905 of 9565398427] (ETC: Sat Nov 18 19:38:34 2023 ; 1 d  4 h 41 min 47 s 639.54 ms remaining ; 1 d  6 h 31 min 41 s 744.19 ms total)
Fri Nov 17 15:31:49 2023: Iterated ≈ 8% of D-proof candidates. [ 765231874 of 9565398427] (ETC: Sat Nov 18 19:18:47 2023 ; 1 d  3 h 46 min 57 s 459.61 ms remaining ; 1 d  6 h 11 min 54 s 630.01 ms total)
Fri Nov 17 16:07:21 2023: Iterated ≈10% of D-proof candidates. [ 956539842 of 9565398427] (ETC: Sat Nov 18 19:11:41 2023 ; 1 d  3 h  4 min 20 s 579.32 ms remaining ; 1 d  6 h  4 min 49 s 532.57 ms total)
Fri Nov 17 16:42:57 2023: Iterated ≈12% of D-proof candidates. [1147847811 of 9565398427] (ETC: Sat Nov 18 19:07:35 2023 ; 1 d  2 h 24 min 37 s 674.22 ms remaining ; 1 d  6 h        42 s 811.61 ms total)
Fri Nov 17 17:19:57 2023: Iterated ≈14% of D-proof candidates. [1339155779 of 9565398427] (ETC: Sat Nov 18 19:14:37 2023 ; 1 d  1 h 54 min 40 s 252.22 ms remaining ; 1 d  6 h  7 min 45 s 409.55 ms total)
Fri Nov 17 17:55:00 2023: Iterated ≈16% of D-proof candidates. [1530463748 of 9565398427] (ETC: Sat Nov 18 19:07:45 2023 ; 1 d  1 h 12 min 44 s 505.07 ms remaining ; 1 d  6 h        52 s 982.23 ms total)
Fri Nov 17 18:35:20 2023: Iterated ≈18% of D-proof candidates. [1721771716 of 9565398427] (ETC: Sat Nov 18 19:31:40 2023 ; 1 d      56 min 20 s 430.31 ms remaining ; 1 d  6 h 24 min 48 s 329.64 ms total)
Fri Nov 17 19:16:17 2023: Iterated ≈20% of D-proof candidates. [1913079685 of 9565398427] (ETC: Sat Nov 18 19:53:58 2023 ; 1 d      37 min 40 s 672.84 ms remaining ; 1 d  6 h 47 min  5 s 841.05 ms total)
Fri Nov 17 19:57:50 2023: Iterated ≈22% of D-proof candidates. [2104387653 of 9565398427] (ETC: Sat Nov 18 20:14:56 2023 ; 1 d      17 min  5 s 237.36 ms remaining ; 1 d  7 h  8 min  3 s 637.62 ms total)
Fri Nov 17 20:39:35 2023: Iterated ≈24% of D-proof candidates. [2295695622 of 9565398427] (ETC: Sat Nov 18 20:33:11 2023 ; 23 h 53 min 36 s 272.03 ms remaining ; 1 d  7 h 26 min 19 s 305.29 ms total)
Fri Nov 17 21:21:22 2023: Iterated ≈26% of D-proof candidates. [2487003591 of 9565398427] (ETC: Sat Nov 18 20:48:48 2023 ; 23 h 27 min 25 s 974.54 ms remaining ; 1 d  7 h 41 min 56 s 181.81 ms total)
Fri Nov 17 22:04:10 2023: Iterated ≈28% of D-proof candidates. [2678311559 of 9565398427] (ETC: Sat Nov 18 21:05:49 2023 ; 23 h  1 min 38 s 519.99 ms remaining ; 1 d  7 h 58 min 56 s 833.31 ms total)
Fri Nov 17 22:45:55 2023: Iterated ≈30% of D-proof candidates. [2869619528 of 9565398427] (ETC: Sat Nov 18 21:17:02 2023 ; 22 h 31 min  7 s 216.78 ms remaining ; 1 d  8 h 10 min 10 s 309.69 ms total)
Fri Nov 17 23:28:33 2023: Iterated ≈32% of D-proof candidates. [3060927496 of 9565398427] (ETC: Sat Nov 18 21:29:39 2023 ; 22 h  1 min  5 s 412.22 ms remaining ; 1 d  8 h 22 min 46 s 782.66 ms total)
Sat Nov 18 00:11:03 2023: Iterated ≈34% of D-proof candidates. [3252235465 of 9565398427] (ETC: Sat Nov 18 21:40:22 2023 ; 21 h 29 min 18 s 738.32 ms remaining ; 1 d  8 h 33 min 30 s 209.57 ms total)
Sat Nov 18 00:52:29 2023: Iterated ≈36% of D-proof candidates. [3443543433 of 9565398427] (ETC: Sat Nov 18 21:46:54 2023 ; 20 h 54 min 25 s 188.15 ms remaining ; 1 d  8 h 40 min  1 s 856.46 ms total)
Sat Nov 18 01:35:18 2023: Iterated ≈38% of D-proof candidates. [3634851402 of 9565398427] (ETC: Sat Nov 18 21:56:25 2023 ; 20 h 21 min  7 s 526.68 ms remaining ; 1 d  8 h 49 min 33 s 430.12 ms total)
Sat Nov 18 02:17:37 2023: Iterated ≈40% of D-proof candidates. [3826159370 of 9565398427] (ETC: Sat Nov 18 22:03:45 2023 ; 19 h 46 min  8 s 133.53 ms remaining ; 1 d  8 h 56 min 53 s 555.87 ms total)
Sat Nov 18 02:59:37 2023: Iterated ≈42% of D-proof candidates. [4017467339 of 9565398427] (ETC: Sat Nov 18 22:09:37 2023 ; 19 h  9 min 59 s 793.18 ms remaining ; 1 d  9 h  2 min 45 s 160.65 ms total)
Sat Nov 18 03:42:03 2023: Iterated ≈44% of D-proof candidates. [4208775307 of 9565398427] (ETC: Sat Nov 18 22:15:55 2023 ; 18 h 33 min 52 s 334.96 ms remaining ; 1 d  9 h  9 min  3 s 455.26 ms total)
Sat Nov 18 04:23:30 2023: Iterated ≈46% of D-proof candidates. [4400083276 of 9565398427] (ETC: Sat Nov 18 22:19:32 2023 ; 17 h 56 min  2 s 643.38 ms remaining ; 1 d  9 h 12 min 40 s 450.70 ms total)
Sat Nov 18 05:05:03 2023: Iterated ≈48% of D-proof candidates. [4591391244 of 9565398427] (ETC: Sat Nov 18 22:23:04 2023 ; 17 h 18 min  1 s 750.17 ms remaining ; 1 d  9 h 16 min 12 s 596.46 ms total)
Sat Nov 18 05:47:19 2023: Iterated ≈50% of D-proof candidates. [4782699213 of 9565398427] (ETC: Sat Nov 18 22:27:46 2023 ; 16 h 40 min 27 s  48.03 ms remaining ; 1 d  9 h 20 min 54 s  96.05 ms total)
Sat Nov 18 06:29:12 2023: Iterated ≈52% of D-proof candidates. [4974007182 of 9565398427] (ETC: Sat Nov 18 22:31:21 2023 ; 16 h  2 min  9 s 211.72 ms remaining ; 1 d  9 h 24 min 29 s 191.09 ms total)
Sat Nov 18 07:11:05 2023: Iterated ≈54% of D-proof candidates. [5165315150 of 9565398427] (ETC: Sat Nov 18 22:34:40 2023 ; 15 h 23 min 35 s 224.10 ms remaining ; 1 d  9 h 27 min 47 s 878.47 ms total)
Sat Nov 18 07:52:59 2023: Iterated ≈56% of D-proof candidates. [5356623119 of 9565398427] (ETC: Sat Nov 18 22:37:48 2023 ; 14 h 44 min 48 s 530.52 ms remaining ; 1 d  9 h 30 min 55 s 751.18 ms total)
Sat Nov 18 08:34:19 2023: Iterated ≈58% of D-proof candidates. [5547931087 of 9565398427] (ETC: Sat Nov 18 22:39:42 2023 ; 14 h  5 min 23 s 482.11 ms remaining ; 1 d  9 h 32 min 50 s 195.49 ms total)
Sat Nov 18 09:16:18 2023: Iterated ≈60% of D-proof candidates. [5739239056 of 9565398427] (ETC: Sat Nov 18 22:42:36 2023 ; 13 h 26 min 17 s 546.18 ms remaining ; 1 d  9 h 35 min 43 s 865.44 ms total)
Sat Nov 18 09:57:37 2023: Iterated ≈62% of D-proof candidates. [5930547024 of 9565398427] (ETC: Sat Nov 18 22:44:13 2023 ; 12 h 46 min 35 s 488.74 ms remaining ; 1 d  9 h 37 min 20 s 759.82 ms total)
Sat Nov 18 10:39:02 2023: Iterated ≈64% of D-proof candidates. [6121854993 of 9565398427] (ETC: Sat Nov 18 22:45:52 2023 ; 12 h  6 min 50 s 437.28 ms remaining ; 1 d  9 h 39 min      103.54 ms total)
Sat Nov 18 11:20:03 2023: Iterated ≈66% of D-proof candidates. [6313162961 of 9565398427] (ETC: Sat Nov 18 22:46:51 2023 ; 11 h 26 min 47 s 706.48 ms remaining ; 1 d  9 h 39 min 59 s 136.69 ms total)
Sat Nov 18 12:01:18 2023: Iterated ≈68% of D-proof candidates. [6504470930 of 9565398427] (ETC: Sat Nov 18 22:48:06 2023 ; 10 h 46 min 47 s 732.76 ms remaining ; 1 d  9 h 41 min 14 s 164.87 ms total)
Sat Nov 18 12:41:55 2023: Iterated ≈70% of D-proof candidates. [6695778898 of 9565398427] (ETC: Sat Nov 18 22:48:22 2023 ; 10 h  6 min 26 s 982.14 ms remaining ; 1 d  9 h 41 min 29 s 940.44 ms total)
Sat Nov 18 13:23:50 2023: Iterated ≈72% of D-proof candidates. [6887086867 of 9565398427] (ETC: Sat Nov 18 22:50:25 2023 ; 9 h 26 min 35 s 737.78 ms remaining ; 1 d  9 h 43 min 33 s 349.19 ms total)
Sat Nov 18 14:05:10 2023: Iterated ≈74% of D-proof candidates. [7078394835 of 9565398427] (ETC: Sat Nov 18 22:51:36 2023 ; 8 h 46 min 25 s 941.35 ms remaining ; 1 d  9 h 44 min 44 s 389.74 ms total)
Sat Nov 18 14:46:03 2023: Iterated ≈76% of D-proof candidates. [7269702804 of 9565398427] (ETC: Sat Nov 18 22:52:06 2023 ; 8 h  6 min  3 s 401.18 ms remaining ; 1 d  9 h 45 min 14 s 171.56 ms total)
Sat Nov 18 15:27:16 2023: Iterated ≈78% of D-proof candidates. [7461010773 of 9565398427] (ETC: Sat Nov 18 22:53:01 2023 ; 7 h 25 min 45 s 238.49 ms remaining ; 1 d  9 h 46 min  9 s 265.84 ms total)
Sat Nov 18 16:08:06 2023: Iterated ≈80% of D-proof candidates. [7652318741 of 9565398427] (ETC: Sat Nov 18 22:53:25 2023 ; 6 h 45 min 18 s 623.37 ms remaining ; 1 d  9 h 46 min 33 s 116.79 ms total)
Sat Nov 18 16:49:21 2023: Iterated ≈82% of D-proof candidates. [7843626710 of 9565398427] (ETC: Sat Nov 18 22:54:17 2023 ; 6 h  4 min 56 s  79.43 ms remaining ; 1 d  9 h 47 min 24 s 885.71 ms total)
Sat Nov 18 17:29:42 2023: Iterated ≈84% of D-proof candidates. [8034934678 of 9565398427] (ETC: Sat Nov 18 22:54:03 2023 ; 5 h 24 min 20 s 921.39 ms remaining ; 1 d  9 h 47 min 10 s 758.65 ms total)
Sat Nov 18 18:10:28 2023: Iterated ≈86% of D-proof candidates. [8226242647 of 9565398427] (ETC: Sat Nov 18 22:54:18 2023 ; 4 h 43 min 50 s 509.40 ms remaining ; 1 d  9 h 47 min 26 s 495.69 ms total)
Sat Nov 18 18:52:06 2023: Iterated ≈88% of D-proof candidates. [8417550615 of 9565398427] (ETC: Sat Nov 18 22:55:33 2023 ; 4 h  3 min 26 s 521.18 ms remaining ; 1 d  9 h 48 min 41 s   9.78 ms total)
Sat Nov 18 19:33:18 2023: Iterated ≈90% of D-proof candidates. [8608858584 of 9565398427] (ETC: Sat Nov 18 22:56:14 2023 ; 3 h 22 min 56 s 209.28 ms remaining ; 1 d  9 h 49 min 22 s  92.73 ms total)
Sat Nov 18 20:13:38 2023: Iterated ≈92% of D-proof candidates. [8800166552 of 9565398427] (ETC: Sat Nov 18 22:55:58 2023 ; 2 h 42 min 19 s 672.91 ms remaining ; 1 d  9 h 49 min  5 s 911.27 ms total)
Sat Nov 18 20:54:23 2023: Iterated ≈94% of D-proof candidates. [8991474521 of 9565398427] (ETC: Sat Nov 18 22:56:08 2023 ; 2 h  1 min 45 s 375.19 ms remaining ; 1 d  9 h 49 min 16 s 253.07 ms total)
Sat Nov 18 21:35:14 2023: Iterated ≈96% of D-proof candidates. [9182782489 of 9565398427] (ETC: Sat Nov 18 22:56:25 2023 ; 1 h 21 min 10 s 937.03 ms remaining ; 1 d  9 h 49 min 33 s 425.47 ms total)
Sat Nov 18 22:15:51 2023: Iterated ≈98% of D-proof candidates. [9374090458 of 9565398427] (ETC: Sat Nov 18 22:56:27 2023 ; 40 min 35 s 498.32 ms remaining ; 1 d  9 h 49 min 34 s 915.52 ms total)
Sat Nov 18 22:56:37 2023: Iterated 100% of D-proof candidates. [9565398427 of 9565398427] (ETC: Sat Nov 18 22:56:37 2023 ; 0.00 ms remaining ; 1 d  9 h 49 min 45 s 469.45 ms total)
121816241.99 ms (1 d 9 h 50 min 16 s 241.99 ms) taken to collect 568393543 D-proofs of length 29. [iterated 9565398427 condensed detachment proof strings]
[Copy] Custom iteration counts: { { 1, 6 }, { 2, 6 }, { 3, 42 }, { 4, 89 }, { 5, 268 }, { 6, 596 }, { 7, 1386 }, { 8, 2895 }, { 9, 6517 }, { 10, 13164 }, { 11, 28088 }, { 12, 56806 }, { 13, 117775 }, { 14, 235494 }, { 15, 484132 }, { 16, 965558 }, { 17, 1965114 }, { 18, 3929633 }, { 19, 7965680 }, { 20, 15939098 }, { 21, 32291194 }, { 22, 64783208 }, { 23, 131182254 }, { 24, 264050751 }, { 25, 535260845 }, { 26, 1083165713 }, { 27, 2233996317 }, { 28, 4589712682 }, { 29, 9565398427 } }
6473270.83 ms (1 h 47 min 53 s 270.83 ms) taken to filter and order new representative proofs.
Found 568393543 representative, 2394062135 redundant, and 6602942749 invalid condensed detachment proof strings.
lengths up to 29 ; amounts per length: {(1,6), (2,6), (3,17), (4,28), (5,56), (6,89), (7,203), (8,325), (9,666), (10,1174), (11,2340), (12,4106), (13,8396), (14,15153), (15,30340), (16,56725), (17,113539), (18,214468), (19,431896), (20,829754), (21,1666562), (22,3250922), (23,6547739), (24,12887201), (25,28743307), (26,59305631), (27,128588180), (28,268614600), (29,568393543)} ; 568393543 new representative proofs (2394062135 redundant, 6602942749 invalid)
Sun Nov 19 01:00:47 2023: Starting to write 568393543 entries to data/d03a044ec35d4d9a3f6d0f5118bc4f8a02a08e61fe7815b2002d007f/dProofs-withConclusions/dProofs29-unfiltered25+.txt.
463960.83 ms (7 min 43 s 960.83 ms) taken to print and save 54687281728 bytes of representative condensed detachment proof strings to data/d03a044ec35d4d9a3f6d0f5118bc4f8a02a08e61fe7815b2002d007f/dProofs-withConclusions/dProofs29-unfiltered25+.txt.
Sun Nov 19 01:13:42 2023: Limited D-proof representative generator complete. [parallel ; 64 hardware thread contexts, limit: 29, unfiltered]
Sun Nov 19 01:55:41 2023: Process terminated. [pid: 52681, tid:22753075672960]
