( This log file was generated by 'pmGenerator 1.2' (master branch), compiled by 'Intel(R) oneAPI DPC++/C++ Compiler 2022.1.0 (2022.1.0.20220316)'.
  The run was executed on a CLAIX-2018 MPI node
  — 2-socket Intel Xeon Platinum 8160 (Skylake), 24 cores each (48 cores total per node), 2.1 GHz, 3.7 GHz turbo mode, 192 GiB main memory —
  running Linux, Rocky 8.8.
  Wall-clock time:  1.892777… h
  CPU utilization: 90.85333… core-h )
Fri Oct 27 11:29:56 2023: Process started. [pid: 230447, tid:22700244846464]
Tasks:
1. resetRepresentativesFor("CpCqp,CCpCqrCCpqCpr,CCNpNqCqp,CLpp,CLCpqCLpLq,CNLNpLNLNp", true, 4294967295, true)
2. generateDProofRepresentativeFiles(25, false, true)

[Main] Calling resetRepresentativesFor("CpCqp,CCpCqrCCpqCpr,CCNpNqCqp,CLpp,CLCpqCLpLq,CNLNpLNLNp", true, 4294967295, true).
Loaded 6 custom axioms. [SHA-512/224 hash: d03a044ec35d4d9a3f6d0f5118bc4f8a02a08e61fe7815b2002d007f]
(1) C0C1.0              -    CpCqp            -    0\imply(1\imply0)
(2) CC0C1.2CC0.1C0.2    -    CCpCqrCCpqCpr    -    (0\imply(1\imply2))\imply((0\imply1)\imply(0\imply2))
(3) CCN0N1C1.0          -    CCNpNqCqp        -    (\not0\imply\not1)\imply(1\imply0)
(4) CL0.0               -    CLpp             -    \nece0\imply0
(5) CLC0.1CL0L1         -    CLCpqCLpLq       -    \nece(0\imply1)\imply(\nece0\imply\nece1)
(6) CNLN0LNLN0          -    CNLNpLNLNp       -    \not\nece\not0\imply\nece\not\nece\not0
Supports necessitation steps.
[Main] Calling generateDProofRepresentativeFiles(25, false, true).
Fri Oct 27 11:29:56 2023: Limited D-proof representative generator started. [parallel ; 48 hardware thread contexts, limit: 25, unfiltered]
0.01 ms taken to load initial representatives.
22.23 ms taken to read 6 condensed detachment proofs and conclusions from data/d03a044ec35d4d9a3f6d0f5118bc4f8a02a08e61fe7815b2002d007f/dProofs-withConclusions/dProofs2.txt. [tid:22700117423872]
13.07 ms taken to read 17 condensed detachment proofs and conclusions from data/d03a044ec35d4d9a3f6d0f5118bc4f8a02a08e61fe7815b2002d007f/dProofs-withConclusions/dProofs3.txt. [tid:22700115322624]
27.99 ms taken to read 28 condensed detachment proofs and conclusions from data/d03a044ec35d4d9a3f6d0f5118bc4f8a02a08e61fe7815b2002d007f/dProofs-withConclusions/dProofs4.txt. [tid:22700113221376]
24.98 ms taken to read 56 condensed detachment proofs and conclusions from data/d03a044ec35d4d9a3f6d0f5118bc4f8a02a08e61fe7815b2002d007f/dProofs-withConclusions/dProofs5.txt. [tid:22699640354560]
23.41 ms taken to read 89 condensed detachment proofs and conclusions from data/d03a044ec35d4d9a3f6d0f5118bc4f8a02a08e61fe7815b2002d007f/dProofs-withConclusions/dProofs6.txt. [tid:22699638253312]
17.22 ms taken to read 203 condensed detachment proofs and conclusions from data/d03a044ec35d4d9a3f6d0f5118bc4f8a02a08e61fe7815b2002d007f/dProofs-withConclusions/dProofs7.txt. [tid:22699636152064]
27.87 ms taken to read 325 condensed detachment proofs and conclusions from data/d03a044ec35d4d9a3f6d0f5118bc4f8a02a08e61fe7815b2002d007f/dProofs-withConclusions/dProofs8.txt. [tid:22699634050816]
29.07 ms taken to read 666 condensed detachment proofs and conclusions from data/d03a044ec35d4d9a3f6d0f5118bc4f8a02a08e61fe7815b2002d007f/dProofs-withConclusions/dProofs9.txt. [tid:22699631949568]
27.78 ms taken to read 1174 condensed detachment proofs and conclusions from data/d03a044ec35d4d9a3f6d0f5118bc4f8a02a08e61fe7815b2002d007f/dProofs-withConclusions/dProofs10.txt. [tid:22699629848320]
37.23 ms taken to read 2340 condensed detachment proofs and conclusions from data/d03a044ec35d4d9a3f6d0f5118bc4f8a02a08e61fe7815b2002d007f/dProofs-withConclusions/dProofs11.txt. [tid:22699627747072]
23.24 ms taken to read 4106 condensed detachment proofs and conclusions from data/d03a044ec35d4d9a3f6d0f5118bc4f8a02a08e61fe7815b2002d007f/dProofs-withConclusions/dProofs12.txt. [tid:22699625645824]
38.16 ms taken to read 8396 condensed detachment proofs and conclusions from data/d03a044ec35d4d9a3f6d0f5118bc4f8a02a08e61fe7815b2002d007f/dProofs-withConclusions/dProofs13.txt. [tid:22699623544576]
62.62 ms taken to read 15153 condensed detachment proofs and conclusions from data/d03a044ec35d4d9a3f6d0f5118bc4f8a02a08e61fe7815b2002d007f/dProofs-withConclusions/dProofs14.txt. [tid:22699621443328]
72.47 ms taken to read 30340 condensed detachment proofs and conclusions from data/d03a044ec35d4d9a3f6d0f5118bc4f8a02a08e61fe7815b2002d007f/dProofs-withConclusions/dProofs15.txt. [tid:22699619342080]
92.88 ms taken to read 56725 condensed detachment proofs and conclusions from data/d03a044ec35d4d9a3f6d0f5118bc4f8a02a08e61fe7815b2002d007f/dProofs-withConclusions/dProofs16.txt. [tid:22699617240832]
220.25 ms taken to read 113539 condensed detachment proofs and conclusions from data/d03a044ec35d4d9a3f6d0f5118bc4f8a02a08e61fe7815b2002d007f/dProofs-withConclusions/dProofs17.txt. [tid:22699615139584]
610.37 ms taken to read 214468 condensed detachment proofs and conclusions from data/d03a044ec35d4d9a3f6d0f5118bc4f8a02a08e61fe7815b2002d007f/dProofs-withConclusions/dProofs18.txt. [tid:22699613038336]
2352.82 ms (2 s 352.81 ms) taken to read 431896 condensed detachment proofs and conclusions from data/d03a044ec35d4d9a3f6d0f5118bc4f8a02a08e61fe7815b2002d007f/dProofs-withConclusions/dProofs19.txt. [tid:22699610937088]
7843.06 ms (7 s 843.06 ms) taken to read 829754 condensed detachment proofs and conclusions from data/d03a044ec35d4d9a3f6d0f5118bc4f8a02a08e61fe7815b2002d007f/dProofs-withConclusions/dProofs20.txt. [tid:22699608835840]
1124.86 ms (1 s 124.86 ms) taken to read 1666562 condensed detachment proofs and conclusions from data/d03a044ec35d4d9a3f6d0f5118bc4f8a02a08e61fe7815b2002d007f/dProofs-withConclusions/dProofs21.txt. [tid:22699606734592]
1723.28 ms (1 s 723.28 ms) taken to read 3250922 condensed detachment proofs and conclusions from data/d03a044ec35d4d9a3f6d0f5118bc4f8a02a08e61fe7815b2002d007f/dProofs-withConclusions/dProofs22.txt. [tid:22699604633344]
2880.33 ms (2 s 880.33 ms) taken to read 6547739 condensed detachment proofs and conclusions from data/d03a044ec35d4d9a3f6d0f5118bc4f8a02a08e61fe7815b2002d007f/dProofs-withConclusions/dProofs23.txt. [tid:22699602532096]
4665.68 ms (4 s 665.68 ms) taken to read 12887201 condensed detachment proofs and conclusions from data/d03a044ec35d4d9a3f6d0f5118bc4f8a02a08e61fe7815b2002d007f/dProofs-withConclusions/dProofs24.txt. [tid:22699600430848]
7860.51 ms (7 s 860.51 ms) total read duration.
Loaded 24 representative collections of sizes:
1 : 6
2 : 6
3 : 17
4 : 28
5 : 56
6 : 89
7 : 203
8 : 325
9 : 666
10 : 1174
11 : 2340
12 : 4106
13 : 8396
14 : 15153
15 : 30340
16 : 56725
17 : 113539
18 : 214468
19 : 431896
20 : 829754
21 : 1666562
22 : 3250922
23 : 6547739
24 : 12887201
26061711 representatives in total.
Fri Oct 27 11:30:04 2023: Inserted ≈ 5% of D-proof conclusions. [ 1303085 of 26061711] (ETC: Fri Oct 27 11:30:12 2023 ; 7 s 879.02 ms remaining ; 8 s 293.70 ms total)
Fri Oct 27 11:30:05 2023: Inserted ≈10% of D-proof conclusions. [ 2606171 of 26061711] (ETC: Fri Oct 27 11:30:12 2023 ; 7 s 503.30 ms remaining ; 8 s 337.00 ms total)
Fri Oct 27 11:30:05 2023: Inserted ≈15% of D-proof conclusions. [ 3909256 of 26061711] (ETC: Fri Oct 27 11:30:12 2023 ; 6 s 975.57 ms remaining ; 8 s 206.55 ms total)
Fri Oct 27 11:30:06 2023: Inserted ≈20% of D-proof conclusions. [ 5212342 of 26061711] (ETC: Fri Oct 27 11:30:13 2023 ; 6 s 929.96 ms remaining ; 8 s 662.45 ms total)
Fri Oct 27 11:30:06 2023: Inserted ≈25% of D-proof conclusions. [ 6515427 of 26061711] (ETC: Fri Oct 27 11:30:13 2023 ; 6 s 450.27 ms remaining ; 8 s 600.36 ms total)
Fri Oct 27 11:30:07 2023: Inserted ≈30% of D-proof conclusions. [ 7818513 of 26061711] (ETC: Fri Oct 27 11:30:12 2023 ; 5 s 940.60 ms remaining ; 8 s 486.57 ms total)
Fri Oct 27 11:30:07 2023: Inserted ≈35% of D-proof conclusions. [ 9121598 of 26061711] (ETC: Fri Oct 27 11:30:13 2023 ; 5 s 678.95 ms remaining ; 8 s 736.85 ms total)
Fri Oct 27 11:30:07 2023: Inserted ≈40% of D-proof conclusions. [10424684 of 26061711] (ETC: Fri Oct 27 11:30:13 2023 ; 5 s 230.12 ms remaining ; 8 s 716.87 ms total)
Fri Oct 27 11:30:08 2023: Inserted ≈45% of D-proof conclusions. [11727769 of 26061711] (ETC: Fri Oct 27 11:30:13 2023 ; 4 s 783.35 ms remaining ; 8 s 697.00 ms total)
Fri Oct 27 11:30:08 2023: Inserted ≈50% of D-proof conclusions. [13030855 of 26061711] (ETC: Fri Oct 27 11:30:13 2023 ; 4 s 324.57 ms remaining ; 8 s 649.14 ms total)
Fri Oct 27 11:30:09 2023: Inserted ≈55% of D-proof conclusions. [14333941 of 26061711] (ETC: Fri Oct 27 11:30:13 2023 ; 3 s 882.62 ms remaining ; 8 s 628.04 ms total)
Fri Oct 27 11:30:09 2023: Inserted ≈60% of D-proof conclusions. [15637026 of 26061711] (ETC: Fri Oct 27 11:30:13 2023 ; 3 s 455.04 ms remaining ; 8 s 637.59 ms total)
Fri Oct 27 11:30:10 2023: Inserted ≈65% of D-proof conclusions. [16940112 of 26061711] (ETC: Fri Oct 27 11:30:13 2023 ; 3 s  50.16 ms remaining ; 8 s 714.75 ms total)
Fri Oct 27 11:30:10 2023: Inserted ≈70% of D-proof conclusions. [18243197 of 26061711] (ETC: Fri Oct 27 11:30:13 2023 ; 2 s 629.51 ms remaining ; 8 s 765.03 ms total)
Fri Oct 27 11:30:11 2023: Inserted ≈75% of D-proof conclusions. [19546283 of 26061711] (ETC: Fri Oct 27 11:30:13 2023 ; 2 s 203.24 ms remaining ; 8 s 812.96 ms total)
Fri Oct 27 11:30:11 2023: Inserted ≈80% of D-proof conclusions. [20849368 of 26061711] (ETC: Fri Oct 27 11:30:13 2023 ; 1 s 764.70 ms remaining ; 8 s 823.51 ms total)
Fri Oct 27 11:30:11 2023: Inserted ≈85% of D-proof conclusions. [22152454 of 26061711] (ETC: Fri Oct 27 11:30:13 2023 ; 1 s 327.84 ms remaining ; 8 s 852.26 ms total)
Fri Oct 27 11:30:12 2023: Inserted ≈90% of D-proof conclusions. [23455539 of 26061711] (ETC: Fri Oct 27 11:30:13 2023 ; 894.35 ms remaining ; 8 s 943.47 ms total)
Fri Oct 27 11:30:12 2023: Inserted ≈95% of D-proof conclusions. [24758625 of 26061711] (ETC: Fri Oct 27 11:30:13 2023 ; 447.87 ms remaining ; 8 s 957.44 ms total)
Fri Oct 27 11:30:13 2023: Inserted 100% of D-proof conclusions. [26061711 of 26061711] (ETC: Fri Oct 27 11:30:13 2023 ; 0.00 ms remaining ; 8 s 927.69 ms total)
8927.90 ms (8 s 927.90 ms) total insertion duration.
Estimated iteration count set to 531495663, based on entry 24:264050751 and last known pair (23:131182254, 24:264050751) with 264050751/131182254 ≈ 2.01285 and 264050751 * (264050751/131182254)^1 ≈ 531495663.31.
Fri Oct 27 11:30:13 2023: Starting to generate D-proof representatives of length 25.
Fri Oct 27 11:33:15 2023: Iterated ≈  2% of D-proof candidates. [ 10629913 of approximately 531495663] (ETC: Fri Oct 27 14:02:12 2023 ; 2 h 28 min 57 s 101.21 ms remaining ; 2 h 31 min 59 s 491.02 ms total)
Fri Oct 27 11:36:15 2023: Iterated ≈  4% of D-proof candidates. [ 21259826 of approximately 531495663] (ETC: Fri Oct 27 14:01:10 2023 ; 2 h 24 min 54 s 381.46 ms remaining ; 2 h 30 min 56 s 647.35 ms total)
Fri Oct 27 11:39:05 2023: Iterated ≈  6% of D-proof candidates. [ 31889739 of approximately 531495663] (ETC: Fri Oct 27 13:58:02 2023 ; 2 h 18 min 57 s 203.97 ms remaining ; 2 h 27 min 49 s 365.92 ms total)
Fri Oct 27 11:41:58 2023: Iterated ≈  8% of D-proof candidates. [ 42519653 of approximately 531495663] (ETC: Fri Oct 27 13:57:02 2023 ; 2 h 15 min  4 s 234.61 ms remaining ; 2 h 26 min 48 s 950.66 ms total)
Fri Oct 27 11:44:48 2023: Iterated ≈ 10% of D-proof candidates. [ 53149566 of approximately 531495663] (ETC: Fri Oct 27 13:55:59 2023 ; 2 h 11 min 11 s 535.72 ms remaining ; 2 h 25 min 46 s 150.79 ms total)
Fri Oct 27 11:47:03 2023: Iterated ≈ 12% of D-proof candidates. [ 63779479 of approximately 531495663] (ETC: Fri Oct 27 13:50:33 2023 ; 2 h  3 min 29 s 566.85 ms remaining ; 2 h 20 min 19 s 962.32 ms total)
Fri Oct 27 11:49:17 2023: Iterated ≈ 14% of D-proof candidates. [ 74409392 of approximately 531495663] (ETC: Fri Oct 27 13:46:23 2023 ; 1 h 57 min  6 s 448.42 ms remaining ; 2 h 16 min 10 s 288.84 ms total)
Fri Oct 27 11:51:23 2023: Iterated ≈ 16% of D-proof candidates. [ 85039306 of approximately 531495663] (ETC: Fri Oct 27 13:42:30 2023 ; 1 h 51 min  7 s 236.86 ms remaining ; 2 h 12 min 17 s 186.74 ms total)
Fri Oct 27 11:53:25 2023: Iterated ≈ 18% of D-proof candidates. [ 95669219 of approximately 531495663] (ETC: Fri Oct 27 13:39:09 2023 ; 1 h 45 min 43 s 773.84 ms remaining ; 2 h  8 min 56 s 309.55 ms total)
Fri Oct 27 11:55:30 2023: Iterated ≈ 20% of D-proof candidates. [106299132 of approximately 531495663] (ETC: Fri Oct 27 13:36:39 2023 ; 1 h 41 min  8 s 959.97 ms remaining ; 2 h  6 min 26 s 199.96 ms total)
Fri Oct 27 11:57:37 2023: Iterated ≈ 22% of D-proof candidates. [116929045 of approximately 531495663] (ETC: Fri Oct 27 13:34:44 2023 ; 1 h 37 min  7 s 364.36 ms remaining ; 2 h  4 min 30 s 979.93 ms total)
Fri Oct 27 11:59:43 2023: Iterated ≈ 24% of D-proof candidates. [127558959 of approximately 531495663] (ETC: Fri Oct 27 13:33:09 2023 ; 1 h 33 min 25 s 649.84 ms remaining ; 2 h  2 min 55 s 855.05 ms total)
Fri Oct 27 12:01:50 2023: Iterated ≈ 26% of D-proof candidates. [138188872 of approximately 531495663] (ETC: Fri Oct 27 13:31:51 2023 ; 1 h 30 min      413.47 ms remaining ; 2 h  1 min 37 s 856.03 ms total)
Fri Oct 27 12:03:59 2023: Iterated ≈ 28% of D-proof candidates. [148818785 of approximately 531495663] (ETC: Fri Oct 27 13:30:49 2023 ; 1 h 26 min 50 s  58.44 ms remaining ; 2 h        36 s 192.27 ms total)
Fri Oct 27 12:06:08 2023: Iterated ≈ 30% of D-proof candidates. [159448698 of approximately 531495663] (ETC: Fri Oct 27 13:29:56 2023 ; 1 h 23 min 48 s 191.81 ms remaining ; 1 h 59 min 43 s 131.14 ms total)
Fri Oct 27 12:08:15 2023: Iterated ≈ 32% of D-proof candidates. [170078612 of approximately 531495663] (ETC: Fri Oct 27 13:29:04 2023 ; 1 h 20 min 48 s 922.05 ms remaining ; 1 h 58 min 50 s 767.72 ms total)
Fri Oct 27 12:10:21 2023: Iterated ≈ 34% of D-proof candidates. [180708525 of approximately 531495663] (ETC: Fri Oct 27 13:28:17 2023 ; 1 h 17 min 55 s 342.15 ms remaining ; 1 h 58 min  3 s 851.73 ms total)
Fri Oct 27 12:12:25 2023: Iterated ≈ 36% of D-proof candidates. [191338438 of approximately 531495663] (ETC: Fri Oct 27 13:27:25 2023 ; 1 h 15 min      816.77 ms remaining ; 1 h 57 min 12 s 526.19 ms total)
Fri Oct 27 12:14:27 2023: Iterated ≈ 38% of D-proof candidates. [201968351 of approximately 531495663] (ETC: Fri Oct 27 13:26:36 2023 ; 1 h 12 min  9 s 606.69 ms remaining ; 1 h 56 min 23 s 236.57 ms total)
Fri Oct 27 12:16:30 2023: Iterated ≈ 40% of D-proof candidates. [212598265 of approximately 531495663] (ETC: Fri Oct 27 13:25:55 2023 ; 1 h  9 min 25 s 463.32 ms remaining ; 1 h 55 min 42 s 438.86 ms total)
Fri Oct 27 12:18:31 2023: Iterated ≈ 42% of D-proof candidates. [223228178 of approximately 531495663] (ETC: Fri Oct 27 13:25:13 2023 ; 1 h  6 min 42 s 285.28 ms remaining ; 1 h 55 min      491.85 ms total)
Fri Oct 27 12:20:38 2023: Iterated ≈ 44% of D-proof candidates. [233858091 of approximately 531495663] (ETC: Fri Oct 27 13:24:47 2023 ; 1 h  4 min  9 s 592.14 ms remaining ; 1 h 54 min 34 s 271.66 ms total)
Fri Oct 27 12:22:38 2023: Iterated ≈ 46% of D-proof candidates. [244488004 of approximately 531495663] (ETC: Fri Oct 27 13:24:11 2023 ; 1 h  1 min 32 s 327.33 ms remaining ; 1 h 53 min 57 s 643.19 ms total)
Fri Oct 27 12:24:43 2023: Iterated ≈ 48% of D-proof candidates. [255117918 of approximately 531495663] (ETC: Fri Oct 27 13:23:45 2023 ; 59 min  2 s 498.41 ms remaining ; 1 h 53 min 32 s 496.94 ms total)
Fri Oct 27 12:26:45 2023: Iterated ≈ 50% of D-proof candidates. [265747831 of approximately 531495663] (ETC: Fri Oct 27 13:23:16 2023 ; 56 min 31 s 607.18 ms remaining ; 1 h 53 min  3 s 214.35 ms total)
Fri Oct 27 12:28:45 2023: Iterated ≈ 52% of D-proof candidates. [276377744 of approximately 531495663] (ETC: Fri Oct 27 13:22:47 2023 ; 54 min  1 s 933.89 ms remaining ; 1 h 52 min 34 s  28.92 ms total)
Fri Oct 27 12:30:48 2023: Iterated ≈ 54% of D-proof candidates. [287007658 of approximately 531495663] (ETC: Fri Oct 27 13:22:24 2023 ; 51 min 36 s 351.48 ms remaining ; 1 h 52 min 11 s 198.86 ms total)
Fri Oct 27 12:32:48 2023: Iterated ≈ 56% of D-proof candidates. [297637571 of approximately 531495663] (ETC: Fri Oct 27 13:21:59 2023 ; 49 min 10 s 758.45 ms remaining ; 1 h 51 min 46 s 269.19 ms total)
Fri Oct 27 12:34:48 2023: Iterated ≈ 58% of D-proof candidates. [308267484 of approximately 531495663] (ETC: Fri Oct 27 13:21:35 2023 ; 46 min 46 s 458.25 ms remaining ; 1 h 51 min 22 s  43.44 ms total)
Fri Oct 27 12:36:49 2023: Iterated ≈ 60% of D-proof candidates. [318897397 of approximately 531495663] (ETC: Fri Oct 27 13:21:13 2023 ; 44 min 23 s 922.49 ms remaining ; 1 h 50 min 59 s 806.21 ms total)
Fri Oct 27 12:38:50 2023: Iterated ≈ 62% of D-proof candidates. [329527311 of approximately 531495663] (ETC: Fri Oct 27 13:20:53 2023 ; 42 min  3 s 275.64 ms remaining ; 1 h 50 min 40 s 199.06 ms total)
Fri Oct 27 12:40:50 2023: Iterated ≈ 64% of D-proof candidates. [340157224 of approximately 531495663] (ETC: Fri Oct 27 13:20:34 2023 ; 39 min 43 s 478.36 ms remaining ; 1 h 50 min 20 s 773.20 ms total)
Fri Oct 27 12:42:49 2023: Iterated ≈ 66% of D-proof candidates. [350787137 of approximately 531495663] (ETC: Fri Oct 27 13:20:13 2023 ; 37 min 23 s 947.58 ms remaining ; 1 h 49 min 59 s 845.79 ms total)
Fri Oct 27 12:44:49 2023: Iterated ≈ 68% of D-proof candidates. [361417050 of approximately 531495663] (ETC: Fri Oct 27 13:19:55 2023 ; 35 min  6 s 417.07 ms remaining ; 1 h 49 min 42 s 553.31 ms total)
Fri Oct 27 12:46:48 2023: Iterated ≈ 70% of D-proof candidates. [372046964 of approximately 531495663] (ETC: Fri Oct 27 13:19:37 2023 ; 32 min 49 s 258.69 ms remaining ; 1 h 49 min 24 s 195.65 ms total)
Fri Oct 27 12:48:51 2023: Iterated ≈ 72% of D-proof candidates. [382676877 of approximately 531495663] (ETC: Fri Oct 27 13:19:26 2023 ; 30 min 34 s 746.96 ms remaining ; 1 h 49 min 12 s 667.70 ms total)
Fri Oct 27 12:50:50 2023: Iterated ≈ 74% of D-proof candidates. [393306790 of approximately 531495663] (ETC: Fri Oct 27 13:19:09 2023 ; 28 min 19 s 373.67 ms remaining ; 1 h 48 min 56 s  52.56 ms total)
Fri Oct 27 12:52:50 2023: Iterated ≈ 76% of D-proof candidates. [403936703 of approximately 531495663] (ETC: Fri Oct 27 13:18:55 2023 ; 26 min  5 s 281.88 ms remaining ; 1 h 48 min 42 s   7.80 ms total)
Fri Oct 27 12:54:47 2023: Iterated ≈ 78% of D-proof candidates. [414566617 of approximately 531495663] (ETC: Fri Oct 27 13:18:39 2023 ; 23 min 51 s 242.89 ms remaining ; 1 h 48 min 25 s 649.48 ms total)
Fri Oct 27 12:56:45 2023: Iterated ≈ 80% of D-proof candidates. [425196530 of approximately 531495663] (ETC: Fri Oct 27 13:18:24 2023 ; 21 min 38 s 148.51 ms remaining ; 1 h 48 min 10 s 742.54 ms total)
Fri Oct 27 12:58:43 2023: Iterated ≈ 82% of D-proof candidates. [435826443 of approximately 531495663] (ETC: Fri Oct 27 13:18:09 2023 ; 19 min 25 s 735.85 ms remaining ; 1 h 47 min 56 s 310.23 ms total)
Fri Oct 27 13:00:42 2023: Iterated ≈ 84% of D-proof candidates. [446456356 of approximately 531495663] (ETC: Fri Oct 27 13:17:56 2023 ; 17 min 14 s  51.54 ms remaining ; 1 h 47 min 42 s 822.02 ms total)
Fri Oct 27 13:02:41 2023: Iterated ≈ 86% of D-proof candidates. [457086270 of approximately 531495663] (ETC: Fri Oct 27 13:17:45 2023 ; 15 min  3 s 227.60 ms remaining ; 1 h 47 min 31 s 625.68 ms total)
Fri Oct 27 13:04:41 2023: Iterated ≈ 88% of D-proof candidates. [467716183 of approximately 531495663] (ETC: Fri Oct 27 13:17:34 2023 ; 12 min 52 s 891.86 ms remaining ; 1 h 47 min 20 s 765.47 ms total)
Fri Oct 27 13:06:40 2023: Iterated ≈ 90% of D-proof candidates. [478346096 of approximately 531495663] (ETC: Fri Oct 27 13:17:23 2023 ; 10 min 43 s   4.60 ms remaining ; 1 h 47 min 10 s  45.93 ms total)
Fri Oct 27 13:08:37 2023: Iterated ≈ 92% of D-proof candidates. [488976009 of approximately 531495663] (ETC: Fri Oct 27 13:17:10 2023 ; 8 min 33 s 406.75 ms remaining ; 1 h 46 min 57 s 584.28 ms total)
Fri Oct 27 13:10:33 2023: Iterated ≈ 94% of D-proof candidates. [499605923 of approximately 531495663] (ETC: Fri Oct 27 13:16:58 2023 ; 6 min 24 s 286.23 ms remaining ; 1 h 46 min 44 s 770.47 ms total)
Fri Oct 27 13:12:32 2023: Iterated ≈ 96% of D-proof candidates. [510235836 of approximately 531495663] (ETC: Fri Oct 27 13:16:48 2023 ; 4 min 15 s 811.85 ms remaining ; 1 h 46 min 35 s 296.01 ms total)
Fri Oct 27 13:14:29 2023: Iterated ≈ 98% of D-proof candidates. [520865749 of approximately 531495663] (ETC: Fri Oct 27 13:16:36 2023 ; 2 min  7 s 672.06 ms remaining ; 1 h 46 min 23 s 602.56 ms total)
Fri Oct 27 13:16:27 2023: Iterated ≈100% of D-proof candidates. [531495663 of approximately 531495663] (ETC: Fri Oct 27 13:16:27 2023 ; 0.00 ms remaining ; 1 h 46 min 14 s 109.42 ms total)
6415356.86 ms (1 h 46 min 55 s 356.86 ms) taken to collect 28743307 D-proofs of length 25. [iterated 535260845 condensed detachment proof strings]
[Copy] Custom iteration counts: { { 1, 6 }, { 2, 6 }, { 3, 42 }, { 4, 89 }, { 5, 268 }, { 6, 596 }, { 7, 1386 }, { 8, 2895 }, { 9, 6517 }, { 10, 13164 }, { 11, 28088 }, { 12, 56806 }, { 13, 117775 }, { 14, 235494 }, { 15, 484132 }, { 16, 965558 }, { 17, 1965114 }, { 18, 3929633 }, { 19, 7965680 }, { 20, 15939098 }, { 21, 32291194 }, { 22, 64783208 }, { 23, 131182254 }, { 24, 264050751 }, { 25, 535260845 } }
130527.48 ms (2 min 10 s 527.48 ms) taken to filter and order new representative proofs.
Found 28743307 representative, 138369690 redundant, and 368147848 invalid condensed detachment proof strings.
lengths up to 25 ; amounts per length: {(1,6), (2,6), (3,17), (4,28), (5,56), (6,89), (7,203), (8,325), (9,666), (10,1174), (11,2340), (12,4106), (13,8396), (14,15153), (15,30340), (16,56725), (17,113539), (18,214468), (19,431896), (20,829754), (21,1666562), (22,3250922), (23,6547739), (24,12887201), (25,28743307)} ; 28743307 new representative proofs (138369690 redundant, 368147848 invalid)
Fri Oct 27 13:20:50 2023: Starting to write 28743307 entries to data/d03a044ec35d4d9a3f6d0f5118bc4f8a02a08e61fe7815b2002d007f/dProofs-withConclusions/dProofs25-unfiltered25+.txt.
18047.91 ms (18 s 47.91 ms) taken to print and save 2341783351 bytes of representative condensed detachment proof strings to data/d03a044ec35d4d9a3f6d0f5118bc4f8a02a08e61fe7815b2002d007f/dProofs-withConclusions/dProofs25-unfiltered25+.txt.
Fri Oct 27 13:21:19 2023: Limited D-proof representative generator complete. [parallel ; 48 hardware thread contexts, limit: 25, unfiltered]
Fri Oct 27 13:23:30 2023: Process terminated. [pid: 230447, tid:22700244846464]
